C51 COMPILER V9.59.0.0   DS18B20                                                           06/05/2022 11:01:31 PAGE 1   


C51 COMPILER V9.59.0.0, COMPILATION OF MODULE DS18B20
OBJECT MODULE PLACED IN .\build\Release\src\ds18b20.o
COMPILER INVOKED BY: D:\PhPython\Keil5\C51\BIN\C51.exe .\SRC\DS18B20.C PRINT(.\build\Release\src\ds18b20.lst) OMF2 TABS(
                    -4) CODE NOCOND SYMBOLS OPTIMIZE(8,SPEED) SMALL ROM(LARGE) INCDIR(D:\PhPython\Keil5\C51\INC;.\src;.\lib\stc15_lib;.\lib\s
                    -tc15_lib\src;.\lib\stc15_lib\include) DEFINE(DEBUG,__UVISION_VERSION=526) OBJECT(.\build\Release\src\ds18b20.o)

line level    source

   1          #include "ds18b20.h"
   2          
   3          void dsdelay1xus(uint16_t t){
   4   1          while(t--){
   5   2              _nop_();
   6   2              _nop_();
   7   2              _nop_();
   8   2              _nop_();
   9   2          }
  10   1      }
  11          
  12          /***** initialization ds18b20ry *********/
  13          bit DS18B20Init(){
  14   1          bit stat = 1;
  15   1          
  16   1          DS18B20_DQ = 0;
  17   1          dsdelay1xus(600);
  18   1          DS18B20_DQ = 1;
  19   1          dsdelay1xus(60);
  20   1          stat = DS18B20_DQ;
  21   1          while(!DS18B20_DQ);
  22   1          
  23   1          return stat;
  24   1      }
  25          
  26          /******* ds18b20 write cmmand *******/
  27          void DS18B20WritCmd(u8 dat){
  28   1          u8 i=0;
  29   1          
  30   1          for(;i < 8;i++){
  31   2              DS18B20_DQ = 0;
  32   2              dsdelay1xus(2);
  33   2              dat>>=1;
  34   2              DS18B20_DQ = CY;
  35   2              dsdelay1xus(60);
  36   2              DS18B20_DQ = 1;
  37   2              dsdelay1xus(10);
  38   2          }
  39   1      
  40   1      }
  41          
  42          u8 DS18B20Read(){
  43   1          u8 i=0,dat = 0x00;
  44   1          
  45   1          for(;i < 8;i++){
  46   2              DS18B20_DQ = 0;
  47   2              dsdelay1xus(2);
  48   2              DS18B20_DQ = 1;
  49   2              dsdelay1xus(2);
  50   2              if(DS18B20_DQ)
  51   2                  dat |= 1 << i;
  52   2              dsdelay1xus(60);
  53   2          }
C51 COMPILER V9.59.0.0   DS18B20                                                           06/05/2022 11:01:31 PAGE 2   

  54   1          
  55   1          return dat;
  56   1      }
  57          
  58          /***** start ds18b20 temp convert *************/
  59          void DS1B20CT(){
  60   1          DS18B20Init();
  61   1          dsdelay1xus(5);
  62   1          DS18B20WritCmd(0xCC);
  63   1          DS18B20WritCmd(0x1F);
  64   1          DS18B20Init();
  65   1          dsdelay1xus(5);
  66   1          DS18B20WritCmd(0xCC);
  67   1          DS18B20WritCmd(0x44);
  68   1      }
  69          
  70          /***** start ds18b20 temp Read *************/
  71          void DS1B20ReadCmd(){
  72   1          DS18B20Init();
  73   1          dsdelay1xus(5);
  74   1          DS18B20WritCmd(0xCC);
  75   1          DS18B20WritCmd(0xBE);
  76   1      }
  77          
  78          /******** read temp *************/
  79          uint16_t getTemp(){
  80   1          u8 LSB,MSB;
  81   1          uint16_t temp;
  82   1          
  83   1          DS1B20CT();
  84   1          DS1B20ReadCmd();
  85   1          LSB = DS18B20Read();
  86   1          MSB = DS18B20Read();
  87   1          temp = ((int)MSB << 8) + LSB;
  88   1              
  89   1          return temp;
  90   1      } 
  91          
C51 COMPILER V9.59.0.0   DS18B20                                                           06/05/2022 11:01:31 PAGE 3   

ASSEMBLY LISTING OF GENERATED OBJECT CODE


             ; FUNCTION L?0024 (BEGIN)
0000 C2B3              CLR     DS18B20_DQ
0002         L?0025:
0002 7F02              MOV     R7,#02H
0004 7E00              MOV     R6,#00H
             ; FUNCTION _dsdelay1xus (BEGIN)
                                           ; SOURCE LINE # 3
;---- Variable 't' assigned to Register 'R6/R7' ----
0006         ?C0001:
                                           ; SOURCE LINE # 4
0006 EF                MOV     A,R7
0007 1F                DEC     R7
0008 AC06              MOV     R4,AR6
000A 7001              JNZ     ?C0019
000C 1E                DEC     R6
000D         ?C0019:
000D 4C                ORL     A,R4
000E 6006              JZ      ?C0003
                                           ; SOURCE LINE # 5
0010 00                NOP     
                                           ; SOURCE LINE # 6
0011 00                NOP     
                                           ; SOURCE LINE # 7
0012 00                NOP     
                                           ; SOURCE LINE # 8
0013 00                NOP     
                                           ; SOURCE LINE # 9
0014 80F0              SJMP    ?C0001
                                           ; SOURCE LINE # 10
0016         ?C0003:
0016 22                RET     
             ; FUNCTION _dsdelay1xus (END)

             ; FUNCTION DS18B20Init (BEGIN)
                                           ; SOURCE LINE # 13
                                           ; SOURCE LINE # 14
0000 D200        R     SETB    stat
                                           ; SOURCE LINE # 16
0002 C2B3              CLR     DS18B20_DQ
                                           ; SOURCE LINE # 17
0004 7F58              MOV     R7,#058H
0006 7E02              MOV     R6,#02H
0008 120000      R     LCALL   _dsdelay1xus
                                           ; SOURCE LINE # 18
000B D2B3              SETB    DS18B20_DQ
                                           ; SOURCE LINE # 19
000D 7F3C              MOV     R7,#03CH
000F 7E00              MOV     R6,#00H
0011 120000      R     LCALL   _dsdelay1xus
                                           ; SOURCE LINE # 20
0014 A2B3              MOV     C,DS18B20_DQ
0016 9200        R     MOV     stat,C
0018         ?C0004:
                                           ; SOURCE LINE # 21
0018 30B3FD            JNB     DS18B20_DQ,?C0004
                                           ; SOURCE LINE # 23
001B A200        R     MOV     C,stat
                                           ; SOURCE LINE # 24
001D 22                RET     
C51 COMPILER V9.59.0.0   DS18B20                                                           06/05/2022 11:01:31 PAGE 4   

             ; FUNCTION DS18B20Init (END)

             ; FUNCTION L?0022 (BEGIN)
0000         L?0023:
0000 7F05              MOV     R7,#05H
0002 7E00              MOV     R6,#00H
0004 120000      R     LCALL   _dsdelay1xus
0007 7FCC              MOV     R7,#0CCH
             ; FUNCTION _DS18B20WritCmd (BEGIN)
                                           ; SOURCE LINE # 27
;---- Variable 'dat' assigned to Register 'R5' ----
0009 AD07              MOV     R5,AR7
                                           ; SOURCE LINE # 28
;---- Variable 'i' assigned to Register 'R3' ----
000B E4                CLR     A
000C FB                MOV     R3,A
                                           ; SOURCE LINE # 30
000D         ?C0007:
000D EB                MOV     A,R3
000E C3                CLR     C
000F 9408              SUBB    A,#08H
0011 7480              MOV     A,#080H
0013 9480              SUBB    A,#080H
0015 501C              JNC     ?C0010
                                           ; SOURCE LINE # 31
                                           ; SOURCE LINE # 32
0017 120000      R     LCALL   L?0024
                                           ; SOURCE LINE # 33
001A ED                MOV     A,R5
001B C3                CLR     C
001C 13                RRC     A
001D FD                MOV     R5,A
                                           ; SOURCE LINE # 34
001E 92B3              MOV     DS18B20_DQ,C
                                           ; SOURCE LINE # 35
0020 7F3C              MOV     R7,#03CH
0022 7E00              MOV     R6,#00H
0024 120000      R     LCALL   _dsdelay1xus
                                           ; SOURCE LINE # 36
0027 D2B3              SETB    DS18B20_DQ
                                           ; SOURCE LINE # 37
0029 7F0A              MOV     R7,#0AH
002B 7E00              MOV     R6,#00H
002D 120000      R     LCALL   _dsdelay1xus
                                           ; SOURCE LINE # 38
0030 0B                INC     R3
0031 80DA              SJMP    ?C0007
                                           ; SOURCE LINE # 40
0033         ?C0010:
0033 22                RET     
             ; FUNCTION _DS18B20WritCmd (END)

             ; FUNCTION DS18B20Read (BEGIN)
                                           ; SOURCE LINE # 42
                                           ; SOURCE LINE # 43
;---- Variable 'i' assigned to Register 'R5' ----
0000 E4                CLR     A
0001 FD                MOV     R5,A
;---- Variable 'dat' assigned to Register 'R3' ----
0002 FB                MOV     R3,A
                                           ; SOURCE LINE # 45
0003         ?C0011:
C51 COMPILER V9.59.0.0   DS18B20                                                           06/05/2022 11:01:31 PAGE 5   

0003 ED                MOV     A,R5
0004 C3                CLR     C
0005 9408              SUBB    A,#08H
0007 7480              MOV     A,#080H
0009 9480              SUBB    A,#080H
000B 5022              JNC     ?C0012
                                           ; SOURCE LINE # 46
                                           ; SOURCE LINE # 47
000D 120000      R     LCALL   L?0024
                                           ; SOURCE LINE # 48
0010 D2B3              SETB    DS18B20_DQ
                                           ; SOURCE LINE # 49
0012 120000      R     LCALL   L?0025
                                           ; SOURCE LINE # 50
0015 30B30D            JNB     DS18B20_DQ,?C0014
                                           ; SOURCE LINE # 51
0018 A805              MOV     R0,AR5
001A 7401              MOV     A,#01H
001C 08                INC     R0
001D 8002              SJMP    ?C0021
001F         ?C0020:
001F C3                CLR     C
0020 33                RLC     A
0021         ?C0021:
0021 D8FC              DJNZ    R0,?C0020
0023 4203              ORL     AR3,A
0025         ?C0014:
                                           ; SOURCE LINE # 52
0025 7F3C              MOV     R7,#03CH
0027 7E00              MOV     R6,#00H
0029 120000      R     LCALL   _dsdelay1xus
                                           ; SOURCE LINE # 53
002C 0D                INC     R5
002D 80D4              SJMP    ?C0011
002F         ?C0012:
                                           ; SOURCE LINE # 55
002F AF03              MOV     R7,AR3
                                           ; SOURCE LINE # 56
0031 22                RET     
             ; FUNCTION DS18B20Read (END)

             ; FUNCTION DS1B20CT (BEGIN)
                                           ; SOURCE LINE # 59
                                           ; SOURCE LINE # 60
0000 120000      R     LCALL   DS18B20Init
                                           ; SOURCE LINE # 61
                                           ; SOURCE LINE # 62
0003 120000      R     LCALL   L?0022
                                           ; SOURCE LINE # 63
0006 7F1F              MOV     R7,#01FH
0008 120000      R     LCALL   _DS18B20WritCmd
                                           ; SOURCE LINE # 64
000B 120000      R     LCALL   DS18B20Init
                                           ; SOURCE LINE # 65
                                           ; SOURCE LINE # 66
000E 120000      R     LCALL   L?0022
                                           ; SOURCE LINE # 67
0011 7F44              MOV     R7,#044H
0013 020000      R     LJMP    _DS18B20WritCmd
             ; FUNCTION DS1B20CT (END)

             ; FUNCTION DS1B20ReadCmd (BEGIN)
C51 COMPILER V9.59.0.0   DS18B20                                                           06/05/2022 11:01:31 PAGE 6   

                                           ; SOURCE LINE # 71
                                           ; SOURCE LINE # 72
0000 120000      R     LCALL   DS18B20Init
                                           ; SOURCE LINE # 73
                                           ; SOURCE LINE # 74
0003 120000      R     LCALL   L?0023
                                           ; SOURCE LINE # 75
0006 7FBE              MOV     R7,#0BEH
0008 020000      R     LJMP    _DS18B20WritCmd
             ; FUNCTION DS1B20ReadCmd (END)

             ; FUNCTION getTemp (BEGIN)
                                           ; SOURCE LINE # 79
                                           ; SOURCE LINE # 83
0000 120000      R     LCALL   DS1B20CT
                                           ; SOURCE LINE # 84
0003 120000      R     LCALL   DS1B20ReadCmd
                                           ; SOURCE LINE # 85
0006 120000      R     LCALL   DS18B20Read
;---- Variable 'LSB' assigned to Register 'R2' ----
0009 AA07              MOV     R2,AR7
                                           ; SOURCE LINE # 86
000B 120000      R     LCALL   DS18B20Read
;---- Variable 'MSB' assigned to Register 'R7' ----
                                           ; SOURCE LINE # 87
000E EF                MOV     A,R7
000F FE                MOV     R6,A
0010 7C00              MOV     R4,#00H
0012 E4                CLR     A
0013 2A                ADD     A,R2
0014 FF                MOV     R7,A
0015 EC                MOV     A,R4
0016 3E                ADDC    A,R6
0017 FE                MOV     R6,A
;---- Variable 'temp' assigned to Register 'R6/R7' ----
                                           ; SOURCE LINE # 89
                                           ; SOURCE LINE # 90
0018 22                RET     
             ; FUNCTION getTemp (END)

C51 COMPILER V9.59.0.0   DS18B20                                                           06/05/2022 11:01:31 PAGE 7   

NAME                                    CLASS   MSPACE  TYPE    OFFSET  SIZE
====                                    =====   ======  ====    ======  ====


_dsdelay1xus . . . . . . . . . . . . .  PUBLIC   CODE   PROC     0006H  -----
  t. . . . . . . . . . . . . . . . . .  * REG *  DATA   U_INT    0006H  2
CCF2 . . . . . . . . . . . . . . . . .  ABSBIT   -----  BIT      00DAH  1
ACC7 . . . . . . . . . . . . . . . . .  ABSBIT   -----  BIT      00E7H  1
P0M1 . . . . . . . . . . . . . . . . .  SFR      DATA   U_CHAR   0093H  1
P1M0 . . . . . . . . . . . . . . . . .  SFR      DATA   U_CHAR   0092H  1
uint16_t . . . . . . . . . . . . . . .  TYPEDEF  -----  U_INT    -----  2
P2M0 . . . . . . . . . . . . . . . . .  SFR      DATA   U_CHAR   0096H  1
P1M1 . . . . . . . . . . . . . . . . .  SFR      DATA   U_CHAR   0091H  1
P0 . . . . . . . . . . . . . . . . . .  SFR      DATA   U_CHAR   0080H  1
P3M0 . . . . . . . . . . . . . . . . .  SFR      DATA   U_CHAR   00B2H  1
P2M1 . . . . . . . . . . . . . . . . .  SFR      DATA   U_CHAR   0095H  1
P1 . . . . . . . . . . . . . . . . . .  SFR      DATA   U_CHAR   0090H  1
P4M0 . . . . . . . . . . . . . . . . .  SFR      DATA   U_CHAR   00B4H  1
P3M1 . . . . . . . . . . . . . . . . .  SFR      DATA   U_CHAR   00B1H  1
P2 . . . . . . . . . . . . . . . . . .  SFR      DATA   U_CHAR   00A0H  1
DS1B20ReadCmd. . . . . . . . . . . . .  PUBLIC   CODE   PROC     0000H  -----
P5M0 . . . . . . . . . . . . . . . . .  SFR      DATA   U_CHAR   00CAH  1
P4M1 . . . . . . . . . . . . . . . . .  SFR      DATA   U_CHAR   00B3H  1
P3 . . . . . . . . . . . . . . . . . .  SFR      DATA   U_CHAR   00B0H  1
WKTCH. . . . . . . . . . . . . . . . .  SFR      DATA   U_CHAR   00ABH  1
T0 . . . . . . . . . . . . . . . . . .  ABSBIT   -----  BIT      00B4H  1
AC . . . . . . . . . . . . . . . . . .  ABSBIT   -----  BIT      00D6H  1
P6M0 . . . . . . . . . . . . . . . . .  SFR      DATA   U_CHAR   00CCH  1
P5M1 . . . . . . . . . . . . . . . . .  SFR      DATA   U_CHAR   00C9H  1
P4 . . . . . . . . . . . . . . . . . .  SFR      DATA   U_CHAR   00C0H  1
CLKOUT0. . . . . . . . . . . . . . . .  ABSBIT   -----  BIT      00B5H  1
T1 . . . . . . . . . . . . . . . . . .  ABSBIT   -----  BIT      00B5H  1
P7M0 . . . . . . . . . . . . . . . . .  SFR      DATA   U_CHAR   00E2H  1
P6M1 . . . . . . . . . . . . . . . . .  SFR      DATA   U_CHAR   00CBH  1
P5 . . . . . . . . . . . . . . . . . .  SFR      DATA   U_CHAR   00C8H  1
ISP_TRIG . . . . . . . . . . . . . . .  SFR      DATA   U_CHAR   00C6H  1
DS1B20CT . . . . . . . . . . . . . . .  PUBLIC   CODE   PROC     0000H  -----
EA . . . . . . . . . . . . . . . . . .  ABSBIT   -----  BIT      00AFH  1
CLKOUT1. . . . . . . . . . . . . . . .  ABSBIT   -----  BIT      00B4H  1
SPI_SS_2 . . . . . . . . . . . . . . .  ABSBIT   -----  BIT      00A4H  1
P6 . . . . . . . . . . . . . . . . . .  SFR      DATA   U_CHAR   00E8H  1
P7M1 . . . . . . . . . . . . . . . . .  SFR      DATA   U_CHAR   00E1H  1
SPI_SS_3 . . . . . . . . . . . . . . .  ABSBIT   -----  BIT      00CCH  1
SPI_MISO . . . . . . . . . . . . . . .  ABSBIT   -----  BIT      0094H  1
SPI_MOSI . . . . . . . . . . . . . . .  ABSBIT   -----  BIT      0093H  1
CCP0 . . . . . . . . . . . . . . . . .  ABSBIT   -----  BIT      0091H  1
P7 . . . . . . . . . . . . . . . . . .  SFR      DATA   U_CHAR   00F8H  1
WKTCL. . . . . . . . . . . . . . . . .  SFR      DATA   U_CHAR   00AAH  1
int32_t. . . . . . . . . . . . . . . .  TYPEDEF  -----  LONG     -----  4
CCP1 . . . . . . . . . . . . . . . . .  ABSBIT   -----  BIT      0090H  1
SPCTL. . . . . . . . . . . . . . . . .  SFR      DATA   U_CHAR   00CEH  1
CF . . . . . . . . . . . . . . . . . .  ABSBIT   -----  BIT      00DFH  1
CCP2 . . . . . . . . . . . . . . . . .  ABSBIT   -----  BIT      00B7H  1
int16_t. . . . . . . . . . . . . . . .  TYPEDEF  -----  INT      -----  2
CH . . . . . . . . . . . . . . . . . .  SFR      DATA   U_CHAR   00F9H  1
P_SW1. . . . . . . . . . . . . . . . .  SFR      DATA   U_CHAR   00A2H  1
P_SW2. . . . . . . . . . . . . . . . .  SFR      DATA   U_CHAR   00BAH  1
EADC . . . . . . . . . . . . . . . . .  ABSBIT   -----  BIT      00ADH  1
SPI_SCLK_2 . . . . . . . . . . . . . .  ABSBIT   -----  BIT      00A1H  1
IE . . . . . . . . . . . . . . . . . .  SFR      DATA   U_CHAR   00A8H  1
SPI_SCLK_3 . . . . . . . . . . . . . .  ABSBIT   -----  BIT      00C3H  1
C51 COMPILER V9.59.0.0   DS18B20                                                           06/05/2022 11:01:31 PAGE 8   

NAME                                    CLASS   MSPACE  TYPE    OFFSET  SIZE
====                                    =====   ======  ====    ======  ====


CL . . . . . . . . . . . . . . . . . .  SFR      DATA   U_CHAR   00E9H  1
IAP_CMD. . . . . . . . . . . . . . . .  SFR      DATA   U_CHAR   00C5H  1
CCAP0H . . . . . . . . . . . . . . . .  SFR      DATA   U_CHAR   00FAH  1
CCAP1H . . . . . . . . . . . . . . . .  SFR      DATA   U_CHAR   00FBH  1
size_t . . . . . . . . . . . . . . . .  TYPEDEF  -----  U_INT    -----  2
CCAP2H . . . . . . . . . . . . . . . .  SFR      DATA   U_CHAR   00FCH  1
ADC_RES. . . . . . . . . . . . . . . .  SFR      DATA   U_CHAR   00BDH  1
IPH2 . . . . . . . . . . . . . . . . .  SFR      DATA   U_CHAR   00B6H  1
CR . . . . . . . . . . . . . . . . . .  ABSBIT   -----  BIT      00DEH  1
CCAP0L . . . . . . . . . . . . . . . .  SFR      DATA   U_CHAR   00EAH  1
RD . . . . . . . . . . . . . . . . . .  ABSBIT   -----  BIT      00B7H  1
CCAP1L . . . . . . . . . . . . . . . .  SFR      DATA   U_CHAR   00EBH  1
CCAPM0 . . . . . . . . . . . . . . . .  SFR      DATA   U_CHAR   00DAH  1
CCAP2L . . . . . . . . . . . . . . . .  SFR      DATA   U_CHAR   00ECH  1
CCAPM1 . . . . . . . . . . . . . . . .  SFR      DATA   U_CHAR   00DBH  1
ES . . . . . . . . . . . . . . . . . .  ABSBIT   -----  BIT      00ACH  1
CCAPM2 . . . . . . . . . . . . . . . .  SFR      DATA   U_CHAR   00DCH  1
PADC . . . . . . . . . . . . . . . . .  ABSBIT   -----  BIT      00BDH  1
SPI_MISO_2 . . . . . . . . . . . . . .  ABSBIT   -----  BIT      00A2H  1
SPI_MOSI_2 . . . . . . . . . . . . . .  ABSBIT   -----  BIT      00A3H  1
IP . . . . . . . . . . . . . . . . . .  SFR      DATA   U_CHAR   00B8H  1
SPI_MISO_3 . . . . . . . . . . . . . .  ABSBIT   -----  BIT      00C1H  1
SPI_MOSI_3 . . . . . . . . . . . . . .  ABSBIT   -----  BIT      00C0H  1
RI . . . . . . . . . . . . . . . . . .  ABSBIT   -----  BIT      0098H  1
DS18B20_DQ . . . . . . . . . . . . . .  ABSBIT   -----  BIT      00B3H  1
INT0 . . . . . . . . . . . . . . . . .  ABSBIT   -----  BIT      00B2H  1
CY . . . . . . . . . . . . . . . . . .  ABSBIT   -----  BIT      00D7H  1
TI . . . . . . . . . . . . . . . . . .  ABSBIT   -----  BIT      0099H  1
INT1 . . . . . . . . . . . . . . . . .  ABSBIT   -----  BIT      00B3H  1
CLK_DIV. . . . . . . . . . . . . . . .  SFR      DATA   U_CHAR   0097H  1
IAP_ADDRH. . . . . . . . . . . . . . .  SFR      DATA   U_CHAR   00C3H  1
RXD2 . . . . . . . . . . . . . . . . .  ABSBIT   -----  BIT      0090H  1
ISP_CMD. . . . . . . . . . . . . . . .  SFR      DATA   U_CHAR   00C5H  1
PS . . . . . . . . . . . . . . . . . .  ABSBIT   -----  BIT      00BCH  1
TXD2 . . . . . . . . . . . . . . . . .  ABSBIT   -----  BIT      0091H  1
SP . . . . . . . . . . . . . . . . . .  SFR      DATA   U_CHAR   0081H  1
CMOD . . . . . . . . . . . . . . . . .  SFR      DATA   U_CHAR   00D9H  1
CCON . . . . . . . . . . . . . . . . .  SFR      DATA   U_CHAR   00D8H  1
IAP_ADDRL. . . . . . . . . . . . . . .  SFR      DATA   U_CHAR   00C4H  1
DS18B20Read. . . . . . . . . . . . . .  PUBLIC   CODE   PROC     0000H  -----
  i. . . . . . . . . . . . . . . . . .  * REG *  DATA   U_CHAR   0005H  1
  dat. . . . . . . . . . . . . . . . .  * REG *  DATA   U_CHAR   0003H  1
PPCA . . . . . . . . . . . . . . . . .  ABSBIT   -----  BIT      00BFH  1
OV . . . . . . . . . . . . . . . . . .  ABSBIT   -----  BIT      00D2H  1
WR . . . . . . . . . . . . . . . . . .  ABSBIT   -----  BIT      00B6H  1
ELVD . . . . . . . . . . . . . . . . .  ABSBIT   -----  BIT      00AEH  1
u8 . . . . . . . . . . . . . . . . . .  TYPEDEF  -----  U_CHAR   -----  1
P00. . . . . . . . . . . . . . . . . .  ABSBIT   -----  BIT      0080H  1
P10. . . . . . . . . . . . . . . . . .  ABSBIT   -----  BIT      0090H  1
P01. . . . . . . . . . . . . . . . . .  ABSBIT   -----  BIT      0081H  1
ADC_CONTR. . . . . . . . . . . . . . .  SFR      DATA   U_CHAR   00BCH  1
SBUF . . . . . . . . . . . . . . . . .  SFR      DATA   U_CHAR   0099H  1
PCON . . . . . . . . . . . . . . . . .  SFR      DATA   U_CHAR   0087H  1
P20. . . . . . . . . . . . . . . . . .  ABSBIT   -----  BIT      00A0H  1
P11. . . . . . . . . . . . . . . . . .  ABSBIT   -----  BIT      0091H  1
P02. . . . . . . . . . . . . . . . . .  ABSBIT   -----  BIT      0082H  1
ISP_ADDRH. . . . . . . . . . . . . . .  SFR      DATA   U_CHAR   00C3H  1
C51 COMPILER V9.59.0.0   DS18B20                                                           06/05/2022 11:01:31 PAGE 9   

NAME                                    CLASS   MSPACE  TYPE    OFFSET  SIZE
====                                    =====   ======  ====    ======  ====


P30. . . . . . . . . . . . . . . . . .  ABSBIT   -----  BIT      00B0H  1
P21. . . . . . . . . . . . . . . . . .  ABSBIT   -----  BIT      00A1H  1
P12. . . . . . . . . . . . . . . . . .  ABSBIT   -----  BIT      0092H  1
P03. . . . . . . . . . . . . . . . . .  ABSBIT   -----  BIT      0083H  1
P40. . . . . . . . . . . . . . . . . .  ABSBIT   -----  BIT      00C0H  1
P31. . . . . . . . . . . . . . . . . .  ABSBIT   -----  BIT      00B1H  1
P22. . . . . . . . . . . . . . . . . .  ABSBIT   -----  BIT      00A2H  1
P13. . . . . . . . . . . . . . . . . .  ABSBIT   -----  BIT      0093H  1
P04. . . . . . . . . . . . . . . . . .  ABSBIT   -----  BIT      0084H  1
SCON . . . . . . . . . . . . . . . . .  SFR      DATA   U_CHAR   0098H  1
WAKE_CLKO. . . . . . . . . . . . . . .  SFR      DATA   U_CHAR   008FH  1
P50. . . . . . . . . . . . . . . . . .  ABSBIT   -----  BIT      00C8H  1
P41. . . . . . . . . . . . . . . . . .  ABSBIT   -----  BIT      00C1H  1
P32. . . . . . . . . . . . . . . . . .  ABSBIT   -----  BIT      00B2H  1
P23. . . . . . . . . . . . . . . . . .  ABSBIT   -----  BIT      00A3H  1
P14. . . . . . . . . . . . . . . . . .  ABSBIT   -----  BIT      0094H  1
P05. . . . . . . . . . . . . . . . . .  ABSBIT   -----  BIT      0085H  1
TMOD . . . . . . . . . . . . . . . . .  SFR      DATA   U_CHAR   0089H  1
TCON . . . . . . . . . . . . . . . . .  SFR      DATA   U_CHAR   0088H  1
P51. . . . . . . . . . . . . . . . . .  ABSBIT   -----  BIT      00C9H  1
P42. . . . . . . . . . . . . . . . . .  ABSBIT   -----  BIT      00C2H  1
P33. . . . . . . . . . . . . . . . . .  ABSBIT   -----  BIT      00B3H  1
P24. . . . . . . . . . . . . . . . . .  ABSBIT   -----  BIT      00A4H  1
P15. . . . . . . . . . . . . . . . . .  ABSBIT   -----  BIT      0095H  1
P06. . . . . . . . . . . . . . . . . .  ABSBIT   -----  BIT      0086H  1
ISP_ADDRL. . . . . . . . . . . . . . .  SFR      DATA   U_CHAR   00C4H  1
PLVD . . . . . . . . . . . . . . . . .  ABSBIT   -----  BIT      00BEH  1
P52. . . . . . . . . . . . . . . . . .  ABSBIT   -----  BIT      00CAH  1
P43. . . . . . . . . . . . . . . . . .  ABSBIT   -----  BIT      00C3H  1
P34. . . . . . . . . . . . . . . . . .  ABSBIT   -----  BIT      00B4H  1
P25. . . . . . . . . . . . . . . . . .  ABSBIT   -----  BIT      00A5H  1
P16. . . . . . . . . . . . . . . . . .  ABSBIT   -----  BIT      0096H  1
P07. . . . . . . . . . . . . . . . . .  ABSBIT   -----  BIT      0087H  1
P53. . . . . . . . . . . . . . . . . .  ABSBIT   -----  BIT      00CBH  1
P44. . . . . . . . . . . . . . . . . .  ABSBIT   -----  BIT      00C4H  1
P35. . . . . . . . . . . . . . . . . .  ABSBIT   -----  BIT      00B5H  1
P26. . . . . . . . . . . . . . . . . .  ABSBIT   -----  BIT      00A6H  1
P17. . . . . . . . . . . . . . . . . .  ABSBIT   -----  BIT      0097H  1
P54. . . . . . . . . . . . . . . . . .  ABSBIT   -----  BIT      00CCH  1
P45. . . . . . . . . . . . . . . . . .  ABSBIT   -----  BIT      00C5H  1
P36. . . . . . . . . . . . . . . . . .  ABSBIT   -----  BIT      00B6H  1
P27. . . . . . . . . . . . . . . . . .  ABSBIT   -----  BIT      00A7H  1
P55. . . . . . . . . . . . . . . . . .  ABSBIT   -----  BIT      00CDH  1
P46. . . . . . . . . . . . . . . . . .  ABSBIT   -----  BIT      00C6H  1
P37. . . . . . . . . . . . . . . . . .  ABSBIT   -----  BIT      00B7H  1
P56. . . . . . . . . . . . . . . . . .  ABSBIT   -----  BIT      00CEH  1
P47. . . . . . . . . . . . . . . . . .  ABSBIT   -----  BIT      00C7H  1
P57. . . . . . . . . . . . . . . . . .  ABSBIT   -----  BIT      00CFH  1
DS18B20Init. . . . . . . . . . . . . .  PUBLIC   CODE   PROC     0000H  -----
  stat . . . . . . . . . . . . . . . .  AUTO     DATA   BIT      0000H  1
IE0. . . . . . . . . . . . . . . . . .  ABSBIT   -----  BIT      0089H  1
BUS_SPEED. . . . . . . . . . . . . . .  SFR      DATA   U_CHAR   00A1H  1
IE1. . . . . . . . . . . . . . . . . .  ABSBIT   -----  BIT      008BH  1
IE2. . . . . . . . . . . . . . . . . .  SFR      DATA   U_CHAR   00AFH  1
B. . . . . . . . . . . . . . . . . . .  SFR      DATA   U_CHAR   00F0H  1
AUXR . . . . . . . . . . . . . . . . .  SFR      DATA   U_CHAR   008EH  1
IAP_CONTR. . . . . . . . . . . . . . .  SFR      DATA   U_CHAR   00C7H  1
C51 COMPILER V9.59.0.0   DS18B20                                                           06/05/2022 11:01:31 PAGE 10  

NAME                                    CLASS   MSPACE  TYPE    OFFSET  SIZE
====                                    =====   ======  ====    ======  ====


ACC. . . . . . . . . . . . . . . . . .  SFR      DATA   U_CHAR   00E0H  1
ptrdiff_t. . . . . . . . . . . . . . .  TYPEDEF  -----  LONG     -----  4
ET0. . . . . . . . . . . . . . . . . .  ABSBIT   -----  BIT      00A9H  1
ET1. . . . . . . . . . . . . . . . . .  ABSBIT   -----  BIT      00ABH  1
TF0. . . . . . . . . . . . . . . . . .  ABSBIT   -----  BIT      008DH  1
TF1. . . . . . . . . . . . . . . . . .  ABSBIT   -----  BIT      008FH  1
IP2. . . . . . . . . . . . . . . . . .  SFR      DATA   U_CHAR   00B5H  1
RL_TH0 . . . . . . . . . . . . . . . .  SFR      DATA   U_CHAR   008CH  1
RB8. . . . . . . . . . . . . . . . . .  ABSBIT   -----  BIT      009AH  1
RL_TH1 . . . . . . . . . . . . . . . .  SFR      DATA   U_CHAR   008DH  1
TH0. . . . . . . . . . . . . . . . . .  SFR      DATA   U_CHAR   008CH  1
EX0. . . . . . . . . . . . . . . . . .  ABSBIT   -----  BIT      00A8H  1
IT0. . . . . . . . . . . . . . . . . .  ABSBIT   -----  BIT      0088H  1
RL_T2H . . . . . . . . . . . . . . . .  SFR      DATA   U_CHAR   00D6H  1
TH1. . . . . . . . . . . . . . . . . .  SFR      DATA   U_CHAR   008DH  1
EX1. . . . . . . . . . . . . . . . . .  ABSBIT   -----  BIT      00AAH  1
TB8. . . . . . . . . . . . . . . . . .  ABSBIT   -----  BIT      009BH  1
IT1. . . . . . . . . . . . . . . . . .  ABSBIT   -----  BIT      008AH  1
RL_T3H . . . . . . . . . . . . . . . .  SFR      DATA   U_CHAR   00D4H  1
TH2. . . . . . . . . . . . . . . . . .  SFR      DATA   U_CHAR   00D6H  1
T2H. . . . . . . . . . . . . . . . . .  SFR      DATA   U_CHAR   00D6H  1
P. . . . . . . . . . . . . . . . . . .  ABSBIT   -----  BIT      00D0H  1
RL_T4H . . . . . . . . . . . . . . . .  SFR      DATA   U_CHAR   00D2H  1
TH3. . . . . . . . . . . . . . . . . .  SFR      DATA   U_CHAR   00D4H  1
T3H. . . . . . . . . . . . . . . . . .  SFR      DATA   U_CHAR   00D4H  1
RL_TL0 . . . . . . . . . . . . . . . .  SFR      DATA   U_CHAR   008AH  1
uint8_t. . . . . . . . . . . . . . . .  TYPEDEF  -----  U_CHAR   -----  1
SM0. . . . . . . . . . . . . . . . . .  ABSBIT   -----  BIT      009FH  1
TH4. . . . . . . . . . . . . . . . . .  SFR      DATA   U_CHAR   00D2H  1
T4H. . . . . . . . . . . . . . . . . .  SFR      DATA   U_CHAR   00D2H  1
RL_TL1 . . . . . . . . . . . . . . . .  SFR      DATA   U_CHAR   008BH  1
TL0. . . . . . . . . . . . . . . . . .  SFR      DATA   U_CHAR   008AH  1
SM1. . . . . . . . . . . . . . . . . .  ABSBIT   -----  BIT      009EH  1
RL_T2L . . . . . . . . . . . . . . . .  SFR      DATA   U_CHAR   00D7H  1
TL1. . . . . . . . . . . . . . . . . .  SFR      DATA   U_CHAR   008BH  1
SM2. . . . . . . . . . . . . . . . . .  ABSBIT   -----  BIT      009DH  1
RL_T3L . . . . . . . . . . . . . . . .  SFR      DATA   U_CHAR   00D5H  1
TL2. . . . . . . . . . . . . . . . . .  SFR      DATA   U_CHAR   00D7H  1
T2L. . . . . . . . . . . . . . . . . .  SFR      DATA   U_CHAR   00D7H  1
RL_T4L . . . . . . . . . . . . . . . .  SFR      DATA   U_CHAR   00D3H  1
TL3. . . . . . . . . . . . . . . . . .  SFR      DATA   U_CHAR   00D5H  1
T3L. . . . . . . . . . . . . . . . . .  SFR      DATA   U_CHAR   00D5H  1
PT0. . . . . . . . . . . . . . . . . .  ABSBIT   -----  BIT      00B9H  1
TL4. . . . . . . . . . . . . . . . . .  SFR      DATA   U_CHAR   00D3H  1
T4L. . . . . . . . . . . . . . . . . .  SFR      DATA   U_CHAR   00D3H  1
PT1. . . . . . . . . . . . . . . . . .  ABSBIT   -----  BIT      00BBH  1
RS0. . . . . . . . . . . . . . . . . .  ABSBIT   -----  BIT      00D3H  1
ISP_CONTR. . . . . . . . . . . . . . .  SFR      DATA   U_CHAR   00C7H  1
TR0. . . . . . . . . . . . . . . . . .  ABSBIT   -----  BIT      008CH  1
RS1. . . . . . . . . . . . . . . . . .  ABSBIT   -----  BIT      00D4H  1
IAP_DATA . . . . . . . . . . . . . . .  SFR      DATA   U_CHAR   00C2H  1
TR1. . . . . . . . . . . . . . . . . .  ABSBIT   -----  BIT      008EH  1
PX0. . . . . . . . . . . . . . . . . .  ABSBIT   -----  BIT      00B8H  1
WDT_CONTR. . . . . . . . . . . . . . .  SFR      DATA   U_CHAR   00C1H  1
PX1. . . . . . . . . . . . . . . . . .  ABSBIT   -----  BIT      00BAH  1
int8_t . . . . . . . . . . . . . . . .  TYPEDEF  -----  CHAR     -----  1
getTemp. . . . . . . . . . . . . . . .  PUBLIC   CODE   PROC     0000H  -----
C51 COMPILER V9.59.0.0   DS18B20                                                           06/05/2022 11:01:31 PAGE 11  

NAME                                    CLASS   MSPACE  TYPE    OFFSET  SIZE
====                                    =====   ======  ====    ======  ====


  LSB. . . . . . . . . . . . . . . . .  * REG *  DATA   U_CHAR   0002H  1
  MSB. . . . . . . . . . . . . . . . .  * REG *  DATA   U_CHAR   0007H  1
  temp . . . . . . . . . . . . . . . .  * REG *  DATA   U_INT    0006H  2
u32. . . . . . . . . . . . . . . . . .  TYPEDEF  -----  U_LONG   -----  4
PCA_PWM0 . . . . . . . . . . . . . . .  SFR      DATA   U_CHAR   00F2H  1
PCA_PWM1 . . . . . . . . . . . . . . .  SFR      DATA   U_CHAR   00F3H  1
u16. . . . . . . . . . . . . . . . . .  TYPEDEF  -----  U_INT    -----  2
PCA_PWM2 . . . . . . . . . . . . . . .  SFR      DATA   U_CHAR   00F4H  1
P1ASF. . . . . . . . . . . . . . . . .  SFR      DATA   U_CHAR   009DH  1
DPH. . . . . . . . . . . . . . . . . .  SFR      DATA   U_CHAR   0083H  1
T4T3M. . . . . . . . . . . . . . . . .  SFR      DATA   U_CHAR   00D1H  1
ADC_RESL . . . . . . . . . . . . . . .  SFR      DATA   U_CHAR   00BEH  1
DPL. . . . . . . . . . . . . . . . . .  SFR      DATA   U_CHAR   0082H  1
SPSTAT . . . . . . . . . . . . . . . .  SFR      DATA   U_CHAR   00CDH  1
IPH. . . . . . . . . . . . . . . . . .  SFR      DATA   U_CHAR   00B7H  1
S2BUF. . . . . . . . . . . . . . . . .  SFR      DATA   U_CHAR   009BH  1
PCON2. . . . . . . . . . . . . . . . .  SFR      DATA   U_CHAR   0097H  1
S3BUF. . . . . . . . . . . . . . . . .  SFR      DATA   U_CHAR   00ADH  1
_DS18B20WritCmd. . . . . . . . . . . .  PUBLIC   CODE   PROC     0009H  -----
  dat. . . . . . . . . . . . . . . . .  * REG *  DATA   U_CHAR   0005H  1
  i. . . . . . . . . . . . . . . . . .  * REG *  DATA   U_CHAR   0003H  1
REN. . . . . . . . . . . . . . . . . .  ABSBIT   -----  BIT      009CH  1
S4BUF. . . . . . . . . . . . . . . . .  SFR      DATA   U_CHAR   0085H  1
S2CON. . . . . . . . . . . . . . . . .  SFR      DATA   U_CHAR   009AH  1
S3CON. . . . . . . . . . . . . . . . .  SFR      DATA   U_CHAR   00ACH  1
ISP_DATA . . . . . . . . . . . . . . .  SFR      DATA   U_CHAR   00C2H  1
S4CON. . . . . . . . . . . . . . . . .  SFR      DATA   U_CHAR   0084H  1
SADEN. . . . . . . . . . . . . . . . .  SFR      DATA   U_CHAR   00B9H  1
wchar_t. . . . . . . . . . . . . . . .  TYPEDEF  -----  CHAR     -----  1
RXD. . . . . . . . . . . . . . . . . .  ABSBIT   -----  BIT      00B0H  1
SADDR. . . . . . . . . . . . . . . . .  SFR      DATA   U_CHAR   00A9H  1
TXD. . . . . . . . . . . . . . . . . .  ABSBIT   -----  BIT      00B1H  1
B0 . . . . . . . . . . . . . . . . . .  ABSBIT   -----  BIT      00F0H  1
B1 . . . . . . . . . . . . . . . . . .  ABSBIT   -----  BIT      00F1H  1
IAP_TRIG . . . . . . . . . . . . . . .  SFR      DATA   U_CHAR   00C6H  1
AUXR1. . . . . . . . . . . . . . . . .  SFR      DATA   U_CHAR   00A2H  1
B2 . . . . . . . . . . . . . . . . . .  ABSBIT   -----  BIT      00F2H  1
SPI_SS . . . . . . . . . . . . . . . .  ABSBIT   -----  BIT      0092H  1
AUXR2. . . . . . . . . . . . . . . . .  SFR      DATA   U_CHAR   008FH  1
B3 . . . . . . . . . . . . . . . . . .  ABSBIT   -----  BIT      00F3H  1
B4 . . . . . . . . . . . . . . . . . .  ABSBIT   -----  BIT      00F4H  1
F0 . . . . . . . . . . . . . . . . . .  ABSBIT   -----  BIT      00D5H  1
B5 . . . . . . . . . . . . . . . . . .  ABSBIT   -----  BIT      00F5H  1
F1 . . . . . . . . . . . . . . . . . .  ABSBIT   -----  BIT      00D1H  1
INT_CLKO . . . . . . . . . . . . . . .  SFR      DATA   U_CHAR   008FH  1
B6 . . . . . . . . . . . . . . . . . .  ABSBIT   -----  BIT      00F6H  1
ACC0 . . . . . . . . . . . . . . . . .  ABSBIT   -----  BIT      00E0H  1
B7 . . . . . . . . . . . . . . . . . .  ABSBIT   -----  BIT      00F7H  1
ACC1 . . . . . . . . . . . . . . . . .  ABSBIT   -----  BIT      00E1H  1
ACC2 . . . . . . . . . . . . . . . . .  ABSBIT   -----  BIT      00E2H  1
ACC3 . . . . . . . . . . . . . . . . .  ABSBIT   -----  BIT      00E3H  1
PSW. . . . . . . . . . . . . . . . . .  SFR      DATA   U_CHAR   00D0H  1
ACC4 . . . . . . . . . . . . . . . . .  ABSBIT   -----  BIT      00E4H  1
SPI_SCLK . . . . . . . . . . . . . . .  ABSBIT   -----  BIT      0095H  1
CCF0 . . . . . . . . . . . . . . . . .  ABSBIT   -----  BIT      00D8H  1
ACC5 . . . . . . . . . . . . . . . . .  ABSBIT   -----  BIT      00E5H  1
uint32_t . . . . . . . . . . . . . . .  TYPEDEF  -----  U_LONG   -----  4
C51 COMPILER V9.59.0.0   DS18B20                                                           06/05/2022 11:01:31 PAGE 12  

NAME                                    CLASS   MSPACE  TYPE    OFFSET  SIZE
====                                    =====   ======  ====    ======  ====


CCF1 . . . . . . . . . . . . . . . . .  ABSBIT   -----  BIT      00D9H  1
ACC6 . . . . . . . . . . . . . . . . .  ABSBIT   -----  BIT      00E6H  1
SPDAT. . . . . . . . . . . . . . . . .  SFR      DATA   U_CHAR   00CFH  1
P0M0 . . . . . . . . . . . . . . . . .  SFR      DATA   U_CHAR   0094H  1


MODULE INFORMATION:   STATIC OVERLAYABLE
   CODE SIZE        =    213    ----
   CONSTANT SIZE    =   ----    ----
   XDATA SIZE       =   ----    ----
   PDATA SIZE       =   ----    ----
   DATA SIZE        =   ----    ----
   IDATA SIZE       =   ----    ----
   BIT SIZE         =   ----       1
   EDATA SIZE       =   ----    ----
   HDATA SIZE       =   ----    ----
   XDATA CONST SIZE =   ----    ----
   FAR CONST SIZE   =   ----    ----
END OF MODULE INFORMATION.


C51 COMPILATION COMPLETE.  0 WARNING(S),  0 ERROR(S)
