C51 COMPILER V9.59.0.0   MAIN                                                              06/05/2022 11:01:31 PAGE 1   


C51 COMPILER V9.59.0.0, COMPILATION OF MODULE MAIN
OBJECT MODULE PLACED IN .\build\Release\src\main.o
COMPILER INVOKED BY: D:\PhPython\Keil5\C51\BIN\C51.exe .\SRC\MAIN.C PRINT(.\build\Release\src\main.lst) OMF2 TABS(4) COD
                    -E NOCOND SYMBOLS OPTIMIZE(8,SPEED) SMALL ROM(LARGE) INCDIR(D:\PhPython\Keil5\C51\INC;.\src;.\lib\stc15_lib;.\lib\stc15_l
                    -ib\src;.\lib\stc15_lib\include) DEFINE(DEBUG,__UVISION_VERSION=526) OBJECT(.\build\Release\src\main.o)

line level    source

   1          /**
   2           * è½¯ä»¶ UARTï¼?
   3           *      TX å¼•è„šï¼šP31
   4           *      æ³¢ç‰¹çŽ‡ï¼š9600
   5          */
   6          
   7          #include "config.h"
   8          // #include "soft_uart.h"
   9          #include "delay.h"
  10          #include "tm1620.h"
  11          #include "ds18b20.h"
  12          
  13          void main()
  14          {
  15   1          uint16_t temp = 0;
  16   1          uint8_t l1,l2,l3,l4;
  17   1          uint8_t hide = 20;
  18   1          // uint8_t show = 5;
  19   1          // EA = 1;
  20   1          delay_ms(100);
  21   1          TM1620Init();
  22   1          delay_ms(100);
  23   1          TM1620Test();
  24   1      
  25   1      
  26   1          while (1)
  27   1          {
  28   2              // LOG("Hello, STC15F104W\n");
  29   2              
  30   2              temp = getTemp();
  31   2              temp = temp * 0.0625 * 100 + 0.5;
  32   2      
  33   2              l1 = (temp % 10000 / 1000);
  34   2              l2 = (temp % 1000 / 100);
  35   2              l3 = (temp % 100 / 10);
  36   2              l4 = (temp % 10);
  37   2      
  38   2      
  39   2              TM1620ShowByAddr(0xc0,LedCode[l1]);
  40   2              TM1620ShowByAddr(0xc2,LedCode[l2]|0x80);
  41   2              TM1620ShowByAddr(0xc4,LedCode[l3]);
  42   2              TM1620ShowByAddr(0xc6,LedCode[l4]);
  43   2      
  44   2              // while (hide--)
  45   2              // {
  46   2                  delay_ms(200);
  47   2              // }
  48   2              // hide = 50;
  49   2          }
  50   1      }
C51 COMPILER V9.59.0.0   MAIN                                                              06/05/2022 11:01:31 PAGE 2   

ASSEMBLY LISTING OF GENERATED OBJECT CODE


             ; FUNCTION main (BEGIN)
                                           ; SOURCE LINE # 13
                                           ; SOURCE LINE # 14
                                           ; SOURCE LINE # 15
0000 E4                CLR     A
0001 F500        R     MOV     temp,A
0003 F500        R     MOV     temp+01H,A
                                           ; SOURCE LINE # 17
0005 750014      R     MOV     hide,#014H
                                           ; SOURCE LINE # 20
0008 7F64              MOV     R7,#064H
000A 120000      E     LCALL   _delay_ms
                                           ; SOURCE LINE # 21
000D 120000      E     LCALL   TM1620Init
                                           ; SOURCE LINE # 22
0010 7F64              MOV     R7,#064H
0012 120000      E     LCALL   _delay_ms
                                           ; SOURCE LINE # 23
0015 120000      E     LCALL   TM1620Test
0018         ?C0001:
                                           ; SOURCE LINE # 26
                                           ; SOURCE LINE # 27
                                           ; SOURCE LINE # 30
0018 120000      E     LCALL   getTemp
001B 8E00        R     MOV     temp,R6
001D 8F00        R     MOV     temp+01H,R7
                                           ; SOURCE LINE # 31
001F AC00        R     MOV     R4,temp
0021 AD00        R     MOV     R5,temp+01H
0023 E4                CLR     A
0024 120000      E     LCALL   ?C?FCASTI
0027 E4                CLR     A
0028 FB                MOV     R3,A
0029 FA                MOV     R2,A
002A 79C8              MOV     R1,#0C8H
002C 7840              MOV     R0,#040H
002E 120000      E     LCALL   ?C?FPMUL
0031 E4                CLR     A
0032 FB                MOV     R3,A
0033 FA                MOV     R2,A
0034 F9                MOV     R1,A
0035 783F              MOV     R0,#03FH
0037 120000      E     LCALL   ?C?FPADD
003A 120000      E     LCALL   ?C?CASTF
003D 8E00        R     MOV     temp,R6
003F 8F00        R     MOV     temp+01H,R7
                                           ; SOURCE LINE # 33
0041 7C27              MOV     R4,#027H
0043 7D10              MOV     R5,#010H
0045 120000      E     LCALL   ?C?UIDIV
0048 7E03              MOV     R6,#03H
004A 7FE8              MOV     R7,#0E8H
004C CF                XCH     A,R7
004D CD                XCH     A,R5
004E CF                XCH     A,R7
004F CE                XCH     A,R6
0050 CC                XCH     A,R4
0051 CE                XCH     A,R6
0052 120000      E     LCALL   ?C?UIDIV
C51 COMPILER V9.59.0.0   MAIN                                                              06/05/2022 11:01:31 PAGE 3   

0055 8F00        R     MOV     l1,R7
                                           ; SOURCE LINE # 34
0057 AE00        R     MOV     R6,temp
0059 AF00        R     MOV     R7,temp+01H
005B 7C03              MOV     R4,#03H
005D 7DE8              MOV     R5,#0E8H
005F 120000      E     LCALL   ?C?UIDIV
0062 7E00              MOV     R6,#00H
0064 7F64              MOV     R7,#064H
0066 CF                XCH     A,R7
0067 CD                XCH     A,R5
0068 CF                XCH     A,R7
0069 CE                XCH     A,R6
006A CC                XCH     A,R4
006B CE                XCH     A,R6
006C 120000      E     LCALL   ?C?UIDIV
006F 8F00        R     MOV     l2,R7
                                           ; SOURCE LINE # 35
0071 AE00        R     MOV     R6,temp
0073 AF00        R     MOV     R7,temp+01H
0075 7C00              MOV     R4,#00H
0077 7D64              MOV     R5,#064H
0079 120000      E     LCALL   ?C?UIDIV
007C 7E00              MOV     R6,#00H
007E 7F0A              MOV     R7,#0AH
0080 CF                XCH     A,R7
0081 CD                XCH     A,R5
0082 CF                XCH     A,R7
0083 CE                XCH     A,R6
0084 CC                XCH     A,R4
0085 CE                XCH     A,R6
0086 120000      E     LCALL   ?C?UIDIV
0089 8F00        R     MOV     l3,R7
                                           ; SOURCE LINE # 36
008B AE00        R     MOV     R6,temp
008D AF00        R     MOV     R7,temp+01H
008F 7C00              MOV     R4,#00H
0091 7D0A              MOV     R5,#0AH
0093 120000      E     LCALL   ?C?UIDIV
0096 8D00        R     MOV     l4,R5
                                           ; SOURCE LINE # 39
0098 E500        R     MOV     A,l1
009A 900000      E     MOV     DPTR,#LedCode
009D 93                MOVC    A,@A+DPTR
009E FD                MOV     R5,A
009F 7FC0              MOV     R7,#0C0H
00A1 120000      E     LCALL   _TM1620ShowByAddr
                                           ; SOURCE LINE # 40
00A4 E500        R     MOV     A,l2
00A6 900000      E     MOV     DPTR,#LedCode
00A9 93                MOVC    A,@A+DPTR
00AA 4480              ORL     A,#080H
00AC FD                MOV     R5,A
00AD 7FC2              MOV     R7,#0C2H
00AF 120000      E     LCALL   _TM1620ShowByAddr
                                           ; SOURCE LINE # 41
00B2 E500        R     MOV     A,l3
00B4 900000      E     MOV     DPTR,#LedCode
00B7 93                MOVC    A,@A+DPTR
00B8 FD                MOV     R5,A
00B9 7FC4              MOV     R7,#0C4H
00BB 120000      E     LCALL   _TM1620ShowByAddr
C51 COMPILER V9.59.0.0   MAIN                                                              06/05/2022 11:01:31 PAGE 4   

                                           ; SOURCE LINE # 42
00BE E500        R     MOV     A,l4
00C0 900000      E     MOV     DPTR,#LedCode
00C3 93                MOVC    A,@A+DPTR
00C4 FD                MOV     R5,A
00C5 7FC6              MOV     R7,#0C6H
00C7 120000      E     LCALL   _TM1620ShowByAddr
                                           ; SOURCE LINE # 46
00CA 7FC8              MOV     R7,#0C8H
00CC 120000      E     LCALL   _delay_ms
                                           ; SOURCE LINE # 49
00CF 020000      R     LJMP    ?C0001
             ; FUNCTION main (END)

C51 COMPILER V9.59.0.0   MAIN                                                              06/05/2022 11:01:31 PAGE 5   

NAME                                    CLASS   MSPACE  TYPE    OFFSET  SIZE
====                                    =====   ======  ====    ======  ====


CCF2 . . . . . . . . . . . . . . . . .  ABSBIT   -----  BIT      00DAH  1
ACC7 . . . . . . . . . . . . . . . . .  ABSBIT   -----  BIT      00E7H  1
P0M1 . . . . . . . . . . . . . . . . .  SFR      DATA   U_CHAR   0093H  1
P1M0 . . . . . . . . . . . . . . . . .  SFR      DATA   U_CHAR   0092H  1
uint16_t . . . . . . . . . . . . . . .  TYPEDEF  -----  U_INT    -----  2
P2M0 . . . . . . . . . . . . . . . . .  SFR      DATA   U_CHAR   0096H  1
P1M1 . . . . . . . . . . . . . . . . .  SFR      DATA   U_CHAR   0091H  1
P0 . . . . . . . . . . . . . . . . . .  SFR      DATA   U_CHAR   0080H  1
P3M0 . . . . . . . . . . . . . . . . .  SFR      DATA   U_CHAR   00B2H  1
P2M1 . . . . . . . . . . . . . . . . .  SFR      DATA   U_CHAR   0095H  1
P1 . . . . . . . . . . . . . . . . . .  SFR      DATA   U_CHAR   0090H  1
P4M0 . . . . . . . . . . . . . . . . .  SFR      DATA   U_CHAR   00B4H  1
P3M1 . . . . . . . . . . . . . . . . .  SFR      DATA   U_CHAR   00B1H  1
P2 . . . . . . . . . . . . . . . . . .  SFR      DATA   U_CHAR   00A0H  1
TM1620Init . . . . . . . . . . . . . .  EXTERN   CODE   PROC     -----  -----
P5M0 . . . . . . . . . . . . . . . . .  SFR      DATA   U_CHAR   00CAH  1
P4M1 . . . . . . . . . . . . . . . . .  SFR      DATA   U_CHAR   00B3H  1
P3 . . . . . . . . . . . . . . . . . .  SFR      DATA   U_CHAR   00B0H  1
WKTCH. . . . . . . . . . . . . . . . .  SFR      DATA   U_CHAR   00ABH  1
T0 . . . . . . . . . . . . . . . . . .  ABSBIT   -----  BIT      00B4H  1
AC . . . . . . . . . . . . . . . . . .  ABSBIT   -----  BIT      00D6H  1
P6M0 . . . . . . . . . . . . . . . . .  SFR      DATA   U_CHAR   00CCH  1
P5M1 . . . . . . . . . . . . . . . . .  SFR      DATA   U_CHAR   00C9H  1
P4 . . . . . . . . . . . . . . . . . .  SFR      DATA   U_CHAR   00C0H  1
CLKOUT0. . . . . . . . . . . . . . . .  ABSBIT   -----  BIT      00B5H  1
T1 . . . . . . . . . . . . . . . . . .  ABSBIT   -----  BIT      00B5H  1
P7M0 . . . . . . . . . . . . . . . . .  SFR      DATA   U_CHAR   00E2H  1
P6M1 . . . . . . . . . . . . . . . . .  SFR      DATA   U_CHAR   00CBH  1
P5 . . . . . . . . . . . . . . . . . .  SFR      DATA   U_CHAR   00C8H  1
ISP_TRIG . . . . . . . . . . . . . . .  SFR      DATA   U_CHAR   00C6H  1
EA . . . . . . . . . . . . . . . . . .  ABSBIT   -----  BIT      00AFH  1
CLKOUT1. . . . . . . . . . . . . . . .  ABSBIT   -----  BIT      00B4H  1
SPI_SS_2 . . . . . . . . . . . . . . .  ABSBIT   -----  BIT      00A4H  1
P6 . . . . . . . . . . . . . . . . . .  SFR      DATA   U_CHAR   00E8H  1
P7M1 . . . . . . . . . . . . . . . . .  SFR      DATA   U_CHAR   00E1H  1
SPI_SS_3 . . . . . . . . . . . . . . .  ABSBIT   -----  BIT      00CCH  1
SPI_MISO . . . . . . . . . . . . . . .  ABSBIT   -----  BIT      0094H  1
SPI_MOSI . . . . . . . . . . . . . . .  ABSBIT   -----  BIT      0093H  1
CCP0 . . . . . . . . . . . . . . . . .  ABSBIT   -----  BIT      0091H  1
P7 . . . . . . . . . . . . . . . . . .  SFR      DATA   U_CHAR   00F8H  1
WKTCL. . . . . . . . . . . . . . . . .  SFR      DATA   U_CHAR   00AAH  1
int32_t. . . . . . . . . . . . . . . .  TYPEDEF  -----  LONG     -----  4
CCP1 . . . . . . . . . . . . . . . . .  ABSBIT   -----  BIT      0090H  1
SPCTL. . . . . . . . . . . . . . . . .  SFR      DATA   U_CHAR   00CEH  1
CF . . . . . . . . . . . . . . . . . .  ABSBIT   -----  BIT      00DFH  1
CCP2 . . . . . . . . . . . . . . . . .  ABSBIT   -----  BIT      00B7H  1
int16_t. . . . . . . . . . . . . . . .  TYPEDEF  -----  INT      -----  2
CH . . . . . . . . . . . . . . . . . .  SFR      DATA   U_CHAR   00F9H  1
P_SW1. . . . . . . . . . . . . . . . .  SFR      DATA   U_CHAR   00A2H  1
P_SW2. . . . . . . . . . . . . . . . .  SFR      DATA   U_CHAR   00BAH  1
EADC . . . . . . . . . . . . . . . . .  ABSBIT   -----  BIT      00ADH  1
SPI_SCLK_2 . . . . . . . . . . . . . .  ABSBIT   -----  BIT      00A1H  1
IE . . . . . . . . . . . . . . . . . .  SFR      DATA   U_CHAR   00A8H  1
TM1620Test . . . . . . . . . . . . . .  EXTERN   CODE   PROC     -----  -----
SPI_SCLK_3 . . . . . . . . . . . . . .  ABSBIT   -----  BIT      00C3H  1
CL . . . . . . . . . . . . . . . . . .  SFR      DATA   U_CHAR   00E9H  1
IAP_CMD. . . . . . . . . . . . . . . .  SFR      DATA   U_CHAR   00C5H  1
C51 COMPILER V9.59.0.0   MAIN                                                              06/05/2022 11:01:31 PAGE 6   

NAME                                    CLASS   MSPACE  TYPE    OFFSET  SIZE
====                                    =====   ======  ====    ======  ====


CCAP0H . . . . . . . . . . . . . . . .  SFR      DATA   U_CHAR   00FAH  1
CCAP1H . . . . . . . . . . . . . . . .  SFR      DATA   U_CHAR   00FBH  1
size_t . . . . . . . . . . . . . . . .  TYPEDEF  -----  U_INT    -----  2
CCAP2H . . . . . . . . . . . . . . . .  SFR      DATA   U_CHAR   00FCH  1
LedCode. . . . . . . . . . . . . . . .  EXTERN   CODE   ARRAY    -----  18
ADC_RES. . . . . . . . . . . . . . . .  SFR      DATA   U_CHAR   00BDH  1
IPH2 . . . . . . . . . . . . . . . . .  SFR      DATA   U_CHAR   00B6H  1
CR . . . . . . . . . . . . . . . . . .  ABSBIT   -----  BIT      00DEH  1
CCAP0L . . . . . . . . . . . . . . . .  SFR      DATA   U_CHAR   00EAH  1
RD . . . . . . . . . . . . . . . . . .  ABSBIT   -----  BIT      00B7H  1
CCAP1L . . . . . . . . . . . . . . . .  SFR      DATA   U_CHAR   00EBH  1
CCAPM0 . . . . . . . . . . . . . . . .  SFR      DATA   U_CHAR   00DAH  1
CCAP2L . . . . . . . . . . . . . . . .  SFR      DATA   U_CHAR   00ECH  1
CCAPM1 . . . . . . . . . . . . . . . .  SFR      DATA   U_CHAR   00DBH  1
TIM_InitTypeDef. . . . . . . . . . . .  TYPEDEF  -----  STRUCT   -----  8
  TIM_Mode . . . . . . . . . . . . . .  MEMBER   -----  U_CHAR   0000H  1
  TIM_Polity . . . . . . . . . . . . .  MEMBER   -----  U_CHAR   0001H  1
  TIM_Interrupt. . . . . . . . . . . .  MEMBER   -----  U_CHAR   0002H  1
  TIM_ClkSource. . . . . . . . . . . .  MEMBER   -----  U_CHAR   0003H  1
  TIM_ClkOut . . . . . . . . . . . . .  MEMBER   -----  U_CHAR   0004H  1
  TIM_Value. . . . . . . . . . . . . .  MEMBER   -----  U_INT    0005H  2
  TIM_Run. . . . . . . . . . . . . . .  MEMBER   -----  U_CHAR   0007H  1
ES . . . . . . . . . . . . . . . . . .  ABSBIT   -----  BIT      00ACH  1
CCAPM2 . . . . . . . . . . . . . . . .  SFR      DATA   U_CHAR   00DCH  1
PADC . . . . . . . . . . . . . . . . .  ABSBIT   -----  BIT      00BDH  1
SPI_MISO_2 . . . . . . . . . . . . . .  ABSBIT   -----  BIT      00A2H  1
SPI_MOSI_2 . . . . . . . . . . . . . .  ABSBIT   -----  BIT      00A3H  1
IP . . . . . . . . . . . . . . . . . .  SFR      DATA   U_CHAR   00B8H  1
SPI_MISO_3 . . . . . . . . . . . . . .  ABSBIT   -----  BIT      00C1H  1
SPI_MOSI_3 . . . . . . . . . . . . . .  ABSBIT   -----  BIT      00C0H  1
RI . . . . . . . . . . . . . . . . . .  ABSBIT   -----  BIT      0098H  1
DS18B20_DQ . . . . . . . . . . . . . .  ABSBIT   -----  BIT      00B3H  1
INT0 . . . . . . . . . . . . . . . . .  ABSBIT   -----  BIT      00B2H  1
CY . . . . . . . . . . . . . . . . . .  ABSBIT   -----  BIT      00D7H  1
TI . . . . . . . . . . . . . . . . . .  ABSBIT   -----  BIT      0099H  1
INT1 . . . . . . . . . . . . . . . . .  ABSBIT   -----  BIT      00B3H  1
CLK_DIV. . . . . . . . . . . . . . . .  SFR      DATA   U_CHAR   0097H  1
IAP_ADDRH. . . . . . . . . . . . . . .  SFR      DATA   U_CHAR   00C3H  1
RXD2 . . . . . . . . . . . . . . . . .  ABSBIT   -----  BIT      0090H  1
ISP_CMD. . . . . . . . . . . . . . . .  SFR      DATA   U_CHAR   00C5H  1
PS . . . . . . . . . . . . . . . . . .  ABSBIT   -----  BIT      00BCH  1
TXD2 . . . . . . . . . . . . . . . . .  ABSBIT   -----  BIT      0091H  1
SP . . . . . . . . . . . . . . . . . .  SFR      DATA   U_CHAR   0081H  1
CMOD . . . . . . . . . . . . . . . . .  SFR      DATA   U_CHAR   00D9H  1
CCON . . . . . . . . . . . . . . . . .  SFR      DATA   U_CHAR   00D8H  1
IAP_ADDRL. . . . . . . . . . . . . . .  SFR      DATA   U_CHAR   00C4H  1
PPCA . . . . . . . . . . . . . . . . .  ABSBIT   -----  BIT      00BFH  1
OV . . . . . . . . . . . . . . . . . .  ABSBIT   -----  BIT      00D2H  1
main . . . . . . . . . . . . . . . . .  PUBLIC   CODE   PROC     0000H  -----
  temp . . . . . . . . . . . . . . . .  AUTO     DATA   U_INT    0000H  2
  l1 . . . . . . . . . . . . . . . . .  AUTO     DATA   U_CHAR   0002H  1
  l2 . . . . . . . . . . . . . . . . .  AUTO     DATA   U_CHAR   0003H  1
  l3 . . . . . . . . . . . . . . . . .  AUTO     DATA   U_CHAR   0004H  1
  l4 . . . . . . . . . . . . . . . . .  AUTO     DATA   U_CHAR   0005H  1
  hide . . . . . . . . . . . . . . . .  AUTO     DATA   U_CHAR   0006H  1
TM1620_CLK . . . . . . . . . . . . . .  ABSBIT   -----  BIT      00CCH  1
TM1620_DIN . . . . . . . . . . . . . .  ABSBIT   -----  BIT      00CDH  1
C51 COMPILER V9.59.0.0   MAIN                                                              06/05/2022 11:01:31 PAGE 7   

NAME                                    CLASS   MSPACE  TYPE    OFFSET  SIZE
====                                    =====   ======  ====    ======  ====


WR . . . . . . . . . . . . . . . . . .  ABSBIT   -----  BIT      00B6H  1
ELVD . . . . . . . . . . . . . . . . .  ABSBIT   -----  BIT      00AEH  1
u8 . . . . . . . . . . . . . . . . . .  TYPEDEF  -----  U_CHAR   -----  1
P00. . . . . . . . . . . . . . . . . .  ABSBIT   -----  BIT      0080H  1
P10. . . . . . . . . . . . . . . . . .  ABSBIT   -----  BIT      0090H  1
P01. . . . . . . . . . . . . . . . . .  ABSBIT   -----  BIT      0081H  1
ADC_CONTR. . . . . . . . . . . . . . .  SFR      DATA   U_CHAR   00BCH  1
SBUF . . . . . . . . . . . . . . . . .  SFR      DATA   U_CHAR   0099H  1
PCON . . . . . . . . . . . . . . . . .  SFR      DATA   U_CHAR   0087H  1
P20. . . . . . . . . . . . . . . . . .  ABSBIT   -----  BIT      00A0H  1
P11. . . . . . . . . . . . . . . . . .  ABSBIT   -----  BIT      0091H  1
P02. . . . . . . . . . . . . . . . . .  ABSBIT   -----  BIT      0082H  1
ISP_ADDRH. . . . . . . . . . . . . . .  SFR      DATA   U_CHAR   00C3H  1
P30. . . . . . . . . . . . . . . . . .  ABSBIT   -----  BIT      00B0H  1
P21. . . . . . . . . . . . . . . . . .  ABSBIT   -----  BIT      00A1H  1
P12. . . . . . . . . . . . . . . . . .  ABSBIT   -----  BIT      0092H  1
P03. . . . . . . . . . . . . . . . . .  ABSBIT   -----  BIT      0083H  1
P40. . . . . . . . . . . . . . . . . .  ABSBIT   -----  BIT      00C0H  1
P31. . . . . . . . . . . . . . . . . .  ABSBIT   -----  BIT      00B1H  1
P22. . . . . . . . . . . . . . . . . .  ABSBIT   -----  BIT      00A2H  1
P13. . . . . . . . . . . . . . . . . .  ABSBIT   -----  BIT      0093H  1
P04. . . . . . . . . . . . . . . . . .  ABSBIT   -----  BIT      0084H  1
SCON . . . . . . . . . . . . . . . . .  SFR      DATA   U_CHAR   0098H  1
WAKE_CLKO. . . . . . . . . . . . . . .  SFR      DATA   U_CHAR   008FH  1
P50. . . . . . . . . . . . . . . . . .  ABSBIT   -----  BIT      00C8H  1
P41. . . . . . . . . . . . . . . . . .  ABSBIT   -----  BIT      00C1H  1
P32. . . . . . . . . . . . . . . . . .  ABSBIT   -----  BIT      00B2H  1
P23. . . . . . . . . . . . . . . . . .  ABSBIT   -----  BIT      00A3H  1
P14. . . . . . . . . . . . . . . . . .  ABSBIT   -----  BIT      0094H  1
P05. . . . . . . . . . . . . . . . . .  ABSBIT   -----  BIT      0085H  1
TMOD . . . . . . . . . . . . . . . . .  SFR      DATA   U_CHAR   0089H  1
TCON . . . . . . . . . . . . . . . . .  SFR      DATA   U_CHAR   0088H  1
TM1620_STB . . . . . . . . . . . . . .  ABSBIT   -----  BIT      00B2H  1
P51. . . . . . . . . . . . . . . . . .  ABSBIT   -----  BIT      00C9H  1
P42. . . . . . . . . . . . . . . . . .  ABSBIT   -----  BIT      00C2H  1
P33. . . . . . . . . . . . . . . . . .  ABSBIT   -----  BIT      00B3H  1
P24. . . . . . . . . . . . . . . . . .  ABSBIT   -----  BIT      00A4H  1
P15. . . . . . . . . . . . . . . . . .  ABSBIT   -----  BIT      0095H  1
P06. . . . . . . . . . . . . . . . . .  ABSBIT   -----  BIT      0086H  1
ISP_ADDRL. . . . . . . . . . . . . . .  SFR      DATA   U_CHAR   00C4H  1
PLVD . . . . . . . . . . . . . . . . .  ABSBIT   -----  BIT      00BEH  1
P52. . . . . . . . . . . . . . . . . .  ABSBIT   -----  BIT      00CAH  1
P43. . . . . . . . . . . . . . . . . .  ABSBIT   -----  BIT      00C3H  1
P34. . . . . . . . . . . . . . . . . .  ABSBIT   -----  BIT      00B4H  1
P25. . . . . . . . . . . . . . . . . .  ABSBIT   -----  BIT      00A5H  1
P16. . . . . . . . . . . . . . . . . .  ABSBIT   -----  BIT      0096H  1
P07. . . . . . . . . . . . . . . . . .  ABSBIT   -----  BIT      0087H  1
P53. . . . . . . . . . . . . . . . . .  ABSBIT   -----  BIT      00CBH  1
P44. . . . . . . . . . . . . . . . . .  ABSBIT   -----  BIT      00C4H  1
P35. . . . . . . . . . . . . . . . . .  ABSBIT   -----  BIT      00B5H  1
P26. . . . . . . . . . . . . . . . . .  ABSBIT   -----  BIT      00A6H  1
P17. . . . . . . . . . . . . . . . . .  ABSBIT   -----  BIT      0097H  1
P54. . . . . . . . . . . . . . . . . .  ABSBIT   -----  BIT      00CCH  1
P45. . . . . . . . . . . . . . . . . .  ABSBIT   -----  BIT      00C5H  1
P36. . . . . . . . . . . . . . . . . .  ABSBIT   -----  BIT      00B6H  1
P27. . . . . . . . . . . . . . . . . .  ABSBIT   -----  BIT      00A7H  1
P55. . . . . . . . . . . . . . . . . .  ABSBIT   -----  BIT      00CDH  1
C51 COMPILER V9.59.0.0   MAIN                                                              06/05/2022 11:01:31 PAGE 8   

NAME                                    CLASS   MSPACE  TYPE    OFFSET  SIZE
====                                    =====   ======  ====    ======  ====


P46. . . . . . . . . . . . . . . . . .  ABSBIT   -----  BIT      00C6H  1
P37. . . . . . . . . . . . . . . . . .  ABSBIT   -----  BIT      00B7H  1
P56. . . . . . . . . . . . . . . . . .  ABSBIT   -----  BIT      00CEH  1
P47. . . . . . . . . . . . . . . . . .  ABSBIT   -----  BIT      00C7H  1
P57. . . . . . . . . . . . . . . . . .  ABSBIT   -----  BIT      00CFH  1
IE0. . . . . . . . . . . . . . . . . .  ABSBIT   -----  BIT      0089H  1
BUS_SPEED. . . . . . . . . . . . . . .  SFR      DATA   U_CHAR   00A1H  1
IE1. . . . . . . . . . . . . . . . . .  ABSBIT   -----  BIT      008BH  1
IE2. . . . . . . . . . . . . . . . . .  SFR      DATA   U_CHAR   00AFH  1
B. . . . . . . . . . . . . . . . . . .  SFR      DATA   U_CHAR   00F0H  1
AUXR . . . . . . . . . . . . . . . . .  SFR      DATA   U_CHAR   008EH  1
IAP_CONTR. . . . . . . . . . . . . . .  SFR      DATA   U_CHAR   00C7H  1
ACC. . . . . . . . . . . . . . . . . .  SFR      DATA   U_CHAR   00E0H  1
ptrdiff_t. . . . . . . . . . . . . . .  TYPEDEF  -----  LONG     -----  4
ET0. . . . . . . . . . . . . . . . . .  ABSBIT   -----  BIT      00A9H  1
_TM1620ShowByAddr. . . . . . . . . . .  EXTERN   CODE   PROC     -----  -----
ET1. . . . . . . . . . . . . . . . . .  ABSBIT   -----  BIT      00ABH  1
TF0. . . . . . . . . . . . . . . . . .  ABSBIT   -----  BIT      008DH  1
TF1. . . . . . . . . . . . . . . . . .  ABSBIT   -----  BIT      008FH  1
IP2. . . . . . . . . . . . . . . . . .  SFR      DATA   U_CHAR   00B5H  1
RL_TH0 . . . . . . . . . . . . . . . .  SFR      DATA   U_CHAR   008CH  1
RB8. . . . . . . . . . . . . . . . . .  ABSBIT   -----  BIT      009AH  1
RL_TH1 . . . . . . . . . . . . . . . .  SFR      DATA   U_CHAR   008DH  1
TH0. . . . . . . . . . . . . . . . . .  SFR      DATA   U_CHAR   008CH  1
EX0. . . . . . . . . . . . . . . . . .  ABSBIT   -----  BIT      00A8H  1
IT0. . . . . . . . . . . . . . . . . .  ABSBIT   -----  BIT      0088H  1
RL_T2H . . . . . . . . . . . . . . . .  SFR      DATA   U_CHAR   00D6H  1
TH1. . . . . . . . . . . . . . . . . .  SFR      DATA   U_CHAR   008DH  1
EX1. . . . . . . . . . . . . . . . . .  ABSBIT   -----  BIT      00AAH  1
TB8. . . . . . . . . . . . . . . . . .  ABSBIT   -----  BIT      009BH  1
IT1. . . . . . . . . . . . . . . . . .  ABSBIT   -----  BIT      008AH  1
RL_T3H . . . . . . . . . . . . . . . .  SFR      DATA   U_CHAR   00D4H  1
TH2. . . . . . . . . . . . . . . . . .  SFR      DATA   U_CHAR   00D6H  1
T2H. . . . . . . . . . . . . . . . . .  SFR      DATA   U_CHAR   00D6H  1
P. . . . . . . . . . . . . . . . . . .  ABSBIT   -----  BIT      00D0H  1
RL_T4H . . . . . . . . . . . . . . . .  SFR      DATA   U_CHAR   00D2H  1
TH3. . . . . . . . . . . . . . . . . .  SFR      DATA   U_CHAR   00D4H  1
T3H. . . . . . . . . . . . . . . . . .  SFR      DATA   U_CHAR   00D4H  1
RL_TL0 . . . . . . . . . . . . . . . .  SFR      DATA   U_CHAR   008AH  1
uint8_t. . . . . . . . . . . . . . . .  TYPEDEF  -----  U_CHAR   -----  1
SM0. . . . . . . . . . . . . . . . . .  ABSBIT   -----  BIT      009FH  1
TH4. . . . . . . . . . . . . . . . . .  SFR      DATA   U_CHAR   00D2H  1
T4H. . . . . . . . . . . . . . . . . .  SFR      DATA   U_CHAR   00D2H  1
RL_TL1 . . . . . . . . . . . . . . . .  SFR      DATA   U_CHAR   008BH  1
TL0. . . . . . . . . . . . . . . . . .  SFR      DATA   U_CHAR   008AH  1
SM1. . . . . . . . . . . . . . . . . .  ABSBIT   -----  BIT      009EH  1
RL_T2L . . . . . . . . . . . . . . . .  SFR      DATA   U_CHAR   00D7H  1
TL1. . . . . . . . . . . . . . . . . .  SFR      DATA   U_CHAR   008BH  1
SM2. . . . . . . . . . . . . . . . . .  ABSBIT   -----  BIT      009DH  1
RL_T3L . . . . . . . . . . . . . . . .  SFR      DATA   U_CHAR   00D5H  1
TL2. . . . . . . . . . . . . . . . . .  SFR      DATA   U_CHAR   00D7H  1
T2L. . . . . . . . . . . . . . . . . .  SFR      DATA   U_CHAR   00D7H  1
_delay_ms. . . . . . . . . . . . . . .  EXTERN   CODE   PROC     -----  -----
RL_T4L . . . . . . . . . . . . . . . .  SFR      DATA   U_CHAR   00D3H  1
TL3. . . . . . . . . . . . . . . . . .  SFR      DATA   U_CHAR   00D5H  1
T3L. . . . . . . . . . . . . . . . . .  SFR      DATA   U_CHAR   00D5H  1
PT0. . . . . . . . . . . . . . . . . .  ABSBIT   -----  BIT      00B9H  1
C51 COMPILER V9.59.0.0   MAIN                                                              06/05/2022 11:01:31 PAGE 9   

NAME                                    CLASS   MSPACE  TYPE    OFFSET  SIZE
====                                    =====   ======  ====    ======  ====


TL4. . . . . . . . . . . . . . . . . .  SFR      DATA   U_CHAR   00D3H  1
T4L. . . . . . . . . . . . . . . . . .  SFR      DATA   U_CHAR   00D3H  1
PT1. . . . . . . . . . . . . . . . . .  ABSBIT   -----  BIT      00BBH  1
RS0. . . . . . . . . . . . . . . . . .  ABSBIT   -----  BIT      00D3H  1
ISP_CONTR. . . . . . . . . . . . . . .  SFR      DATA   U_CHAR   00C7H  1
TR0. . . . . . . . . . . . . . . . . .  ABSBIT   -----  BIT      008CH  1
RS1. . . . . . . . . . . . . . . . . .  ABSBIT   -----  BIT      00D4H  1
IAP_DATA . . . . . . . . . . . . . . .  SFR      DATA   U_CHAR   00C2H  1
TR1. . . . . . . . . . . . . . . . . .  ABSBIT   -----  BIT      008EH  1
PX0. . . . . . . . . . . . . . . . . .  ABSBIT   -----  BIT      00B8H  1
WDT_CONTR. . . . . . . . . . . . . . .  SFR      DATA   U_CHAR   00C1H  1
PX1. . . . . . . . . . . . . . . . . .  ABSBIT   -----  BIT      00BAH  1
int8_t . . . . . . . . . . . . . . . .  TYPEDEF  -----  CHAR     -----  1
getTemp. . . . . . . . . . . . . . . .  EXTERN   CODE   PROC     -----  -----
u32. . . . . . . . . . . . . . . . . .  TYPEDEF  -----  U_LONG   -----  4
PCA_PWM0 . . . . . . . . . . . . . . .  SFR      DATA   U_CHAR   00F2H  1
PCA_PWM1 . . . . . . . . . . . . . . .  SFR      DATA   U_CHAR   00F3H  1
u16. . . . . . . . . . . . . . . . . .  TYPEDEF  -----  U_INT    -----  2
PCA_PWM2 . . . . . . . . . . . . . . .  SFR      DATA   U_CHAR   00F4H  1
P1ASF. . . . . . . . . . . . . . . . .  SFR      DATA   U_CHAR   009DH  1
DPH. . . . . . . . . . . . . . . . . .  SFR      DATA   U_CHAR   0083H  1
T4T3M. . . . . . . . . . . . . . . . .  SFR      DATA   U_CHAR   00D1H  1
ADC_RESL . . . . . . . . . . . . . . .  SFR      DATA   U_CHAR   00BEH  1
DPL. . . . . . . . . . . . . . . . . .  SFR      DATA   U_CHAR   0082H  1
SPSTAT . . . . . . . . . . . . . . . .  SFR      DATA   U_CHAR   00CDH  1
IPH. . . . . . . . . . . . . . . . . .  SFR      DATA   U_CHAR   00B7H  1
S2BUF. . . . . . . . . . . . . . . . .  SFR      DATA   U_CHAR   009BH  1
PCON2. . . . . . . . . . . . . . . . .  SFR      DATA   U_CHAR   0097H  1
S3BUF. . . . . . . . . . . . . . . . .  SFR      DATA   U_CHAR   00ADH  1
REN. . . . . . . . . . . . . . . . . .  ABSBIT   -----  BIT      009CH  1
S4BUF. . . . . . . . . . . . . . . . .  SFR      DATA   U_CHAR   0085H  1
S2CON. . . . . . . . . . . . . . . . .  SFR      DATA   U_CHAR   009AH  1
S3CON. . . . . . . . . . . . . . . . .  SFR      DATA   U_CHAR   00ACH  1
ISP_DATA . . . . . . . . . . . . . . .  SFR      DATA   U_CHAR   00C2H  1
S4CON. . . . . . . . . . . . . . . . .  SFR      DATA   U_CHAR   0084H  1
SADEN. . . . . . . . . . . . . . . . .  SFR      DATA   U_CHAR   00B9H  1
wchar_t. . . . . . . . . . . . . . . .  TYPEDEF  -----  CHAR     -----  1
RXD. . . . . . . . . . . . . . . . . .  ABSBIT   -----  BIT      00B0H  1
SADDR. . . . . . . . . . . . . . . . .  SFR      DATA   U_CHAR   00A9H  1
TXD. . . . . . . . . . . . . . . . . .  ABSBIT   -----  BIT      00B1H  1
B0 . . . . . . . . . . . . . . . . . .  ABSBIT   -----  BIT      00F0H  1
B1 . . . . . . . . . . . . . . . . . .  ABSBIT   -----  BIT      00F1H  1
IAP_TRIG . . . . . . . . . . . . . . .  SFR      DATA   U_CHAR   00C6H  1
AUXR1. . . . . . . . . . . . . . . . .  SFR      DATA   U_CHAR   00A2H  1
B2 . . . . . . . . . . . . . . . . . .  ABSBIT   -----  BIT      00F2H  1
SPI_SS . . . . . . . . . . . . . . . .  ABSBIT   -----  BIT      0092H  1
AUXR2. . . . . . . . . . . . . . . . .  SFR      DATA   U_CHAR   008FH  1
B3 . . . . . . . . . . . . . . . . . .  ABSBIT   -----  BIT      00F3H  1
B4 . . . . . . . . . . . . . . . . . .  ABSBIT   -----  BIT      00F4H  1
F0 . . . . . . . . . . . . . . . . . .  ABSBIT   -----  BIT      00D5H  1
B5 . . . . . . . . . . . . . . . . . .  ABSBIT   -----  BIT      00F5H  1
F1 . . . . . . . . . . . . . . . . . .  ABSBIT   -----  BIT      00D1H  1
INT_CLKO . . . . . . . . . . . . . . .  SFR      DATA   U_CHAR   008FH  1
B6 . . . . . . . . . . . . . . . . . .  ABSBIT   -----  BIT      00F6H  1
ACC0 . . . . . . . . . . . . . . . . .  ABSBIT   -----  BIT      00E0H  1
B7 . . . . . . . . . . . . . . . . . .  ABSBIT   -----  BIT      00F7H  1
ACC1 . . . . . . . . . . . . . . . . .  ABSBIT   -----  BIT      00E1H  1
C51 COMPILER V9.59.0.0   MAIN                                                              06/05/2022 11:01:31 PAGE 10  

NAME                                    CLASS   MSPACE  TYPE    OFFSET  SIZE
====                                    =====   ======  ====    ======  ====


ACC2 . . . . . . . . . . . . . . . . .  ABSBIT   -----  BIT      00E2H  1
ACC3 . . . . . . . . . . . . . . . . .  ABSBIT   -----  BIT      00E3H  1
PSW. . . . . . . . . . . . . . . . . .  SFR      DATA   U_CHAR   00D0H  1
ACC4 . . . . . . . . . . . . . . . . .  ABSBIT   -----  BIT      00E4H  1
SPI_SCLK . . . . . . . . . . . . . . .  ABSBIT   -----  BIT      0095H  1
CCF0 . . . . . . . . . . . . . . . . .  ABSBIT   -----  BIT      00D8H  1
ACC5 . . . . . . . . . . . . . . . . .  ABSBIT   -----  BIT      00E5H  1
uint32_t . . . . . . . . . . . . . . .  TYPEDEF  -----  U_LONG   -----  4
CCF1 . . . . . . . . . . . . . . . . .  ABSBIT   -----  BIT      00D9H  1
ACC6 . . . . . . . . . . . . . . . . .  ABSBIT   -----  BIT      00E6H  1
SPDAT. . . . . . . . . . . . . . . . .  SFR      DATA   U_CHAR   00CFH  1
P0M0 . . . . . . . . . . . . . . . . .  SFR      DATA   U_CHAR   0094H  1


MODULE INFORMATION:   STATIC OVERLAYABLE
   CODE SIZE        =    210    ----
   CONSTANT SIZE    =   ----    ----
   XDATA SIZE       =   ----    ----
   PDATA SIZE       =   ----    ----
   DATA SIZE        =   ----       7
   IDATA SIZE       =   ----    ----
   BIT SIZE         =   ----    ----
   EDATA SIZE       =   ----    ----
   HDATA SIZE       =   ----    ----
   XDATA CONST SIZE =   ----    ----
   FAR CONST SIZE   =   ----    ----
END OF MODULE INFORMATION.


C51 COMPILATION COMPLETE.  0 WARNING(S),  0 ERROR(S)
