C51 COMPILER V9.59.0.0   TM1620                                                            06/05/2022 11:01:31 PAGE 1   


C51 COMPILER V9.59.0.0, COMPILATION OF MODULE TM1620
OBJECT MODULE PLACED IN .\build\Release\src\tm1620.o
COMPILER INVOKED BY: D:\PhPython\Keil5\C51\BIN\C51.exe .\SRC\TM1620.C PRINT(.\build\Release\src\tm1620.lst) OMF2 TABS(4)
                    - CODE NOCOND SYMBOLS OPTIMIZE(8,SPEED) SMALL ROM(LARGE) INCDIR(D:\PhPython\Keil5\C51\INC;.\src;.\lib\stc15_lib;.\lib\stc
                    -15_lib\src;.\lib\stc15_lib\include) DEFINE(DEBUG,__UVISION_VERSION=526) OBJECT(.\build\Release\src\tm1620.o)

line level    source

   1          #include "tm1620.h"
   2          
   3          // 定义数据段位显示,共阴极数码管的0 1 2 3 4 5 6 7 8 9 A b C d E F
   4          uint8_t code LedCode[18] = {0x3F, 0x06, 0x5B, 0x4F, 0x66, 0x6D, 0x7D, 0x07,0x7F, 0x6F, 0x77, 0x7C, 0x39, 0
             -x5E, 0x79, 0x71,0x00,0x70};
   5          uint8_t xdata LedShowBuffer[12] = {0x00,0x00,0x00,0x00,0x00,0x00,0x00,0x00,0x00,0x00,0x00,0x00};
   6          
   7          // @12MHZ
   8          void TMDelayUs(uint16_t us){
   9   1        while (--us)
  10   1        {
  11   2          _nop_();
  12   2          _nop_();
  13   2          _nop_();
  14   2          _nop_();
  15   2        }
  16   1      }
  17          
  18          /*********************************
  19           * 函数: TM1620WriteData(uint8_t dat) 芯片写一位数据
  20           * 参数: uint8_t dat 一个字节
  21           * 返回: void
  22           * 日期: 2020-04-05
  23           * 作者: MaWei (http://mawei.live)
  24           * 备注: none
  25           * ******************************/
  26          void TM1620WriteData(uint8_t dat){
  27   1        unsigned char i;
  28   1      
  29   1        TM1620_STB = 0; // 给有效的片选信号（片选信号是低电平有效）
  30   1          TMDelayUs(10);
  31   1        // 开始传送8位数据，每循环一次传送一位数据,低位在前
  32   1        for(i=0;i<8;i++){
  33   2          dat >>= 1;
  34   2              TM1620_DIN = CY;
  35   2              TM1620_CLK = 0;
  36   2          TMDelayUs(5);
  37   2          TM1620_CLK = 1;
  38   2          TMDelayUs(5);
  39   2        }
  40   1      }
  41          
  42          /*********************************
  43           * 函数: TM1620WriteCmd(uint8_t cmd) 芯片写一个指令
  44           * 参数: uint8_t cmd 一个字节
  45           * 返回: void
  46           * 日期: 2020-04-05
  47           * 作者: MaWei (http://mawei.live)
  48           * 备注: none
  49           * ******************************/
  50          void TM1620WriteCmd(uint8_t cmd){
  51   1        // 调用写数据
  52   1        TM1620WriteData(cmd);
C51 COMPILER V9.59.0.0   TM1620                                                            06/05/2022 11:01:31 PAGE 2   

  53   1        // 延时
  54   1        TMDelayUs(5);
  55   1        // 拉高片选,完成写命令
  56   1        TM1620_STB = 1; 
  57   1      }
  58          
  59          /*********************************
  60           * 函数: TM1620ShowByBuffer(uint8_t cmd) 显示缓存里的数据
  61           * 参数: none
  62           * 返回: void
  63           * 日期: 2020-04-05
  64           * 作者: MaWei (http://mawei.live)
  65           * 备注: none
  66           * ******************************/
  67          void TM1620ShowByBuffer(){
  68   1          uint8_t i;
  69   1        // 写入地址
  70   1        TM1620WriteCmd(0xC0);
  71   1        // 写入数据
  72   1        for (i = 0; i < 12; i++){
  73   2          TM1620WriteData(0x00);
  74   2        }
  75   1        // 结束写入
  76   1        TMDelayUs(5);
  77   1        TM1620End();
  78   1      }
  79          
  80          /*********************************
  81           * 函数: TM1620ShowByAddr(uint8_t cmd) 在指定地址里写入数据
  82           * 参数: uint8_t cmd 一个字节
  83           * 返回: void
  84           * 日期: 2020-04-05
  85           * 作者: MaWei (http://mawei.live)
  86           * 备注: none
  87           * ******************************/
  88          void TM1620ShowByAddr(uint8_t addr,uint8_t dat){
  89   1        // 写入地址
  90   1        TM1620WriteData(addr);
  91   1        // 写入数据
  92   1        TM1620WriteData(dat);
  93   1        // 结束写入
  94   1        TMDelayUs(200);
  95   1        TM1620End();
  96   1      }
  97          
  98          /*********************************
  99           * 函数: TM1620End(uint8_t cmd) 在指定地址里写入数据
 100           * 参数: uint8_t cmd 一个字节
 101           * 返回: void
 102           * 日期: 2020-04-05
 103           * 作者: MaWei (http://mawei.live)
 104           * 备注: none
 105           * ******************************/
 106          void TM1620End(){
 107   1        TM1620_STB = 1;
 108   1        TM1620_CLK = 1;
 109   1        TM1620_DIN = 1;
 110   1      }
 111          
 112          /*********************************
 113           * 函数: TM1620Init() 芯片写一个指令
 114           * 参数: uint8_t cmd 一个字节
C51 COMPILER V9.59.0.0   TM1620                                                            06/05/2022 11:01:31 PAGE 3   

 115           * 返回: void
 116           * 日期: 2020-04-05
 117           * 作者: MaWei (http://mawei.live)
 118           * 备注: none
 119           * ******************************/
 120          void TM1620Init(){
 121   1        // 初始化IO
 122   1        TM1620_STB = 1;
 123   1        TM1620_CLK = 1;
 124   1        TM1620_DIN = 1;
 125   1          delay_ms(10);
 126   1      //  TM1620WriteCmd(0x00);
 127   1        // 初始化显示模式,6位8段(M6BIT8:0x02),5位9段(M5BIT9:0x01),4位10段(M4BIT10:0x00)
 128   1        TM1620WriteCmd(0x02);
 129   1      
 130   1        // 初始化数据命令模式, AddAuto:0x40(地址自动增加模式), AddFixed:0x44(固定地址模式
             -)
 131   1        TM1620WriteCmd(0x44);
 132   1      
 133   1        // 写入默认数据
 134   1        // TM1620ShowByBuffer();
 135   1          // TM1620ShowByAddr(0x0C,0x3F);
 136   1      
 137   1        // 打开显示
 138   1        TM1620WriteCmd(0x88);
 139   1        // 结束写入
 140   1        TM1620End();
 141   1      }
 142          
 143          
 144          void TM1620ShowFour() {
 145   1        TM1620ShowByAddr(0xc0,0x3F);
 146   1        TM1620ShowByAddr(0xc2,0x06);
 147   1        TM1620ShowByAddr(0xc4,0x5B);
 148   1        TM1620ShowByAddr(0xc6,0x4F);
 149   1      }
 150          
 151          void TM1620Test() {
 152   1        // uint8_t i = 0;
 153   1        // TM1620WriteCmd(0x02);
 154   1        // TM1620WriteCmd(0x44);
 155   1        TM1620ShowByAddr(0xc0,0x3F);
 156   1        TM1620ShowByAddr(0xc2,0x06|0x80);
 157   1        TM1620ShowByAddr(0xc4,0x5B);
 158   1        TM1620ShowByAddr(0xc6,0x4F);
 159   1        // TM1620WriteCmd(0x8c);
 160   1        // 0x3F, 0x06, 0x5B, 0x4F,
 161   1      }
C51 COMPILER V9.59.0.0   TM1620                                                            06/05/2022 11:01:31 PAGE 4   

ASSEMBLY LISTING OF GENERATED OBJECT CODE


             ; FUNCTION L?0019 (BEGIN)
0000         L?0020:
0000 7F05              MOV     R7,#05H
0002 7E00              MOV     R6,#00H
             ; FUNCTION _TMDelayUs (BEGIN)
                                           ; SOURCE LINE # 8
;---- Variable 'us' assigned to Register 'R6/R7' ----
0004         ?C0001:
                                           ; SOURCE LINE # 9
0004 EF                MOV     A,R7
0005 1F                DEC     R7
0006 7001              JNZ     ?C0018
0008 1E                DEC     R6
0009         ?C0018:
0009 14                DEC     A
000A 4E                ORL     A,R6
000B 6006              JZ      ?C0003
                                           ; SOURCE LINE # 10
                                           ; SOURCE LINE # 11
000D 00                NOP     
                                           ; SOURCE LINE # 12
000E 00                NOP     
                                           ; SOURCE LINE # 13
000F 00                NOP     
                                           ; SOURCE LINE # 14
0010 00                NOP     
                                           ; SOURCE LINE # 15
0011 80F1              SJMP    ?C0001
                                           ; SOURCE LINE # 16
0013         ?C0003:
0013 22                RET     
             ; FUNCTION _TMDelayUs (END)

             ; FUNCTION _TM1620WriteData (BEGIN)
                                           ; SOURCE LINE # 26
;---- Variable 'dat' assigned to Register 'R5' ----
0000 AD07              MOV     R5,AR7
                                           ; SOURCE LINE # 29
0002 C2B2              CLR     TM1620_STB
                                           ; SOURCE LINE # 30
0004 7F0A              MOV     R7,#0AH
0006 7E00              MOV     R6,#00H
0008 120000      R     LCALL   _TMDelayUs
                                           ; SOURCE LINE # 32
;---- Variable 'i' assigned to Register 'R4' ----
000B E4                CLR     A
000C FC                MOV     R4,A
000D         ?C0004:
000D EC                MOV     A,R4
000E C3                CLR     C
000F 9408              SUBB    A,#08H
0011 7480              MOV     A,#080H
0013 9480              SUBB    A,#080H
0015 5013              JNC     ?C0007
                                           ; SOURCE LINE # 33
0017 ED                MOV     A,R5
0018 C3                CLR     C
0019 13                RRC     A
001A FD                MOV     R5,A
C51 COMPILER V9.59.0.0   TM1620                                                            06/05/2022 11:01:31 PAGE 5   

                                           ; SOURCE LINE # 34
001B 92CD              MOV     TM1620_DIN,C
                                           ; SOURCE LINE # 35
001D C2CC              CLR     TM1620_CLK
                                           ; SOURCE LINE # 36
001F 120000      R     LCALL   L?0019
                                           ; SOURCE LINE # 37
0022 D2CC              SETB    TM1620_CLK
                                           ; SOURCE LINE # 38
0024 120000      R     LCALL   L?0019
                                           ; SOURCE LINE # 39
0027 0C                INC     R4
0028 80E3              SJMP    ?C0004
                                           ; SOURCE LINE # 40
002A         ?C0007:
002A 22                RET     
             ; FUNCTION _TM1620WriteData (END)

             ; FUNCTION _TM1620WriteCmd (BEGIN)
                                           ; SOURCE LINE # 50
;---- Variable 'cmd' assigned to Register 'R7' ----
                                           ; SOURCE LINE # 52
0000 120000      R     LCALL   _TM1620WriteData
                                           ; SOURCE LINE # 54
0003 120000      R     LCALL   L?0020
                                           ; SOURCE LINE # 56
0006 D2B2              SETB    TM1620_STB
                                           ; SOURCE LINE # 57
0008 22                RET     
             ; FUNCTION _TM1620WriteCmd (END)

             ; FUNCTION TM1620ShowByBuffer (BEGIN)
                                           ; SOURCE LINE # 67
                                           ; SOURCE LINE # 70
0000 7FC0              MOV     R7,#0C0H
0002 120000      R     LCALL   _TM1620WriteCmd
                                           ; SOURCE LINE # 72
;---- Variable 'i' assigned to Register 'R3' ----
0005 E4                CLR     A
0006 FB                MOV     R3,A
0007         ?C0009:
0007 EB                MOV     A,R3
0008 C3                CLR     C
0009 940C              SUBB    A,#0CH
000B 7480              MOV     A,#080H
000D 9480              SUBB    A,#080H
000F 5008              JNC     ?C0010
                                           ; SOURCE LINE # 73
0011 E4                CLR     A
0012 FF                MOV     R7,A
0013 120000      R     LCALL   _TM1620WriteData
                                           ; SOURCE LINE # 74
0016 0B                INC     R3
0017 80EE              SJMP    ?C0009
0019         ?C0010:
                                           ; SOURCE LINE # 76
0019 120000      R     LCALL   L?0020
                                           ; SOURCE LINE # 77
001C 020000      R     LJMP    TM1620End
             ; FUNCTION TM1620ShowByBuffer (END)

             ; FUNCTION _TM1620ShowByAddr (BEGIN)
C51 COMPILER V9.59.0.0   TM1620                                                            06/05/2022 11:01:31 PAGE 6   

                                           ; SOURCE LINE # 88
;---- Variable 'dat' assigned to Register 'R3' ----
0000 AB05              MOV     R3,AR5
;---- Variable 'addr' assigned to Register 'R7' ----
                                           ; SOURCE LINE # 90
0002 120000      R     LCALL   _TM1620WriteData
                                           ; SOURCE LINE # 92
0005 AF03              MOV     R7,AR3
0007 120000      R     LCALL   _TM1620WriteData
                                           ; SOURCE LINE # 94
000A 7FC8              MOV     R7,#0C8H
000C 7E00              MOV     R6,#00H
000E 120000      R     LCALL   _TMDelayUs
                                           ; SOURCE LINE # 95
0011 020000      R     LJMP    TM1620End
             ; FUNCTION _TM1620ShowByAddr (END)

             ; FUNCTION TM1620End (BEGIN)
                                           ; SOURCE LINE # 106
                                           ; SOURCE LINE # 107
0000 D2B2              SETB    TM1620_STB
                                           ; SOURCE LINE # 108
0002 D2CC              SETB    TM1620_CLK
                                           ; SOURCE LINE # 109
0004 D2CD              SETB    TM1620_DIN
                                           ; SOURCE LINE # 110
0006 22                RET     
             ; FUNCTION TM1620End (END)

             ; FUNCTION TM1620Init (BEGIN)
                                           ; SOURCE LINE # 120
                                           ; SOURCE LINE # 122
0000 D2B2              SETB    TM1620_STB
                                           ; SOURCE LINE # 123
0002 D2CC              SETB    TM1620_CLK
                                           ; SOURCE LINE # 124
0004 D2CD              SETB    TM1620_DIN
                                           ; SOURCE LINE # 125
0006 7F0A              MOV     R7,#0AH
0008 120000      E     LCALL   _delay_ms
                                           ; SOURCE LINE # 128
000B 7F02              MOV     R7,#02H
000D 120000      R     LCALL   _TM1620WriteCmd
                                           ; SOURCE LINE # 131
0010 7F44              MOV     R7,#044H
0012 120000      R     LCALL   _TM1620WriteCmd
                                           ; SOURCE LINE # 138
0015 7F88              MOV     R7,#088H
0017 120000      R     LCALL   _TM1620WriteCmd
                                           ; SOURCE LINE # 140
001A 020000      R     LJMP    TM1620End
             ; FUNCTION TM1620Init (END)

             ; FUNCTION TM1620ShowFour (BEGIN)
                                           ; SOURCE LINE # 144
                                           ; SOURCE LINE # 145
0000 7D3F              MOV     R5,#03FH
0002 7FC0              MOV     R7,#0C0H
0004 120000      R     LCALL   _TM1620ShowByAddr
                                           ; SOURCE LINE # 146
0007 7D06              MOV     R5,#06H
0009 7FC2              MOV     R7,#0C2H
C51 COMPILER V9.59.0.0   TM1620                                                            06/05/2022 11:01:31 PAGE 7   

000B 120000      R     LCALL   _TM1620ShowByAddr
                                           ; SOURCE LINE # 147
000E 7D5B              MOV     R5,#05BH
0010 7FC4              MOV     R7,#0C4H
0012 120000      R     LCALL   _TM1620ShowByAddr
                                           ; SOURCE LINE # 148
0015 7D4F              MOV     R5,#04FH
0017 7FC6              MOV     R7,#0C6H
0019 020000      R     LJMP    _TM1620ShowByAddr
             ; FUNCTION TM1620ShowFour (END)

             ; FUNCTION TM1620Test (BEGIN)
                                           ; SOURCE LINE # 151
                                           ; SOURCE LINE # 155
0000 7D3F              MOV     R5,#03FH
0002 7FC0              MOV     R7,#0C0H
0004 120000      R     LCALL   _TM1620ShowByAddr
                                           ; SOURCE LINE # 156
0007 7D86              MOV     R5,#086H
0009 7FC2              MOV     R7,#0C2H
000B 120000      R     LCALL   _TM1620ShowByAddr
                                           ; SOURCE LINE # 157
000E 7D5B              MOV     R5,#05BH
0010 7FC4              MOV     R7,#0C4H
0012 120000      R     LCALL   _TM1620ShowByAddr
                                           ; SOURCE LINE # 158
0015 7D4F              MOV     R5,#04FH
0017 7FC6              MOV     R7,#0C6H
0019 020000      R     LJMP    _TM1620ShowByAddr
             ; FUNCTION TM1620Test (END)

C51 COMPILER V9.59.0.0   TM1620                                                            06/05/2022 11:01:31 PAGE 8   

NAME                                    CLASS   MSPACE  TYPE    OFFSET  SIZE
====                                    =====   ======  ====    ======  ====


CCF2 . . . . . . . . . . . . . . . . .  ABSBIT   -----  BIT      00DAH  1
ACC7 . . . . . . . . . . . . . . . . .  ABSBIT   -----  BIT      00E7H  1
P0M1 . . . . . . . . . . . . . . . . .  SFR      DATA   U_CHAR   0093H  1
P1M0 . . . . . . . . . . . . . . . . .  SFR      DATA   U_CHAR   0092H  1
uint16_t . . . . . . . . . . . . . . .  TYPEDEF  -----  U_INT    -----  2
P2M0 . . . . . . . . . . . . . . . . .  SFR      DATA   U_CHAR   0096H  1
P1M1 . . . . . . . . . . . . . . . . .  SFR      DATA   U_CHAR   0091H  1
P0 . . . . . . . . . . . . . . . . . .  SFR      DATA   U_CHAR   0080H  1
P3M0 . . . . . . . . . . . . . . . . .  SFR      DATA   U_CHAR   00B2H  1
P2M1 . . . . . . . . . . . . . . . . .  SFR      DATA   U_CHAR   0095H  1
P1 . . . . . . . . . . . . . . . . . .  SFR      DATA   U_CHAR   0090H  1
P4M0 . . . . . . . . . . . . . . . . .  SFR      DATA   U_CHAR   00B4H  1
P3M1 . . . . . . . . . . . . . . . . .  SFR      DATA   U_CHAR   00B1H  1
P2 . . . . . . . . . . . . . . . . . .  SFR      DATA   U_CHAR   00A0H  1
TM1620Init . . . . . . . . . . . . . .  PUBLIC   CODE   PROC     0000H  -----
P5M0 . . . . . . . . . . . . . . . . .  SFR      DATA   U_CHAR   00CAH  1
P4M1 . . . . . . . . . . . . . . . . .  SFR      DATA   U_CHAR   00B3H  1
P3 . . . . . . . . . . . . . . . . . .  SFR      DATA   U_CHAR   00B0H  1
WKTCH. . . . . . . . . . . . . . . . .  SFR      DATA   U_CHAR   00ABH  1
T0 . . . . . . . . . . . . . . . . . .  ABSBIT   -----  BIT      00B4H  1
AC . . . . . . . . . . . . . . . . . .  ABSBIT   -----  BIT      00D6H  1
P6M0 . . . . . . . . . . . . . . . . .  SFR      DATA   U_CHAR   00CCH  1
P5M1 . . . . . . . . . . . . . . . . .  SFR      DATA   U_CHAR   00C9H  1
P4 . . . . . . . . . . . . . . . . . .  SFR      DATA   U_CHAR   00C0H  1
TM1620End. . . . . . . . . . . . . . .  PUBLIC   CODE   PROC     0000H  -----
CLKOUT0. . . . . . . . . . . . . . . .  ABSBIT   -----  BIT      00B5H  1
T1 . . . . . . . . . . . . . . . . . .  ABSBIT   -----  BIT      00B5H  1
P7M0 . . . . . . . . . . . . . . . . .  SFR      DATA   U_CHAR   00E2H  1
P6M1 . . . . . . . . . . . . . . . . .  SFR      DATA   U_CHAR   00CBH  1
P5 . . . . . . . . . . . . . . . . . .  SFR      DATA   U_CHAR   00C8H  1
ISP_TRIG . . . . . . . . . . . . . . .  SFR      DATA   U_CHAR   00C6H  1
EA . . . . . . . . . . . . . . . . . .  ABSBIT   -----  BIT      00AFH  1
CLKOUT1. . . . . . . . . . . . . . . .  ABSBIT   -----  BIT      00B4H  1
SPI_SS_2 . . . . . . . . . . . . . . .  ABSBIT   -----  BIT      00A4H  1
P6 . . . . . . . . . . . . . . . . . .  SFR      DATA   U_CHAR   00E8H  1
P7M1 . . . . . . . . . . . . . . . . .  SFR      DATA   U_CHAR   00E1H  1
SPI_SS_3 . . . . . . . . . . . . . . .  ABSBIT   -----  BIT      00CCH  1
SPI_MISO . . . . . . . . . . . . . . .  ABSBIT   -----  BIT      0094H  1
SPI_MOSI . . . . . . . . . . . . . . .  ABSBIT   -----  BIT      0093H  1
CCP0 . . . . . . . . . . . . . . . . .  ABSBIT   -----  BIT      0091H  1
P7 . . . . . . . . . . . . . . . . . .  SFR      DATA   U_CHAR   00F8H  1
WKTCL. . . . . . . . . . . . . . . . .  SFR      DATA   U_CHAR   00AAH  1
int32_t. . . . . . . . . . . . . . . .  TYPEDEF  -----  LONG     -----  4
CCP1 . . . . . . . . . . . . . . . . .  ABSBIT   -----  BIT      0090H  1
SPCTL. . . . . . . . . . . . . . . . .  SFR      DATA   U_CHAR   00CEH  1
CF . . . . . . . . . . . . . . . . . .  ABSBIT   -----  BIT      00DFH  1
CCP2 . . . . . . . . . . . . . . . . .  ABSBIT   -----  BIT      00B7H  1
int16_t. . . . . . . . . . . . . . . .  TYPEDEF  -----  INT      -----  2
CH . . . . . . . . . . . . . . . . . .  SFR      DATA   U_CHAR   00F9H  1
P_SW1. . . . . . . . . . . . . . . . .  SFR      DATA   U_CHAR   00A2H  1
P_SW2. . . . . . . . . . . . . . . . .  SFR      DATA   U_CHAR   00BAH  1
EADC . . . . . . . . . . . . . . . . .  ABSBIT   -----  BIT      00ADH  1
SPI_SCLK_2 . . . . . . . . . . . . . .  ABSBIT   -----  BIT      00A1H  1
IE . . . . . . . . . . . . . . . . . .  SFR      DATA   U_CHAR   00A8H  1
TM1620Test . . . . . . . . . . . . . .  PUBLIC   CODE   PROC     0000H  -----
SPI_SCLK_3 . . . . . . . . . . . . . .  ABSBIT   -----  BIT      00C3H  1
CL . . . . . . . . . . . . . . . . . .  SFR      DATA   U_CHAR   00E9H  1
C51 COMPILER V9.59.0.0   TM1620                                                            06/05/2022 11:01:31 PAGE 9   

NAME                                    CLASS   MSPACE  TYPE    OFFSET  SIZE
====                                    =====   ======  ====    ======  ====


IAP_CMD. . . . . . . . . . . . . . . .  SFR      DATA   U_CHAR   00C5H  1
_TM1620WriteCmd. . . . . . . . . . . .  PUBLIC   CODE   PROC     0000H  -----
  cmd. . . . . . . . . . . . . . . . .  * REG *  DATA   U_CHAR   0007H  1
CCAP0H . . . . . . . . . . . . . . . .  SFR      DATA   U_CHAR   00FAH  1
CCAP1H . . . . . . . . . . . . . . . .  SFR      DATA   U_CHAR   00FBH  1
size_t . . . . . . . . . . . . . . . .  TYPEDEF  -----  U_INT    -----  2
CCAP2H . . . . . . . . . . . . . . . .  SFR      DATA   U_CHAR   00FCH  1
LedCode. . . . . . . . . . . . . . . .  PUBLIC   CODE   ARRAY    0000H  18
ADC_RES. . . . . . . . . . . . . . . .  SFR      DATA   U_CHAR   00BDH  1
IPH2 . . . . . . . . . . . . . . . . .  SFR      DATA   U_CHAR   00B6H  1
CR . . . . . . . . . . . . . . . . . .  ABSBIT   -----  BIT      00DEH  1
CCAP0L . . . . . . . . . . . . . . . .  SFR      DATA   U_CHAR   00EAH  1
RD . . . . . . . . . . . . . . . . . .  ABSBIT   -----  BIT      00B7H  1
CCAP1L . . . . . . . . . . . . . . . .  SFR      DATA   U_CHAR   00EBH  1
CCAPM0 . . . . . . . . . . . . . . . .  SFR      DATA   U_CHAR   00DAH  1
CCAP2L . . . . . . . . . . . . . . . .  SFR      DATA   U_CHAR   00ECH  1
CCAPM1 . . . . . . . . . . . . . . . .  SFR      DATA   U_CHAR   00DBH  1
TIM_InitTypeDef. . . . . . . . . . . .  TYPEDEF  -----  STRUCT   -----  8
  TIM_Mode . . . . . . . . . . . . . .  MEMBER   -----  U_CHAR   0000H  1
  TIM_Polity . . . . . . . . . . . . .  MEMBER   -----  U_CHAR   0001H  1
  TIM_Interrupt. . . . . . . . . . . .  MEMBER   -----  U_CHAR   0002H  1
  TIM_ClkSource. . . . . . . . . . . .  MEMBER   -----  U_CHAR   0003H  1
  TIM_ClkOut . . . . . . . . . . . . .  MEMBER   -----  U_CHAR   0004H  1
  TIM_Value. . . . . . . . . . . . . .  MEMBER   -----  U_INT    0005H  2
  TIM_Run. . . . . . . . . . . . . . .  MEMBER   -----  U_CHAR   0007H  1
ES . . . . . . . . . . . . . . . . . .  ABSBIT   -----  BIT      00ACH  1
CCAPM2 . . . . . . . . . . . . . . . .  SFR      DATA   U_CHAR   00DCH  1
LedShowBuffer. . . . . . . . . . . . .  PUBLIC   XDATA  ARRAY    0000H  12
PADC . . . . . . . . . . . . . . . . .  ABSBIT   -----  BIT      00BDH  1
SPI_MISO_2 . . . . . . . . . . . . . .  ABSBIT   -----  BIT      00A2H  1
SPI_MOSI_2 . . . . . . . . . . . . . .  ABSBIT   -----  BIT      00A3H  1
IP . . . . . . . . . . . . . . . . . .  SFR      DATA   U_CHAR   00B8H  1
SPI_MISO_3 . . . . . . . . . . . . . .  ABSBIT   -----  BIT      00C1H  1
SPI_MOSI_3 . . . . . . . . . . . . . .  ABSBIT   -----  BIT      00C0H  1
RI . . . . . . . . . . . . . . . . . .  ABSBIT   -----  BIT      0098H  1
INT0 . . . . . . . . . . . . . . . . .  ABSBIT   -----  BIT      00B2H  1
CY . . . . . . . . . . . . . . . . . .  ABSBIT   -----  BIT      00D7H  1
TI . . . . . . . . . . . . . . . . . .  ABSBIT   -----  BIT      0099H  1
INT1 . . . . . . . . . . . . . . . . .  ABSBIT   -----  BIT      00B3H  1
CLK_DIV. . . . . . . . . . . . . . . .  SFR      DATA   U_CHAR   0097H  1
IAP_ADDRH. . . . . . . . . . . . . . .  SFR      DATA   U_CHAR   00C3H  1
RXD2 . . . . . . . . . . . . . . . . .  ABSBIT   -----  BIT      0090H  1
ISP_CMD. . . . . . . . . . . . . . . .  SFR      DATA   U_CHAR   00C5H  1
PS . . . . . . . . . . . . . . . . . .  ABSBIT   -----  BIT      00BCH  1
TXD2 . . . . . . . . . . . . . . . . .  ABSBIT   -----  BIT      0091H  1
SP . . . . . . . . . . . . . . . . . .  SFR      DATA   U_CHAR   0081H  1
CMOD . . . . . . . . . . . . . . . . .  SFR      DATA   U_CHAR   00D9H  1
CCON . . . . . . . . . . . . . . . . .  SFR      DATA   U_CHAR   00D8H  1
IAP_ADDRL. . . . . . . . . . . . . . .  SFR      DATA   U_CHAR   00C4H  1
PPCA . . . . . . . . . . . . . . . . .  ABSBIT   -----  BIT      00BFH  1
OV . . . . . . . . . . . . . . . . . .  ABSBIT   -----  BIT      00D2H  1
TM1620_CLK . . . . . . . . . . . . . .  ABSBIT   -----  BIT      00CCH  1
TM1620_DIN . . . . . . . . . . . . . .  ABSBIT   -----  BIT      00CDH  1
WR . . . . . . . . . . . . . . . . . .  ABSBIT   -----  BIT      00B6H  1
TM1620ShowByBuffer . . . . . . . . . .  PUBLIC   CODE   PROC     0000H  -----
  i. . . . . . . . . . . . . . . . . .  * REG *  DATA   U_CHAR   0003H  1
ELVD . . . . . . . . . . . . . . . . .  ABSBIT   -----  BIT      00AEH  1
C51 COMPILER V9.59.0.0   TM1620                                                            06/05/2022 11:01:31 PAGE 10  

NAME                                    CLASS   MSPACE  TYPE    OFFSET  SIZE
====                                    =====   ======  ====    ======  ====


u8 . . . . . . . . . . . . . . . . . .  TYPEDEF  -----  U_CHAR   -----  1
TM1620ShowFour . . . . . . . . . . . .  PUBLIC   CODE   PROC     0000H  -----
P00. . . . . . . . . . . . . . . . . .  ABSBIT   -----  BIT      0080H  1
P10. . . . . . . . . . . . . . . . . .  ABSBIT   -----  BIT      0090H  1
P01. . . . . . . . . . . . . . . . . .  ABSBIT   -----  BIT      0081H  1
ADC_CONTR. . . . . . . . . . . . . . .  SFR      DATA   U_CHAR   00BCH  1
SBUF . . . . . . . . . . . . . . . . .  SFR      DATA   U_CHAR   0099H  1
PCON . . . . . . . . . . . . . . . . .  SFR      DATA   U_CHAR   0087H  1
P20. . . . . . . . . . . . . . . . . .  ABSBIT   -----  BIT      00A0H  1
P11. . . . . . . . . . . . . . . . . .  ABSBIT   -----  BIT      0091H  1
P02. . . . . . . . . . . . . . . . . .  ABSBIT   -----  BIT      0082H  1
ISP_ADDRH. . . . . . . . . . . . . . .  SFR      DATA   U_CHAR   00C3H  1
P30. . . . . . . . . . . . . . . . . .  ABSBIT   -----  BIT      00B0H  1
P21. . . . . . . . . . . . . . . . . .  ABSBIT   -----  BIT      00A1H  1
P12. . . . . . . . . . . . . . . . . .  ABSBIT   -----  BIT      0092H  1
P03. . . . . . . . . . . . . . . . . .  ABSBIT   -----  BIT      0083H  1
P40. . . . . . . . . . . . . . . . . .  ABSBIT   -----  BIT      00C0H  1
P31. . . . . . . . . . . . . . . . . .  ABSBIT   -----  BIT      00B1H  1
P22. . . . . . . . . . . . . . . . . .  ABSBIT   -----  BIT      00A2H  1
P13. . . . . . . . . . . . . . . . . .  ABSBIT   -----  BIT      0093H  1
P04. . . . . . . . . . . . . . . . . .  ABSBIT   -----  BIT      0084H  1
SCON . . . . . . . . . . . . . . . . .  SFR      DATA   U_CHAR   0098H  1
WAKE_CLKO. . . . . . . . . . . . . . .  SFR      DATA   U_CHAR   008FH  1
P50. . . . . . . . . . . . . . . . . .  ABSBIT   -----  BIT      00C8H  1
P41. . . . . . . . . . . . . . . . . .  ABSBIT   -----  BIT      00C1H  1
P32. . . . . . . . . . . . . . . . . .  ABSBIT   -----  BIT      00B2H  1
P23. . . . . . . . . . . . . . . . . .  ABSBIT   -----  BIT      00A3H  1
P14. . . . . . . . . . . . . . . . . .  ABSBIT   -----  BIT      0094H  1
P05. . . . . . . . . . . . . . . . . .  ABSBIT   -----  BIT      0085H  1
TMOD . . . . . . . . . . . . . . . . .  SFR      DATA   U_CHAR   0089H  1
TCON . . . . . . . . . . . . . . . . .  SFR      DATA   U_CHAR   0088H  1
TM1620_STB . . . . . . . . . . . . . .  ABSBIT   -----  BIT      00B2H  1
P51. . . . . . . . . . . . . . . . . .  ABSBIT   -----  BIT      00C9H  1
P42. . . . . . . . . . . . . . . . . .  ABSBIT   -----  BIT      00C2H  1
P33. . . . . . . . . . . . . . . . . .  ABSBIT   -----  BIT      00B3H  1
P24. . . . . . . . . . . . . . . . . .  ABSBIT   -----  BIT      00A4H  1
P15. . . . . . . . . . . . . . . . . .  ABSBIT   -----  BIT      0095H  1
P06. . . . . . . . . . . . . . . . . .  ABSBIT   -----  BIT      0086H  1
ISP_ADDRL. . . . . . . . . . . . . . .  SFR      DATA   U_CHAR   00C4H  1
PLVD . . . . . . . . . . . . . . . . .  ABSBIT   -----  BIT      00BEH  1
P52. . . . . . . . . . . . . . . . . .  ABSBIT   -----  BIT      00CAH  1
P43. . . . . . . . . . . . . . . . . .  ABSBIT   -----  BIT      00C3H  1
P34. . . . . . . . . . . . . . . . . .  ABSBIT   -----  BIT      00B4H  1
P25. . . . . . . . . . . . . . . . . .  ABSBIT   -----  BIT      00A5H  1
P16. . . . . . . . . . . . . . . . . .  ABSBIT   -----  BIT      0096H  1
P07. . . . . . . . . . . . . . . . . .  ABSBIT   -----  BIT      0087H  1
P53. . . . . . . . . . . . . . . . . .  ABSBIT   -----  BIT      00CBH  1
P44. . . . . . . . . . . . . . . . . .  ABSBIT   -----  BIT      00C4H  1
P35. . . . . . . . . . . . . . . . . .  ABSBIT   -----  BIT      00B5H  1
P26. . . . . . . . . . . . . . . . . .  ABSBIT   -----  BIT      00A6H  1
P17. . . . . . . . . . . . . . . . . .  ABSBIT   -----  BIT      0097H  1
P54. . . . . . . . . . . . . . . . . .  ABSBIT   -----  BIT      00CCH  1
P45. . . . . . . . . . . . . . . . . .  ABSBIT   -----  BIT      00C5H  1
P36. . . . . . . . . . . . . . . . . .  ABSBIT   -----  BIT      00B6H  1
P27. . . . . . . . . . . . . . . . . .  ABSBIT   -----  BIT      00A7H  1
P55. . . . . . . . . . . . . . . . . .  ABSBIT   -----  BIT      00CDH  1
P46. . . . . . . . . . . . . . . . . .  ABSBIT   -----  BIT      00C6H  1
C51 COMPILER V9.59.0.0   TM1620                                                            06/05/2022 11:01:31 PAGE 11  

NAME                                    CLASS   MSPACE  TYPE    OFFSET  SIZE
====                                    =====   ======  ====    ======  ====


P37. . . . . . . . . . . . . . . . . .  ABSBIT   -----  BIT      00B7H  1
P56. . . . . . . . . . . . . . . . . .  ABSBIT   -----  BIT      00CEH  1
P47. . . . . . . . . . . . . . . . . .  ABSBIT   -----  BIT      00C7H  1
P57. . . . . . . . . . . . . . . . . .  ABSBIT   -----  BIT      00CFH  1
IE0. . . . . . . . . . . . . . . . . .  ABSBIT   -----  BIT      0089H  1
BUS_SPEED. . . . . . . . . . . . . . .  SFR      DATA   U_CHAR   00A1H  1
IE1. . . . . . . . . . . . . . . . . .  ABSBIT   -----  BIT      008BH  1
IE2. . . . . . . . . . . . . . . . . .  SFR      DATA   U_CHAR   00AFH  1
B. . . . . . . . . . . . . . . . . . .  SFR      DATA   U_CHAR   00F0H  1
AUXR . . . . . . . . . . . . . . . . .  SFR      DATA   U_CHAR   008EH  1
IAP_CONTR. . . . . . . . . . . . . . .  SFR      DATA   U_CHAR   00C7H  1
ACC. . . . . . . . . . . . . . . . . .  SFR      DATA   U_CHAR   00E0H  1
ptrdiff_t. . . . . . . . . . . . . . .  TYPEDEF  -----  LONG     -----  4
ET0. . . . . . . . . . . . . . . . . .  ABSBIT   -----  BIT      00A9H  1
_TM1620ShowByAddr. . . . . . . . . . .  PUBLIC   CODE   PROC     0000H  -----
  addr . . . . . . . . . . . . . . . .  * REG *  DATA   U_CHAR   0007H  1
  dat. . . . . . . . . . . . . . . . .  * REG *  DATA   U_CHAR   0003H  1
ET1. . . . . . . . . . . . . . . . . .  ABSBIT   -----  BIT      00ABH  1
TF0. . . . . . . . . . . . . . . . . .  ABSBIT   -----  BIT      008DH  1
TF1. . . . . . . . . . . . . . . . . .  ABSBIT   -----  BIT      008FH  1
IP2. . . . . . . . . . . . . . . . . .  SFR      DATA   U_CHAR   00B5H  1
RL_TH0 . . . . . . . . . . . . . . . .  SFR      DATA   U_CHAR   008CH  1
RB8. . . . . . . . . . . . . . . . . .  ABSBIT   -----  BIT      009AH  1
RL_TH1 . . . . . . . . . . . . . . . .  SFR      DATA   U_CHAR   008DH  1
TH0. . . . . . . . . . . . . . . . . .  SFR      DATA   U_CHAR   008CH  1
EX0. . . . . . . . . . . . . . . . . .  ABSBIT   -----  BIT      00A8H  1
IT0. . . . . . . . . . . . . . . . . .  ABSBIT   -----  BIT      0088H  1
RL_T2H . . . . . . . . . . . . . . . .  SFR      DATA   U_CHAR   00D6H  1
TH1. . . . . . . . . . . . . . . . . .  SFR      DATA   U_CHAR   008DH  1
EX1. . . . . . . . . . . . . . . . . .  ABSBIT   -----  BIT      00AAH  1
TB8. . . . . . . . . . . . . . . . . .  ABSBIT   -----  BIT      009BH  1
IT1. . . . . . . . . . . . . . . . . .  ABSBIT   -----  BIT      008AH  1
RL_T3H . . . . . . . . . . . . . . . .  SFR      DATA   U_CHAR   00D4H  1
TH2. . . . . . . . . . . . . . . . . .  SFR      DATA   U_CHAR   00D6H  1
T2H. . . . . . . . . . . . . . . . . .  SFR      DATA   U_CHAR   00D6H  1
P. . . . . . . . . . . . . . . . . . .  ABSBIT   -----  BIT      00D0H  1
RL_T4H . . . . . . . . . . . . . . . .  SFR      DATA   U_CHAR   00D2H  1
TH3. . . . . . . . . . . . . . . . . .  SFR      DATA   U_CHAR   00D4H  1
T3H. . . . . . . . . . . . . . . . . .  SFR      DATA   U_CHAR   00D4H  1
RL_TL0 . . . . . . . . . . . . . . . .  SFR      DATA   U_CHAR   008AH  1
uint8_t. . . . . . . . . . . . . . . .  TYPEDEF  -----  U_CHAR   -----  1
SM0. . . . . . . . . . . . . . . . . .  ABSBIT   -----  BIT      009FH  1
TH4. . . . . . . . . . . . . . . . . .  SFR      DATA   U_CHAR   00D2H  1
T4H. . . . . . . . . . . . . . . . . .  SFR      DATA   U_CHAR   00D2H  1
RL_TL1 . . . . . . . . . . . . . . . .  SFR      DATA   U_CHAR   008BH  1
TL0. . . . . . . . . . . . . . . . . .  SFR      DATA   U_CHAR   008AH  1
SM1. . . . . . . . . . . . . . . . . .  ABSBIT   -----  BIT      009EH  1
RL_T2L . . . . . . . . . . . . . . . .  SFR      DATA   U_CHAR   00D7H  1
TL1. . . . . . . . . . . . . . . . . .  SFR      DATA   U_CHAR   008BH  1
SM2. . . . . . . . . . . . . . . . . .  ABSBIT   -----  BIT      009DH  1
RL_T3L . . . . . . . . . . . . . . . .  SFR      DATA   U_CHAR   00D5H  1
TL2. . . . . . . . . . . . . . . . . .  SFR      DATA   U_CHAR   00D7H  1
T2L. . . . . . . . . . . . . . . . . .  SFR      DATA   U_CHAR   00D7H  1
_delay_ms. . . . . . . . . . . . . . .  EXTERN   CODE   PROC     -----  -----
RL_T4L . . . . . . . . . . . . . . . .  SFR      DATA   U_CHAR   00D3H  1
TL3. . . . . . . . . . . . . . . . . .  SFR      DATA   U_CHAR   00D5H  1
T3L. . . . . . . . . . . . . . . . . .  SFR      DATA   U_CHAR   00D5H  1
C51 COMPILER V9.59.0.0   TM1620                                                            06/05/2022 11:01:31 PAGE 12  

NAME                                    CLASS   MSPACE  TYPE    OFFSET  SIZE
====                                    =====   ======  ====    ======  ====


PT0. . . . . . . . . . . . . . . . . .  ABSBIT   -----  BIT      00B9H  1
TL4. . . . . . . . . . . . . . . . . .  SFR      DATA   U_CHAR   00D3H  1
T4L. . . . . . . . . . . . . . . . . .  SFR      DATA   U_CHAR   00D3H  1
PT1. . . . . . . . . . . . . . . . . .  ABSBIT   -----  BIT      00BBH  1
RS0. . . . . . . . . . . . . . . . . .  ABSBIT   -----  BIT      00D3H  1
ISP_CONTR. . . . . . . . . . . . . . .  SFR      DATA   U_CHAR   00C7H  1
TR0. . . . . . . . . . . . . . . . . .  ABSBIT   -----  BIT      008CH  1
RS1. . . . . . . . . . . . . . . . . .  ABSBIT   -----  BIT      00D4H  1
IAP_DATA . . . . . . . . . . . . . . .  SFR      DATA   U_CHAR   00C2H  1
TR1. . . . . . . . . . . . . . . . . .  ABSBIT   -----  BIT      008EH  1
PX0. . . . . . . . . . . . . . . . . .  ABSBIT   -----  BIT      00B8H  1
WDT_CONTR. . . . . . . . . . . . . . .  SFR      DATA   U_CHAR   00C1H  1
PX1. . . . . . . . . . . . . . . . . .  ABSBIT   -----  BIT      00BAH  1
int8_t . . . . . . . . . . . . . . . .  TYPEDEF  -----  CHAR     -----  1
u32. . . . . . . . . . . . . . . . . .  TYPEDEF  -----  U_LONG   -----  4
PCA_PWM0 . . . . . . . . . . . . . . .  SFR      DATA   U_CHAR   00F2H  1
PCA_PWM1 . . . . . . . . . . . . . . .  SFR      DATA   U_CHAR   00F3H  1
u16. . . . . . . . . . . . . . . . . .  TYPEDEF  -----  U_INT    -----  2
PCA_PWM2 . . . . . . . . . . . . . . .  SFR      DATA   U_CHAR   00F4H  1
P1ASF. . . . . . . . . . . . . . . . .  SFR      DATA   U_CHAR   009DH  1
DPH. . . . . . . . . . . . . . . . . .  SFR      DATA   U_CHAR   0083H  1
_TMDelayUs . . . . . . . . . . . . . .  PUBLIC   CODE   PROC     0004H  -----
  us . . . . . . . . . . . . . . . . .  * REG *  DATA   U_INT    0006H  2
T4T3M. . . . . . . . . . . . . . . . .  SFR      DATA   U_CHAR   00D1H  1
ADC_RESL . . . . . . . . . . . . . . .  SFR      DATA   U_CHAR   00BEH  1
DPL. . . . . . . . . . . . . . . . . .  SFR      DATA   U_CHAR   0082H  1
SPSTAT . . . . . . . . . . . . . . . .  SFR      DATA   U_CHAR   00CDH  1
IPH. . . . . . . . . . . . . . . . . .  SFR      DATA   U_CHAR   00B7H  1
S2BUF. . . . . . . . . . . . . . . . .  SFR      DATA   U_CHAR   009BH  1
PCON2. . . . . . . . . . . . . . . . .  SFR      DATA   U_CHAR   0097H  1
S3BUF. . . . . . . . . . . . . . . . .  SFR      DATA   U_CHAR   00ADH  1
REN. . . . . . . . . . . . . . . . . .  ABSBIT   -----  BIT      009CH  1
S4BUF. . . . . . . . . . . . . . . . .  SFR      DATA   U_CHAR   0085H  1
S2CON. . . . . . . . . . . . . . . . .  SFR      DATA   U_CHAR   009AH  1
S3CON. . . . . . . . . . . . . . . . .  SFR      DATA   U_CHAR   00ACH  1
ISP_DATA . . . . . . . . . . . . . . .  SFR      DATA   U_CHAR   00C2H  1
S4CON. . . . . . . . . . . . . . . . .  SFR      DATA   U_CHAR   0084H  1
SADEN. . . . . . . . . . . . . . . . .  SFR      DATA   U_CHAR   00B9H  1
wchar_t. . . . . . . . . . . . . . . .  TYPEDEF  -----  CHAR     -----  1
RXD. . . . . . . . . . . . . . . . . .  ABSBIT   -----  BIT      00B0H  1
SADDR. . . . . . . . . . . . . . . . .  SFR      DATA   U_CHAR   00A9H  1
TXD. . . . . . . . . . . . . . . . . .  ABSBIT   -----  BIT      00B1H  1
B0 . . . . . . . . . . . . . . . . . .  ABSBIT   -----  BIT      00F0H  1
B1 . . . . . . . . . . . . . . . . . .  ABSBIT   -----  BIT      00F1H  1
IAP_TRIG . . . . . . . . . . . . . . .  SFR      DATA   U_CHAR   00C6H  1
AUXR1. . . . . . . . . . . . . . . . .  SFR      DATA   U_CHAR   00A2H  1
B2 . . . . . . . . . . . . . . . . . .  ABSBIT   -----  BIT      00F2H  1
SPI_SS . . . . . . . . . . . . . . . .  ABSBIT   -----  BIT      0092H  1
AUXR2. . . . . . . . . . . . . . . . .  SFR      DATA   U_CHAR   008FH  1
B3 . . . . . . . . . . . . . . . . . .  ABSBIT   -----  BIT      00F3H  1
B4 . . . . . . . . . . . . . . . . . .  ABSBIT   -----  BIT      00F4H  1
F0 . . . . . . . . . . . . . . . . . .  ABSBIT   -----  BIT      00D5H  1
B5 . . . . . . . . . . . . . . . . . .  ABSBIT   -----  BIT      00F5H  1
F1 . . . . . . . . . . . . . . . . . .  ABSBIT   -----  BIT      00D1H  1
INT_CLKO . . . . . . . . . . . . . . .  SFR      DATA   U_CHAR   008FH  1
_TM1620WriteData . . . . . . . . . . .  PUBLIC   CODE   PROC     0000H  -----
  dat. . . . . . . . . . . . . . . . .  * REG *  DATA   U_CHAR   0005H  1
C51 COMPILER V9.59.0.0   TM1620                                                            06/05/2022 11:01:31 PAGE 13  

NAME                                    CLASS   MSPACE  TYPE    OFFSET  SIZE
====                                    =====   ======  ====    ======  ====


  i. . . . . . . . . . . . . . . . . .  * REG *  DATA   U_CHAR   0004H  1
B6 . . . . . . . . . . . . . . . . . .  ABSBIT   -----  BIT      00F6H  1
ACC0 . . . . . . . . . . . . . . . . .  ABSBIT   -----  BIT      00E0H  1
B7 . . . . . . . . . . . . . . . . . .  ABSBIT   -----  BIT      00F7H  1
ACC1 . . . . . . . . . . . . . . . . .  ABSBIT   -----  BIT      00E1H  1
ACC2 . . . . . . . . . . . . . . . . .  ABSBIT   -----  BIT      00E2H  1
ACC3 . . . . . . . . . . . . . . . . .  ABSBIT   -----  BIT      00E3H  1
PSW. . . . . . . . . . . . . . . . . .  SFR      DATA   U_CHAR   00D0H  1
ACC4 . . . . . . . . . . . . . . . . .  ABSBIT   -----  BIT      00E4H  1
SPI_SCLK . . . . . . . . . . . . . . .  ABSBIT   -----  BIT      0095H  1
CCF0 . . . . . . . . . . . . . . . . .  ABSBIT   -----  BIT      00D8H  1
ACC5 . . . . . . . . . . . . . . . . .  ABSBIT   -----  BIT      00E5H  1
uint32_t . . . . . . . . . . . . . . .  TYPEDEF  -----  U_LONG   -----  4
CCF1 . . . . . . . . . . . . . . . . .  ABSBIT   -----  BIT      00D9H  1
ACC6 . . . . . . . . . . . . . . . . .  ABSBIT   -----  BIT      00E6H  1
SPDAT. . . . . . . . . . . . . . . . .  SFR      DATA   U_CHAR   00CFH  1
P0M0 . . . . . . . . . . . . . . . . .  SFR      DATA   U_CHAR   0094H  1


MODULE INFORMATION:   STATIC OVERLAYABLE
   CODE SIZE        =    215    ----
   CONSTANT SIZE    =     18    ----
   XDATA SIZE       =     12    ----
   PDATA SIZE       =   ----    ----
   DATA SIZE        =   ----    ----
   IDATA SIZE       =   ----    ----
   BIT SIZE         =   ----    ----
   EDATA SIZE       =   ----    ----
   HDATA SIZE       =   ----    ----
   XDATA CONST SIZE =   ----    ----
   FAR CONST SIZE   =   ----    ----
END OF MODULE INFORMATION.


C51 COMPILATION COMPLETE.  0 WARNING(S),  0 ERROR(S)
