C51 COMPILER V9.59.0.0   ADC                                                               06/05/2022 11:01:31 PAGE 1   


C51 COMPILER V9.59.0.0, COMPILATION OF MODULE ADC
OBJECT MODULE PLACED IN .\build\Release\lib\stc15_lib\src\ADC.o
COMPILER INVOKED BY: D:\PhPython\Keil5\C51\BIN\C51.exe .\LIB\STC15_LIB\SRC\ADC.C PRINT(.\build\Release\lib\stc15_lib\src
                    -\ADC.lst) OMF2 TABS(4) CODE NOCOND SYMBOLS OPTIMIZE(8,SPEED) SMALL ROM(LARGE) INCDIR(D:\PhPython\Keil5\C51\INC;.\src;.\l
                    -ib\stc15_lib;.\lib\stc15_lib\src;.\lib\stc15_lib\include) DEFINE(DEBUG,__UVISION_VERSION=526) OBJECT(.\build\Release\lib
                    -\stc15_lib\src\ADC.o)

line level    source

   1          
   2          
   3          #include    "adc.h"
   4          
   5          
   6          //========================================================================
   7          // 函数: void   ADC_Inilize(ADC_InitTypeDef *ADCx)
   8          // 描述: ADC初始化程序.
   9          // 参数: ADCx: 结构参数,请参考adc.h里的定义.
  10          // 返回: none.
  11          // 版本: V1.0, 2012-10-22
  12          //========================================================================
  13          void    ADC_Inilize(ADC_InitTypeDef *ADCx)
  14          {
  15   1          P1ASF = ADCx->ADC_Px;
  16   1          ADC_CONTR = (ADC_CONTR & ~ADC_90T) | ADCx->ADC_Speed;
  17   1          if(ADCx->ADC_Power == ENABLE)   ADC_CONTR |= 0x80;
  18   1          else                            ADC_CONTR &= 0x7F;
  19   1          if(ADCx->ADC_AdjResult == ADC_RES_H2L8) PCON2 |=  (1<<5);   //10位AD结果的高2位放ADC_RES的低2位，低8位在ADC
             -_RESL。
  20   1          else                                    PCON2 &= ~(1<<5);   //10位AD结果的高8位放ADC_RES，低2位在ADC_RESL的低2位。
  21   1          if(ADCx->ADC_Interrupt == ENABLE)   EADC = 1;           //中断允许      ENABLE,DISABLE
  22   1          else                                EADC = 0;
  23   1          if(ADCx->ADC_Polity == PolityHigh)  PADC = 1;       //优先级设置    PolityHigh,PolityLow
  24   1          else                                PADC = 0;
  25   1      }
  26          
  27          
  28          //========================================================================
  29          // 函数: void   ADC_PowerControl(u8 pwr)
  30          // 描述: ADC电源控制程序.
  31          // 参数: pwr: 电源控制,ENABLE或DISABLE.
  32          // 返回: none.
  33          // 版本: V1.0, 2012-10-22
  34          //========================================================================
  35          void    ADC_PowerControl(u8 pwr)
  36          {
  37   1          if(pwr == ENABLE)   ADC_CONTR |= 0x80;
  38   1          else                ADC_CONTR &= 0x7f;
  39   1      }
  40          
  41          //========================================================================
  42          // 函数: u16    Get_ADC10bitResult(u8 channel)
  43          // 描述: 查询法读一次ADC结果.
  44          // 参数: channel: 选择要转换的ADC.
  45          // 返回: 10位ADC结果.
  46          // 版本: V1.0, 2012-10-22
  47          //========================================================================
  48          u16 Get_ADC10bitResult(u8 channel)  //channel = 0~7
  49          {
  50   1          u16 adc;
  51   1          u8  i;
C51 COMPILER V9.59.0.0   ADC                                                               06/05/2022 11:01:31 PAGE 2   

  52   1      
  53   1          if(channel > ADC_CH7)   return  1024;   //错误,返回1024,调用的程序判断  
  54   1          ADC_RES = 0;
  55   1          ADC_RESL = 0;
  56   1      
  57   1          ADC_CONTR = (ADC_CONTR & 0xe0) | ADC_START | channel; 
  58   1          NOP(4);         //对ADC_CONTR操作后要4T之后才能访问
  59   1      
  60   1          for(i=0; i<250; i++)        //超时
  61   1          {
  62   2              if(ADC_CONTR & ADC_FLAG)
  63   2              {
  64   3                  ADC_CONTR &= ~ADC_FLAG;
  65   3                  if(PCON2 &  (1<<5))     //10位AD结果的高2位放ADC_RES的低2位，低8位在ADC_RESL。
  66   3                  {
  67   4                      adc = (u16)(ADC_RES & 3);
  68   4                      adc = (adc << 8) | ADC_RESL;
  69   4                  }
  70   3                  else        //10位AD结果的高8位放ADC_RES，低2位在ADC_RESL的低2位。
  71   3                  {
  72   4                      adc = (u16)ADC_RES;
  73   4                      adc = (adc << 2) | (ADC_RESL & 3);
  74   4                  }
  75   3                  return  adc;
  76   3              }
  77   2          }
  78   1          return  1024;   //错误,返回1024,调用的程序判断
  79   1      }
C51 COMPILER V9.59.0.0   ADC                                                               06/05/2022 11:01:31 PAGE 3   

ASSEMBLY LISTING OF GENERATED OBJECT CODE


             ; FUNCTION _ADC_Inilize (BEGIN)
                                           ; SOURCE LINE # 13
;---- Variable 'ADCx' assigned to Register 'R1/R2/R3' ----
                                           ; SOURCE LINE # 14
                                           ; SOURCE LINE # 15
0000 120000      E     LCALL   ?C?CLDPTR
0003 F59D              MOV     P1ASF,A
                                           ; SOURCE LINE # 16
0005 900001            MOV     DPTR,#01H
0008 120000      E     LCALL   ?C?CLDOPTR
000B FF                MOV     R7,A
000C E5BC              MOV     A,ADC_CONTR
000E 549F              ANL     A,#09FH
0010 4F                ORL     A,R7
0011 F5BC              MOV     ADC_CONTR,A
                                           ; SOURCE LINE # 17
0013 900002            MOV     DPTR,#02H
0016 120000      E     LCALL   ?C?CLDOPTR
0019 6401              XRL     A,#01H
001B 7005              JNZ     ?C0001
001D 43BC80            ORL     ADC_CONTR,#080H
0020 8003              SJMP    ?C0002
0022         ?C0001:
                                           ; SOURCE LINE # 18
0022 53BC7F            ANL     ADC_CONTR,#07FH
0025         ?C0002:
                                           ; SOURCE LINE # 19
0025 900003            MOV     DPTR,#03H
0028 120000      E     LCALL   ?C?CLDOPTR
002B 6401              XRL     A,#01H
002D 7005              JNZ     ?C0003
002F 439720            ORL     PCON2,#020H
0032 8003              SJMP    ?C0004
0034         ?C0003:
                                           ; SOURCE LINE # 20
0034 5397DF            ANL     PCON2,#0DFH
0037         ?C0004:
                                           ; SOURCE LINE # 21
0037 900005            MOV     DPTR,#05H
003A 120000      E     LCALL   ?C?CLDOPTR
003D 6401              XRL     A,#01H
003F 7004              JNZ     ?C0005
0041 D2AD              SETB    EADC
0043 8002              SJMP    ?C0006
0045         ?C0005:
                                           ; SOURCE LINE # 22
0045 C2AD              CLR     EADC
0047         ?C0006:
                                           ; SOURCE LINE # 23
0047 900004            MOV     DPTR,#04H
004A 120000      E     LCALL   ?C?CLDOPTR
004D 6401              XRL     A,#01H
004F 7003              JNZ     ?C0007
0051 D2BD              SETB    PADC
0053 22                RET     
0054         ?C0007:
                                           ; SOURCE LINE # 24
0054 C2BD              CLR     PADC
                                           ; SOURCE LINE # 25
C51 COMPILER V9.59.0.0   ADC                                                               06/05/2022 11:01:31 PAGE 4   

0056         ?C0009:
0056 22                RET     
             ; FUNCTION _ADC_Inilize (END)

             ; FUNCTION _ADC_PowerControl (BEGIN)
                                           ; SOURCE LINE # 35
;---- Variable 'pwr' assigned to Register 'R7' ----
                                           ; SOURCE LINE # 36
                                           ; SOURCE LINE # 37
0000 EF                MOV     A,R7
0001 6401              XRL     A,#01H
0003 7004              JNZ     ?C0010
0005 43BC80            ORL     ADC_CONTR,#080H
0008 22                RET     
0009         ?C0010:
                                           ; SOURCE LINE # 38
0009 53BC7F            ANL     ADC_CONTR,#07FH
                                           ; SOURCE LINE # 39
000C         ?C0012:
000C 22                RET     
             ; FUNCTION _ADC_PowerControl (END)

             ; FUNCTION _Get_ADC10bitResult (BEGIN)
                                           ; SOURCE LINE # 48
;---- Variable 'adc' assigned to Register 'R4/R5' ----
;---- Variable 'channel' assigned to Register 'R7' ----
                                           ; SOURCE LINE # 49
                                           ; SOURCE LINE # 53
0000 EF                MOV     A,R7
0001 D3                SETB    C
0002 9407              SUBB    A,#07H
0004 7480              MOV     A,#080H
0006 9480              SUBB    A,#080H
0008 4002              JC      ?C0013
000A 8059              SJMP    ?C0022
000C         ?C0013:
                                           ; SOURCE LINE # 54
000C E4                CLR     A
000D F5BD              MOV     ADC_RES,A
                                           ; SOURCE LINE # 55
000F F5BE              MOV     ADC_RESL,A
                                           ; SOURCE LINE # 57
0011 E5BC              MOV     A,ADC_CONTR
0013 54E0              ANL     A,#0E0H
0015 4408              ORL     A,#08H
0017 4F                ORL     A,R7
0018 F5BC              MOV     ADC_CONTR,A
                                           ; SOURCE LINE # 58
001A 00                NOP     
001B 00                NOP     
001C 00                NOP     
001D 00                NOP     
                                           ; SOURCE LINE # 60
;---- Variable 'i' assigned to Register 'R3' ----
001E E4                CLR     A
001F FB                MOV     R3,A
0020         ?C0015:
0020 EB                MOV     A,R3
0021 C3                CLR     C
0022 94FA              SUBB    A,#0FAH
0024 7480              MOV     A,#080H
0026 9480              SUBB    A,#080H
C51 COMPILER V9.59.0.0   ADC                                                               06/05/2022 11:01:31 PAGE 5   

0028 503B              JNC     ?C0016
                                           ; SOURCE LINE # 61
                                           ; SOURCE LINE # 62
002A E5BC              MOV     A,ADC_CONTR
002C 30E433            JNB     ACC.4,?C0017
                                           ; SOURCE LINE # 63
                                           ; SOURCE LINE # 64
002F 53BCEF            ANL     ADC_CONTR,#0EFH
                                           ; SOURCE LINE # 65
0032 E597              MOV     A,PCON2
0034 30E509            JNB     ACC.5,?C0019
                                           ; SOURCE LINE # 66
                                           ; SOURCE LINE # 67
0037 E5BD              MOV     A,ADC_RES
0039 5403              ANL     A,#03H
                                           ; SOURCE LINE # 68
003B ADBE              MOV     R5,ADC_RESL
003D FC                MOV     R4,A
                                           ; SOURCE LINE # 69
003E 801D              SJMP    ?C0020
0040         ?C0019:
                                           ; SOURCE LINE # 71
                                           ; SOURCE LINE # 72
0040 AFBD              MOV     R7,ADC_RES
0042 7C00              MOV     R4,#00H
0044 AD07              MOV     R5,AR7
                                           ; SOURCE LINE # 73
0046 7E00              MOV     R6,#00H
0048 ED                MOV     A,R5
0049 7802              MOV     R0,#02H
004B         ?C0021:
004B C3                CLR     C
004C 33                RLC     A
004D CE                XCH     A,R6
004E 33                RLC     A
004F CE                XCH     A,R6
0050 D8F9              DJNZ    R0,?C0021
0052 FF                MOV     R7,A
0053 E5BE              MOV     A,ADC_RESL
0055 5403              ANL     A,#03H
0057 FD                MOV     R5,A
0058 EE                MOV     A,R6
0059 FC                MOV     R4,A
005A EF                MOV     A,R7
005B 4D                ORL     A,R5
005C FD                MOV     R5,A
                                           ; SOURCE LINE # 74
005D         ?C0020:
                                           ; SOURCE LINE # 75
005D AF05              MOV     R7,AR5
005F AE04              MOV     R6,AR4
0061 22                RET     
                                           ; SOURCE LINE # 76
                                           ; SOURCE LINE # 77
0062         ?C0017:
0062 0B                INC     R3
0063 80BB              SJMP    ?C0015
0065         ?C0016:
                                           ; SOURCE LINE # 78
0065         ?C0022:
0065 7E04              MOV     R6,#04H
0067 7F00              MOV     R7,#00H
C51 COMPILER V9.59.0.0   ADC                                                               06/05/2022 11:01:31 PAGE 6   

                                           ; SOURCE LINE # 79
0069         ?C0014:
0069 22                RET     
             ; FUNCTION _Get_ADC10bitResult (END)

C51 COMPILER V9.59.0.0   ADC                                                               06/05/2022 11:01:31 PAGE 7   

NAME                                    CLASS   MSPACE  TYPE    OFFSET  SIZE
====                                    =====   ======  ====    ======  ====


CCF2 . . . . . . . . . . . . . . . . .  ABSBIT   -----  BIT      00DAH  1
ACC7 . . . . . . . . . . . . . . . . .  ABSBIT   -----  BIT      00E7H  1
P0M1 . . . . . . . . . . . . . . . . .  SFR      DATA   U_CHAR   0093H  1
P1M0 . . . . . . . . . . . . . . . . .  SFR      DATA   U_CHAR   0092H  1
uint16_t . . . . . . . . . . . . . . .  TYPEDEF  -----  U_INT    -----  2
P2M0 . . . . . . . . . . . . . . . . .  SFR      DATA   U_CHAR   0096H  1
P1M1 . . . . . . . . . . . . . . . . .  SFR      DATA   U_CHAR   0091H  1
P0 . . . . . . . . . . . . . . . . . .  SFR      DATA   U_CHAR   0080H  1
P3M0 . . . . . . . . . . . . . . . . .  SFR      DATA   U_CHAR   00B2H  1
P2M1 . . . . . . . . . . . . . . . . .  SFR      DATA   U_CHAR   0095H  1
P1 . . . . . . . . . . . . . . . . . .  SFR      DATA   U_CHAR   0090H  1
_ADC_Inilize . . . . . . . . . . . . .  PUBLIC   CODE   PROC     0000H  -----
  ADCx . . . . . . . . . . . . . . . .  * REG *  DATA   PTR      0001H  3
P4M0 . . . . . . . . . . . . . . . . .  SFR      DATA   U_CHAR   00B4H  1
P3M1 . . . . . . . . . . . . . . . . .  SFR      DATA   U_CHAR   00B1H  1
P2 . . . . . . . . . . . . . . . . . .  SFR      DATA   U_CHAR   00A0H  1
P5M0 . . . . . . . . . . . . . . . . .  SFR      DATA   U_CHAR   00CAH  1
P4M1 . . . . . . . . . . . . . . . . .  SFR      DATA   U_CHAR   00B3H  1
P3 . . . . . . . . . . . . . . . . . .  SFR      DATA   U_CHAR   00B0H  1
WKTCH. . . . . . . . . . . . . . . . .  SFR      DATA   U_CHAR   00ABH  1
T0 . . . . . . . . . . . . . . . . . .  ABSBIT   -----  BIT      00B4H  1
AC . . . . . . . . . . . . . . . . . .  ABSBIT   -----  BIT      00D6H  1
P6M0 . . . . . . . . . . . . . . . . .  SFR      DATA   U_CHAR   00CCH  1
P5M1 . . . . . . . . . . . . . . . . .  SFR      DATA   U_CHAR   00C9H  1
P4 . . . . . . . . . . . . . . . . . .  SFR      DATA   U_CHAR   00C0H  1
CLKOUT0. . . . . . . . . . . . . . . .  ABSBIT   -----  BIT      00B5H  1
T1 . . . . . . . . . . . . . . . . . .  ABSBIT   -----  BIT      00B5H  1
P7M0 . . . . . . . . . . . . . . . . .  SFR      DATA   U_CHAR   00E2H  1
P6M1 . . . . . . . . . . . . . . . . .  SFR      DATA   U_CHAR   00CBH  1
P5 . . . . . . . . . . . . . . . . . .  SFR      DATA   U_CHAR   00C8H  1
ISP_TRIG . . . . . . . . . . . . . . .  SFR      DATA   U_CHAR   00C6H  1
EA . . . . . . . . . . . . . . . . . .  ABSBIT   -----  BIT      00AFH  1
CLKOUT1. . . . . . . . . . . . . . . .  ABSBIT   -----  BIT      00B4H  1
SPI_SS_2 . . . . . . . . . . . . . . .  ABSBIT   -----  BIT      00A4H  1
P6 . . . . . . . . . . . . . . . . . .  SFR      DATA   U_CHAR   00E8H  1
P7M1 . . . . . . . . . . . . . . . . .  SFR      DATA   U_CHAR   00E1H  1
SPI_SS_3 . . . . . . . . . . . . . . .  ABSBIT   -----  BIT      00CCH  1
SPI_MISO . . . . . . . . . . . . . . .  ABSBIT   -----  BIT      0094H  1
SPI_MOSI . . . . . . . . . . . . . . .  ABSBIT   -----  BIT      0093H  1
CCP0 . . . . . . . . . . . . . . . . .  ABSBIT   -----  BIT      0091H  1
P7 . . . . . . . . . . . . . . . . . .  SFR      DATA   U_CHAR   00F8H  1
WKTCL. . . . . . . . . . . . . . . . .  SFR      DATA   U_CHAR   00AAH  1
int32_t. . . . . . . . . . . . . . . .  TYPEDEF  -----  LONG     -----  4
CCP1 . . . . . . . . . . . . . . . . .  ABSBIT   -----  BIT      0090H  1
SPCTL. . . . . . . . . . . . . . . . .  SFR      DATA   U_CHAR   00CEH  1
CF . . . . . . . . . . . . . . . . . .  ABSBIT   -----  BIT      00DFH  1
CCP2 . . . . . . . . . . . . . . . . .  ABSBIT   -----  BIT      00B7H  1
int16_t. . . . . . . . . . . . . . . .  TYPEDEF  -----  INT      -----  2
CH . . . . . . . . . . . . . . . . . .  SFR      DATA   U_CHAR   00F9H  1
P_SW1. . . . . . . . . . . . . . . . .  SFR      DATA   U_CHAR   00A2H  1
P_SW2. . . . . . . . . . . . . . . . .  SFR      DATA   U_CHAR   00BAH  1
EADC . . . . . . . . . . . . . . . . .  ABSBIT   -----  BIT      00ADH  1
SPI_SCLK_2 . . . . . . . . . . . . . .  ABSBIT   -----  BIT      00A1H  1
IE . . . . . . . . . . . . . . . . . .  SFR      DATA   U_CHAR   00A8H  1
SPI_SCLK_3 . . . . . . . . . . . . . .  ABSBIT   -----  BIT      00C3H  1
CL . . . . . . . . . . . . . . . . . .  SFR      DATA   U_CHAR   00E9H  1
IAP_CMD. . . . . . . . . . . . . . . .  SFR      DATA   U_CHAR   00C5H  1
C51 COMPILER V9.59.0.0   ADC                                                               06/05/2022 11:01:31 PAGE 8   

NAME                                    CLASS   MSPACE  TYPE    OFFSET  SIZE
====                                    =====   ======  ====    ======  ====


CCAP0H . . . . . . . . . . . . . . . .  SFR      DATA   U_CHAR   00FAH  1
CCAP1H . . . . . . . . . . . . . . . .  SFR      DATA   U_CHAR   00FBH  1
size_t . . . . . . . . . . . . . . . .  TYPEDEF  -----  U_INT    -----  2
CCAP2H . . . . . . . . . . . . . . . .  SFR      DATA   U_CHAR   00FCH  1
ADC_RES. . . . . . . . . . . . . . . .  SFR      DATA   U_CHAR   00BDH  1
IPH2 . . . . . . . . . . . . . . . . .  SFR      DATA   U_CHAR   00B6H  1
CR . . . . . . . . . . . . . . . . . .  ABSBIT   -----  BIT      00DEH  1
CCAP0L . . . . . . . . . . . . . . . .  SFR      DATA   U_CHAR   00EAH  1
RD . . . . . . . . . . . . . . . . . .  ABSBIT   -----  BIT      00B7H  1
CCAP1L . . . . . . . . . . . . . . . .  SFR      DATA   U_CHAR   00EBH  1
CCAPM0 . . . . . . . . . . . . . . . .  SFR      DATA   U_CHAR   00DAH  1
CCAP2L . . . . . . . . . . . . . . . .  SFR      DATA   U_CHAR   00ECH  1
CCAPM1 . . . . . . . . . . . . . . . .  SFR      DATA   U_CHAR   00DBH  1
ES . . . . . . . . . . . . . . . . . .  ABSBIT   -----  BIT      00ACH  1
CCAPM2 . . . . . . . . . . . . . . . .  SFR      DATA   U_CHAR   00DCH  1
PADC . . . . . . . . . . . . . . . . .  ABSBIT   -----  BIT      00BDH  1
SPI_MISO_2 . . . . . . . . . . . . . .  ABSBIT   -----  BIT      00A2H  1
SPI_MOSI_2 . . . . . . . . . . . . . .  ABSBIT   -----  BIT      00A3H  1
IP . . . . . . . . . . . . . . . . . .  SFR      DATA   U_CHAR   00B8H  1
SPI_MISO_3 . . . . . . . . . . . . . .  ABSBIT   -----  BIT      00C1H  1
SPI_MOSI_3 . . . . . . . . . . . . . .  ABSBIT   -----  BIT      00C0H  1
RI . . . . . . . . . . . . . . . . . .  ABSBIT   -----  BIT      0098H  1
INT0 . . . . . . . . . . . . . . . . .  ABSBIT   -----  BIT      00B2H  1
CY . . . . . . . . . . . . . . . . . .  ABSBIT   -----  BIT      00D7H  1
TI . . . . . . . . . . . . . . . . . .  ABSBIT   -----  BIT      0099H  1
INT1 . . . . . . . . . . . . . . . . .  ABSBIT   -----  BIT      00B3H  1
CLK_DIV. . . . . . . . . . . . . . . .  SFR      DATA   U_CHAR   0097H  1
_ADC_PowerControl. . . . . . . . . . .  PUBLIC   CODE   PROC     0000H  -----
  pwr. . . . . . . . . . . . . . . . .  * REG *  DATA   U_CHAR   0007H  1
IAP_ADDRH. . . . . . . . . . . . . . .  SFR      DATA   U_CHAR   00C3H  1
RXD2 . . . . . . . . . . . . . . . . .  ABSBIT   -----  BIT      0090H  1
ISP_CMD. . . . . . . . . . . . . . . .  SFR      DATA   U_CHAR   00C5H  1
PS . . . . . . . . . . . . . . . . . .  ABSBIT   -----  BIT      00BCH  1
TXD2 . . . . . . . . . . . . . . . . .  ABSBIT   -----  BIT      0091H  1
SP . . . . . . . . . . . . . . . . . .  SFR      DATA   U_CHAR   0081H  1
CMOD . . . . . . . . . . . . . . . . .  SFR      DATA   U_CHAR   00D9H  1
CCON . . . . . . . . . . . . . . . . .  SFR      DATA   U_CHAR   00D8H  1
IAP_ADDRL. . . . . . . . . . . . . . .  SFR      DATA   U_CHAR   00C4H  1
PPCA . . . . . . . . . . . . . . . . .  ABSBIT   -----  BIT      00BFH  1
OV . . . . . . . . . . . . . . . . . .  ABSBIT   -----  BIT      00D2H  1
WR . . . . . . . . . . . . . . . . . .  ABSBIT   -----  BIT      00B6H  1
ELVD . . . . . . . . . . . . . . . . .  ABSBIT   -----  BIT      00AEH  1
u8 . . . . . . . . . . . . . . . . . .  TYPEDEF  -----  U_CHAR   -----  1
P00. . . . . . . . . . . . . . . . . .  ABSBIT   -----  BIT      0080H  1
P10. . . . . . . . . . . . . . . . . .  ABSBIT   -----  BIT      0090H  1
P01. . . . . . . . . . . . . . . . . .  ABSBIT   -----  BIT      0081H  1
ADC_CONTR. . . . . . . . . . . . . . .  SFR      DATA   U_CHAR   00BCH  1
SBUF . . . . . . . . . . . . . . . . .  SFR      DATA   U_CHAR   0099H  1
PCON . . . . . . . . . . . . . . . . .  SFR      DATA   U_CHAR   0087H  1
P20. . . . . . . . . . . . . . . . . .  ABSBIT   -----  BIT      00A0H  1
P11. . . . . . . . . . . . . . . . . .  ABSBIT   -----  BIT      0091H  1
P02. . . . . . . . . . . . . . . . . .  ABSBIT   -----  BIT      0082H  1
ISP_ADDRH. . . . . . . . . . . . . . .  SFR      DATA   U_CHAR   00C3H  1
P30. . . . . . . . . . . . . . . . . .  ABSBIT   -----  BIT      00B0H  1
P21. . . . . . . . . . . . . . . . . .  ABSBIT   -----  BIT      00A1H  1
P12. . . . . . . . . . . . . . . . . .  ABSBIT   -----  BIT      0092H  1
P03. . . . . . . . . . . . . . . . . .  ABSBIT   -----  BIT      0083H  1
C51 COMPILER V9.59.0.0   ADC                                                               06/05/2022 11:01:31 PAGE 9   

NAME                                    CLASS   MSPACE  TYPE    OFFSET  SIZE
====                                    =====   ======  ====    ======  ====


P40. . . . . . . . . . . . . . . . . .  ABSBIT   -----  BIT      00C0H  1
P31. . . . . . . . . . . . . . . . . .  ABSBIT   -----  BIT      00B1H  1
P22. . . . . . . . . . . . . . . . . .  ABSBIT   -----  BIT      00A2H  1
P13. . . . . . . . . . . . . . . . . .  ABSBIT   -----  BIT      0093H  1
P04. . . . . . . . . . . . . . . . . .  ABSBIT   -----  BIT      0084H  1
SCON . . . . . . . . . . . . . . . . .  SFR      DATA   U_CHAR   0098H  1
WAKE_CLKO. . . . . . . . . . . . . . .  SFR      DATA   U_CHAR   008FH  1
P50. . . . . . . . . . . . . . . . . .  ABSBIT   -----  BIT      00C8H  1
P41. . . . . . . . . . . . . . . . . .  ABSBIT   -----  BIT      00C1H  1
P32. . . . . . . . . . . . . . . . . .  ABSBIT   -----  BIT      00B2H  1
P23. . . . . . . . . . . . . . . . . .  ABSBIT   -----  BIT      00A3H  1
P14. . . . . . . . . . . . . . . . . .  ABSBIT   -----  BIT      0094H  1
P05. . . . . . . . . . . . . . . . . .  ABSBIT   -----  BIT      0085H  1
TMOD . . . . . . . . . . . . . . . . .  SFR      DATA   U_CHAR   0089H  1
TCON . . . . . . . . . . . . . . . . .  SFR      DATA   U_CHAR   0088H  1
P51. . . . . . . . . . . . . . . . . .  ABSBIT   -----  BIT      00C9H  1
P42. . . . . . . . . . . . . . . . . .  ABSBIT   -----  BIT      00C2H  1
P33. . . . . . . . . . . . . . . . . .  ABSBIT   -----  BIT      00B3H  1
P24. . . . . . . . . . . . . . . . . .  ABSBIT   -----  BIT      00A4H  1
P15. . . . . . . . . . . . . . . . . .  ABSBIT   -----  BIT      0095H  1
P06. . . . . . . . . . . . . . . . . .  ABSBIT   -----  BIT      0086H  1
ISP_ADDRL. . . . . . . . . . . . . . .  SFR      DATA   U_CHAR   00C4H  1
PLVD . . . . . . . . . . . . . . . . .  ABSBIT   -----  BIT      00BEH  1
P52. . . . . . . . . . . . . . . . . .  ABSBIT   -----  BIT      00CAH  1
P43. . . . . . . . . . . . . . . . . .  ABSBIT   -----  BIT      00C3H  1
P34. . . . . . . . . . . . . . . . . .  ABSBIT   -----  BIT      00B4H  1
P25. . . . . . . . . . . . . . . . . .  ABSBIT   -----  BIT      00A5H  1
P16. . . . . . . . . . . . . . . . . .  ABSBIT   -----  BIT      0096H  1
P07. . . . . . . . . . . . . . . . . .  ABSBIT   -----  BIT      0087H  1
P53. . . . . . . . . . . . . . . . . .  ABSBIT   -----  BIT      00CBH  1
P44. . . . . . . . . . . . . . . . . .  ABSBIT   -----  BIT      00C4H  1
P35. . . . . . . . . . . . . . . . . .  ABSBIT   -----  BIT      00B5H  1
P26. . . . . . . . . . . . . . . . . .  ABSBIT   -----  BIT      00A6H  1
P17. . . . . . . . . . . . . . . . . .  ABSBIT   -----  BIT      0097H  1
P54. . . . . . . . . . . . . . . . . .  ABSBIT   -----  BIT      00CCH  1
P45. . . . . . . . . . . . . . . . . .  ABSBIT   -----  BIT      00C5H  1
P36. . . . . . . . . . . . . . . . . .  ABSBIT   -----  BIT      00B6H  1
P27. . . . . . . . . . . . . . . . . .  ABSBIT   -----  BIT      00A7H  1
P55. . . . . . . . . . . . . . . . . .  ABSBIT   -----  BIT      00CDH  1
P46. . . . . . . . . . . . . . . . . .  ABSBIT   -----  BIT      00C6H  1
P37. . . . . . . . . . . . . . . . . .  ABSBIT   -----  BIT      00B7H  1
P56. . . . . . . . . . . . . . . . . .  ABSBIT   -----  BIT      00CEH  1
P47. . . . . . . . . . . . . . . . . .  ABSBIT   -----  BIT      00C7H  1
P57. . . . . . . . . . . . . . . . . .  ABSBIT   -----  BIT      00CFH  1
IE0. . . . . . . . . . . . . . . . . .  ABSBIT   -----  BIT      0089H  1
BUS_SPEED. . . . . . . . . . . . . . .  SFR      DATA   U_CHAR   00A1H  1
IE1. . . . . . . . . . . . . . . . . .  ABSBIT   -----  BIT      008BH  1
IE2. . . . . . . . . . . . . . . . . .  SFR      DATA   U_CHAR   00AFH  1
B. . . . . . . . . . . . . . . . . . .  SFR      DATA   U_CHAR   00F0H  1
AUXR . . . . . . . . . . . . . . . . .  SFR      DATA   U_CHAR   008EH  1
IAP_CONTR. . . . . . . . . . . . . . .  SFR      DATA   U_CHAR   00C7H  1
ACC. . . . . . . . . . . . . . . . . .  SFR      DATA   U_CHAR   00E0H  1
ptrdiff_t. . . . . . . . . . . . . . .  TYPEDEF  -----  LONG     -----  4
ET0. . . . . . . . . . . . . . . . . .  ABSBIT   -----  BIT      00A9H  1
ET1. . . . . . . . . . . . . . . . . .  ABSBIT   -----  BIT      00ABH  1
TF0. . . . . . . . . . . . . . . . . .  ABSBIT   -----  BIT      008DH  1
TF1. . . . . . . . . . . . . . . . . .  ABSBIT   -----  BIT      008FH  1
C51 COMPILER V9.59.0.0   ADC                                                               06/05/2022 11:01:31 PAGE 10  

NAME                                    CLASS   MSPACE  TYPE    OFFSET  SIZE
====                                    =====   ======  ====    ======  ====


IP2. . . . . . . . . . . . . . . . . .  SFR      DATA   U_CHAR   00B5H  1
RL_TH0 . . . . . . . . . . . . . . . .  SFR      DATA   U_CHAR   008CH  1
RB8. . . . . . . . . . . . . . . . . .  ABSBIT   -----  BIT      009AH  1
RL_TH1 . . . . . . . . . . . . . . . .  SFR      DATA   U_CHAR   008DH  1
TH0. . . . . . . . . . . . . . . . . .  SFR      DATA   U_CHAR   008CH  1
EX0. . . . . . . . . . . . . . . . . .  ABSBIT   -----  BIT      00A8H  1
IT0. . . . . . . . . . . . . . . . . .  ABSBIT   -----  BIT      0088H  1
RL_T2H . . . . . . . . . . . . . . . .  SFR      DATA   U_CHAR   00D6H  1
TH1. . . . . . . . . . . . . . . . . .  SFR      DATA   U_CHAR   008DH  1
EX1. . . . . . . . . . . . . . . . . .  ABSBIT   -----  BIT      00AAH  1
TB8. . . . . . . . . . . . . . . . . .  ABSBIT   -----  BIT      009BH  1
IT1. . . . . . . . . . . . . . . . . .  ABSBIT   -----  BIT      008AH  1
RL_T3H . . . . . . . . . . . . . . . .  SFR      DATA   U_CHAR   00D4H  1
TH2. . . . . . . . . . . . . . . . . .  SFR      DATA   U_CHAR   00D6H  1
T2H. . . . . . . . . . . . . . . . . .  SFR      DATA   U_CHAR   00D6H  1
P. . . . . . . . . . . . . . . . . . .  ABSBIT   -----  BIT      00D0H  1
RL_T4H . . . . . . . . . . . . . . . .  SFR      DATA   U_CHAR   00D2H  1
TH3. . . . . . . . . . . . . . . . . .  SFR      DATA   U_CHAR   00D4H  1
T3H. . . . . . . . . . . . . . . . . .  SFR      DATA   U_CHAR   00D4H  1
RL_TL0 . . . . . . . . . . . . . . . .  SFR      DATA   U_CHAR   008AH  1
uint8_t. . . . . . . . . . . . . . . .  TYPEDEF  -----  U_CHAR   -----  1
SM0. . . . . . . . . . . . . . . . . .  ABSBIT   -----  BIT      009FH  1
TH4. . . . . . . . . . . . . . . . . .  SFR      DATA   U_CHAR   00D2H  1
T4H. . . . . . . . . . . . . . . . . .  SFR      DATA   U_CHAR   00D2H  1
RL_TL1 . . . . . . . . . . . . . . . .  SFR      DATA   U_CHAR   008BH  1
TL0. . . . . . . . . . . . . . . . . .  SFR      DATA   U_CHAR   008AH  1
SM1. . . . . . . . . . . . . . . . . .  ABSBIT   -----  BIT      009EH  1
RL_T2L . . . . . . . . . . . . . . . .  SFR      DATA   U_CHAR   00D7H  1
TL1. . . . . . . . . . . . . . . . . .  SFR      DATA   U_CHAR   008BH  1
SM2. . . . . . . . . . . . . . . . . .  ABSBIT   -----  BIT      009DH  1
RL_T3L . . . . . . . . . . . . . . . .  SFR      DATA   U_CHAR   00D5H  1
TL2. . . . . . . . . . . . . . . . . .  SFR      DATA   U_CHAR   00D7H  1
T2L. . . . . . . . . . . . . . . . . .  SFR      DATA   U_CHAR   00D7H  1
RL_T4L . . . . . . . . . . . . . . . .  SFR      DATA   U_CHAR   00D3H  1
TL3. . . . . . . . . . . . . . . . . .  SFR      DATA   U_CHAR   00D5H  1
T3L. . . . . . . . . . . . . . . . . .  SFR      DATA   U_CHAR   00D5H  1
PT0. . . . . . . . . . . . . . . . . .  ABSBIT   -----  BIT      00B9H  1
TL4. . . . . . . . . . . . . . . . . .  SFR      DATA   U_CHAR   00D3H  1
T4L. . . . . . . . . . . . . . . . . .  SFR      DATA   U_CHAR   00D3H  1
PT1. . . . . . . . . . . . . . . . . .  ABSBIT   -----  BIT      00BBH  1
RS0. . . . . . . . . . . . . . . . . .  ABSBIT   -----  BIT      00D3H  1
ISP_CONTR. . . . . . . . . . . . . . .  SFR      DATA   U_CHAR   00C7H  1
TR0. . . . . . . . . . . . . . . . . .  ABSBIT   -----  BIT      008CH  1
RS1. . . . . . . . . . . . . . . . . .  ABSBIT   -----  BIT      00D4H  1
IAP_DATA . . . . . . . . . . . . . . .  SFR      DATA   U_CHAR   00C2H  1
TR1. . . . . . . . . . . . . . . . . .  ABSBIT   -----  BIT      008EH  1
PX0. . . . . . . . . . . . . . . . . .  ABSBIT   -----  BIT      00B8H  1
WDT_CONTR. . . . . . . . . . . . . . .  SFR      DATA   U_CHAR   00C1H  1
PX1. . . . . . . . . . . . . . . . . .  ABSBIT   -----  BIT      00BAH  1
int8_t . . . . . . . . . . . . . . . .  TYPEDEF  -----  CHAR     -----  1
u32. . . . . . . . . . . . . . . . . .  TYPEDEF  -----  U_LONG   -----  4
PCA_PWM0 . . . . . . . . . . . . . . .  SFR      DATA   U_CHAR   00F2H  1
PCA_PWM1 . . . . . . . . . . . . . . .  SFR      DATA   U_CHAR   00F3H  1
u16. . . . . . . . . . . . . . . . . .  TYPEDEF  -----  U_INT    -----  2
PCA_PWM2 . . . . . . . . . . . . . . .  SFR      DATA   U_CHAR   00F4H  1
P1ASF. . . . . . . . . . . . . . . . .  SFR      DATA   U_CHAR   009DH  1
DPH. . . . . . . . . . . . . . . . . .  SFR      DATA   U_CHAR   0083H  1
C51 COMPILER V9.59.0.0   ADC                                                               06/05/2022 11:01:31 PAGE 11  

NAME                                    CLASS   MSPACE  TYPE    OFFSET  SIZE
====                                    =====   ======  ====    ======  ====


T4T3M. . . . . . . . . . . . . . . . .  SFR      DATA   U_CHAR   00D1H  1
ADC_RESL . . . . . . . . . . . . . . .  SFR      DATA   U_CHAR   00BEH  1
DPL. . . . . . . . . . . . . . . . . .  SFR      DATA   U_CHAR   0082H  1
SPSTAT . . . . . . . . . . . . . . . .  SFR      DATA   U_CHAR   00CDH  1
IPH. . . . . . . . . . . . . . . . . .  SFR      DATA   U_CHAR   00B7H  1
S2BUF. . . . . . . . . . . . . . . . .  SFR      DATA   U_CHAR   009BH  1
PCON2. . . . . . . . . . . . . . . . .  SFR      DATA   U_CHAR   0097H  1
S3BUF. . . . . . . . . . . . . . . . .  SFR      DATA   U_CHAR   00ADH  1
REN. . . . . . . . . . . . . . . . . .  ABSBIT   -----  BIT      009CH  1
S4BUF. . . . . . . . . . . . . . . . .  SFR      DATA   U_CHAR   0085H  1
S2CON. . . . . . . . . . . . . . . . .  SFR      DATA   U_CHAR   009AH  1
S3CON. . . . . . . . . . . . . . . . .  SFR      DATA   U_CHAR   00ACH  1
ISP_DATA . . . . . . . . . . . . . . .  SFR      DATA   U_CHAR   00C2H  1
S4CON. . . . . . . . . . . . . . . . .  SFR      DATA   U_CHAR   0084H  1
SADEN. . . . . . . . . . . . . . . . .  SFR      DATA   U_CHAR   00B9H  1
wchar_t. . . . . . . . . . . . . . . .  TYPEDEF  -----  CHAR     -----  1
RXD. . . . . . . . . . . . . . . . . .  ABSBIT   -----  BIT      00B0H  1
SADDR. . . . . . . . . . . . . . . . .  SFR      DATA   U_CHAR   00A9H  1
TXD. . . . . . . . . . . . . . . . . .  ABSBIT   -----  BIT      00B1H  1
_Get_ADC10bitResult. . . . . . . . . .  PUBLIC   CODE   PROC     0000H  -----
  channel. . . . . . . . . . . . . . .  * REG *  DATA   U_CHAR   0007H  1
  adc. . . . . . . . . . . . . . . . .  * REG *  DATA   U_INT    0004H  2
  i. . . . . . . . . . . . . . . . . .  * REG *  DATA   U_CHAR   0003H  1
B0 . . . . . . . . . . . . . . . . . .  ABSBIT   -----  BIT      00F0H  1
B1 . . . . . . . . . . . . . . . . . .  ABSBIT   -----  BIT      00F1H  1
IAP_TRIG . . . . . . . . . . . . . . .  SFR      DATA   U_CHAR   00C6H  1
AUXR1. . . . . . . . . . . . . . . . .  SFR      DATA   U_CHAR   00A2H  1
B2 . . . . . . . . . . . . . . . . . .  ABSBIT   -----  BIT      00F2H  1
SPI_SS . . . . . . . . . . . . . . . .  ABSBIT   -----  BIT      0092H  1
AUXR2. . . . . . . . . . . . . . . . .  SFR      DATA   U_CHAR   008FH  1
B3 . . . . . . . . . . . . . . . . . .  ABSBIT   -----  BIT      00F3H  1
ADC_InitTypeDef. . . . . . . . . . . .  TYPEDEF  -----  STRUCT   -----  6
  ADC_Px . . . . . . . . . . . . . . .  MEMBER   -----  U_CHAR   0000H  1
  ADC_Speed. . . . . . . . . . . . . .  MEMBER   -----  U_CHAR   0001H  1
  ADC_Power. . . . . . . . . . . . . .  MEMBER   -----  U_CHAR   0002H  1
  ADC_AdjResult. . . . . . . . . . . .  MEMBER   -----  U_CHAR   0003H  1
  ADC_Polity . . . . . . . . . . . . .  MEMBER   -----  U_CHAR   0004H  1
  ADC_Interrupt. . . . . . . . . . . .  MEMBER   -----  U_CHAR   0005H  1
B4 . . . . . . . . . . . . . . . . . .  ABSBIT   -----  BIT      00F4H  1
F0 . . . . . . . . . . . . . . . . . .  ABSBIT   -----  BIT      00D5H  1
B5 . . . . . . . . . . . . . . . . . .  ABSBIT   -----  BIT      00F5H  1
F1 . . . . . . . . . . . . . . . . . .  ABSBIT   -----  BIT      00D1H  1
INT_CLKO . . . . . . . . . . . . . . .  SFR      DATA   U_CHAR   008FH  1
B6 . . . . . . . . . . . . . . . . . .  ABSBIT   -----  BIT      00F6H  1
ACC0 . . . . . . . . . . . . . . . . .  ABSBIT   -----  BIT      00E0H  1
B7 . . . . . . . . . . . . . . . . . .  ABSBIT   -----  BIT      00F7H  1
ACC1 . . . . . . . . . . . . . . . . .  ABSBIT   -----  BIT      00E1H  1
ACC2 . . . . . . . . . . . . . . . . .  ABSBIT   -----  BIT      00E2H  1
ACC3 . . . . . . . . . . . . . . . . .  ABSBIT   -----  BIT      00E3H  1
PSW. . . . . . . . . . . . . . . . . .  SFR      DATA   U_CHAR   00D0H  1
ACC4 . . . . . . . . . . . . . . . . .  ABSBIT   -----  BIT      00E4H  1
SPI_SCLK . . . . . . . . . . . . . . .  ABSBIT   -----  BIT      0095H  1
CCF0 . . . . . . . . . . . . . . . . .  ABSBIT   -----  BIT      00D8H  1
ACC5 . . . . . . . . . . . . . . . . .  ABSBIT   -----  BIT      00E5H  1
uint32_t . . . . . . . . . . . . . . .  TYPEDEF  -----  U_LONG   -----  4
CCF1 . . . . . . . . . . . . . . . . .  ABSBIT   -----  BIT      00D9H  1
ACC6 . . . . . . . . . . . . . . . . .  ABSBIT   -----  BIT      00E6H  1
C51 COMPILER V9.59.0.0   ADC                                                               06/05/2022 11:01:31 PAGE 12  

NAME                                    CLASS   MSPACE  TYPE    OFFSET  SIZE
====                                    =====   ======  ====    ======  ====


SPDAT. . . . . . . . . . . . . . . . .  SFR      DATA   U_CHAR   00CFH  1
P0M0 . . . . . . . . . . . . . . . . .  SFR      DATA   U_CHAR   0094H  1


MODULE INFORMATION:   STATIC OVERLAYABLE
   CODE SIZE        =    206    ----
   CONSTANT SIZE    =   ----    ----
   XDATA SIZE       =   ----    ----
   PDATA SIZE       =   ----    ----
   DATA SIZE        =   ----    ----
   IDATA SIZE       =   ----    ----
   BIT SIZE         =   ----    ----
   EDATA SIZE       =   ----    ----
   HDATA SIZE       =   ----    ----
   XDATA CONST SIZE =   ----    ----
   FAR CONST SIZE   =   ----    ----
END OF MODULE INFORMATION.


C51 COMPILATION COMPLETE.  0 WARNING(S),  0 ERROR(S)
