C51 COMPILER V9.59.0.0   DELAY                                                             06/05/2022 11:01:31 PAGE 1   


C51 COMPILER V9.59.0.0, COMPILATION OF MODULE DELAY
OBJECT MODULE PLACED IN .\build\Release\lib\stc15_lib\src\delay.o
COMPILER INVOKED BY: D:\PhPython\Keil5\C51\BIN\C51.exe .\LIB\STC15_LIB\SRC\DELAY.C PRINT(.\build\Release\lib\stc15_lib\s
                    -rc\delay.lst) OMF2 TABS(4) CODE NOCOND SYMBOLS OPTIMIZE(8,SPEED) SMALL ROM(LARGE) INCDIR(D:\PhPython\Keil5\C51\INC;.\src
                    -;.\lib\stc15_lib;.\lib\stc15_lib\src;.\lib\stc15_lib\include) DEFINE(DEBUG,__UVISION_VERSION=526) OBJECT(.\build\Release
                    -\lib\stc15_lib\src\delay.o)

line level    source

   1          
   2          /*---------------------------------------------------------------------*/
   3          /* --- STC MCU International Limited ----------------------------------*/
   4          /* --- STC 1T Series MCU Demo Programme -------------------------------*/
   5          /* --- Mobile: (86)13922805190 ----------------------------------------*/
   6          /* --- Fax: 86-0513-55012956,55012947,55012969 ------------------------*/
   7          /* --- Tel: 86-0513-55012928,55012929,55012966 ------------------------*/
   8          /* --- Web: www.GXWMCU.com --------------------------------------------*/
   9          /* --- QQ:  800003751 -------------------------------------------------*/
  10          /* 如果要在程序中使用此代码,请在程序中注明使用了宏晶科技的资料及程序   */
  11          /*---------------------------------------------------------------------*/
  12          
  13          /*************  功能说明    **************
  14          
  15          本文件为STC15xxx系列的延时程序,用户几乎可以不修改这个程序.
  16          
  17          ******************************************/
  18          
  19          #include "delay.h"
  20          
  21          //========================================================================
  22          // 函数: void  delay_ms(unsigned char ms)
  23          // 描述: 延时函数。
  24          // 参数: ms,要延时的ms数, 这里只支持1~255ms. 自动适应主时钟.
  25          // 返回: none.
  26          // 版本: VER1.0
  27          // 日期: 2013-4-1
  28          // 备注:
  29          //========================================================================
  30          void delay_ms(unsigned char ms)
  31          {
  32   1          unsigned int i;
  33   1          do
  34   1          {
  35   2              i = MAIN_Fosc / 13000;
  36   2              while (--i)
  37   2                  ; //14T per loop
  38   2          } while (--ms);
  39   1      }
  40          
  41          //-----------------------------------
  42          
  43          #define T0_IsTimeout() TF0 == 1
  44          #define T0_ResetTimeout() TF0 = 0
  45          
  46          u8 _unit;
  47          u16 _loopMax, _loopCount, _lastReloadVal;
  48          
  49          void DelayInit()
  50          {
  51   1          TIM_InitTypeDef timerDef;
  52   1          timerDef.TIM_Mode = TIM_16BitAutoReload;
C51 COMPILER V9.59.0.0   DELAY                                                             06/05/2022 11:01:31 PAGE 2   

  53   1          timerDef.TIM_ClkOut = DISABLE;
  54   1          timerDef.TIM_ClkSource = TIM_CLOCK_1T;
  55   1          timerDef.TIM_Interrupt = DISABLE;
  56   1          timerDef.TIM_Polity = PolityLow;
  57   1          timerDef.TIM_Run = DISABLE;
  58   1          timerDef.TIM_Value = 0x00;
  59   1      
  60   1          _unit = MainFosc_KHZ / 1000U;
  61   1      
  62   1          Timer_Inilize(0, &timerDef);
  63   1      }
  64          
  65          void Delayms(u16 ms)
  66          {
  67   1          unsigned long val = ms * _unit * 1000UL;
  68   1          _loopMax = val / 0x10000U + 1;
  69   1          _lastReloadVal = 0x10000U - (val % 0x10000U);
  70   1          _loopCount = 0;
  71   1      
  72   1          TR0 = 0;
  73   1      
  74   1          Timer0_Load(_loopMax == 1 ? _lastReloadVal : 0x00);
  75   1      
  76   1          TR0 = 1;
  77   1      
  78   1          while (_loopCount < _loopMax)
  79   1          {
  80   2              while (!T0_IsTimeout())
  81   2                  ;
  82   2      
  83   2              T0_ResetTimeout();
  84   2      
  85   2              _loopCount++;
  86   2      
  87   2              if (_loopCount == _loopMax - 1)
  88   2              {
  89   3                  Timer0_Load(_lastReloadVal);
  90   3              }
  91   2          }
  92   1      
  93   1          TR0 = 0;
  94   1      }
C51 COMPILER V9.59.0.0   DELAY                                                             06/05/2022 11:01:31 PAGE 3   

ASSEMBLY LISTING OF GENERATED OBJECT CODE


             ; FUNCTION _delay_ms (BEGIN)
                                           ; SOURCE LINE # 30
;---- Variable 'ms' assigned to Register 'R7' ----
                                           ; SOURCE LINE # 31
0000         ?C0003:
                                           ; SOURCE LINE # 34
                                           ; SOURCE LINE # 35
;---- Variable 'i' assigned to Register 'R4/R5' ----
0000 7D9B              MOV     R5,#09BH
0002 7C03              MOV     R4,#03H
0004         ?C0004:
                                           ; SOURCE LINE # 36
0004 ED                MOV     A,R5
0005 1D                DEC     R5
0006 7001              JNZ     ?C0018
0008 1C                DEC     R4
0009         ?C0018:
0009 14                DEC     A
000A 4C                ORL     A,R4
000B 70F7              JNZ     ?C0004
                                           ; SOURCE LINE # 38
000D DFF1              DJNZ    R7,?C0003
                                           ; SOURCE LINE # 39
000F 22                RET     
             ; FUNCTION _delay_ms (END)

             ; FUNCTION DelayInit (BEGIN)
                                           ; SOURCE LINE # 49
                                           ; SOURCE LINE # 50
                                           ; SOURCE LINE # 52
0000 E4                CLR     A
0001 F500        R     MOV     timerDef,A
                                           ; SOURCE LINE # 53
0003 F500        R     MOV     timerDef+04H,A
                                           ; SOURCE LINE # 54
0005 F500        R     MOV     timerDef+03H,A
                                           ; SOURCE LINE # 55
0007 F500        R     MOV     timerDef+02H,A
                                           ; SOURCE LINE # 56
0009 F500        R     MOV     timerDef+01H,A
                                           ; SOURCE LINE # 57
000B F500        R     MOV     timerDef+07H,A
                                           ; SOURCE LINE # 58
000D F500        R     MOV     timerDef+05H,A
000F F500        R     MOV     timerDef+06H,A
                                           ; SOURCE LINE # 60
0011 75000C      R     MOV     _unit,#0CH
                                           ; SOURCE LINE # 62
0014 FB                MOV     R3,A
0015 7A00        R     MOV     R2,#HIGH timerDef
0017 7900        R     MOV     R1,#LOW timerDef
0019 FF                MOV     R7,A
001A 020000      E     LJMP    _Timer_Inilize
             ; FUNCTION DelayInit (END)

             ; FUNCTION _Delayms (BEGIN)
                                           ; SOURCE LINE # 65
;---- Variable 'ms' assigned to Register 'R4/R5' ----
0000 AD07              MOV     R5,AR7
C51 COMPILER V9.59.0.0   DELAY                                                             06/05/2022 11:01:31 PAGE 4   

0002 AC06              MOV     R4,AR6
                                           ; SOURCE LINE # 66
                                           ; SOURCE LINE # 67
0004 AF00        R     MOV     R7,_unit
0006 7E00              MOV     R6,#00H
0008 120000      E     LCALL   ?C?IMUL
000B 7C03              MOV     R4,#03H
000D 7DE8              MOV     R5,#0E8H
000F 120000      E     LCALL   ?C?LIMUL
0012 8F00        R     MOV     val+03H,R7
0014 8E00        R     MOV     val+02H,R6
0016 8D00        R     MOV     val+01H,R5
0018 8C00        R     MOV     val,R4
                                           ; SOURCE LINE # 68
001A E4                CLR     A
001B FB                MOV     R3,A
001C FA                MOV     R2,A
001D 7901              MOV     R1,#01H
001F F8                MOV     R0,A
0020 120000      E     LCALL   ?C?ULDIV
0023 EF                MOV     A,R7
0024 2401              ADD     A,#01H
0026 F500        R     MOV     _loopMax+01H,A
0028 E4                CLR     A
0029 3E                ADDC    A,R6
002A F500        R     MOV     _loopMax,A
                                           ; SOURCE LINE # 69
002C E500        R     MOV     A,val+03H
002E FF                MOV     R7,A
002F E500        R     MOV     A,val+02H
0031 FE                MOV     R6,A
0032 E4                CLR     A
0033 C3                CLR     C
0034 9F                SUBB    A,R7
0035 F500        R     MOV     _lastReloadVal+01H,A
0037 E4                CLR     A
0038 9E                SUBB    A,R6
0039 F500        R     MOV     _lastReloadVal,A
                                           ; SOURCE LINE # 70
003B E4                CLR     A
003C F500        R     MOV     _loopCount,A
003E F500        R     MOV     _loopCount+01H,A
                                           ; SOURCE LINE # 72
0040 C28C              CLR     TR0
                                           ; SOURCE LINE # 74
0042 E500        R     MOV     A,_loopMax+01H
0044 6401              XRL     A,#01H
0046 4500        R     ORL     A,_loopMax
0048 7E00              MOV     R6,#00H
004A 7002              JNZ     ?C0008
004C AE00        R     MOV     R6,_lastReloadVal
004E         ?C0008:
004E         ?C0009:
004E EE                MOV     A,R6
004F F58C              MOV     TH0,A
0051 E500        R     MOV     A,_loopMax+01H
0053 6401              XRL     A,#01H
0055 4500        R     ORL     A,_loopMax
0057 7004              JNZ     ?C0010
0059 AF00        R     MOV     R7,_lastReloadVal+01H
005B 8002              SJMP    ?C0011
005D         ?C0010:
C51 COMPILER V9.59.0.0   DELAY                                                             06/05/2022 11:01:31 PAGE 5   

005D 7F00              MOV     R7,#00H
005F         ?C0011:
005F 8F8A              MOV     TL0,R7
                                           ; SOURCE LINE # 76
0061 D28C              SETB    TR0
0063         ?C0012:
                                           ; SOURCE LINE # 78
0063 C3                CLR     C
0064 E500        R     MOV     A,_loopCount+01H
0066 9500        R     SUBB    A,_loopMax+01H
0068 E500        R     MOV     A,_loopCount
006A 9500        R     SUBB    A,_loopMax
006C 502A              JNC     ?C0013
                                           ; SOURCE LINE # 79
006E         ?C0014:
                                           ; SOURCE LINE # 80
006E A28D              MOV     C,TF0
0070 B3                CPL     C
0071 40FB              JC      ?C0014
                                           ; SOURCE LINE # 83
0073 C28D              CLR     TF0
                                           ; SOURCE LINE # 85
0075 0500        R     INC     _loopCount+01H
0077 E500        R     MOV     A,_loopCount+01H
0079 7002              JNZ     ?C0019
007B 0500        R     INC     _loopCount
007D         ?C0019:
                                           ; SOURCE LINE # 87
007D E500        R     MOV     A,_loopMax+01H
007F 24FF              ADD     A,#0FFH
0081 FF                MOV     R7,A
0082 E500        R     MOV     A,_loopMax
0084 34FF              ADDC    A,#0FFH
0086 FE                MOV     R6,A
0087 EF                MOV     A,R7
0088 B500D8            CJNE    A,_loopCount+01H,?C0012
008B EE                MOV     A,R6
008C B500D4            CJNE    A,_loopCount,?C0012
                                           ; SOURCE LINE # 88
                                           ; SOURCE LINE # 89
008F E500        R     MOV     A,_lastReloadVal
0091 F58C              MOV     TH0,A
0093 85008A      R     MOV     TL0,_lastReloadVal+01H
                                           ; SOURCE LINE # 90
                                           ; SOURCE LINE # 91
0096 80CB              SJMP    ?C0012
0098         ?C0013:
                                           ; SOURCE LINE # 93
0098 C28C              CLR     TR0
                                           ; SOURCE LINE # 94
009A 22                RET     
             ; FUNCTION _Delayms (END)

C51 COMPILER V9.59.0.0   DELAY                                                             06/05/2022 11:01:31 PAGE 6   

NAME                                    CLASS   MSPACE  TYPE    OFFSET  SIZE
====                                    =====   ======  ====    ======  ====


CCF2 . . . . . . . . . . . . . . . . .  ABSBIT   -----  BIT      00DAH  1
ACC7 . . . . . . . . . . . . . . . . .  ABSBIT   -----  BIT      00E7H  1
P0M1 . . . . . . . . . . . . . . . . .  SFR      DATA   U_CHAR   0093H  1
P1M0 . . . . . . . . . . . . . . . . .  SFR      DATA   U_CHAR   0092H  1
uint16_t . . . . . . . . . . . . . . .  TYPEDEF  -----  U_INT    -----  2
P2M0 . . . . . . . . . . . . . . . . .  SFR      DATA   U_CHAR   0096H  1
P1M1 . . . . . . . . . . . . . . . . .  SFR      DATA   U_CHAR   0091H  1
P0 . . . . . . . . . . . . . . . . . .  SFR      DATA   U_CHAR   0080H  1
P3M0 . . . . . . . . . . . . . . . . .  SFR      DATA   U_CHAR   00B2H  1
P2M1 . . . . . . . . . . . . . . . . .  SFR      DATA   U_CHAR   0095H  1
P1 . . . . . . . . . . . . . . . . . .  SFR      DATA   U_CHAR   0090H  1
P4M0 . . . . . . . . . . . . . . . . .  SFR      DATA   U_CHAR   00B4H  1
P3M1 . . . . . . . . . . . . . . . . .  SFR      DATA   U_CHAR   00B1H  1
P2 . . . . . . . . . . . . . . . . . .  SFR      DATA   U_CHAR   00A0H  1
P5M0 . . . . . . . . . . . . . . . . .  SFR      DATA   U_CHAR   00CAH  1
P4M1 . . . . . . . . . . . . . . . . .  SFR      DATA   U_CHAR   00B3H  1
P3 . . . . . . . . . . . . . . . . . .  SFR      DATA   U_CHAR   00B0H  1
WKTCH. . . . . . . . . . . . . . . . .  SFR      DATA   U_CHAR   00ABH  1
T0 . . . . . . . . . . . . . . . . . .  ABSBIT   -----  BIT      00B4H  1
AC . . . . . . . . . . . . . . . . . .  ABSBIT   -----  BIT      00D6H  1
P6M0 . . . . . . . . . . . . . . . . .  SFR      DATA   U_CHAR   00CCH  1
P5M1 . . . . . . . . . . . . . . . . .  SFR      DATA   U_CHAR   00C9H  1
P4 . . . . . . . . . . . . . . . . . .  SFR      DATA   U_CHAR   00C0H  1
CLKOUT0. . . . . . . . . . . . . . . .  ABSBIT   -----  BIT      00B5H  1
T1 . . . . . . . . . . . . . . . . . .  ABSBIT   -----  BIT      00B5H  1
P7M0 . . . . . . . . . . . . . . . . .  SFR      DATA   U_CHAR   00E2H  1
P6M1 . . . . . . . . . . . . . . . . .  SFR      DATA   U_CHAR   00CBH  1
P5 . . . . . . . . . . . . . . . . . .  SFR      DATA   U_CHAR   00C8H  1
ISP_TRIG . . . . . . . . . . . . . . .  SFR      DATA   U_CHAR   00C6H  1
EA . . . . . . . . . . . . . . . . . .  ABSBIT   -----  BIT      00AFH  1
CLKOUT1. . . . . . . . . . . . . . . .  ABSBIT   -----  BIT      00B4H  1
SPI_SS_2 . . . . . . . . . . . . . . .  ABSBIT   -----  BIT      00A4H  1
P6 . . . . . . . . . . . . . . . . . .  SFR      DATA   U_CHAR   00E8H  1
P7M1 . . . . . . . . . . . . . . . . .  SFR      DATA   U_CHAR   00E1H  1
SPI_SS_3 . . . . . . . . . . . . . . .  ABSBIT   -----  BIT      00CCH  1
SPI_MISO . . . . . . . . . . . . . . .  ABSBIT   -----  BIT      0094H  1
SPI_MOSI . . . . . . . . . . . . . . .  ABSBIT   -----  BIT      0093H  1
CCP0 . . . . . . . . . . . . . . . . .  ABSBIT   -----  BIT      0091H  1
P7 . . . . . . . . . . . . . . . . . .  SFR      DATA   U_CHAR   00F8H  1
WKTCL. . . . . . . . . . . . . . . . .  SFR      DATA   U_CHAR   00AAH  1
int32_t. . . . . . . . . . . . . . . .  TYPEDEF  -----  LONG     -----  4
CCP1 . . . . . . . . . . . . . . . . .  ABSBIT   -----  BIT      0090H  1
SPCTL. . . . . . . . . . . . . . . . .  SFR      DATA   U_CHAR   00CEH  1
DelayInit. . . . . . . . . . . . . . .  PUBLIC   CODE   PROC     0000H  -----
  timerDef . . . . . . . . . . . . . .  AUTO     DATA   STRUCT   0000H  8
CF . . . . . . . . . . . . . . . . . .  ABSBIT   -----  BIT      00DFH  1
CCP2 . . . . . . . . . . . . . . . . .  ABSBIT   -----  BIT      00B7H  1
int16_t. . . . . . . . . . . . . . . .  TYPEDEF  -----  INT      -----  2
CH . . . . . . . . . . . . . . . . . .  SFR      DATA   U_CHAR   00F9H  1
P_SW1. . . . . . . . . . . . . . . . .  SFR      DATA   U_CHAR   00A2H  1
P_SW2. . . . . . . . . . . . . . . . .  SFR      DATA   U_CHAR   00BAH  1
EADC . . . . . . . . . . . . . . . . .  ABSBIT   -----  BIT      00ADH  1
SPI_SCLK_2 . . . . . . . . . . . . . .  ABSBIT   -----  BIT      00A1H  1
IE . . . . . . . . . . . . . . . . . .  SFR      DATA   U_CHAR   00A8H  1
SPI_SCLK_3 . . . . . . . . . . . . . .  ABSBIT   -----  BIT      00C3H  1
CL . . . . . . . . . . . . . . . . . .  SFR      DATA   U_CHAR   00E9H  1
IAP_CMD. . . . . . . . . . . . . . . .  SFR      DATA   U_CHAR   00C5H  1
C51 COMPILER V9.59.0.0   DELAY                                                             06/05/2022 11:01:31 PAGE 7   

NAME                                    CLASS   MSPACE  TYPE    OFFSET  SIZE
====                                    =====   ======  ====    ======  ====


CCAP0H . . . . . . . . . . . . . . . .  SFR      DATA   U_CHAR   00FAH  1
CCAP1H . . . . . . . . . . . . . . . .  SFR      DATA   U_CHAR   00FBH  1
size_t . . . . . . . . . . . . . . . .  TYPEDEF  -----  U_INT    -----  2
CCAP2H . . . . . . . . . . . . . . . .  SFR      DATA   U_CHAR   00FCH  1
ADC_RES. . . . . . . . . . . . . . . .  SFR      DATA   U_CHAR   00BDH  1
IPH2 . . . . . . . . . . . . . . . . .  SFR      DATA   U_CHAR   00B6H  1
CR . . . . . . . . . . . . . . . . . .  ABSBIT   -----  BIT      00DEH  1
CCAP0L . . . . . . . . . . . . . . . .  SFR      DATA   U_CHAR   00EAH  1
RD . . . . . . . . . . . . . . . . . .  ABSBIT   -----  BIT      00B7H  1
CCAP1L . . . . . . . . . . . . . . . .  SFR      DATA   U_CHAR   00EBH  1
CCAPM0 . . . . . . . . . . . . . . . .  SFR      DATA   U_CHAR   00DAH  1
_lastReloadVal . . . . . . . . . . . .  PUBLIC   DATA   U_INT    0000H  2
CCAP2L . . . . . . . . . . . . . . . .  SFR      DATA   U_CHAR   00ECH  1
CCAPM1 . . . . . . . . . . . . . . . .  SFR      DATA   U_CHAR   00DBH  1
TIM_InitTypeDef. . . . . . . . . . . .  TYPEDEF  -----  STRUCT   -----  8
  TIM_Mode . . . . . . . . . . . . . .  MEMBER   -----  U_CHAR   0000H  1
  TIM_Polity . . . . . . . . . . . . .  MEMBER   -----  U_CHAR   0001H  1
  TIM_Interrupt. . . . . . . . . . . .  MEMBER   -----  U_CHAR   0002H  1
  TIM_ClkSource. . . . . . . . . . . .  MEMBER   -----  U_CHAR   0003H  1
  TIM_ClkOut . . . . . . . . . . . . .  MEMBER   -----  U_CHAR   0004H  1
  TIM_Value. . . . . . . . . . . . . .  MEMBER   -----  U_INT    0005H  2
  TIM_Run. . . . . . . . . . . . . . .  MEMBER   -----  U_CHAR   0007H  1
ES . . . . . . . . . . . . . . . . . .  ABSBIT   -----  BIT      00ACH  1
CCAPM2 . . . . . . . . . . . . . . . .  SFR      DATA   U_CHAR   00DCH  1
PADC . . . . . . . . . . . . . . . . .  ABSBIT   -----  BIT      00BDH  1
SPI_MISO_2 . . . . . . . . . . . . . .  ABSBIT   -----  BIT      00A2H  1
SPI_MOSI_2 . . . . . . . . . . . . . .  ABSBIT   -----  BIT      00A3H  1
IP . . . . . . . . . . . . . . . . . .  SFR      DATA   U_CHAR   00B8H  1
SPI_MISO_3 . . . . . . . . . . . . . .  ABSBIT   -----  BIT      00C1H  1
SPI_MOSI_3 . . . . . . . . . . . . . .  ABSBIT   -----  BIT      00C0H  1
RI . . . . . . . . . . . . . . . . . .  ABSBIT   -----  BIT      0098H  1
INT0 . . . . . . . . . . . . . . . . .  ABSBIT   -----  BIT      00B2H  1
CY . . . . . . . . . . . . . . . . . .  ABSBIT   -----  BIT      00D7H  1
TI . . . . . . . . . . . . . . . . . .  ABSBIT   -----  BIT      0099H  1
INT1 . . . . . . . . . . . . . . . . .  ABSBIT   -----  BIT      00B3H  1
CLK_DIV. . . . . . . . . . . . . . . .  SFR      DATA   U_CHAR   0097H  1
IAP_ADDRH. . . . . . . . . . . . . . .  SFR      DATA   U_CHAR   00C3H  1
RXD2 . . . . . . . . . . . . . . . . .  ABSBIT   -----  BIT      0090H  1
_unit. . . . . . . . . . . . . . . . .  PUBLIC   DATA   U_CHAR   0002H  1
ISP_CMD. . . . . . . . . . . . . . . .  SFR      DATA   U_CHAR   00C5H  1
PS . . . . . . . . . . . . . . . . . .  ABSBIT   -----  BIT      00BCH  1
TXD2 . . . . . . . . . . . . . . . . .  ABSBIT   -----  BIT      0091H  1
SP . . . . . . . . . . . . . . . . . .  SFR      DATA   U_CHAR   0081H  1
CMOD . . . . . . . . . . . . . . . . .  SFR      DATA   U_CHAR   00D9H  1
CCON . . . . . . . . . . . . . . . . .  SFR      DATA   U_CHAR   00D8H  1
IAP_ADDRL. . . . . . . . . . . . . . .  SFR      DATA   U_CHAR   00C4H  1
PPCA . . . . . . . . . . . . . . . . .  ABSBIT   -----  BIT      00BFH  1
OV . . . . . . . . . . . . . . . . . .  ABSBIT   -----  BIT      00D2H  1
_loopCount . . . . . . . . . . . . . .  PUBLIC   DATA   U_INT    0003H  2
WR . . . . . . . . . . . . . . . . . .  ABSBIT   -----  BIT      00B6H  1
ELVD . . . . . . . . . . . . . . . . .  ABSBIT   -----  BIT      00AEH  1
u8 . . . . . . . . . . . . . . . . . .  TYPEDEF  -----  U_CHAR   -----  1
P00. . . . . . . . . . . . . . . . . .  ABSBIT   -----  BIT      0080H  1
P10. . . . . . . . . . . . . . . . . .  ABSBIT   -----  BIT      0090H  1
P01. . . . . . . . . . . . . . . . . .  ABSBIT   -----  BIT      0081H  1
ADC_CONTR. . . . . . . . . . . . . . .  SFR      DATA   U_CHAR   00BCH  1
SBUF . . . . . . . . . . . . . . . . .  SFR      DATA   U_CHAR   0099H  1
C51 COMPILER V9.59.0.0   DELAY                                                             06/05/2022 11:01:31 PAGE 8   

NAME                                    CLASS   MSPACE  TYPE    OFFSET  SIZE
====                                    =====   ======  ====    ======  ====


PCON . . . . . . . . . . . . . . . . .  SFR      DATA   U_CHAR   0087H  1
P20. . . . . . . . . . . . . . . . . .  ABSBIT   -----  BIT      00A0H  1
P11. . . . . . . . . . . . . . . . . .  ABSBIT   -----  BIT      0091H  1
P02. . . . . . . . . . . . . . . . . .  ABSBIT   -----  BIT      0082H  1
ISP_ADDRH. . . . . . . . . . . . . . .  SFR      DATA   U_CHAR   00C3H  1
P30. . . . . . . . . . . . . . . . . .  ABSBIT   -----  BIT      00B0H  1
P21. . . . . . . . . . . . . . . . . .  ABSBIT   -----  BIT      00A1H  1
P12. . . . . . . . . . . . . . . . . .  ABSBIT   -----  BIT      0092H  1
P03. . . . . . . . . . . . . . . . . .  ABSBIT   -----  BIT      0083H  1
P40. . . . . . . . . . . . . . . . . .  ABSBIT   -----  BIT      00C0H  1
P31. . . . . . . . . . . . . . . . . .  ABSBIT   -----  BIT      00B1H  1
P22. . . . . . . . . . . . . . . . . .  ABSBIT   -----  BIT      00A2H  1
P13. . . . . . . . . . . . . . . . . .  ABSBIT   -----  BIT      0093H  1
P04. . . . . . . . . . . . . . . . . .  ABSBIT   -----  BIT      0084H  1
SCON . . . . . . . . . . . . . . . . .  SFR      DATA   U_CHAR   0098H  1
WAKE_CLKO. . . . . . . . . . . . . . .  SFR      DATA   U_CHAR   008FH  1
P50. . . . . . . . . . . . . . . . . .  ABSBIT   -----  BIT      00C8H  1
P41. . . . . . . . . . . . . . . . . .  ABSBIT   -----  BIT      00C1H  1
P32. . . . . . . . . . . . . . . . . .  ABSBIT   -----  BIT      00B2H  1
P23. . . . . . . . . . . . . . . . . .  ABSBIT   -----  BIT      00A3H  1
P14. . . . . . . . . . . . . . . . . .  ABSBIT   -----  BIT      0094H  1
P05. . . . . . . . . . . . . . . . . .  ABSBIT   -----  BIT      0085H  1
TMOD . . . . . . . . . . . . . . . . .  SFR      DATA   U_CHAR   0089H  1
TCON . . . . . . . . . . . . . . . . .  SFR      DATA   U_CHAR   0088H  1
P51. . . . . . . . . . . . . . . . . .  ABSBIT   -----  BIT      00C9H  1
P42. . . . . . . . . . . . . . . . . .  ABSBIT   -----  BIT      00C2H  1
P33. . . . . . . . . . . . . . . . . .  ABSBIT   -----  BIT      00B3H  1
P24. . . . . . . . . . . . . . . . . .  ABSBIT   -----  BIT      00A4H  1
P15. . . . . . . . . . . . . . . . . .  ABSBIT   -----  BIT      0095H  1
P06. . . . . . . . . . . . . . . . . .  ABSBIT   -----  BIT      0086H  1
ISP_ADDRL. . . . . . . . . . . . . . .  SFR      DATA   U_CHAR   00C4H  1
PLVD . . . . . . . . . . . . . . . . .  ABSBIT   -----  BIT      00BEH  1
P52. . . . . . . . . . . . . . . . . .  ABSBIT   -----  BIT      00CAH  1
P43. . . . . . . . . . . . . . . . . .  ABSBIT   -----  BIT      00C3H  1
P34. . . . . . . . . . . . . . . . . .  ABSBIT   -----  BIT      00B4H  1
P25. . . . . . . . . . . . . . . . . .  ABSBIT   -----  BIT      00A5H  1
P16. . . . . . . . . . . . . . . . . .  ABSBIT   -----  BIT      0096H  1
P07. . . . . . . . . . . . . . . . . .  ABSBIT   -----  BIT      0087H  1
P53. . . . . . . . . . . . . . . . . .  ABSBIT   -----  BIT      00CBH  1
P44. . . . . . . . . . . . . . . . . .  ABSBIT   -----  BIT      00C4H  1
P35. . . . . . . . . . . . . . . . . .  ABSBIT   -----  BIT      00B5H  1
P26. . . . . . . . . . . . . . . . . .  ABSBIT   -----  BIT      00A6H  1
P17. . . . . . . . . . . . . . . . . .  ABSBIT   -----  BIT      0097H  1
P54. . . . . . . . . . . . . . . . . .  ABSBIT   -----  BIT      00CCH  1
P45. . . . . . . . . . . . . . . . . .  ABSBIT   -----  BIT      00C5H  1
P36. . . . . . . . . . . . . . . . . .  ABSBIT   -----  BIT      00B6H  1
P27. . . . . . . . . . . . . . . . . .  ABSBIT   -----  BIT      00A7H  1
P55. . . . . . . . . . . . . . . . . .  ABSBIT   -----  BIT      00CDH  1
P46. . . . . . . . . . . . . . . . . .  ABSBIT   -----  BIT      00C6H  1
P37. . . . . . . . . . . . . . . . . .  ABSBIT   -----  BIT      00B7H  1
P56. . . . . . . . . . . . . . . . . .  ABSBIT   -----  BIT      00CEH  1
P47. . . . . . . . . . . . . . . . . .  ABSBIT   -----  BIT      00C7H  1
P57. . . . . . . . . . . . . . . . . .  ABSBIT   -----  BIT      00CFH  1
_Timer_Inilize . . . . . . . . . . . .  EXTERN   CODE   PROC     -----  -----
IE0. . . . . . . . . . . . . . . . . .  ABSBIT   -----  BIT      0089H  1
BUS_SPEED. . . . . . . . . . . . . . .  SFR      DATA   U_CHAR   00A1H  1
IE1. . . . . . . . . . . . . . . . . .  ABSBIT   -----  BIT      008BH  1
C51 COMPILER V9.59.0.0   DELAY                                                             06/05/2022 11:01:31 PAGE 9   

NAME                                    CLASS   MSPACE  TYPE    OFFSET  SIZE
====                                    =====   ======  ====    ======  ====


IE2. . . . . . . . . . . . . . . . . .  SFR      DATA   U_CHAR   00AFH  1
B. . . . . . . . . . . . . . . . . . .  SFR      DATA   U_CHAR   00F0H  1
AUXR . . . . . . . . . . . . . . . . .  SFR      DATA   U_CHAR   008EH  1
IAP_CONTR. . . . . . . . . . . . . . .  SFR      DATA   U_CHAR   00C7H  1
_loopMax . . . . . . . . . . . . . . .  PUBLIC   DATA   U_INT    0005H  2
ACC. . . . . . . . . . . . . . . . . .  SFR      DATA   U_CHAR   00E0H  1
ptrdiff_t. . . . . . . . . . . . . . .  TYPEDEF  -----  LONG     -----  4
ET0. . . . . . . . . . . . . . . . . .  ABSBIT   -----  BIT      00A9H  1
ET1. . . . . . . . . . . . . . . . . .  ABSBIT   -----  BIT      00ABH  1
TF0. . . . . . . . . . . . . . . . . .  ABSBIT   -----  BIT      008DH  1
TF1. . . . . . . . . . . . . . . . . .  ABSBIT   -----  BIT      008FH  1
IP2. . . . . . . . . . . . . . . . . .  SFR      DATA   U_CHAR   00B5H  1
RL_TH0 . . . . . . . . . . . . . . . .  SFR      DATA   U_CHAR   008CH  1
RB8. . . . . . . . . . . . . . . . . .  ABSBIT   -----  BIT      009AH  1
RL_TH1 . . . . . . . . . . . . . . . .  SFR      DATA   U_CHAR   008DH  1
TH0. . . . . . . . . . . . . . . . . .  SFR      DATA   U_CHAR   008CH  1
EX0. . . . . . . . . . . . . . . . . .  ABSBIT   -----  BIT      00A8H  1
IT0. . . . . . . . . . . . . . . . . .  ABSBIT   -----  BIT      0088H  1
RL_T2H . . . . . . . . . . . . . . . .  SFR      DATA   U_CHAR   00D6H  1
TH1. . . . . . . . . . . . . . . . . .  SFR      DATA   U_CHAR   008DH  1
EX1. . . . . . . . . . . . . . . . . .  ABSBIT   -----  BIT      00AAH  1
TB8. . . . . . . . . . . . . . . . . .  ABSBIT   -----  BIT      009BH  1
IT1. . . . . . . . . . . . . . . . . .  ABSBIT   -----  BIT      008AH  1
RL_T3H . . . . . . . . . . . . . . . .  SFR      DATA   U_CHAR   00D4H  1
TH2. . . . . . . . . . . . . . . . . .  SFR      DATA   U_CHAR   00D6H  1
T2H. . . . . . . . . . . . . . . . . .  SFR      DATA   U_CHAR   00D6H  1
P. . . . . . . . . . . . . . . . . . .  ABSBIT   -----  BIT      00D0H  1
RL_T4H . . . . . . . . . . . . . . . .  SFR      DATA   U_CHAR   00D2H  1
TH3. . . . . . . . . . . . . . . . . .  SFR      DATA   U_CHAR   00D4H  1
T3H. . . . . . . . . . . . . . . . . .  SFR      DATA   U_CHAR   00D4H  1
RL_TL0 . . . . . . . . . . . . . . . .  SFR      DATA   U_CHAR   008AH  1
uint8_t. . . . . . . . . . . . . . . .  TYPEDEF  -----  U_CHAR   -----  1
SM0. . . . . . . . . . . . . . . . . .  ABSBIT   -----  BIT      009FH  1
TH4. . . . . . . . . . . . . . . . . .  SFR      DATA   U_CHAR   00D2H  1
T4H. . . . . . . . . . . . . . . . . .  SFR      DATA   U_CHAR   00D2H  1
RL_TL1 . . . . . . . . . . . . . . . .  SFR      DATA   U_CHAR   008BH  1
TL0. . . . . . . . . . . . . . . . . .  SFR      DATA   U_CHAR   008AH  1
SM1. . . . . . . . . . . . . . . . . .  ABSBIT   -----  BIT      009EH  1
RL_T2L . . . . . . . . . . . . . . . .  SFR      DATA   U_CHAR   00D7H  1
TL1. . . . . . . . . . . . . . . . . .  SFR      DATA   U_CHAR   008BH  1
SM2. . . . . . . . . . . . . . . . . .  ABSBIT   -----  BIT      009DH  1
RL_T3L . . . . . . . . . . . . . . . .  SFR      DATA   U_CHAR   00D5H  1
TL2. . . . . . . . . . . . . . . . . .  SFR      DATA   U_CHAR   00D7H  1
T2L. . . . . . . . . . . . . . . . . .  SFR      DATA   U_CHAR   00D7H  1
_Delayms . . . . . . . . . . . . . . .  PUBLIC   CODE   PROC     0000H  -----
  ms . . . . . . . . . . . . . . . . .  * REG *  DATA   U_INT    0004H  2
  val. . . . . . . . . . . . . . . . .  AUTO     DATA   U_LONG   0000H  4
_delay_ms. . . . . . . . . . . . . . .  PUBLIC   CODE   PROC     0000H  -----
  ms . . . . . . . . . . . . . . . . .  * REG *  DATA   U_CHAR   0007H  1
  i. . . . . . . . . . . . . . . . . .  * REG *  DATA   U_INT    0004H  2
RL_T4L . . . . . . . . . . . . . . . .  SFR      DATA   U_CHAR   00D3H  1
TL3. . . . . . . . . . . . . . . . . .  SFR      DATA   U_CHAR   00D5H  1
T3L. . . . . . . . . . . . . . . . . .  SFR      DATA   U_CHAR   00D5H  1
PT0. . . . . . . . . . . . . . . . . .  ABSBIT   -----  BIT      00B9H  1
TL4. . . . . . . . . . . . . . . . . .  SFR      DATA   U_CHAR   00D3H  1
T4L. . . . . . . . . . . . . . . . . .  SFR      DATA   U_CHAR   00D3H  1
PT1. . . . . . . . . . . . . . . . . .  ABSBIT   -----  BIT      00BBH  1
C51 COMPILER V9.59.0.0   DELAY                                                             06/05/2022 11:01:31 PAGE 10  

NAME                                    CLASS   MSPACE  TYPE    OFFSET  SIZE
====                                    =====   ======  ====    ======  ====


RS0. . . . . . . . . . . . . . . . . .  ABSBIT   -----  BIT      00D3H  1
ISP_CONTR. . . . . . . . . . . . . . .  SFR      DATA   U_CHAR   00C7H  1
TR0. . . . . . . . . . . . . . . . . .  ABSBIT   -----  BIT      008CH  1
RS1. . . . . . . . . . . . . . . . . .  ABSBIT   -----  BIT      00D4H  1
IAP_DATA . . . . . . . . . . . . . . .  SFR      DATA   U_CHAR   00C2H  1
TR1. . . . . . . . . . . . . . . . . .  ABSBIT   -----  BIT      008EH  1
PX0. . . . . . . . . . . . . . . . . .  ABSBIT   -----  BIT      00B8H  1
WDT_CONTR. . . . . . . . . . . . . . .  SFR      DATA   U_CHAR   00C1H  1
PX1. . . . . . . . . . . . . . . . . .  ABSBIT   -----  BIT      00BAH  1
int8_t . . . . . . . . . . . . . . . .  TYPEDEF  -----  CHAR     -----  1
u32. . . . . . . . . . . . . . . . . .  TYPEDEF  -----  U_LONG   -----  4
PCA_PWM0 . . . . . . . . . . . . . . .  SFR      DATA   U_CHAR   00F2H  1
PCA_PWM1 . . . . . . . . . . . . . . .  SFR      DATA   U_CHAR   00F3H  1
u16. . . . . . . . . . . . . . . . . .  TYPEDEF  -----  U_INT    -----  2
PCA_PWM2 . . . . . . . . . . . . . . .  SFR      DATA   U_CHAR   00F4H  1
P1ASF. . . . . . . . . . . . . . . . .  SFR      DATA   U_CHAR   009DH  1
DPH. . . . . . . . . . . . . . . . . .  SFR      DATA   U_CHAR   0083H  1
T4T3M. . . . . . . . . . . . . . . . .  SFR      DATA   U_CHAR   00D1H  1
ADC_RESL . . . . . . . . . . . . . . .  SFR      DATA   U_CHAR   00BEH  1
DPL. . . . . . . . . . . . . . . . . .  SFR      DATA   U_CHAR   0082H  1
SPSTAT . . . . . . . . . . . . . . . .  SFR      DATA   U_CHAR   00CDH  1
IPH. . . . . . . . . . . . . . . . . .  SFR      DATA   U_CHAR   00B7H  1
S2BUF. . . . . . . . . . . . . . . . .  SFR      DATA   U_CHAR   009BH  1
PCON2. . . . . . . . . . . . . . . . .  SFR      DATA   U_CHAR   0097H  1
S3BUF. . . . . . . . . . . . . . . . .  SFR      DATA   U_CHAR   00ADH  1
REN. . . . . . . . . . . . . . . . . .  ABSBIT   -----  BIT      009CH  1
S4BUF. . . . . . . . . . . . . . . . .  SFR      DATA   U_CHAR   0085H  1
S2CON. . . . . . . . . . . . . . . . .  SFR      DATA   U_CHAR   009AH  1
S3CON. . . . . . . . . . . . . . . . .  SFR      DATA   U_CHAR   00ACH  1
ISP_DATA . . . . . . . . . . . . . . .  SFR      DATA   U_CHAR   00C2H  1
S4CON. . . . . . . . . . . . . . . . .  SFR      DATA   U_CHAR   0084H  1
SADEN. . . . . . . . . . . . . . . . .  SFR      DATA   U_CHAR   00B9H  1
wchar_t. . . . . . . . . . . . . . . .  TYPEDEF  -----  CHAR     -----  1
RXD. . . . . . . . . . . . . . . . . .  ABSBIT   -----  BIT      00B0H  1
SADDR. . . . . . . . . . . . . . . . .  SFR      DATA   U_CHAR   00A9H  1
TXD. . . . . . . . . . . . . . . . . .  ABSBIT   -----  BIT      00B1H  1
B0 . . . . . . . . . . . . . . . . . .  ABSBIT   -----  BIT      00F0H  1
B1 . . . . . . . . . . . . . . . . . .  ABSBIT   -----  BIT      00F1H  1
IAP_TRIG . . . . . . . . . . . . . . .  SFR      DATA   U_CHAR   00C6H  1
AUXR1. . . . . . . . . . . . . . . . .  SFR      DATA   U_CHAR   00A2H  1
B2 . . . . . . . . . . . . . . . . . .  ABSBIT   -----  BIT      00F2H  1
SPI_SS . . . . . . . . . . . . . . . .  ABSBIT   -----  BIT      0092H  1
AUXR2. . . . . . . . . . . . . . . . .  SFR      DATA   U_CHAR   008FH  1
B3 . . . . . . . . . . . . . . . . . .  ABSBIT   -----  BIT      00F3H  1
B4 . . . . . . . . . . . . . . . . . .  ABSBIT   -----  BIT      00F4H  1
F0 . . . . . . . . . . . . . . . . . .  ABSBIT   -----  BIT      00D5H  1
B5 . . . . . . . . . . . . . . . . . .  ABSBIT   -----  BIT      00F5H  1
F1 . . . . . . . . . . . . . . . . . .  ABSBIT   -----  BIT      00D1H  1
INT_CLKO . . . . . . . . . . . . . . .  SFR      DATA   U_CHAR   008FH  1
B6 . . . . . . . . . . . . . . . . . .  ABSBIT   -----  BIT      00F6H  1
ACC0 . . . . . . . . . . . . . . . . .  ABSBIT   -----  BIT      00E0H  1
B7 . . . . . . . . . . . . . . . . . .  ABSBIT   -----  BIT      00F7H  1
ACC1 . . . . . . . . . . . . . . . . .  ABSBIT   -----  BIT      00E1H  1
ACC2 . . . . . . . . . . . . . . . . .  ABSBIT   -----  BIT      00E2H  1
ACC3 . . . . . . . . . . . . . . . . .  ABSBIT   -----  BIT      00E3H  1
PSW. . . . . . . . . . . . . . . . . .  SFR      DATA   U_CHAR   00D0H  1
ACC4 . . . . . . . . . . . . . . . . .  ABSBIT   -----  BIT      00E4H  1
C51 COMPILER V9.59.0.0   DELAY                                                             06/05/2022 11:01:31 PAGE 11  

NAME                                    CLASS   MSPACE  TYPE    OFFSET  SIZE
====                                    =====   ======  ====    ======  ====


SPI_SCLK . . . . . . . . . . . . . . .  ABSBIT   -----  BIT      0095H  1
CCF0 . . . . . . . . . . . . . . . . .  ABSBIT   -----  BIT      00D8H  1
ACC5 . . . . . . . . . . . . . . . . .  ABSBIT   -----  BIT      00E5H  1
uint32_t . . . . . . . . . . . . . . .  TYPEDEF  -----  U_LONG   -----  4
CCF1 . . . . . . . . . . . . . . . . .  ABSBIT   -----  BIT      00D9H  1
ACC6 . . . . . . . . . . . . . . . . .  ABSBIT   -----  BIT      00E6H  1
SPDAT. . . . . . . . . . . . . . . . .  SFR      DATA   U_CHAR   00CFH  1
P0M0 . . . . . . . . . . . . . . . . .  SFR      DATA   U_CHAR   0094H  1


MODULE INFORMATION:   STATIC OVERLAYABLE
   CODE SIZE        =    200    ----
   CONSTANT SIZE    =   ----    ----
   XDATA SIZE       =   ----    ----
   PDATA SIZE       =   ----    ----
   DATA SIZE        =      7      12
   IDATA SIZE       =   ----    ----
   BIT SIZE         =   ----    ----
   EDATA SIZE       =   ----    ----
   HDATA SIZE       =   ----    ----
   XDATA CONST SIZE =   ----    ----
   FAR CONST SIZE   =   ----    ----
END OF MODULE INFORMATION.


C51 COMPILATION COMPLETE.  0 WARNING(S),  0 ERROR(S)
