C51 COMPILER V9.59.0.0   EEPROM                                                            06/05/2022 11:01:31 PAGE 1   


C51 COMPILER V9.59.0.0, COMPILATION OF MODULE EEPROM
OBJECT MODULE PLACED IN .\build\Release\lib\stc15_lib\src\EEPROM.o
COMPILER INVOKED BY: D:\PhPython\Keil5\C51\BIN\C51.exe .\LIB\STC15_LIB\SRC\EEPROM.C PRINT(.\build\Release\lib\stc15_lib\
                    -src\EEPROM.lst) OMF2 TABS(4) CODE NOCOND SYMBOLS OPTIMIZE(8,SPEED) SMALL ROM(LARGE) INCDIR(D:\PhPython\Keil5\C51\INC;.\s
                    -rc;.\lib\stc15_lib;.\lib\stc15_lib\src;.\lib\stc15_lib\include) DEFINE(DEBUG,__UVISION_VERSION=526) OBJECT(.\build\Relea
                    -se\lib\stc15_lib\src\EEPROM.o)

line level    source

   1          
   2          //  本程序是STC系列的内置EEPROM读写程序。
   3          
   4          #include "config.h"
   5          #include "eeprom.h"
   6          
   7          
   8          //========================================================================
   9          // 函数: void   ISP_Disable(void)
  10          // 描述: 禁止访问ISP/IAP.
  11          // 参数: non.
  12          // 返回: non.
  13          // 版本: V1.0, 2012-10-22
  14          //========================================================================
  15          void    DisableEEPROM(void)
  16          {
  17   1          ISP_CONTR = 0;          //禁止ISP/IAP操作
  18   1          ISP_CMD   = 0;          //去除ISP/IAP命令
  19   1          ISP_TRIG  = 0;          //防止ISP/IAP命令误触发
  20   1          ISP_ADDRH = 0xff;       //清0地址高字节
  21   1          ISP_ADDRL = 0xff;       //清0地址低字节，指向非EEPROM区，防止误操作
  22   1      }
  23          
  24          //========================================================================
  25          // 函数: void EEPROM_read_n(u16 EE_address,u8 *DataAddress,u16 number)
  26          // 描述: 从指定EEPROM首地址读出n个字节放指定的缓冲.
  27          // 参数: EE_address:  读出EEPROM的首地址.
  28          //       DataAddress: 读出数据放缓冲的首地址.
  29          //       number:      读出的字节长度.
  30          // 返回: non.
  31          // 版本: V1.0, 2012-10-22
  32          //========================================================================
  33          
  34          void EEPROM_read_n(u16 EE_address,u8 *DataAddress,u16 number)
  35          {
  36   1          EA = 0;     //禁止中断
  37   1          ISP_CONTR = (ISP_EN + ISP_WAIT_FREQUENCY);  //设置等待时间，允许ISP/IAP操作，送一次就够
  38   1          ISP_READ();                                 //送字节读命令，命令不需改变时，不需重新送命令
  39   1          do
  40   1          {
  41   2              ISP_ADDRH = EE_address / 256;       //送地址高字节（地址需要改变时才需重新送地址）
  42   2              ISP_ADDRL = EE_address % 256;       //送地址低字节
  43   2              ISP_TRIG();                         //先送5AH，再送A5H到ISP/IAP触发寄存器，每次都需要如此
  44   2                                                  //送完A5H后，ISP/IAP命令立即被触发启动
  45   2                                                  //CPU等待IAP完成后，才会继续执行程序。
  46   2              _nop_();
  47   2              *DataAddress = ISP_DATA;            //读出的数据送往
  48   2              EE_address++;
  49   2              DataAddress++;
  50   2          }while(--number);
  51   1      
  52   1          DisableEEPROM();
C51 COMPILER V9.59.0.0   EEPROM                                                            06/05/2022 11:01:31 PAGE 2   

  53   1          EA = 1;     //重新允许中断
  54   1      }
  55          
  56          
  57          /******************** 扇区擦除函数 *****************/
  58          //========================================================================
  59          // 函数: void EEPROM_SectorErase(u16 EE_address)
  60          // 描述: 把指定地址的EEPROM扇区擦除.
  61          // 参数: EE_address:  要擦除的扇区EEPROM的地址.
  62          // 返回: non.
  63          // 版本: V1.0, 2013-5-10
  64          //========================================================================
  65          void EEPROM_SectorErase(u16 EE_address)
  66          {
  67   1          EA = 0;     //禁止中断
  68   1                                                  //只有扇区擦除，没有字节擦除，512字节/扇区。
  69   1                                                  //扇区中任意一个字节地址都是扇区地址。
  70   1          ISP_ADDRH = EE_address / 256;           //送扇区地址高字节（地址需要改变时才需重新送地址）
  71   1          ISP_ADDRL = EE_address % 256;           //送扇区地址低字节
  72   1          ISP_CONTR = (ISP_EN + ISP_WAIT_FREQUENCY);  //设置等待时间，允许ISP/IAP操作，送一次就够
  73   1          ISP_ERASE();                            //送扇区擦除命令，命令不需改变时，不需重新送命令
  74   1          ISP_TRIG();
  75   1          _nop_();
  76   1          DisableEEPROM();
  77   1          EA = 1;     //重新允许中断
  78   1      }
  79          
  80          //========================================================================
  81          // 函数: void EEPROM_write_n(u16 EE_address,u8 *DataAddress,u16 number)
  82          // 描述: 把缓冲的n个字节写入指定首地址的EEPROM.
  83          // 参数: EE_address:  写入EEPROM的首地址.
  84          //       DataAddress: 写入源数据的缓冲的首地址.
  85          //       number:      写入的字节长度.
  86          // 返回: non.
  87          // 版本: V1.0, 2012-10-22
  88          //========================================================================
  89          void EEPROM_write_n(u16 EE_address,u8 *DataAddress,u16 number)
  90          {
  91   1          EA = 0;     //禁止中断
  92   1      
  93   1          ISP_CONTR = (ISP_EN + ISP_WAIT_FREQUENCY);  //设置等待时间，允许ISP/IAP操作，送一次就够
  94   1          ISP_WRITE();                            //送字节写命令，命令不需改变时，不需重新送命令
  95   1          do
  96   1          {
  97   2              ISP_ADDRH = EE_address / 256;       //送地址高字节（地址需要改变时才需重新送地址）
  98   2              ISP_ADDRL = EE_address % 256;       //送地址低字节
  99   2              ISP_DATA  = *DataAddress;           //送数据到ISP_DATA，只有数据改变时才需重新送
 100   2              ISP_TRIG();
 101   2              _nop_();
 102   2              EE_address++;
 103   2              DataAddress++;
 104   2          }while(--number);
 105   1      
 106   1          DisableEEPROM();
 107   1          EA = 1;     //重新允许中断
 108   1      }
 109          
C51 COMPILER V9.59.0.0   EEPROM                                                            06/05/2022 11:01:31 PAGE 3   

ASSEMBLY LISTING OF GENERATED OBJECT CODE


             ; FUNCTION DisableEEPROM (BEGIN)
                                           ; SOURCE LINE # 15
                                           ; SOURCE LINE # 16
                                           ; SOURCE LINE # 17
0000 E4                CLR     A
0001 F5C7              MOV     ISP_CONTR,A
                                           ; SOURCE LINE # 18
0003 F5C5              MOV     ISP_CMD,A
                                           ; SOURCE LINE # 19
0005 F5C6              MOV     ISP_TRIG,A
                                           ; SOURCE LINE # 20
0007 75C3FF            MOV     ISP_ADDRH,#0FFH
                                           ; SOURCE LINE # 21
000A 75C4FF            MOV     ISP_ADDRL,#0FFH
                                           ; SOURCE LINE # 22
000D 22                RET     
             ; FUNCTION DisableEEPROM (END)

             ; FUNCTION _EEPROM_read_n (BEGIN)
                                           ; SOURCE LINE # 34
;---- Variable 'EE_address' assigned to Register 'R4/R5' ----
0000 AD07              MOV     R5,AR7
0002 AC06              MOV     R4,AR6
;---- Variable 'DataAddress' assigned to Register 'R1/R2/R3' ----
                                           ; SOURCE LINE # 35
                                           ; SOURCE LINE # 36
0004 C2AF              CLR     EA
                                           ; SOURCE LINE # 37
0006 75C782            MOV     ISP_CONTR,#082H
                                           ; SOURCE LINE # 38
0009 75C501            MOV     ISP_CMD,#01H
000C         ?C0004:
                                           ; SOURCE LINE # 40
                                           ; SOURCE LINE # 41
000C 8CC3              MOV     ISP_ADDRH,R4
                                           ; SOURCE LINE # 42
000E AF05              MOV     R7,AR5
0010 8FC4              MOV     ISP_ADDRL,R7
                                           ; SOURCE LINE # 43
0012 75C65A            MOV     ISP_TRIG,#05AH
0015 75C6A5            MOV     ISP_TRIG,#0A5H
                                           ; SOURCE LINE # 46
0018 00                NOP     
                                           ; SOURCE LINE # 47
0019 E5C2              MOV     A,ISP_DATA
001B 120000      E     LCALL   ?C?CSTPTR
                                           ; SOURCE LINE # 48
001E 0D                INC     R5
001F BD0001            CJNE    R5,#00H,?C0011
0022 0C                INC     R4
0023         ?C0011:
                                           ; SOURCE LINE # 49
0023 7401              MOV     A,#01H
0025 29                ADD     A,R1
0026 F9                MOV     R1,A
0027 E4                CLR     A
0028 3A                ADDC    A,R2
0029 FA                MOV     R2,A
                                           ; SOURCE LINE # 50
C51 COMPILER V9.59.0.0   EEPROM                                                            06/05/2022 11:01:31 PAGE 4   

002A E500        R     MOV     A,number+01H
002C 1500        R     DEC     number+01H
002E 7002              JNZ     ?C0012
0030 1500        R     DEC     number
0032         ?C0012:
0032 14                DEC     A
0033 4500        R     ORL     A,number
0035 70D5              JNZ     ?C0004
                                           ; SOURCE LINE # 52
0037 120000      R     LCALL   DisableEEPROM
                                           ; SOURCE LINE # 53
003A D2AF              SETB    EA
                                           ; SOURCE LINE # 54
003C 22                RET     
             ; FUNCTION _EEPROM_read_n (END)

             ; FUNCTION _EEPROM_SectorErase (BEGIN)
                                           ; SOURCE LINE # 65
;---- Variable 'EE_address' assigned to Register 'R4/R5' ----
0000 AD07              MOV     R5,AR7
0002 AC06              MOV     R4,AR6
                                           ; SOURCE LINE # 66
                                           ; SOURCE LINE # 67
0004 C2AF              CLR     EA
                                           ; SOURCE LINE # 70
0006 8CC3              MOV     ISP_ADDRH,R4
                                           ; SOURCE LINE # 71
0008 AF05              MOV     R7,AR5
000A 8FC4              MOV     ISP_ADDRL,R7
                                           ; SOURCE LINE # 72
000C 75C782            MOV     ISP_CONTR,#082H
                                           ; SOURCE LINE # 73
000F 75C503            MOV     ISP_CMD,#03H
                                           ; SOURCE LINE # 74
0012 75C65A            MOV     ISP_TRIG,#05AH
0015 75C6A5            MOV     ISP_TRIG,#0A5H
                                           ; SOURCE LINE # 75
0018 00                NOP     
                                           ; SOURCE LINE # 76
0019 120000      R     LCALL   DisableEEPROM
                                           ; SOURCE LINE # 77
001C D2AF              SETB    EA
                                           ; SOURCE LINE # 78
001E 22                RET     
             ; FUNCTION _EEPROM_SectorErase (END)

             ; FUNCTION _EEPROM_write_n (BEGIN)
                                           ; SOURCE LINE # 89
;---- Variable 'EE_address' assigned to Register 'R4/R5' ----
0000 AD07              MOV     R5,AR7
0002 AC06              MOV     R4,AR6
;---- Variable 'DataAddress' assigned to Register 'R1/R2/R3' ----
                                           ; SOURCE LINE # 90
                                           ; SOURCE LINE # 91
0004 C2AF              CLR     EA
                                           ; SOURCE LINE # 93
0006 75C782            MOV     ISP_CONTR,#082H
                                           ; SOURCE LINE # 94
0009 75C502            MOV     ISP_CMD,#02H
000C         ?C0009:
                                           ; SOURCE LINE # 96
                                           ; SOURCE LINE # 97
C51 COMPILER V9.59.0.0   EEPROM                                                            06/05/2022 11:01:31 PAGE 5   

000C 8CC3              MOV     ISP_ADDRH,R4
                                           ; SOURCE LINE # 98
000E AF05              MOV     R7,AR5
0010 8FC4              MOV     ISP_ADDRL,R7
                                           ; SOURCE LINE # 99
0012 120000      E     LCALL   ?C?CLDPTR
0015 F5C2              MOV     ISP_DATA,A
                                           ; SOURCE LINE # 100
0017 75C65A            MOV     ISP_TRIG,#05AH
001A 75C6A5            MOV     ISP_TRIG,#0A5H
                                           ; SOURCE LINE # 101
001D 00                NOP     
                                           ; SOURCE LINE # 102
001E 0D                INC     R5
001F BD0001            CJNE    R5,#00H,?C0013
0022 0C                INC     R4
0023         ?C0013:
                                           ; SOURCE LINE # 103
0023 7401              MOV     A,#01H
0025 29                ADD     A,R1
0026 F9                MOV     R1,A
0027 E4                CLR     A
0028 3A                ADDC    A,R2
0029 FA                MOV     R2,A
                                           ; SOURCE LINE # 104
002A E500        R     MOV     A,number+01H
002C 1500        R     DEC     number+01H
002E 7002              JNZ     ?C0014
0030 1500        R     DEC     number
0032         ?C0014:
0032 14                DEC     A
0033 4500        R     ORL     A,number
0035 70D5              JNZ     ?C0009
                                           ; SOURCE LINE # 106
0037 120000      R     LCALL   DisableEEPROM
                                           ; SOURCE LINE # 107
003A D2AF              SETB    EA
                                           ; SOURCE LINE # 108
003C 22                RET     
             ; FUNCTION _EEPROM_write_n (END)

C51 COMPILER V9.59.0.0   EEPROM                                                            06/05/2022 11:01:31 PAGE 6   

NAME                                    CLASS   MSPACE  TYPE    OFFSET  SIZE
====                                    =====   ======  ====    ======  ====


CCF2 . . . . . . . . . . . . . . . . .  ABSBIT   -----  BIT      00DAH  1
ACC7 . . . . . . . . . . . . . . . . .  ABSBIT   -----  BIT      00E7H  1
P0M1 . . . . . . . . . . . . . . . . .  SFR      DATA   U_CHAR   0093H  1
P1M0 . . . . . . . . . . . . . . . . .  SFR      DATA   U_CHAR   0092H  1
uint16_t . . . . . . . . . . . . . . .  TYPEDEF  -----  U_INT    -----  2
P2M0 . . . . . . . . . . . . . . . . .  SFR      DATA   U_CHAR   0096H  1
P1M1 . . . . . . . . . . . . . . . . .  SFR      DATA   U_CHAR   0091H  1
P0 . . . . . . . . . . . . . . . . . .  SFR      DATA   U_CHAR   0080H  1
P3M0 . . . . . . . . . . . . . . . . .  SFR      DATA   U_CHAR   00B2H  1
P2M1 . . . . . . . . . . . . . . . . .  SFR      DATA   U_CHAR   0095H  1
P1 . . . . . . . . . . . . . . . . . .  SFR      DATA   U_CHAR   0090H  1
P4M0 . . . . . . . . . . . . . . . . .  SFR      DATA   U_CHAR   00B4H  1
P3M1 . . . . . . . . . . . . . . . . .  SFR      DATA   U_CHAR   00B1H  1
P2 . . . . . . . . . . . . . . . . . .  SFR      DATA   U_CHAR   00A0H  1
P5M0 . . . . . . . . . . . . . . . . .  SFR      DATA   U_CHAR   00CAH  1
P4M1 . . . . . . . . . . . . . . . . .  SFR      DATA   U_CHAR   00B3H  1
P3 . . . . . . . . . . . . . . . . . .  SFR      DATA   U_CHAR   00B0H  1
WKTCH. . . . . . . . . . . . . . . . .  SFR      DATA   U_CHAR   00ABH  1
DisableEEPROM. . . . . . . . . . . . .  PUBLIC   CODE   PROC     0000H  -----
T0 . . . . . . . . . . . . . . . . . .  ABSBIT   -----  BIT      00B4H  1
AC . . . . . . . . . . . . . . . . . .  ABSBIT   -----  BIT      00D6H  1
P6M0 . . . . . . . . . . . . . . . . .  SFR      DATA   U_CHAR   00CCH  1
P5M1 . . . . . . . . . . . . . . . . .  SFR      DATA   U_CHAR   00C9H  1
P4 . . . . . . . . . . . . . . . . . .  SFR      DATA   U_CHAR   00C0H  1
CLKOUT0. . . . . . . . . . . . . . . .  ABSBIT   -----  BIT      00B5H  1
T1 . . . . . . . . . . . . . . . . . .  ABSBIT   -----  BIT      00B5H  1
P7M0 . . . . . . . . . . . . . . . . .  SFR      DATA   U_CHAR   00E2H  1
P6M1 . . . . . . . . . . . . . . . . .  SFR      DATA   U_CHAR   00CBH  1
P5 . . . . . . . . . . . . . . . . . .  SFR      DATA   U_CHAR   00C8H  1
ISP_TRIG . . . . . . . . . . . . . . .  SFR      DATA   U_CHAR   00C6H  1
EA . . . . . . . . . . . . . . . . . .  ABSBIT   -----  BIT      00AFH  1
CLKOUT1. . . . . . . . . . . . . . . .  ABSBIT   -----  BIT      00B4H  1
SPI_SS_2 . . . . . . . . . . . . . . .  ABSBIT   -----  BIT      00A4H  1
P6 . . . . . . . . . . . . . . . . . .  SFR      DATA   U_CHAR   00E8H  1
P7M1 . . . . . . . . . . . . . . . . .  SFR      DATA   U_CHAR   00E1H  1
SPI_SS_3 . . . . . . . . . . . . . . .  ABSBIT   -----  BIT      00CCH  1
SPI_MISO . . . . . . . . . . . . . . .  ABSBIT   -----  BIT      0094H  1
SPI_MOSI . . . . . . . . . . . . . . .  ABSBIT   -----  BIT      0093H  1
CCP0 . . . . . . . . . . . . . . . . .  ABSBIT   -----  BIT      0091H  1
P7 . . . . . . . . . . . . . . . . . .  SFR      DATA   U_CHAR   00F8H  1
WKTCL. . . . . . . . . . . . . . . . .  SFR      DATA   U_CHAR   00AAH  1
int32_t. . . . . . . . . . . . . . . .  TYPEDEF  -----  LONG     -----  4
CCP1 . . . . . . . . . . . . . . . . .  ABSBIT   -----  BIT      0090H  1
SPCTL. . . . . . . . . . . . . . . . .  SFR      DATA   U_CHAR   00CEH  1
CF . . . . . . . . . . . . . . . . . .  ABSBIT   -----  BIT      00DFH  1
CCP2 . . . . . . . . . . . . . . . . .  ABSBIT   -----  BIT      00B7H  1
int16_t. . . . . . . . . . . . . . . .  TYPEDEF  -----  INT      -----  2
CH . . . . . . . . . . . . . . . . . .  SFR      DATA   U_CHAR   00F9H  1
P_SW1. . . . . . . . . . . . . . . . .  SFR      DATA   U_CHAR   00A2H  1
P_SW2. . . . . . . . . . . . . . . . .  SFR      DATA   U_CHAR   00BAH  1
EADC . . . . . . . . . . . . . . . . .  ABSBIT   -----  BIT      00ADH  1
SPI_SCLK_2 . . . . . . . . . . . . . .  ABSBIT   -----  BIT      00A1H  1
IE . . . . . . . . . . . . . . . . . .  SFR      DATA   U_CHAR   00A8H  1
SPI_SCLK_3 . . . . . . . . . . . . . .  ABSBIT   -----  BIT      00C3H  1
CL . . . . . . . . . . . . . . . . . .  SFR      DATA   U_CHAR   00E9H  1
IAP_CMD. . . . . . . . . . . . . . . .  SFR      DATA   U_CHAR   00C5H  1
CCAP0H . . . . . . . . . . . . . . . .  SFR      DATA   U_CHAR   00FAH  1
C51 COMPILER V9.59.0.0   EEPROM                                                            06/05/2022 11:01:31 PAGE 7   

NAME                                    CLASS   MSPACE  TYPE    OFFSET  SIZE
====                                    =====   ======  ====    ======  ====


CCAP1H . . . . . . . . . . . . . . . .  SFR      DATA   U_CHAR   00FBH  1
size_t . . . . . . . . . . . . . . . .  TYPEDEF  -----  U_INT    -----  2
_EEPROM_SectorErase. . . . . . . . . .  PUBLIC   CODE   PROC     0000H  -----
  EE_address . . . . . . . . . . . . .  * REG *  DATA   U_INT    0004H  2
CCAP2H . . . . . . . . . . . . . . . .  SFR      DATA   U_CHAR   00FCH  1
ADC_RES. . . . . . . . . . . . . . . .  SFR      DATA   U_CHAR   00BDH  1
IPH2 . . . . . . . . . . . . . . . . .  SFR      DATA   U_CHAR   00B6H  1
CR . . . . . . . . . . . . . . . . . .  ABSBIT   -----  BIT      00DEH  1
CCAP0L . . . . . . . . . . . . . . . .  SFR      DATA   U_CHAR   00EAH  1
RD . . . . . . . . . . . . . . . . . .  ABSBIT   -----  BIT      00B7H  1
CCAP1L . . . . . . . . . . . . . . . .  SFR      DATA   U_CHAR   00EBH  1
CCAPM0 . . . . . . . . . . . . . . . .  SFR      DATA   U_CHAR   00DAH  1
CCAP2L . . . . . . . . . . . . . . . .  SFR      DATA   U_CHAR   00ECH  1
CCAPM1 . . . . . . . . . . . . . . . .  SFR      DATA   U_CHAR   00DBH  1
_EEPROM_read_n . . . . . . . . . . . .  PUBLIC   CODE   PROC     0000H  -----
  EE_address . . . . . . . . . . . . .  AUTO     DATA   U_INT    0004H  2
  DataAddress. . . . . . . . . . . . .  AUTO     DATA   PTR      0001H  3
  number . . . . . . . . . . . . . . .  AUTO     DATA   U_INT    0005H  2
ES . . . . . . . . . . . . . . . . . .  ABSBIT   -----  BIT      00ACH  1
CCAPM2 . . . . . . . . . . . . . . . .  SFR      DATA   U_CHAR   00DCH  1
PADC . . . . . . . . . . . . . . . . .  ABSBIT   -----  BIT      00BDH  1
SPI_MISO_2 . . . . . . . . . . . . . .  ABSBIT   -----  BIT      00A2H  1
SPI_MOSI_2 . . . . . . . . . . . . . .  ABSBIT   -----  BIT      00A3H  1
IP . . . . . . . . . . . . . . . . . .  SFR      DATA   U_CHAR   00B8H  1
SPI_MISO_3 . . . . . . . . . . . . . .  ABSBIT   -----  BIT      00C1H  1
SPI_MOSI_3 . . . . . . . . . . . . . .  ABSBIT   -----  BIT      00C0H  1
RI . . . . . . . . . . . . . . . . . .  ABSBIT   -----  BIT      0098H  1
INT0 . . . . . . . . . . . . . . . . .  ABSBIT   -----  BIT      00B2H  1
CY . . . . . . . . . . . . . . . . . .  ABSBIT   -----  BIT      00D7H  1
TI . . . . . . . . . . . . . . . . . .  ABSBIT   -----  BIT      0099H  1
INT1 . . . . . . . . . . . . . . . . .  ABSBIT   -----  BIT      00B3H  1
CLK_DIV. . . . . . . . . . . . . . . .  SFR      DATA   U_CHAR   0097H  1
IAP_ADDRH. . . . . . . . . . . . . . .  SFR      DATA   U_CHAR   00C3H  1
RXD2 . . . . . . . . . . . . . . . . .  ABSBIT   -----  BIT      0090H  1
ISP_CMD. . . . . . . . . . . . . . . .  SFR      DATA   U_CHAR   00C5H  1
PS . . . . . . . . . . . . . . . . . .  ABSBIT   -----  BIT      00BCH  1
TXD2 . . . . . . . . . . . . . . . . .  ABSBIT   -----  BIT      0091H  1
SP . . . . . . . . . . . . . . . . . .  SFR      DATA   U_CHAR   0081H  1
CMOD . . . . . . . . . . . . . . . . .  SFR      DATA   U_CHAR   00D9H  1
CCON . . . . . . . . . . . . . . . . .  SFR      DATA   U_CHAR   00D8H  1
IAP_ADDRL. . . . . . . . . . . . . . .  SFR      DATA   U_CHAR   00C4H  1
PPCA . . . . . . . . . . . . . . . . .  ABSBIT   -----  BIT      00BFH  1
OV . . . . . . . . . . . . . . . . . .  ABSBIT   -----  BIT      00D2H  1
_EEPROM_write_n. . . . . . . . . . . .  PUBLIC   CODE   PROC     0000H  -----
  EE_address . . . . . . . . . . . . .  AUTO     DATA   U_INT    0004H  2
  DataAddress. . . . . . . . . . . . .  AUTO     DATA   PTR      0001H  3
  number . . . . . . . . . . . . . . .  AUTO     DATA   U_INT    0005H  2
WR . . . . . . . . . . . . . . . . . .  ABSBIT   -----  BIT      00B6H  1
ELVD . . . . . . . . . . . . . . . . .  ABSBIT   -----  BIT      00AEH  1
u8 . . . . . . . . . . . . . . . . . .  TYPEDEF  -----  U_CHAR   -----  1
P00. . . . . . . . . . . . . . . . . .  ABSBIT   -----  BIT      0080H  1
P10. . . . . . . . . . . . . . . . . .  ABSBIT   -----  BIT      0090H  1
P01. . . . . . . . . . . . . . . . . .  ABSBIT   -----  BIT      0081H  1
ADC_CONTR. . . . . . . . . . . . . . .  SFR      DATA   U_CHAR   00BCH  1
SBUF . . . . . . . . . . . . . . . . .  SFR      DATA   U_CHAR   0099H  1
PCON . . . . . . . . . . . . . . . . .  SFR      DATA   U_CHAR   0087H  1
P20. . . . . . . . . . . . . . . . . .  ABSBIT   -----  BIT      00A0H  1
C51 COMPILER V9.59.0.0   EEPROM                                                            06/05/2022 11:01:31 PAGE 8   

NAME                                    CLASS   MSPACE  TYPE    OFFSET  SIZE
====                                    =====   ======  ====    ======  ====


P11. . . . . . . . . . . . . . . . . .  ABSBIT   -----  BIT      0091H  1
P02. . . . . . . . . . . . . . . . . .  ABSBIT   -----  BIT      0082H  1
ISP_ADDRH. . . . . . . . . . . . . . .  SFR      DATA   U_CHAR   00C3H  1
P30. . . . . . . . . . . . . . . . . .  ABSBIT   -----  BIT      00B0H  1
P21. . . . . . . . . . . . . . . . . .  ABSBIT   -----  BIT      00A1H  1
P12. . . . . . . . . . . . . . . . . .  ABSBIT   -----  BIT      0092H  1
P03. . . . . . . . . . . . . . . . . .  ABSBIT   -----  BIT      0083H  1
P40. . . . . . . . . . . . . . . . . .  ABSBIT   -----  BIT      00C0H  1
P31. . . . . . . . . . . . . . . . . .  ABSBIT   -----  BIT      00B1H  1
P22. . . . . . . . . . . . . . . . . .  ABSBIT   -----  BIT      00A2H  1
P13. . . . . . . . . . . . . . . . . .  ABSBIT   -----  BIT      0093H  1
P04. . . . . . . . . . . . . . . . . .  ABSBIT   -----  BIT      0084H  1
SCON . . . . . . . . . . . . . . . . .  SFR      DATA   U_CHAR   0098H  1
WAKE_CLKO. . . . . . . . . . . . . . .  SFR      DATA   U_CHAR   008FH  1
P50. . . . . . . . . . . . . . . . . .  ABSBIT   -----  BIT      00C8H  1
P41. . . . . . . . . . . . . . . . . .  ABSBIT   -----  BIT      00C1H  1
P32. . . . . . . . . . . . . . . . . .  ABSBIT   -----  BIT      00B2H  1
P23. . . . . . . . . . . . . . . . . .  ABSBIT   -----  BIT      00A3H  1
P14. . . . . . . . . . . . . . . . . .  ABSBIT   -----  BIT      0094H  1
P05. . . . . . . . . . . . . . . . . .  ABSBIT   -----  BIT      0085H  1
TMOD . . . . . . . . . . . . . . . . .  SFR      DATA   U_CHAR   0089H  1
TCON . . . . . . . . . . . . . . . . .  SFR      DATA   U_CHAR   0088H  1
P51. . . . . . . . . . . . . . . . . .  ABSBIT   -----  BIT      00C9H  1
P42. . . . . . . . . . . . . . . . . .  ABSBIT   -----  BIT      00C2H  1
P33. . . . . . . . . . . . . . . . . .  ABSBIT   -----  BIT      00B3H  1
P24. . . . . . . . . . . . . . . . . .  ABSBIT   -----  BIT      00A4H  1
P15. . . . . . . . . . . . . . . . . .  ABSBIT   -----  BIT      0095H  1
P06. . . . . . . . . . . . . . . . . .  ABSBIT   -----  BIT      0086H  1
ISP_ADDRL. . . . . . . . . . . . . . .  SFR      DATA   U_CHAR   00C4H  1
PLVD . . . . . . . . . . . . . . . . .  ABSBIT   -----  BIT      00BEH  1
P52. . . . . . . . . . . . . . . . . .  ABSBIT   -----  BIT      00CAH  1
P43. . . . . . . . . . . . . . . . . .  ABSBIT   -----  BIT      00C3H  1
P34. . . . . . . . . . . . . . . . . .  ABSBIT   -----  BIT      00B4H  1
P25. . . . . . . . . . . . . . . . . .  ABSBIT   -----  BIT      00A5H  1
P16. . . . . . . . . . . . . . . . . .  ABSBIT   -----  BIT      0096H  1
P07. . . . . . . . . . . . . . . . . .  ABSBIT   -----  BIT      0087H  1
P53. . . . . . . . . . . . . . . . . .  ABSBIT   -----  BIT      00CBH  1
P44. . . . . . . . . . . . . . . . . .  ABSBIT   -----  BIT      00C4H  1
P35. . . . . . . . . . . . . . . . . .  ABSBIT   -----  BIT      00B5H  1
P26. . . . . . . . . . . . . . . . . .  ABSBIT   -----  BIT      00A6H  1
P17. . . . . . . . . . . . . . . . . .  ABSBIT   -----  BIT      0097H  1
P54. . . . . . . . . . . . . . . . . .  ABSBIT   -----  BIT      00CCH  1
P45. . . . . . . . . . . . . . . . . .  ABSBIT   -----  BIT      00C5H  1
P36. . . . . . . . . . . . . . . . . .  ABSBIT   -----  BIT      00B6H  1
P27. . . . . . . . . . . . . . . . . .  ABSBIT   -----  BIT      00A7H  1
P55. . . . . . . . . . . . . . . . . .  ABSBIT   -----  BIT      00CDH  1
P46. . . . . . . . . . . . . . . . . .  ABSBIT   -----  BIT      00C6H  1
P37. . . . . . . . . . . . . . . . . .  ABSBIT   -----  BIT      00B7H  1
P56. . . . . . . . . . . . . . . . . .  ABSBIT   -----  BIT      00CEH  1
P47. . . . . . . . . . . . . . . . . .  ABSBIT   -----  BIT      00C7H  1
P57. . . . . . . . . . . . . . . . . .  ABSBIT   -----  BIT      00CFH  1
IE0. . . . . . . . . . . . . . . . . .  ABSBIT   -----  BIT      0089H  1
BUS_SPEED. . . . . . . . . . . . . . .  SFR      DATA   U_CHAR   00A1H  1
IE1. . . . . . . . . . . . . . . . . .  ABSBIT   -----  BIT      008BH  1
IE2. . . . . . . . . . . . . . . . . .  SFR      DATA   U_CHAR   00AFH  1
B. . . . . . . . . . . . . . . . . . .  SFR      DATA   U_CHAR   00F0H  1
AUXR . . . . . . . . . . . . . . . . .  SFR      DATA   U_CHAR   008EH  1
C51 COMPILER V9.59.0.0   EEPROM                                                            06/05/2022 11:01:31 PAGE 9   

NAME                                    CLASS   MSPACE  TYPE    OFFSET  SIZE
====                                    =====   ======  ====    ======  ====


IAP_CONTR. . . . . . . . . . . . . . .  SFR      DATA   U_CHAR   00C7H  1
ACC. . . . . . . . . . . . . . . . . .  SFR      DATA   U_CHAR   00E0H  1
ptrdiff_t. . . . . . . . . . . . . . .  TYPEDEF  -----  LONG     -----  4
ET0. . . . . . . . . . . . . . . . . .  ABSBIT   -----  BIT      00A9H  1
ET1. . . . . . . . . . . . . . . . . .  ABSBIT   -----  BIT      00ABH  1
TF0. . . . . . . . . . . . . . . . . .  ABSBIT   -----  BIT      008DH  1
TF1. . . . . . . . . . . . . . . . . .  ABSBIT   -----  BIT      008FH  1
IP2. . . . . . . . . . . . . . . . . .  SFR      DATA   U_CHAR   00B5H  1
RL_TH0 . . . . . . . . . . . . . . . .  SFR      DATA   U_CHAR   008CH  1
RB8. . . . . . . . . . . . . . . . . .  ABSBIT   -----  BIT      009AH  1
RL_TH1 . . . . . . . . . . . . . . . .  SFR      DATA   U_CHAR   008DH  1
TH0. . . . . . . . . . . . . . . . . .  SFR      DATA   U_CHAR   008CH  1
EX0. . . . . . . . . . . . . . . . . .  ABSBIT   -----  BIT      00A8H  1
IT0. . . . . . . . . . . . . . . . . .  ABSBIT   -----  BIT      0088H  1
RL_T2H . . . . . . . . . . . . . . . .  SFR      DATA   U_CHAR   00D6H  1
TH1. . . . . . . . . . . . . . . . . .  SFR      DATA   U_CHAR   008DH  1
EX1. . . . . . . . . . . . . . . . . .  ABSBIT   -----  BIT      00AAH  1
TB8. . . . . . . . . . . . . . . . . .  ABSBIT   -----  BIT      009BH  1
IT1. . . . . . . . . . . . . . . . . .  ABSBIT   -----  BIT      008AH  1
RL_T3H . . . . . . . . . . . . . . . .  SFR      DATA   U_CHAR   00D4H  1
TH2. . . . . . . . . . . . . . . . . .  SFR      DATA   U_CHAR   00D6H  1
T2H. . . . . . . . . . . . . . . . . .  SFR      DATA   U_CHAR   00D6H  1
P. . . . . . . . . . . . . . . . . . .  ABSBIT   -----  BIT      00D0H  1
RL_T4H . . . . . . . . . . . . . . . .  SFR      DATA   U_CHAR   00D2H  1
TH3. . . . . . . . . . . . . . . . . .  SFR      DATA   U_CHAR   00D4H  1
T3H. . . . . . . . . . . . . . . . . .  SFR      DATA   U_CHAR   00D4H  1
RL_TL0 . . . . . . . . . . . . . . . .  SFR      DATA   U_CHAR   008AH  1
uint8_t. . . . . . . . . . . . . . . .  TYPEDEF  -----  U_CHAR   -----  1
SM0. . . . . . . . . . . . . . . . . .  ABSBIT   -----  BIT      009FH  1
TH4. . . . . . . . . . . . . . . . . .  SFR      DATA   U_CHAR   00D2H  1
T4H. . . . . . . . . . . . . . . . . .  SFR      DATA   U_CHAR   00D2H  1
RL_TL1 . . . . . . . . . . . . . . . .  SFR      DATA   U_CHAR   008BH  1
TL0. . . . . . . . . . . . . . . . . .  SFR      DATA   U_CHAR   008AH  1
SM1. . . . . . . . . . . . . . . . . .  ABSBIT   -----  BIT      009EH  1
RL_T2L . . . . . . . . . . . . . . . .  SFR      DATA   U_CHAR   00D7H  1
TL1. . . . . . . . . . . . . . . . . .  SFR      DATA   U_CHAR   008BH  1
SM2. . . . . . . . . . . . . . . . . .  ABSBIT   -----  BIT      009DH  1
RL_T3L . . . . . . . . . . . . . . . .  SFR      DATA   U_CHAR   00D5H  1
TL2. . . . . . . . . . . . . . . . . .  SFR      DATA   U_CHAR   00D7H  1
T2L. . . . . . . . . . . . . . . . . .  SFR      DATA   U_CHAR   00D7H  1
RL_T4L . . . . . . . . . . . . . . . .  SFR      DATA   U_CHAR   00D3H  1
TL3. . . . . . . . . . . . . . . . . .  SFR      DATA   U_CHAR   00D5H  1
T3L. . . . . . . . . . . . . . . . . .  SFR      DATA   U_CHAR   00D5H  1
PT0. . . . . . . . . . . . . . . . . .  ABSBIT   -----  BIT      00B9H  1
TL4. . . . . . . . . . . . . . . . . .  SFR      DATA   U_CHAR   00D3H  1
T4L. . . . . . . . . . . . . . . . . .  SFR      DATA   U_CHAR   00D3H  1
PT1. . . . . . . . . . . . . . . . . .  ABSBIT   -----  BIT      00BBH  1
RS0. . . . . . . . . . . . . . . . . .  ABSBIT   -----  BIT      00D3H  1
ISP_CONTR. . . . . . . . . . . . . . .  SFR      DATA   U_CHAR   00C7H  1
TR0. . . . . . . . . . . . . . . . . .  ABSBIT   -----  BIT      008CH  1
RS1. . . . . . . . . . . . . . . . . .  ABSBIT   -----  BIT      00D4H  1
IAP_DATA . . . . . . . . . . . . . . .  SFR      DATA   U_CHAR   00C2H  1
TR1. . . . . . . . . . . . . . . . . .  ABSBIT   -----  BIT      008EH  1
PX0. . . . . . . . . . . . . . . . . .  ABSBIT   -----  BIT      00B8H  1
WDT_CONTR. . . . . . . . . . . . . . .  SFR      DATA   U_CHAR   00C1H  1
PX1. . . . . . . . . . . . . . . . . .  ABSBIT   -----  BIT      00BAH  1
int8_t . . . . . . . . . . . . . . . .  TYPEDEF  -----  CHAR     -----  1
C51 COMPILER V9.59.0.0   EEPROM                                                            06/05/2022 11:01:31 PAGE 10  

NAME                                    CLASS   MSPACE  TYPE    OFFSET  SIZE
====                                    =====   ======  ====    ======  ====


u32. . . . . . . . . . . . . . . . . .  TYPEDEF  -----  U_LONG   -----  4
PCA_PWM0 . . . . . . . . . . . . . . .  SFR      DATA   U_CHAR   00F2H  1
PCA_PWM1 . . . . . . . . . . . . . . .  SFR      DATA   U_CHAR   00F3H  1
u16. . . . . . . . . . . . . . . . . .  TYPEDEF  -----  U_INT    -----  2
PCA_PWM2 . . . . . . . . . . . . . . .  SFR      DATA   U_CHAR   00F4H  1
P1ASF. . . . . . . . . . . . . . . . .  SFR      DATA   U_CHAR   009DH  1
DPH. . . . . . . . . . . . . . . . . .  SFR      DATA   U_CHAR   0083H  1
T4T3M. . . . . . . . . . . . . . . . .  SFR      DATA   U_CHAR   00D1H  1
ADC_RESL . . . . . . . . . . . . . . .  SFR      DATA   U_CHAR   00BEH  1
DPL. . . . . . . . . . . . . . . . . .  SFR      DATA   U_CHAR   0082H  1
SPSTAT . . . . . . . . . . . . . . . .  SFR      DATA   U_CHAR   00CDH  1
IPH. . . . . . . . . . . . . . . . . .  SFR      DATA   U_CHAR   00B7H  1
S2BUF. . . . . . . . . . . . . . . . .  SFR      DATA   U_CHAR   009BH  1
PCON2. . . . . . . . . . . . . . . . .  SFR      DATA   U_CHAR   0097H  1
S3BUF. . . . . . . . . . . . . . . . .  SFR      DATA   U_CHAR   00ADH  1
REN. . . . . . . . . . . . . . . . . .  ABSBIT   -----  BIT      009CH  1
S4BUF. . . . . . . . . . . . . . . . .  SFR      DATA   U_CHAR   0085H  1
S2CON. . . . . . . . . . . . . . . . .  SFR      DATA   U_CHAR   009AH  1
S3CON. . . . . . . . . . . . . . . . .  SFR      DATA   U_CHAR   00ACH  1
ISP_DATA . . . . . . . . . . . . . . .  SFR      DATA   U_CHAR   00C2H  1
S4CON. . . . . . . . . . . . . . . . .  SFR      DATA   U_CHAR   0084H  1
SADEN. . . . . . . . . . . . . . . . .  SFR      DATA   U_CHAR   00B9H  1
wchar_t. . . . . . . . . . . . . . . .  TYPEDEF  -----  CHAR     -----  1
RXD. . . . . . . . . . . . . . . . . .  ABSBIT   -----  BIT      00B0H  1
SADDR. . . . . . . . . . . . . . . . .  SFR      DATA   U_CHAR   00A9H  1
TXD. . . . . . . . . . . . . . . . . .  ABSBIT   -----  BIT      00B1H  1
B0 . . . . . . . . . . . . . . . . . .  ABSBIT   -----  BIT      00F0H  1
B1 . . . . . . . . . . . . . . . . . .  ABSBIT   -----  BIT      00F1H  1
IAP_TRIG . . . . . . . . . . . . . . .  SFR      DATA   U_CHAR   00C6H  1
AUXR1. . . . . . . . . . . . . . . . .  SFR      DATA   U_CHAR   00A2H  1
B2 . . . . . . . . . . . . . . . . . .  ABSBIT   -----  BIT      00F2H  1
SPI_SS . . . . . . . . . . . . . . . .  ABSBIT   -----  BIT      0092H  1
AUXR2. . . . . . . . . . . . . . . . .  SFR      DATA   U_CHAR   008FH  1
B3 . . . . . . . . . . . . . . . . . .  ABSBIT   -----  BIT      00F3H  1
B4 . . . . . . . . . . . . . . . . . .  ABSBIT   -----  BIT      00F4H  1
F0 . . . . . . . . . . . . . . . . . .  ABSBIT   -----  BIT      00D5H  1
B5 . . . . . . . . . . . . . . . . . .  ABSBIT   -----  BIT      00F5H  1
F1 . . . . . . . . . . . . . . . . . .  ABSBIT   -----  BIT      00D1H  1
INT_CLKO . . . . . . . . . . . . . . .  SFR      DATA   U_CHAR   008FH  1
B6 . . . . . . . . . . . . . . . . . .  ABSBIT   -----  BIT      00F6H  1
ACC0 . . . . . . . . . . . . . . . . .  ABSBIT   -----  BIT      00E0H  1
B7 . . . . . . . . . . . . . . . . . .  ABSBIT   -----  BIT      00F7H  1
ACC1 . . . . . . . . . . . . . . . . .  ABSBIT   -----  BIT      00E1H  1
ACC2 . . . . . . . . . . . . . . . . .  ABSBIT   -----  BIT      00E2H  1
ACC3 . . . . . . . . . . . . . . . . .  ABSBIT   -----  BIT      00E3H  1
PSW. . . . . . . . . . . . . . . . . .  SFR      DATA   U_CHAR   00D0H  1
ACC4 . . . . . . . . . . . . . . . . .  ABSBIT   -----  BIT      00E4H  1
SPI_SCLK . . . . . . . . . . . . . . .  ABSBIT   -----  BIT      0095H  1
CCF0 . . . . . . . . . . . . . . . . .  ABSBIT   -----  BIT      00D8H  1
ACC5 . . . . . . . . . . . . . . . . .  ABSBIT   -----  BIT      00E5H  1
uint32_t . . . . . . . . . . . . . . .  TYPEDEF  -----  U_LONG   -----  4
CCF1 . . . . . . . . . . . . . . . . .  ABSBIT   -----  BIT      00D9H  1
ACC6 . . . . . . . . . . . . . . . . .  ABSBIT   -----  BIT      00E6H  1
SPDAT. . . . . . . . . . . . . . . . .  SFR      DATA   U_CHAR   00CFH  1
P0M0 . . . . . . . . . . . . . . . . .  SFR      DATA   U_CHAR   0094H  1


MODULE INFORMATION:   STATIC OVERLAYABLE
C51 COMPILER V9.59.0.0   EEPROM                                                            06/05/2022 11:01:31 PAGE 11  

   CODE SIZE        =    167    ----
   CONSTANT SIZE    =   ----    ----
   XDATA SIZE       =   ----    ----
   PDATA SIZE       =   ----    ----
   DATA SIZE        =   ----      14
   IDATA SIZE       =   ----    ----
   BIT SIZE         =   ----    ----
   EDATA SIZE       =   ----    ----
   HDATA SIZE       =   ----    ----
   XDATA CONST SIZE =   ----    ----
   FAR CONST SIZE   =   ----    ----
END OF MODULE INFORMATION.


C51 COMPILATION COMPLETE.  0 WARNING(S),  0 ERROR(S)
