C51 COMPILER V9.59.0.0   EXTI                                                              06/05/2022 11:01:31 PAGE 1   


C51 COMPILER V9.59.0.0, COMPILATION OF MODULE EXTI
OBJECT MODULE PLACED IN .\build\Release\lib\stc15_lib\src\Exti.o
COMPILER INVOKED BY: D:\PhPython\Keil5\C51\BIN\C51.exe .\LIB\STC15_LIB\SRC\EXTI.C PRINT(.\build\Release\lib\stc15_lib\sr
                    -c\Exti.lst) OMF2 TABS(4) CODE NOCOND SYMBOLS OPTIMIZE(8,SPEED) SMALL ROM(LARGE) INCDIR(D:\PhPython\Keil5\C51\INC;.\src;.
                    -\lib\stc15_lib;.\lib\stc15_lib\src;.\lib\stc15_lib\include) DEFINE(DEBUG,__UVISION_VERSION=526) OBJECT(.\build\Release\l
                    -ib\stc15_lib\src\Exti.o)

line level    source

   1          
   2          /*************  功能说明    **************
   3          
   4          本文件为STC15xxx系列的外中断初始化和中断程序,用户可以在这个文件中修改自己需要的中断程序.
   5          
   6          ******************************************/
   7          
   8          
   9          
  10          #include    "Exti.h"
  11          
  12          
  13          //========================================================================
  14          // 函数: u8 Ext_Inilize(u8 EXT, EXTI_InitTypeDef *INTx)
  15          // 描述: 外部中断初始化程序.
  16          // 参数: INTx: 结构参数,请参考Exti.h里的定义.
  17          // 返回: 成功返回0, 空操作返回1,错误返回2.
  18          // 版本: V1.0, 2012-10-22
  19          //========================================================================
  20          u8  Ext_Inilize(u8 EXT, EXTI_InitTypeDef *INTx)
  21          {
  22   1          if(EXT >  EXT_INT4) return 1;   //空操作
  23   1          
  24   1          if(EXT == EXT_INT0) //外中断0
  25   1          {
  26   2              if(INTx->EXTI_Interrupt == ENABLE)      EX0 = 1;    //允许中断
  27   2              else                                    EX0 = 0;    //禁止中断
  28   2              if(INTx->EXTI_Polity == PolityHigh)     PX0 = 1;    //高优先级中断
  29   2              else                                    PX0 = 0;    //低优先级中断
  30   2              if(INTx->EXTI_Mode == EXT_MODE_Fall)    IT0 = 1;    //下降沿中断
  31   2              else                                    IT0 = 0;    //上升,下降沿中断
  32   2              return  0;      //成功
  33   2          }
  34   1      
  35   1          if(EXT == EXT_INT1) //外中断1
  36   1          {
  37   2              if(INTx->EXTI_Interrupt == ENABLE)      EX1 = 1;    //允许中断
  38   2              else                                    EX1 = 0;    //禁止中断
  39   2              if(INTx->EXTI_Polity == PolityHigh)     PX1 = 1;    //高优先级中断
  40   2              else                                    PX1 = 0;    //低优先级中断
  41   2              if(INTx->EXTI_Mode == EXT_MODE_Fall)    IT1 = 1;    //下降沿中断
  42   2              else                                    IT1 = 0;    //上升,下降沿中断
  43   2              return  0;      //成功
  44   2          }
  45   1      
  46   1          if(EXT == EXT_INT2)     //外中断2, 固定为下降沿低优先级中断
  47   1          {
  48   2              if(INTx->EXTI_Interrupt == ENABLE)  INT_CLKO |=  (1 << 4);  //允许中断  
  49   2              else                                INT_CLKO &= ~(1 << 4);  //禁止中断
  50   2              return  0;      //成功
  51   2          }
  52   1      
C51 COMPILER V9.59.0.0   EXTI                                                              06/05/2022 11:01:31 PAGE 2   

  53   1          if(EXT == EXT_INT3)     //外中断3, 固定为下降沿低优先级中断
  54   1          {
  55   2              if(INTx->EXTI_Interrupt == ENABLE)  INT_CLKO |=  (1 << 5);  //允许中断  
  56   2              else                                INT_CLKO &= ~(1 << 5);  //禁止中断
  57   2              return  0;      //成功
  58   2          }
  59   1      
  60   1          if(EXT == EXT_INT4)     //外中断4, 固定为下降沿低优先级中断
  61   1          {
  62   2              if(INTx->EXTI_Interrupt == ENABLE)  INT_CLKO |=  (1 << 6);  //允许中断  
  63   2              else                                INT_CLKO &= ~(1 << 6);  //禁止中断
  64   2              return  0;      //成功
  65   2          }
  66   1          return 2;   //失败
  67   1      }
C51 COMPILER V9.59.0.0   EXTI                                                              06/05/2022 11:01:31 PAGE 3   

ASSEMBLY LISTING OF GENERATED OBJECT CODE


             ; FUNCTION _Ext_Inilize (BEGIN)
                                           ; SOURCE LINE # 20
;---- Variable 'INTx' assigned to Register 'R1/R2/R3' ----
;---- Variable 'EXT' assigned to Register 'R7' ----
                                           ; SOURCE LINE # 21
                                           ; SOURCE LINE # 22
0000 EF                MOV     A,R7
0001 D3                SETB    C
0002 9404              SUBB    A,#04H
0004 7480              MOV     A,#080H
0006 9480              SUBB    A,#080H
0008 4003              JC      ?C0001
000A 7F01              MOV     R7,#01H
000C 22                RET     
000D         ?C0001:
                                           ; SOURCE LINE # 24
000D EF                MOV     A,R7
000E 7030              JNZ     ?C0003
                                           ; SOURCE LINE # 25
                                           ; SOURCE LINE # 26
0010 900002            MOV     DPTR,#02H
0013 120000      E     LCALL   ?C?CLDOPTR
0016 6401              XRL     A,#01H
0018 7004              JNZ     ?C0004
001A D2A8              SETB    EX0
001C 8002              SJMP    ?C0005
001E         ?C0004:
                                           ; SOURCE LINE # 27
001E C2A8              CLR     EX0
0020         ?C0005:
                                           ; SOURCE LINE # 28
0020 900001            MOV     DPTR,#01H
0023 120000      E     LCALL   ?C?CLDOPTR
0026 6401              XRL     A,#01H
0028 7004              JNZ     ?C0006
002A D2B8              SETB    PX0
002C 8002              SJMP    ?C0007
002E         ?C0006:
                                           ; SOURCE LINE # 29
002E C2B8              CLR     PX0
0030         ?C0007:
                                           ; SOURCE LINE # 30
0030 120000      E     LCALL   ?C?CLDPTR
0033 6401              XRL     A,#01H
0035 7004              JNZ     ?C0008
0037 D288              SETB    IT0
0039 8002              SJMP    ?C0009
003B         ?C0008:
                                           ; SOURCE LINE # 31
003B C288              CLR     IT0
003D         ?C0009:
                                           ; SOURCE LINE # 32
003D 7F00              MOV     R7,#00H
003F 22                RET     
                                           ; SOURCE LINE # 33
0040         ?C0003:
                                           ; SOURCE LINE # 35
0040 EF                MOV     A,R7
0041 6401              XRL     A,#01H
C51 COMPILER V9.59.0.0   EXTI                                                              06/05/2022 11:01:31 PAGE 4   

0043 7030              JNZ     ?C0010
                                           ; SOURCE LINE # 36
                                           ; SOURCE LINE # 37
0045 900002            MOV     DPTR,#02H
0048 120000      E     LCALL   ?C?CLDOPTR
004B 6401              XRL     A,#01H
004D 7004              JNZ     ?C0011
004F D2AA              SETB    EX1
0051 8002              SJMP    ?C0012
0053         ?C0011:
                                           ; SOURCE LINE # 38
0053 C2AA              CLR     EX1
0055         ?C0012:
                                           ; SOURCE LINE # 39
0055 900001            MOV     DPTR,#01H
0058 120000      E     LCALL   ?C?CLDOPTR
005B 6401              XRL     A,#01H
005D 7004              JNZ     ?C0013
005F D2BA              SETB    PX1
0061 8002              SJMP    ?C0014
0063         ?C0013:
                                           ; SOURCE LINE # 40
0063 C2BA              CLR     PX1
0065         ?C0014:
                                           ; SOURCE LINE # 41
0065 120000      E     LCALL   ?C?CLDPTR
0068 6401              XRL     A,#01H
006A 7004              JNZ     ?C0015
006C D28A              SETB    IT1
006E 8002              SJMP    ?C0016
0070         ?C0015:
                                           ; SOURCE LINE # 42
0070 C28A              CLR     IT1
0072         ?C0016:
                                           ; SOURCE LINE # 43
0072 7F00              MOV     R7,#00H
0074 22                RET     
                                           ; SOURCE LINE # 44
0075         ?C0010:
                                           ; SOURCE LINE # 46
0075 EF                MOV     A,R7
0076 6402              XRL     A,#02H
0078 7015              JNZ     ?C0017
                                           ; SOURCE LINE # 47
                                           ; SOURCE LINE # 48
007A 900002            MOV     DPTR,#02H
007D 120000      E     LCALL   ?C?CLDOPTR
0080 6401              XRL     A,#01H
0082 7005              JNZ     ?C0018
0084 438F10            ORL     INT_CLKO,#010H
0087 8003              SJMP    ?C0019
0089         ?C0018:
                                           ; SOURCE LINE # 49
0089 538FEF            ANL     INT_CLKO,#0EFH
008C         ?C0019:
                                           ; SOURCE LINE # 50
008C 7F00              MOV     R7,#00H
008E 22                RET     
                                           ; SOURCE LINE # 51
008F         ?C0017:
                                           ; SOURCE LINE # 53
008F EF                MOV     A,R7
C51 COMPILER V9.59.0.0   EXTI                                                              06/05/2022 11:01:31 PAGE 5   

0090 6403              XRL     A,#03H
0092 7015              JNZ     ?C0020
                                           ; SOURCE LINE # 54
                                           ; SOURCE LINE # 55
0094 900002            MOV     DPTR,#02H
0097 120000      E     LCALL   ?C?CLDOPTR
009A 6401              XRL     A,#01H
009C 7005              JNZ     ?C0021
009E 438F20            ORL     INT_CLKO,#020H
00A1 8003              SJMP    ?C0022
00A3         ?C0021:
                                           ; SOURCE LINE # 56
00A3 538FDF            ANL     INT_CLKO,#0DFH
00A6         ?C0022:
                                           ; SOURCE LINE # 57
00A6 7F00              MOV     R7,#00H
00A8 22                RET     
                                           ; SOURCE LINE # 58
00A9         ?C0020:
                                           ; SOURCE LINE # 60
00A9 EF                MOV     A,R7
00AA 6404              XRL     A,#04H
00AC 7015              JNZ     ?C0023
                                           ; SOURCE LINE # 61
                                           ; SOURCE LINE # 62
00AE 900002            MOV     DPTR,#02H
00B1 120000      E     LCALL   ?C?CLDOPTR
00B4 6401              XRL     A,#01H
00B6 7005              JNZ     ?C0024
00B8 438F40            ORL     INT_CLKO,#040H
00BB 8003              SJMP    ?C0025
00BD         ?C0024:
                                           ; SOURCE LINE # 63
00BD 538FBF            ANL     INT_CLKO,#0BFH
00C0         ?C0025:
                                           ; SOURCE LINE # 64
00C0 7F00              MOV     R7,#00H
00C2 22                RET     
                                           ; SOURCE LINE # 65
00C3         ?C0023:
                                           ; SOURCE LINE # 66
00C3 7F02              MOV     R7,#02H
                                           ; SOURCE LINE # 67
00C5         ?C0002:
00C5 22                RET     
             ; FUNCTION _Ext_Inilize (END)

C51 COMPILER V9.59.0.0   EXTI                                                              06/05/2022 11:01:31 PAGE 6   

NAME                                    CLASS   MSPACE  TYPE    OFFSET  SIZE
====                                    =====   ======  ====    ======  ====


CCF2 . . . . . . . . . . . . . . . . .  ABSBIT   -----  BIT      00DAH  1
ACC7 . . . . . . . . . . . . . . . . .  ABSBIT   -----  BIT      00E7H  1
P0M1 . . . . . . . . . . . . . . . . .  SFR      DATA   U_CHAR   0093H  1
P1M0 . . . . . . . . . . . . . . . . .  SFR      DATA   U_CHAR   0092H  1
uint16_t . . . . . . . . . . . . . . .  TYPEDEF  -----  U_INT    -----  2
P2M0 . . . . . . . . . . . . . . . . .  SFR      DATA   U_CHAR   0096H  1
P1M1 . . . . . . . . . . . . . . . . .  SFR      DATA   U_CHAR   0091H  1
P0 . . . . . . . . . . . . . . . . . .  SFR      DATA   U_CHAR   0080H  1
P3M0 . . . . . . . . . . . . . . . . .  SFR      DATA   U_CHAR   00B2H  1
P2M1 . . . . . . . . . . . . . . . . .  SFR      DATA   U_CHAR   0095H  1
P1 . . . . . . . . . . . . . . . . . .  SFR      DATA   U_CHAR   0090H  1
P4M0 . . . . . . . . . . . . . . . . .  SFR      DATA   U_CHAR   00B4H  1
P3M1 . . . . . . . . . . . . . . . . .  SFR      DATA   U_CHAR   00B1H  1
P2 . . . . . . . . . . . . . . . . . .  SFR      DATA   U_CHAR   00A0H  1
P5M0 . . . . . . . . . . . . . . . . .  SFR      DATA   U_CHAR   00CAH  1
P4M1 . . . . . . . . . . . . . . . . .  SFR      DATA   U_CHAR   00B3H  1
P3 . . . . . . . . . . . . . . . . . .  SFR      DATA   U_CHAR   00B0H  1
WKTCH. . . . . . . . . . . . . . . . .  SFR      DATA   U_CHAR   00ABH  1
T0 . . . . . . . . . . . . . . . . . .  ABSBIT   -----  BIT      00B4H  1
AC . . . . . . . . . . . . . . . . . .  ABSBIT   -----  BIT      00D6H  1
P6M0 . . . . . . . . . . . . . . . . .  SFR      DATA   U_CHAR   00CCH  1
P5M1 . . . . . . . . . . . . . . . . .  SFR      DATA   U_CHAR   00C9H  1
P4 . . . . . . . . . . . . . . . . . .  SFR      DATA   U_CHAR   00C0H  1
CLKOUT0. . . . . . . . . . . . . . . .  ABSBIT   -----  BIT      00B5H  1
T1 . . . . . . . . . . . . . . . . . .  ABSBIT   -----  BIT      00B5H  1
P7M0 . . . . . . . . . . . . . . . . .  SFR      DATA   U_CHAR   00E2H  1
P6M1 . . . . . . . . . . . . . . . . .  SFR      DATA   U_CHAR   00CBH  1
P5 . . . . . . . . . . . . . . . . . .  SFR      DATA   U_CHAR   00C8H  1
ISP_TRIG . . . . . . . . . . . . . . .  SFR      DATA   U_CHAR   00C6H  1
EA . . . . . . . . . . . . . . . . . .  ABSBIT   -----  BIT      00AFH  1
CLKOUT1. . . . . . . . . . . . . . . .  ABSBIT   -----  BIT      00B4H  1
SPI_SS_2 . . . . . . . . . . . . . . .  ABSBIT   -----  BIT      00A4H  1
P6 . . . . . . . . . . . . . . . . . .  SFR      DATA   U_CHAR   00E8H  1
P7M1 . . . . . . . . . . . . . . . . .  SFR      DATA   U_CHAR   00E1H  1
SPI_SS_3 . . . . . . . . . . . . . . .  ABSBIT   -----  BIT      00CCH  1
SPI_MISO . . . . . . . . . . . . . . .  ABSBIT   -----  BIT      0094H  1
SPI_MOSI . . . . . . . . . . . . . . .  ABSBIT   -----  BIT      0093H  1
CCP0 . . . . . . . . . . . . . . . . .  ABSBIT   -----  BIT      0091H  1
P7 . . . . . . . . . . . . . . . . . .  SFR      DATA   U_CHAR   00F8H  1
WKTCL. . . . . . . . . . . . . . . . .  SFR      DATA   U_CHAR   00AAH  1
int32_t. . . . . . . . . . . . . . . .  TYPEDEF  -----  LONG     -----  4
CCP1 . . . . . . . . . . . . . . . . .  ABSBIT   -----  BIT      0090H  1
SPCTL. . . . . . . . . . . . . . . . .  SFR      DATA   U_CHAR   00CEH  1
CF . . . . . . . . . . . . . . . . . .  ABSBIT   -----  BIT      00DFH  1
CCP2 . . . . . . . . . . . . . . . . .  ABSBIT   -----  BIT      00B7H  1
int16_t. . . . . . . . . . . . . . . .  TYPEDEF  -----  INT      -----  2
CH . . . . . . . . . . . . . . . . . .  SFR      DATA   U_CHAR   00F9H  1
P_SW1. . . . . . . . . . . . . . . . .  SFR      DATA   U_CHAR   00A2H  1
P_SW2. . . . . . . . . . . . . . . . .  SFR      DATA   U_CHAR   00BAH  1
EADC . . . . . . . . . . . . . . . . .  ABSBIT   -----  BIT      00ADH  1
SPI_SCLK_2 . . . . . . . . . . . . . .  ABSBIT   -----  BIT      00A1H  1
IE . . . . . . . . . . . . . . . . . .  SFR      DATA   U_CHAR   00A8H  1
SPI_SCLK_3 . . . . . . . . . . . . . .  ABSBIT   -----  BIT      00C3H  1
CL . . . . . . . . . . . . . . . . . .  SFR      DATA   U_CHAR   00E9H  1
IAP_CMD. . . . . . . . . . . . . . . .  SFR      DATA   U_CHAR   00C5H  1
CCAP0H . . . . . . . . . . . . . . . .  SFR      DATA   U_CHAR   00FAH  1
CCAP1H . . . . . . . . . . . . . . . .  SFR      DATA   U_CHAR   00FBH  1
C51 COMPILER V9.59.0.0   EXTI                                                              06/05/2022 11:01:31 PAGE 7   

NAME                                    CLASS   MSPACE  TYPE    OFFSET  SIZE
====                                    =====   ======  ====    ======  ====


size_t . . . . . . . . . . . . . . . .  TYPEDEF  -----  U_INT    -----  2
CCAP2H . . . . . . . . . . . . . . . .  SFR      DATA   U_CHAR   00FCH  1
ADC_RES. . . . . . . . . . . . . . . .  SFR      DATA   U_CHAR   00BDH  1
IPH2 . . . . . . . . . . . . . . . . .  SFR      DATA   U_CHAR   00B6H  1
CR . . . . . . . . . . . . . . . . . .  ABSBIT   -----  BIT      00DEH  1
CCAP0L . . . . . . . . . . . . . . . .  SFR      DATA   U_CHAR   00EAH  1
RD . . . . . . . . . . . . . . . . . .  ABSBIT   -----  BIT      00B7H  1
CCAP1L . . . . . . . . . . . . . . . .  SFR      DATA   U_CHAR   00EBH  1
CCAPM0 . . . . . . . . . . . . . . . .  SFR      DATA   U_CHAR   00DAH  1
CCAP2L . . . . . . . . . . . . . . . .  SFR      DATA   U_CHAR   00ECH  1
CCAPM1 . . . . . . . . . . . . . . . .  SFR      DATA   U_CHAR   00DBH  1
ES . . . . . . . . . . . . . . . . . .  ABSBIT   -----  BIT      00ACH  1
CCAPM2 . . . . . . . . . . . . . . . .  SFR      DATA   U_CHAR   00DCH  1
PADC . . . . . . . . . . . . . . . . .  ABSBIT   -----  BIT      00BDH  1
SPI_MISO_2 . . . . . . . . . . . . . .  ABSBIT   -----  BIT      00A2H  1
SPI_MOSI_2 . . . . . . . . . . . . . .  ABSBIT   -----  BIT      00A3H  1
IP . . . . . . . . . . . . . . . . . .  SFR      DATA   U_CHAR   00B8H  1
SPI_MISO_3 . . . . . . . . . . . . . .  ABSBIT   -----  BIT      00C1H  1
SPI_MOSI_3 . . . . . . . . . . . . . .  ABSBIT   -----  BIT      00C0H  1
RI . . . . . . . . . . . . . . . . . .  ABSBIT   -----  BIT      0098H  1
INT0 . . . . . . . . . . . . . . . . .  ABSBIT   -----  BIT      00B2H  1
CY . . . . . . . . . . . . . . . . . .  ABSBIT   -----  BIT      00D7H  1
TI . . . . . . . . . . . . . . . . . .  ABSBIT   -----  BIT      0099H  1
INT1 . . . . . . . . . . . . . . . . .  ABSBIT   -----  BIT      00B3H  1
CLK_DIV. . . . . . . . . . . . . . . .  SFR      DATA   U_CHAR   0097H  1
IAP_ADDRH. . . . . . . . . . . . . . .  SFR      DATA   U_CHAR   00C3H  1
RXD2 . . . . . . . . . . . . . . . . .  ABSBIT   -----  BIT      0090H  1
ISP_CMD. . . . . . . . . . . . . . . .  SFR      DATA   U_CHAR   00C5H  1
PS . . . . . . . . . . . . . . . . . .  ABSBIT   -----  BIT      00BCH  1
TXD2 . . . . . . . . . . . . . . . . .  ABSBIT   -----  BIT      0091H  1
SP . . . . . . . . . . . . . . . . . .  SFR      DATA   U_CHAR   0081H  1
CMOD . . . . . . . . . . . . . . . . .  SFR      DATA   U_CHAR   00D9H  1
CCON . . . . . . . . . . . . . . . . .  SFR      DATA   U_CHAR   00D8H  1
IAP_ADDRL. . . . . . . . . . . . . . .  SFR      DATA   U_CHAR   00C4H  1
PPCA . . . . . . . . . . . . . . . . .  ABSBIT   -----  BIT      00BFH  1
OV . . . . . . . . . . . . . . . . . .  ABSBIT   -----  BIT      00D2H  1
WR . . . . . . . . . . . . . . . . . .  ABSBIT   -----  BIT      00B6H  1
ELVD . . . . . . . . . . . . . . . . .  ABSBIT   -----  BIT      00AEH  1
u8 . . . . . . . . . . . . . . . . . .  TYPEDEF  -----  U_CHAR   -----  1
P00. . . . . . . . . . . . . . . . . .  ABSBIT   -----  BIT      0080H  1
P10. . . . . . . . . . . . . . . . . .  ABSBIT   -----  BIT      0090H  1
P01. . . . . . . . . . . . . . . . . .  ABSBIT   -----  BIT      0081H  1
ADC_CONTR. . . . . . . . . . . . . . .  SFR      DATA   U_CHAR   00BCH  1
SBUF . . . . . . . . . . . . . . . . .  SFR      DATA   U_CHAR   0099H  1
PCON . . . . . . . . . . . . . . . . .  SFR      DATA   U_CHAR   0087H  1
P20. . . . . . . . . . . . . . . . . .  ABSBIT   -----  BIT      00A0H  1
P11. . . . . . . . . . . . . . . . . .  ABSBIT   -----  BIT      0091H  1
P02. . . . . . . . . . . . . . . . . .  ABSBIT   -----  BIT      0082H  1
ISP_ADDRH. . . . . . . . . . . . . . .  SFR      DATA   U_CHAR   00C3H  1
P30. . . . . . . . . . . . . . . . . .  ABSBIT   -----  BIT      00B0H  1
P21. . . . . . . . . . . . . . . . . .  ABSBIT   -----  BIT      00A1H  1
P12. . . . . . . . . . . . . . . . . .  ABSBIT   -----  BIT      0092H  1
P03. . . . . . . . . . . . . . . . . .  ABSBIT   -----  BIT      0083H  1
P40. . . . . . . . . . . . . . . . . .  ABSBIT   -----  BIT      00C0H  1
P31. . . . . . . . . . . . . . . . . .  ABSBIT   -----  BIT      00B1H  1
P22. . . . . . . . . . . . . . . . . .  ABSBIT   -----  BIT      00A2H  1
P13. . . . . . . . . . . . . . . . . .  ABSBIT   -----  BIT      0093H  1
C51 COMPILER V9.59.0.0   EXTI                                                              06/05/2022 11:01:31 PAGE 8   

NAME                                    CLASS   MSPACE  TYPE    OFFSET  SIZE
====                                    =====   ======  ====    ======  ====


P04. . . . . . . . . . . . . . . . . .  ABSBIT   -----  BIT      0084H  1
SCON . . . . . . . . . . . . . . . . .  SFR      DATA   U_CHAR   0098H  1
WAKE_CLKO. . . . . . . . . . . . . . .  SFR      DATA   U_CHAR   008FH  1
P50. . . . . . . . . . . . . . . . . .  ABSBIT   -----  BIT      00C8H  1
P41. . . . . . . . . . . . . . . . . .  ABSBIT   -----  BIT      00C1H  1
P32. . . . . . . . . . . . . . . . . .  ABSBIT   -----  BIT      00B2H  1
P23. . . . . . . . . . . . . . . . . .  ABSBIT   -----  BIT      00A3H  1
P14. . . . . . . . . . . . . . . . . .  ABSBIT   -----  BIT      0094H  1
P05. . . . . . . . . . . . . . . . . .  ABSBIT   -----  BIT      0085H  1
TMOD . . . . . . . . . . . . . . . . .  SFR      DATA   U_CHAR   0089H  1
TCON . . . . . . . . . . . . . . . . .  SFR      DATA   U_CHAR   0088H  1
P51. . . . . . . . . . . . . . . . . .  ABSBIT   -----  BIT      00C9H  1
P42. . . . . . . . . . . . . . . . . .  ABSBIT   -----  BIT      00C2H  1
P33. . . . . . . . . . . . . . . . . .  ABSBIT   -----  BIT      00B3H  1
P24. . . . . . . . . . . . . . . . . .  ABSBIT   -----  BIT      00A4H  1
P15. . . . . . . . . . . . . . . . . .  ABSBIT   -----  BIT      0095H  1
P06. . . . . . . . . . . . . . . . . .  ABSBIT   -----  BIT      0086H  1
ISP_ADDRL. . . . . . . . . . . . . . .  SFR      DATA   U_CHAR   00C4H  1
PLVD . . . . . . . . . . . . . . . . .  ABSBIT   -----  BIT      00BEH  1
P52. . . . . . . . . . . . . . . . . .  ABSBIT   -----  BIT      00CAH  1
P43. . . . . . . . . . . . . . . . . .  ABSBIT   -----  BIT      00C3H  1
P34. . . . . . . . . . . . . . . . . .  ABSBIT   -----  BIT      00B4H  1
P25. . . . . . . . . . . . . . . . . .  ABSBIT   -----  BIT      00A5H  1
P16. . . . . . . . . . . . . . . . . .  ABSBIT   -----  BIT      0096H  1
P07. . . . . . . . . . . . . . . . . .  ABSBIT   -----  BIT      0087H  1
P53. . . . . . . . . . . . . . . . . .  ABSBIT   -----  BIT      00CBH  1
P44. . . . . . . . . . . . . . . . . .  ABSBIT   -----  BIT      00C4H  1
P35. . . . . . . . . . . . . . . . . .  ABSBIT   -----  BIT      00B5H  1
P26. . . . . . . . . . . . . . . . . .  ABSBIT   -----  BIT      00A6H  1
P17. . . . . . . . . . . . . . . . . .  ABSBIT   -----  BIT      0097H  1
P54. . . . . . . . . . . . . . . . . .  ABSBIT   -----  BIT      00CCH  1
P45. . . . . . . . . . . . . . . . . .  ABSBIT   -----  BIT      00C5H  1
P36. . . . . . . . . . . . . . . . . .  ABSBIT   -----  BIT      00B6H  1
P27. . . . . . . . . . . . . . . . . .  ABSBIT   -----  BIT      00A7H  1
P55. . . . . . . . . . . . . . . . . .  ABSBIT   -----  BIT      00CDH  1
P46. . . . . . . . . . . . . . . . . .  ABSBIT   -----  BIT      00C6H  1
P37. . . . . . . . . . . . . . . . . .  ABSBIT   -----  BIT      00B7H  1
P56. . . . . . . . . . . . . . . . . .  ABSBIT   -----  BIT      00CEH  1
P47. . . . . . . . . . . . . . . . . .  ABSBIT   -----  BIT      00C7H  1
P57. . . . . . . . . . . . . . . . . .  ABSBIT   -----  BIT      00CFH  1
IE0. . . . . . . . . . . . . . . . . .  ABSBIT   -----  BIT      0089H  1
BUS_SPEED. . . . . . . . . . . . . . .  SFR      DATA   U_CHAR   00A1H  1
IE1. . . . . . . . . . . . . . . . . .  ABSBIT   -----  BIT      008BH  1
IE2. . . . . . . . . . . . . . . . . .  SFR      DATA   U_CHAR   00AFH  1
B. . . . . . . . . . . . . . . . . . .  SFR      DATA   U_CHAR   00F0H  1
AUXR . . . . . . . . . . . . . . . . .  SFR      DATA   U_CHAR   008EH  1
IAP_CONTR. . . . . . . . . . . . . . .  SFR      DATA   U_CHAR   00C7H  1
ACC. . . . . . . . . . . . . . . . . .  SFR      DATA   U_CHAR   00E0H  1
ptrdiff_t. . . . . . . . . . . . . . .  TYPEDEF  -----  LONG     -----  4
ET0. . . . . . . . . . . . . . . . . .  ABSBIT   -----  BIT      00A9H  1
ET1. . . . . . . . . . . . . . . . . .  ABSBIT   -----  BIT      00ABH  1
TF0. . . . . . . . . . . . . . . . . .  ABSBIT   -----  BIT      008DH  1
TF1. . . . . . . . . . . . . . . . . .  ABSBIT   -----  BIT      008FH  1
IP2. . . . . . . . . . . . . . . . . .  SFR      DATA   U_CHAR   00B5H  1
RL_TH0 . . . . . . . . . . . . . . . .  SFR      DATA   U_CHAR   008CH  1
RB8. . . . . . . . . . . . . . . . . .  ABSBIT   -----  BIT      009AH  1
RL_TH1 . . . . . . . . . . . . . . . .  SFR      DATA   U_CHAR   008DH  1
C51 COMPILER V9.59.0.0   EXTI                                                              06/05/2022 11:01:31 PAGE 9   

NAME                                    CLASS   MSPACE  TYPE    OFFSET  SIZE
====                                    =====   ======  ====    ======  ====


TH0. . . . . . . . . . . . . . . . . .  SFR      DATA   U_CHAR   008CH  1
EX0. . . . . . . . . . . . . . . . . .  ABSBIT   -----  BIT      00A8H  1
IT0. . . . . . . . . . . . . . . . . .  ABSBIT   -----  BIT      0088H  1
RL_T2H . . . . . . . . . . . . . . . .  SFR      DATA   U_CHAR   00D6H  1
TH1. . . . . . . . . . . . . . . . . .  SFR      DATA   U_CHAR   008DH  1
EX1. . . . . . . . . . . . . . . . . .  ABSBIT   -----  BIT      00AAH  1
TB8. . . . . . . . . . . . . . . . . .  ABSBIT   -----  BIT      009BH  1
IT1. . . . . . . . . . . . . . . . . .  ABSBIT   -----  BIT      008AH  1
RL_T3H . . . . . . . . . . . . . . . .  SFR      DATA   U_CHAR   00D4H  1
TH2. . . . . . . . . . . . . . . . . .  SFR      DATA   U_CHAR   00D6H  1
T2H. . . . . . . . . . . . . . . . . .  SFR      DATA   U_CHAR   00D6H  1
P. . . . . . . . . . . . . . . . . . .  ABSBIT   -----  BIT      00D0H  1
RL_T4H . . . . . . . . . . . . . . . .  SFR      DATA   U_CHAR   00D2H  1
TH3. . . . . . . . . . . . . . . . . .  SFR      DATA   U_CHAR   00D4H  1
T3H. . . . . . . . . . . . . . . . . .  SFR      DATA   U_CHAR   00D4H  1
RL_TL0 . . . . . . . . . . . . . . . .  SFR      DATA   U_CHAR   008AH  1
uint8_t. . . . . . . . . . . . . . . .  TYPEDEF  -----  U_CHAR   -----  1
SM0. . . . . . . . . . . . . . . . . .  ABSBIT   -----  BIT      009FH  1
TH4. . . . . . . . . . . . . . . . . .  SFR      DATA   U_CHAR   00D2H  1
T4H. . . . . . . . . . . . . . . . . .  SFR      DATA   U_CHAR   00D2H  1
RL_TL1 . . . . . . . . . . . . . . . .  SFR      DATA   U_CHAR   008BH  1
TL0. . . . . . . . . . . . . . . . . .  SFR      DATA   U_CHAR   008AH  1
SM1. . . . . . . . . . . . . . . . . .  ABSBIT   -----  BIT      009EH  1
RL_T2L . . . . . . . . . . . . . . . .  SFR      DATA   U_CHAR   00D7H  1
TL1. . . . . . . . . . . . . . . . . .  SFR      DATA   U_CHAR   008BH  1
SM2. . . . . . . . . . . . . . . . . .  ABSBIT   -----  BIT      009DH  1
RL_T3L . . . . . . . . . . . . . . . .  SFR      DATA   U_CHAR   00D5H  1
TL2. . . . . . . . . . . . . . . . . .  SFR      DATA   U_CHAR   00D7H  1
T2L. . . . . . . . . . . . . . . . . .  SFR      DATA   U_CHAR   00D7H  1
RL_T4L . . . . . . . . . . . . . . . .  SFR      DATA   U_CHAR   00D3H  1
TL3. . . . . . . . . . . . . . . . . .  SFR      DATA   U_CHAR   00D5H  1
T3L. . . . . . . . . . . . . . . . . .  SFR      DATA   U_CHAR   00D5H  1
PT0. . . . . . . . . . . . . . . . . .  ABSBIT   -----  BIT      00B9H  1
TL4. . . . . . . . . . . . . . . . . .  SFR      DATA   U_CHAR   00D3H  1
T4L. . . . . . . . . . . . . . . . . .  SFR      DATA   U_CHAR   00D3H  1
PT1. . . . . . . . . . . . . . . . . .  ABSBIT   -----  BIT      00BBH  1
RS0. . . . . . . . . . . . . . . . . .  ABSBIT   -----  BIT      00D3H  1
ISP_CONTR. . . . . . . . . . . . . . .  SFR      DATA   U_CHAR   00C7H  1
TR0. . . . . . . . . . . . . . . . . .  ABSBIT   -----  BIT      008CH  1
RS1. . . . . . . . . . . . . . . . . .  ABSBIT   -----  BIT      00D4H  1
IAP_DATA . . . . . . . . . . . . . . .  SFR      DATA   U_CHAR   00C2H  1
TR1. . . . . . . . . . . . . . . . . .  ABSBIT   -----  BIT      008EH  1
PX0. . . . . . . . . . . . . . . . . .  ABSBIT   -----  BIT      00B8H  1
WDT_CONTR. . . . . . . . . . . . . . .  SFR      DATA   U_CHAR   00C1H  1
PX1. . . . . . . . . . . . . . . . . .  ABSBIT   -----  BIT      00BAH  1
int8_t . . . . . . . . . . . . . . . .  TYPEDEF  -----  CHAR     -----  1
u32. . . . . . . . . . . . . . . . . .  TYPEDEF  -----  U_LONG   -----  4
PCA_PWM0 . . . . . . . . . . . . . . .  SFR      DATA   U_CHAR   00F2H  1
PCA_PWM1 . . . . . . . . . . . . . . .  SFR      DATA   U_CHAR   00F3H  1
u16. . . . . . . . . . . . . . . . . .  TYPEDEF  -----  U_INT    -----  2
PCA_PWM2 . . . . . . . . . . . . . . .  SFR      DATA   U_CHAR   00F4H  1
P1ASF. . . . . . . . . . . . . . . . .  SFR      DATA   U_CHAR   009DH  1
DPH. . . . . . . . . . . . . . . . . .  SFR      DATA   U_CHAR   0083H  1
T4T3M. . . . . . . . . . . . . . . . .  SFR      DATA   U_CHAR   00D1H  1
ADC_RESL . . . . . . . . . . . . . . .  SFR      DATA   U_CHAR   00BEH  1
DPL. . . . . . . . . . . . . . . . . .  SFR      DATA   U_CHAR   0082H  1
SPSTAT . . . . . . . . . . . . . . . .  SFR      DATA   U_CHAR   00CDH  1
C51 COMPILER V9.59.0.0   EXTI                                                              06/05/2022 11:01:31 PAGE 10  

NAME                                    CLASS   MSPACE  TYPE    OFFSET  SIZE
====                                    =====   ======  ====    ======  ====


IPH. . . . . . . . . . . . . . . . . .  SFR      DATA   U_CHAR   00B7H  1
S2BUF. . . . . . . . . . . . . . . . .  SFR      DATA   U_CHAR   009BH  1
PCON2. . . . . . . . . . . . . . . . .  SFR      DATA   U_CHAR   0097H  1
S3BUF. . . . . . . . . . . . . . . . .  SFR      DATA   U_CHAR   00ADH  1
REN. . . . . . . . . . . . . . . . . .  ABSBIT   -----  BIT      009CH  1
S4BUF. . . . . . . . . . . . . . . . .  SFR      DATA   U_CHAR   0085H  1
S2CON. . . . . . . . . . . . . . . . .  SFR      DATA   U_CHAR   009AH  1
S3CON. . . . . . . . . . . . . . . . .  SFR      DATA   U_CHAR   00ACH  1
EXTI_InitTypeDef . . . . . . . . . . .  TYPEDEF  -----  STRUCT   -----  3
  EXTI_Mode. . . . . . . . . . . . . .  MEMBER   -----  U_CHAR   0000H  1
  EXTI_Polity. . . . . . . . . . . . .  MEMBER   -----  U_CHAR   0001H  1
  EXTI_Interrupt . . . . . . . . . . .  MEMBER   -----  U_CHAR   0002H  1
ISP_DATA . . . . . . . . . . . . . . .  SFR      DATA   U_CHAR   00C2H  1
S4CON. . . . . . . . . . . . . . . . .  SFR      DATA   U_CHAR   0084H  1
_Ext_Inilize . . . . . . . . . . . . .  PUBLIC   CODE   PROC     0000H  -----
  EXT. . . . . . . . . . . . . . . . .  * REG *  DATA   U_CHAR   0007H  1
  INTx . . . . . . . . . . . . . . . .  * REG *  DATA   PTR      0001H  3
SADEN. . . . . . . . . . . . . . . . .  SFR      DATA   U_CHAR   00B9H  1
wchar_t. . . . . . . . . . . . . . . .  TYPEDEF  -----  CHAR     -----  1
RXD. . . . . . . . . . . . . . . . . .  ABSBIT   -----  BIT      00B0H  1
SADDR. . . . . . . . . . . . . . . . .  SFR      DATA   U_CHAR   00A9H  1
TXD. . . . . . . . . . . . . . . . . .  ABSBIT   -----  BIT      00B1H  1
B0 . . . . . . . . . . . . . . . . . .  ABSBIT   -----  BIT      00F0H  1
B1 . . . . . . . . . . . . . . . . . .  ABSBIT   -----  BIT      00F1H  1
IAP_TRIG . . . . . . . . . . . . . . .  SFR      DATA   U_CHAR   00C6H  1
AUXR1. . . . . . . . . . . . . . . . .  SFR      DATA   U_CHAR   00A2H  1
B2 . . . . . . . . . . . . . . . . . .  ABSBIT   -----  BIT      00F2H  1
SPI_SS . . . . . . . . . . . . . . . .  ABSBIT   -----  BIT      0092H  1
AUXR2. . . . . . . . . . . . . . . . .  SFR      DATA   U_CHAR   008FH  1
B3 . . . . . . . . . . . . . . . . . .  ABSBIT   -----  BIT      00F3H  1
B4 . . . . . . . . . . . . . . . . . .  ABSBIT   -----  BIT      00F4H  1
F0 . . . . . . . . . . . . . . . . . .  ABSBIT   -----  BIT      00D5H  1
B5 . . . . . . . . . . . . . . . . . .  ABSBIT   -----  BIT      00F5H  1
F1 . . . . . . . . . . . . . . . . . .  ABSBIT   -----  BIT      00D1H  1
INT_CLKO . . . . . . . . . . . . . . .  SFR      DATA   U_CHAR   008FH  1
B6 . . . . . . . . . . . . . . . . . .  ABSBIT   -----  BIT      00F6H  1
ACC0 . . . . . . . . . . . . . . . . .  ABSBIT   -----  BIT      00E0H  1
B7 . . . . . . . . . . . . . . . . . .  ABSBIT   -----  BIT      00F7H  1
ACC1 . . . . . . . . . . . . . . . . .  ABSBIT   -----  BIT      00E1H  1
ACC2 . . . . . . . . . . . . . . . . .  ABSBIT   -----  BIT      00E2H  1
ACC3 . . . . . . . . . . . . . . . . .  ABSBIT   -----  BIT      00E3H  1
PSW. . . . . . . . . . . . . . . . . .  SFR      DATA   U_CHAR   00D0H  1
ACC4 . . . . . . . . . . . . . . . . .  ABSBIT   -----  BIT      00E4H  1
SPI_SCLK . . . . . . . . . . . . . . .  ABSBIT   -----  BIT      0095H  1
CCF0 . . . . . . . . . . . . . . . . .  ABSBIT   -----  BIT      00D8H  1
ACC5 . . . . . . . . . . . . . . . . .  ABSBIT   -----  BIT      00E5H  1
uint32_t . . . . . . . . . . . . . . .  TYPEDEF  -----  U_LONG   -----  4
CCF1 . . . . . . . . . . . . . . . . .  ABSBIT   -----  BIT      00D9H  1
ACC6 . . . . . . . . . . . . . . . . .  ABSBIT   -----  BIT      00E6H  1
SPDAT. . . . . . . . . . . . . . . . .  SFR      DATA   U_CHAR   00CFH  1
P0M0 . . . . . . . . . . . . . . . . .  SFR      DATA   U_CHAR   0094H  1


MODULE INFORMATION:   STATIC OVERLAYABLE
   CODE SIZE        =    198    ----
   CONSTANT SIZE    =   ----    ----
   XDATA SIZE       =   ----    ----
   PDATA SIZE       =   ----    ----
C51 COMPILER V9.59.0.0   EXTI                                                              06/05/2022 11:01:31 PAGE 11  

   DATA SIZE        =   ----    ----
   IDATA SIZE       =   ----    ----
   BIT SIZE         =   ----    ----
   EDATA SIZE       =   ----    ----
   HDATA SIZE       =   ----    ----
   XDATA CONST SIZE =   ----    ----
   FAR CONST SIZE   =   ----    ----
END OF MODULE INFORMATION.


C51 COMPILATION COMPLETE.  0 WARNING(S),  0 ERROR(S)
