C51 COMPILER V9.59.0.0   GPIO                                                              06/05/2022 11:01:31 PAGE 1   


C51 COMPILER V9.59.0.0, COMPILATION OF MODULE GPIO
OBJECT MODULE PLACED IN .\build\Release\lib\stc15_lib\src\GPIO.o
COMPILER INVOKED BY: D:\PhPython\Keil5\C51\BIN\C51.exe .\LIB\STC15_LIB\SRC\GPIO.C PRINT(.\build\Release\lib\stc15_lib\sr
                    -c\GPIO.lst) OMF2 TABS(4) CODE NOCOND SYMBOLS OPTIMIZE(8,SPEED) SMALL ROM(LARGE) INCDIR(D:\PhPython\Keil5\C51\INC;.\src;.
                    -\lib\stc15_lib;.\lib\stc15_lib\src;.\lib\stc15_lib\include) DEFINE(DEBUG,__UVISION_VERSION=526) OBJECT(.\build\Release\l
                    -ib\stc15_lib\src\GPIO.o)

line level    source

   1          
   2          /*************  功能说明    **************
   3          
   4          本文件为STC15xxx系列的端口初始化程序,用户几乎可以不修改这个程序.
   5          
   6          
   7          ******************************************/
   8          
   9          #include    "GPIO.h"
  10          
  11          
  12          //========================================================================
  13          // 函数: u8 GPIO_Inilize(u8 GPIO, GPIO_InitTypeDef *GPIOx)
  14          // 描述: 初始化IO口.
  15          // 参数: GPIOx: 结构参数,请参考timer.h里的定义.
  16          // 返回: 成功返回0, 空操作返回1,错误返回2.
  17          // 版本: V1.0, 2012-10-22
  18          //========================================================================
  19          u8  GPIO_Inilize(u8 GPIO, GPIO_InitTypeDef *GPIOx)
  20          {
  21   1          if(GPIO > GPIO_P5)              return 1;   //空操作
  22   1          if(GPIOx->Mode > GPIO_OUT_PP)   return 2;   //错误
  23   1          if(GPIO == GPIO_P0)
  24   1          {
  25   2              if(GPIOx->Mode == GPIO_PullUp)      P0M1 &= ~GPIOx->Pin,    P0M0 &= ~GPIOx->Pin;     //上拉准双向口
  26   2              if(GPIOx->Mode == GPIO_HighZ)       P0M1 |=  GPIOx->Pin,    P0M0 &= ~GPIOx->Pin;     //浮空输入
  27   2              if(GPIOx->Mode == GPIO_OUT_OD)      P0M1 |=  GPIOx->Pin,    P0M0 |=  GPIOx->Pin;     //开漏输出
  28   2              if(GPIOx->Mode == GPIO_OUT_PP)      P0M1 &= ~GPIOx->Pin,    P0M0 |=  GPIOx->Pin;     //推挽输出
  29   2          }
  30   1          if(GPIO == GPIO_P1)
  31   1          {
  32   2              if(GPIOx->Mode == GPIO_PullUp)      P1M1 &= ~GPIOx->Pin,    P1M0 &= ~GPIOx->Pin;     //上拉准双向口
  33   2              if(GPIOx->Mode == GPIO_HighZ)       P1M1 |=  GPIOx->Pin,    P1M0 &= ~GPIOx->Pin;     //浮空输入
  34   2              if(GPIOx->Mode == GPIO_OUT_OD)      P1M1 |=  GPIOx->Pin,    P1M0 |=  GPIOx->Pin;     //开漏输出
  35   2              if(GPIOx->Mode == GPIO_OUT_PP)      P1M1 &= ~GPIOx->Pin,    P1M0 |=  GPIOx->Pin;     //推挽输出
  36   2          }
  37   1          if(GPIO == GPIO_P2)
  38   1          {
  39   2              if(GPIOx->Mode == GPIO_PullUp)      P2M1 &= ~GPIOx->Pin,    P2M0 &= ~GPIOx->Pin;     //上拉准双向口
  40   2              if(GPIOx->Mode == GPIO_HighZ)       P2M1 |=  GPIOx->Pin,    P2M0 &= ~GPIOx->Pin;     //浮空输入
  41   2              if(GPIOx->Mode == GPIO_OUT_OD)      P2M1 |=  GPIOx->Pin,    P2M0 |=  GPIOx->Pin;     //开漏输出
  42   2              if(GPIOx->Mode == GPIO_OUT_PP)      P2M1 &= ~GPIOx->Pin,    P2M0 |=  GPIOx->Pin;     //推挽输出
  43   2          }
  44   1          if(GPIO == GPIO_P3)
  45   1          {
  46   2              if(GPIOx->Mode == GPIO_PullUp)      P3M1 &= ~GPIOx->Pin,    P3M0 &= ~GPIOx->Pin;     //上拉准双向口
  47   2              if(GPIOx->Mode == GPIO_HighZ)       P3M1 |=  GPIOx->Pin,    P3M0 &= ~GPIOx->Pin;     //浮空输入
  48   2              if(GPIOx->Mode == GPIO_OUT_OD)      P3M1 |=  GPIOx->Pin,    P3M0 |=  GPIOx->Pin;     //开漏输出
  49   2              if(GPIOx->Mode == GPIO_OUT_PP)      P3M1 &= ~GPIOx->Pin,    P3M0 |=  GPIOx->Pin;     //推挽输出
  50   2          }
  51   1          if(GPIO == GPIO_P4)
  52   1          {
C51 COMPILER V9.59.0.0   GPIO                                                              06/05/2022 11:01:31 PAGE 2   

  53   2              if(GPIOx->Mode == GPIO_PullUp)      P4M1 &= ~GPIOx->Pin,    P4M0 &= ~GPIOx->Pin;     //上拉准双向口
  54   2              if(GPIOx->Mode == GPIO_HighZ)       P4M1 |=  GPIOx->Pin,    P4M0 &= ~GPIOx->Pin;     //浮空输入
  55   2              if(GPIOx->Mode == GPIO_OUT_OD)      P4M1 |=  GPIOx->Pin,    P4M0 |=  GPIOx->Pin;     //开漏输出
  56   2              if(GPIOx->Mode == GPIO_OUT_PP)      P4M1 &= ~GPIOx->Pin,    P4M0 |=  GPIOx->Pin;     //推挽输出
  57   2          }
  58   1          if(GPIO == GPIO_P5)
  59   1          {
  60   2              if(GPIOx->Mode == GPIO_PullUp)      P5M1 &= ~GPIOx->Pin,    P5M0 &= ~GPIOx->Pin;     //上拉准双向口
  61   2              if(GPIOx->Mode == GPIO_HighZ)       P5M1 |=  GPIOx->Pin,    P5M0 &= ~GPIOx->Pin;     //浮空输入
  62   2              if(GPIOx->Mode == GPIO_OUT_OD)      P5M1 |=  GPIOx->Pin,    P5M0 |=  GPIOx->Pin;     //开漏输出
  63   2              if(GPIOx->Mode == GPIO_OUT_PP)      P5M1 &= ~GPIOx->Pin,    P5M0 |=  GPIOx->Pin;     //推挽输出
  64   2          }
  65   1          return 0;   //成功
  66   1      }
C51 COMPILER V9.59.0.0   GPIO                                                              06/05/2022 11:01:31 PAGE 3   

ASSEMBLY LISTING OF GENERATED OBJECT CODE


             ; FUNCTION _GPIO_Inilize (BEGIN)
                                           ; SOURCE LINE # 19
;---- Variable 'GPIOx' assigned to Register 'R1/R2/R3' ----
;---- Variable 'GPIO' assigned to Register 'R7' ----
                                           ; SOURCE LINE # 20
                                           ; SOURCE LINE # 21
0000 EF                MOV     A,R7
0001 D3                SETB    C
0002 9405              SUBB    A,#05H
0004 7480              MOV     A,#080H
0006 9480              SUBB    A,#080H
0008 4003              JC      ?C0001
000A 7F01              MOV     R7,#01H
000C 22                RET     
000D         ?C0001:
                                           ; SOURCE LINE # 22
000D 120000      E     LCALL   ?C?CLDPTR
0010 FE                MOV     R6,A
0011 D3                SETB    C
0012 9403              SUBB    A,#03H
0014 7480              MOV     A,#080H
0016 9480              SUBB    A,#080H
0018 4003              JC      ?C0003
001A 7F02              MOV     R7,#02H
001C 22                RET     
001D         ?C0003:
                                           ; SOURCE LINE # 23
001D EF                MOV     A,R7
001E 7044              JNZ     ?C0004
                                           ; SOURCE LINE # 24
                                           ; SOURCE LINE # 25
0020 EE                MOV     A,R6
0021 700B              JNZ     ?C0005
0023 900001            MOV     DPTR,#01H
0026 120000      E     LCALL   ?C?CLDOPTR
0029 F4                CPL     A
002A 5293              ANL     P0M1,A
002C 5294              ANL     P0M0,A
002E         ?C0005:
                                           ; SOURCE LINE # 26
002E 120000      E     LCALL   ?C?CLDPTR
0031 6401              XRL     A,#01H
0033 700B              JNZ     ?C0006
0035 900001            MOV     DPTR,#01H
0038 120000      E     LCALL   ?C?CLDOPTR
003B 4293              ORL     P0M1,A
003D F4                CPL     A
003E 5294              ANL     P0M0,A
0040         ?C0006:
                                           ; SOURCE LINE # 27
0040 120000      E     LCALL   ?C?CLDPTR
0043 FE                MOV     R6,A
0044 6402              XRL     A,#02H
0046 700A              JNZ     ?C0007
0048 900001            MOV     DPTR,#01H
004B 120000      E     LCALL   ?C?CLDOPTR
004E 4293              ORL     P0M1,A
0050 4294              ORL     P0M0,A
0052         ?C0007:
C51 COMPILER V9.59.0.0   GPIO                                                              06/05/2022 11:01:31 PAGE 4   

                                           ; SOURCE LINE # 28
0052 EE                MOV     A,R6
0053 6403              XRL     A,#03H
0055 700D              JNZ     ?C0004
0057 900001            MOV     DPTR,#01H
005A 120000      E     LCALL   ?C?CLDOPTR
005D FE                MOV     R6,A
005E F4                CPL     A
005F 5293              ANL     P0M1,A
0061 EE                MOV     A,R6
0062 4294              ORL     P0M0,A
                                           ; SOURCE LINE # 29
0064         ?C0004:
                                           ; SOURCE LINE # 30
0064 EF                MOV     A,R7
0065 6401              XRL     A,#01H
0067 7046              JNZ     ?C0009
                                           ; SOURCE LINE # 31
                                           ; SOURCE LINE # 32
0069 120000      E     LCALL   ?C?CLDPTR
006C FE                MOV     R6,A
006D 700B              JNZ     ?C0010
006F 900001            MOV     DPTR,#01H
0072 120000      E     LCALL   ?C?CLDOPTR
0075 F4                CPL     A
0076 5291              ANL     P1M1,A
0078 5292              ANL     P1M0,A
007A         ?C0010:
                                           ; SOURCE LINE # 33
007A EE                MOV     A,R6
007B 6401              XRL     A,#01H
007D 700B              JNZ     ?C0011
007F 900001            MOV     DPTR,#01H
0082 120000      E     LCALL   ?C?CLDOPTR
0085 4291              ORL     P1M1,A
0087 F4                CPL     A
0088 5292              ANL     P1M0,A
008A         ?C0011:
                                           ; SOURCE LINE # 34
008A 120000      E     LCALL   ?C?CLDPTR
008D 6402              XRL     A,#02H
008F 700A              JNZ     ?C0012
0091 900001            MOV     DPTR,#01H
0094 120000      E     LCALL   ?C?CLDOPTR
0097 4291              ORL     P1M1,A
0099 4292              ORL     P1M0,A
009B         ?C0012:
                                           ; SOURCE LINE # 35
009B 120000      E     LCALL   ?C?CLDPTR
009E 6403              XRL     A,#03H
00A0 700D              JNZ     ?C0009
00A2 900001            MOV     DPTR,#01H
00A5 120000      E     LCALL   ?C?CLDOPTR
00A8 FE                MOV     R6,A
00A9 F4                CPL     A
00AA 5291              ANL     P1M1,A
00AC EE                MOV     A,R6
00AD 4292              ORL     P1M0,A
                                           ; SOURCE LINE # 36
00AF         ?C0009:
                                           ; SOURCE LINE # 37
00AF EF                MOV     A,R7
C51 COMPILER V9.59.0.0   GPIO                                                              06/05/2022 11:01:31 PAGE 5   

00B0 6402              XRL     A,#02H
00B2 7046              JNZ     ?C0014
                                           ; SOURCE LINE # 38
                                           ; SOURCE LINE # 39
00B4 120000      E     LCALL   ?C?CLDPTR
00B7 FE                MOV     R6,A
00B8 700B              JNZ     ?C0015
00BA 900001            MOV     DPTR,#01H
00BD 120000      E     LCALL   ?C?CLDOPTR
00C0 F4                CPL     A
00C1 5295              ANL     P2M1,A
00C3 5296              ANL     P2M0,A
00C5         ?C0015:
                                           ; SOURCE LINE # 40
00C5 EE                MOV     A,R6
00C6 6401              XRL     A,#01H
00C8 700B              JNZ     ?C0016
00CA 900001            MOV     DPTR,#01H
00CD 120000      E     LCALL   ?C?CLDOPTR
00D0 4295              ORL     P2M1,A
00D2 F4                CPL     A
00D3 5296              ANL     P2M0,A
00D5         ?C0016:
                                           ; SOURCE LINE # 41
00D5 120000      E     LCALL   ?C?CLDPTR
00D8 6402              XRL     A,#02H
00DA 700A              JNZ     ?C0017
00DC 900001            MOV     DPTR,#01H
00DF 120000      E     LCALL   ?C?CLDOPTR
00E2 4295              ORL     P2M1,A
00E4 4296              ORL     P2M0,A
00E6         ?C0017:
                                           ; SOURCE LINE # 42
00E6 120000      E     LCALL   ?C?CLDPTR
00E9 6403              XRL     A,#03H
00EB 700D              JNZ     ?C0014
00ED 900001            MOV     DPTR,#01H
00F0 120000      E     LCALL   ?C?CLDOPTR
00F3 FE                MOV     R6,A
00F4 F4                CPL     A
00F5 5295              ANL     P2M1,A
00F7 EE                MOV     A,R6
00F8 4296              ORL     P2M0,A
                                           ; SOURCE LINE # 43
00FA         ?C0014:
                                           ; SOURCE LINE # 44
00FA EF                MOV     A,R7
00FB 6403              XRL     A,#03H
00FD 7046              JNZ     ?C0019
                                           ; SOURCE LINE # 45
                                           ; SOURCE LINE # 46
00FF 120000      E     LCALL   ?C?CLDPTR
0102 FE                MOV     R6,A
0103 700B              JNZ     ?C0020
0105 900001            MOV     DPTR,#01H
0108 120000      E     LCALL   ?C?CLDOPTR
010B F4                CPL     A
010C 52B1              ANL     P3M1,A
010E 52B2              ANL     P3M0,A
0110         ?C0020:
                                           ; SOURCE LINE # 47
0110 EE                MOV     A,R6
C51 COMPILER V9.59.0.0   GPIO                                                              06/05/2022 11:01:31 PAGE 6   

0111 6401              XRL     A,#01H
0113 700B              JNZ     ?C0021
0115 900001            MOV     DPTR,#01H
0118 120000      E     LCALL   ?C?CLDOPTR
011B 42B1              ORL     P3M1,A
011D F4                CPL     A
011E 52B2              ANL     P3M0,A
0120         ?C0021:
                                           ; SOURCE LINE # 48
0120 120000      E     LCALL   ?C?CLDPTR
0123 6402              XRL     A,#02H
0125 700A              JNZ     ?C0022
0127 900001            MOV     DPTR,#01H
012A 120000      E     LCALL   ?C?CLDOPTR
012D 42B1              ORL     P3M1,A
012F 42B2              ORL     P3M0,A
0131         ?C0022:
                                           ; SOURCE LINE # 49
0131 120000      E     LCALL   ?C?CLDPTR
0134 6403              XRL     A,#03H
0136 700D              JNZ     ?C0019
0138 900001            MOV     DPTR,#01H
013B 120000      E     LCALL   ?C?CLDOPTR
013E FE                MOV     R6,A
013F F4                CPL     A
0140 52B1              ANL     P3M1,A
0142 EE                MOV     A,R6
0143 42B2              ORL     P3M0,A
                                           ; SOURCE LINE # 50
0145         ?C0019:
                                           ; SOURCE LINE # 51
0145 EF                MOV     A,R7
0146 6404              XRL     A,#04H
0148 7046              JNZ     ?C0024
                                           ; SOURCE LINE # 52
                                           ; SOURCE LINE # 53
014A 120000      E     LCALL   ?C?CLDPTR
014D FE                MOV     R6,A
014E 700B              JNZ     ?C0025
0150 900001            MOV     DPTR,#01H
0153 120000      E     LCALL   ?C?CLDOPTR
0156 F4                CPL     A
0157 52B3              ANL     P4M1,A
0159 52B4              ANL     P4M0,A
015B         ?C0025:
                                           ; SOURCE LINE # 54
015B EE                MOV     A,R6
015C 6401              XRL     A,#01H
015E 700B              JNZ     ?C0026
0160 900001            MOV     DPTR,#01H
0163 120000      E     LCALL   ?C?CLDOPTR
0166 42B3              ORL     P4M1,A
0168 F4                CPL     A
0169 52B4              ANL     P4M0,A
016B         ?C0026:
                                           ; SOURCE LINE # 55
016B 120000      E     LCALL   ?C?CLDPTR
016E 6402              XRL     A,#02H
0170 700A              JNZ     ?C0027
0172 900001            MOV     DPTR,#01H
0175 120000      E     LCALL   ?C?CLDOPTR
0178 42B3              ORL     P4M1,A
C51 COMPILER V9.59.0.0   GPIO                                                              06/05/2022 11:01:31 PAGE 7   

017A 42B4              ORL     P4M0,A
017C         ?C0027:
                                           ; SOURCE LINE # 56
017C 120000      E     LCALL   ?C?CLDPTR
017F 6403              XRL     A,#03H
0181 700D              JNZ     ?C0024
0183 900001            MOV     DPTR,#01H
0186 120000      E     LCALL   ?C?CLDOPTR
0189 FE                MOV     R6,A
018A F4                CPL     A
018B 52B3              ANL     P4M1,A
018D EE                MOV     A,R6
018E 42B4              ORL     P4M0,A
                                           ; SOURCE LINE # 57
0190         ?C0024:
                                           ; SOURCE LINE # 58
0190 EF                MOV     A,R7
0191 6405              XRL     A,#05H
0193 7049              JNZ     ?C0029
                                           ; SOURCE LINE # 59
                                           ; SOURCE LINE # 60
0195 120000      E     LCALL   ?C?CLDPTR
0198 FF                MOV     R7,A
0199 7E00              MOV     R6,#00H
019B 700B              JNZ     ?C0030
019D 900001            MOV     DPTR,#01H
01A0 120000      E     LCALL   ?C?CLDOPTR
01A3 F4                CPL     A
01A4 52C9              ANL     P5M1,A
01A6 52CA              ANL     P5M0,A
01A8         ?C0030:
                                           ; SOURCE LINE # 61
01A8 EF                MOV     A,R7
01A9 6401              XRL     A,#01H
01AB 4E                ORL     A,R6
01AC 700B              JNZ     ?C0031
01AE 900001            MOV     DPTR,#01H
01B1 120000      E     LCALL   ?C?CLDOPTR
01B4 42C9              ORL     P5M1,A
01B6 F4                CPL     A
01B7 52CA              ANL     P5M0,A
01B9         ?C0031:
                                           ; SOURCE LINE # 62
01B9 120000      E     LCALL   ?C?CLDPTR
01BC 6402              XRL     A,#02H
01BE 700A              JNZ     ?C0032
01C0 900001            MOV     DPTR,#01H
01C3 120000      E     LCALL   ?C?CLDOPTR
01C6 42C9              ORL     P5M1,A
01C8 42CA              ORL     P5M0,A
01CA         ?C0032:
                                           ; SOURCE LINE # 63
01CA 120000      E     LCALL   ?C?CLDPTR
01CD 6403              XRL     A,#03H
01CF 700D              JNZ     ?C0029
01D1 900001            MOV     DPTR,#01H
01D4 120000      E     LCALL   ?C?CLDOPTR
01D7 FF                MOV     R7,A
01D8 F4                CPL     A
01D9 52C9              ANL     P5M1,A
01DB EF                MOV     A,R7
01DC 42CA              ORL     P5M0,A
C51 COMPILER V9.59.0.0   GPIO                                                              06/05/2022 11:01:31 PAGE 8   

                                           ; SOURCE LINE # 64
01DE         ?C0029:
                                           ; SOURCE LINE # 65
01DE 7F00              MOV     R7,#00H
                                           ; SOURCE LINE # 66
01E0         ?C0002:
01E0 22                RET     
             ; FUNCTION _GPIO_Inilize (END)

C51 COMPILER V9.59.0.0   GPIO                                                              06/05/2022 11:01:31 PAGE 9   

NAME                                    CLASS   MSPACE  TYPE    OFFSET  SIZE
====                                    =====   ======  ====    ======  ====


CCF2 . . . . . . . . . . . . . . . . .  ABSBIT   -----  BIT      00DAH  1
ACC7 . . . . . . . . . . . . . . . . .  ABSBIT   -----  BIT      00E7H  1
P0M1 . . . . . . . . . . . . . . . . .  SFR      DATA   U_CHAR   0093H  1
P1M0 . . . . . . . . . . . . . . . . .  SFR      DATA   U_CHAR   0092H  1
uint16_t . . . . . . . . . . . . . . .  TYPEDEF  -----  U_INT    -----  2
P2M0 . . . . . . . . . . . . . . . . .  SFR      DATA   U_CHAR   0096H  1
P1M1 . . . . . . . . . . . . . . . . .  SFR      DATA   U_CHAR   0091H  1
P0 . . . . . . . . . . . . . . . . . .  SFR      DATA   U_CHAR   0080H  1
P3M0 . . . . . . . . . . . . . . . . .  SFR      DATA   U_CHAR   00B2H  1
P2M1 . . . . . . . . . . . . . . . . .  SFR      DATA   U_CHAR   0095H  1
P1 . . . . . . . . . . . . . . . . . .  SFR      DATA   U_CHAR   0090H  1
P4M0 . . . . . . . . . . . . . . . . .  SFR      DATA   U_CHAR   00B4H  1
P3M1 . . . . . . . . . . . . . . . . .  SFR      DATA   U_CHAR   00B1H  1
P2 . . . . . . . . . . . . . . . . . .  SFR      DATA   U_CHAR   00A0H  1
P5M0 . . . . . . . . . . . . . . . . .  SFR      DATA   U_CHAR   00CAH  1
P4M1 . . . . . . . . . . . . . . . . .  SFR      DATA   U_CHAR   00B3H  1
P3 . . . . . . . . . . . . . . . . . .  SFR      DATA   U_CHAR   00B0H  1
WKTCH. . . . . . . . . . . . . . . . .  SFR      DATA   U_CHAR   00ABH  1
T0 . . . . . . . . . . . . . . . . . .  ABSBIT   -----  BIT      00B4H  1
AC . . . . . . . . . . . . . . . . . .  ABSBIT   -----  BIT      00D6H  1
P6M0 . . . . . . . . . . . . . . . . .  SFR      DATA   U_CHAR   00CCH  1
P5M1 . . . . . . . . . . . . . . . . .  SFR      DATA   U_CHAR   00C9H  1
P4 . . . . . . . . . . . . . . . . . .  SFR      DATA   U_CHAR   00C0H  1
CLKOUT0. . . . . . . . . . . . . . . .  ABSBIT   -----  BIT      00B5H  1
T1 . . . . . . . . . . . . . . . . . .  ABSBIT   -----  BIT      00B5H  1
P7M0 . . . . . . . . . . . . . . . . .  SFR      DATA   U_CHAR   00E2H  1
P6M1 . . . . . . . . . . . . . . . . .  SFR      DATA   U_CHAR   00CBH  1
P5 . . . . . . . . . . . . . . . . . .  SFR      DATA   U_CHAR   00C8H  1
ISP_TRIG . . . . . . . . . . . . . . .  SFR      DATA   U_CHAR   00C6H  1
EA . . . . . . . . . . . . . . . . . .  ABSBIT   -----  BIT      00AFH  1
CLKOUT1. . . . . . . . . . . . . . . .  ABSBIT   -----  BIT      00B4H  1
SPI_SS_2 . . . . . . . . . . . . . . .  ABSBIT   -----  BIT      00A4H  1
P6 . . . . . . . . . . . . . . . . . .  SFR      DATA   U_CHAR   00E8H  1
P7M1 . . . . . . . . . . . . . . . . .  SFR      DATA   U_CHAR   00E1H  1
SPI_SS_3 . . . . . . . . . . . . . . .  ABSBIT   -----  BIT      00CCH  1
SPI_MISO . . . . . . . . . . . . . . .  ABSBIT   -----  BIT      0094H  1
SPI_MOSI . . . . . . . . . . . . . . .  ABSBIT   -----  BIT      0093H  1
CCP0 . . . . . . . . . . . . . . . . .  ABSBIT   -----  BIT      0091H  1
P7 . . . . . . . . . . . . . . . . . .  SFR      DATA   U_CHAR   00F8H  1
WKTCL. . . . . . . . . . . . . . . . .  SFR      DATA   U_CHAR   00AAH  1
int32_t. . . . . . . . . . . . . . . .  TYPEDEF  -----  LONG     -----  4
CCP1 . . . . . . . . . . . . . . . . .  ABSBIT   -----  BIT      0090H  1
SPCTL. . . . . . . . . . . . . . . . .  SFR      DATA   U_CHAR   00CEH  1
CF . . . . . . . . . . . . . . . . . .  ABSBIT   -----  BIT      00DFH  1
CCP2 . . . . . . . . . . . . . . . . .  ABSBIT   -----  BIT      00B7H  1
int16_t. . . . . . . . . . . . . . . .  TYPEDEF  -----  INT      -----  2
CH . . . . . . . . . . . . . . . . . .  SFR      DATA   U_CHAR   00F9H  1
P_SW1. . . . . . . . . . . . . . . . .  SFR      DATA   U_CHAR   00A2H  1
P_SW2. . . . . . . . . . . . . . . . .  SFR      DATA   U_CHAR   00BAH  1
EADC . . . . . . . . . . . . . . . . .  ABSBIT   -----  BIT      00ADH  1
SPI_SCLK_2 . . . . . . . . . . . . . .  ABSBIT   -----  BIT      00A1H  1
IE . . . . . . . . . . . . . . . . . .  SFR      DATA   U_CHAR   00A8H  1
SPI_SCLK_3 . . . . . . . . . . . . . .  ABSBIT   -----  BIT      00C3H  1
CL . . . . . . . . . . . . . . . . . .  SFR      DATA   U_CHAR   00E9H  1
IAP_CMD. . . . . . . . . . . . . . . .  SFR      DATA   U_CHAR   00C5H  1
CCAP0H . . . . . . . . . . . . . . . .  SFR      DATA   U_CHAR   00FAH  1
CCAP1H . . . . . . . . . . . . . . . .  SFR      DATA   U_CHAR   00FBH  1
C51 COMPILER V9.59.0.0   GPIO                                                              06/05/2022 11:01:31 PAGE 10  

NAME                                    CLASS   MSPACE  TYPE    OFFSET  SIZE
====                                    =====   ======  ====    ======  ====


size_t . . . . . . . . . . . . . . . .  TYPEDEF  -----  U_INT    -----  2
CCAP2H . . . . . . . . . . . . . . . .  SFR      DATA   U_CHAR   00FCH  1
ADC_RES. . . . . . . . . . . . . . . .  SFR      DATA   U_CHAR   00BDH  1
IPH2 . . . . . . . . . . . . . . . . .  SFR      DATA   U_CHAR   00B6H  1
CR . . . . . . . . . . . . . . . . . .  ABSBIT   -----  BIT      00DEH  1
CCAP0L . . . . . . . . . . . . . . . .  SFR      DATA   U_CHAR   00EAH  1
RD . . . . . . . . . . . . . . . . . .  ABSBIT   -----  BIT      00B7H  1
CCAP1L . . . . . . . . . . . . . . . .  SFR      DATA   U_CHAR   00EBH  1
CCAPM0 . . . . . . . . . . . . . . . .  SFR      DATA   U_CHAR   00DAH  1
CCAP2L . . . . . . . . . . . . . . . .  SFR      DATA   U_CHAR   00ECH  1
CCAPM1 . . . . . . . . . . . . . . . .  SFR      DATA   U_CHAR   00DBH  1
ES . . . . . . . . . . . . . . . . . .  ABSBIT   -----  BIT      00ACH  1
CCAPM2 . . . . . . . . . . . . . . . .  SFR      DATA   U_CHAR   00DCH  1
PADC . . . . . . . . . . . . . . . . .  ABSBIT   -----  BIT      00BDH  1
SPI_MISO_2 . . . . . . . . . . . . . .  ABSBIT   -----  BIT      00A2H  1
SPI_MOSI_2 . . . . . . . . . . . . . .  ABSBIT   -----  BIT      00A3H  1
IP . . . . . . . . . . . . . . . . . .  SFR      DATA   U_CHAR   00B8H  1
SPI_MISO_3 . . . . . . . . . . . . . .  ABSBIT   -----  BIT      00C1H  1
SPI_MOSI_3 . . . . . . . . . . . . . .  ABSBIT   -----  BIT      00C0H  1
RI . . . . . . . . . . . . . . . . . .  ABSBIT   -----  BIT      0098H  1
INT0 . . . . . . . . . . . . . . . . .  ABSBIT   -----  BIT      00B2H  1
CY . . . . . . . . . . . . . . . . . .  ABSBIT   -----  BIT      00D7H  1
TI . . . . . . . . . . . . . . . . . .  ABSBIT   -----  BIT      0099H  1
INT1 . . . . . . . . . . . . . . . . .  ABSBIT   -----  BIT      00B3H  1
CLK_DIV. . . . . . . . . . . . . . . .  SFR      DATA   U_CHAR   0097H  1
IAP_ADDRH. . . . . . . . . . . . . . .  SFR      DATA   U_CHAR   00C3H  1
RXD2 . . . . . . . . . . . . . . . . .  ABSBIT   -----  BIT      0090H  1
ISP_CMD. . . . . . . . . . . . . . . .  SFR      DATA   U_CHAR   00C5H  1
PS . . . . . . . . . . . . . . . . . .  ABSBIT   -----  BIT      00BCH  1
TXD2 . . . . . . . . . . . . . . . . .  ABSBIT   -----  BIT      0091H  1
SP . . . . . . . . . . . . . . . . . .  SFR      DATA   U_CHAR   0081H  1
CMOD . . . . . . . . . . . . . . . . .  SFR      DATA   U_CHAR   00D9H  1
CCON . . . . . . . . . . . . . . . . .  SFR      DATA   U_CHAR   00D8H  1
IAP_ADDRL. . . . . . . . . . . . . . .  SFR      DATA   U_CHAR   00C4H  1
PPCA . . . . . . . . . . . . . . . . .  ABSBIT   -----  BIT      00BFH  1
OV . . . . . . . . . . . . . . . . . .  ABSBIT   -----  BIT      00D2H  1
WR . . . . . . . . . . . . . . . . . .  ABSBIT   -----  BIT      00B6H  1
ELVD . . . . . . . . . . . . . . . . .  ABSBIT   -----  BIT      00AEH  1
u8 . . . . . . . . . . . . . . . . . .  TYPEDEF  -----  U_CHAR   -----  1
P00. . . . . . . . . . . . . . . . . .  ABSBIT   -----  BIT      0080H  1
P10. . . . . . . . . . . . . . . . . .  ABSBIT   -----  BIT      0090H  1
P01. . . . . . . . . . . . . . . . . .  ABSBIT   -----  BIT      0081H  1
ADC_CONTR. . . . . . . . . . . . . . .  SFR      DATA   U_CHAR   00BCH  1
SBUF . . . . . . . . . . . . . . . . .  SFR      DATA   U_CHAR   0099H  1
PCON . . . . . . . . . . . . . . . . .  SFR      DATA   U_CHAR   0087H  1
P20. . . . . . . . . . . . . . . . . .  ABSBIT   -----  BIT      00A0H  1
P11. . . . . . . . . . . . . . . . . .  ABSBIT   -----  BIT      0091H  1
P02. . . . . . . . . . . . . . . . . .  ABSBIT   -----  BIT      0082H  1
ISP_ADDRH. . . . . . . . . . . . . . .  SFR      DATA   U_CHAR   00C3H  1
P30. . . . . . . . . . . . . . . . . .  ABSBIT   -----  BIT      00B0H  1
P21. . . . . . . . . . . . . . . . . .  ABSBIT   -----  BIT      00A1H  1
P12. . . . . . . . . . . . . . . . . .  ABSBIT   -----  BIT      0092H  1
P03. . . . . . . . . . . . . . . . . .  ABSBIT   -----  BIT      0083H  1
P40. . . . . . . . . . . . . . . . . .  ABSBIT   -----  BIT      00C0H  1
P31. . . . . . . . . . . . . . . . . .  ABSBIT   -----  BIT      00B1H  1
P22. . . . . . . . . . . . . . . . . .  ABSBIT   -----  BIT      00A2H  1
P13. . . . . . . . . . . . . . . . . .  ABSBIT   -----  BIT      0093H  1
C51 COMPILER V9.59.0.0   GPIO                                                              06/05/2022 11:01:31 PAGE 11  

NAME                                    CLASS   MSPACE  TYPE    OFFSET  SIZE
====                                    =====   ======  ====    ======  ====


P04. . . . . . . . . . . . . . . . . .  ABSBIT   -----  BIT      0084H  1
SCON . . . . . . . . . . . . . . . . .  SFR      DATA   U_CHAR   0098H  1
WAKE_CLKO. . . . . . . . . . . . . . .  SFR      DATA   U_CHAR   008FH  1
P50. . . . . . . . . . . . . . . . . .  ABSBIT   -----  BIT      00C8H  1
P41. . . . . . . . . . . . . . . . . .  ABSBIT   -----  BIT      00C1H  1
P32. . . . . . . . . . . . . . . . . .  ABSBIT   -----  BIT      00B2H  1
P23. . . . . . . . . . . . . . . . . .  ABSBIT   -----  BIT      00A3H  1
P14. . . . . . . . . . . . . . . . . .  ABSBIT   -----  BIT      0094H  1
P05. . . . . . . . . . . . . . . . . .  ABSBIT   -----  BIT      0085H  1
TMOD . . . . . . . . . . . . . . . . .  SFR      DATA   U_CHAR   0089H  1
TCON . . . . . . . . . . . . . . . . .  SFR      DATA   U_CHAR   0088H  1
P51. . . . . . . . . . . . . . . . . .  ABSBIT   -----  BIT      00C9H  1
P42. . . . . . . . . . . . . . . . . .  ABSBIT   -----  BIT      00C2H  1
P33. . . . . . . . . . . . . . . . . .  ABSBIT   -----  BIT      00B3H  1
P24. . . . . . . . . . . . . . . . . .  ABSBIT   -----  BIT      00A4H  1
P15. . . . . . . . . . . . . . . . . .  ABSBIT   -----  BIT      0095H  1
P06. . . . . . . . . . . . . . . . . .  ABSBIT   -----  BIT      0086H  1
ISP_ADDRL. . . . . . . . . . . . . . .  SFR      DATA   U_CHAR   00C4H  1
PLVD . . . . . . . . . . . . . . . . .  ABSBIT   -----  BIT      00BEH  1
P52. . . . . . . . . . . . . . . . . .  ABSBIT   -----  BIT      00CAH  1
P43. . . . . . . . . . . . . . . . . .  ABSBIT   -----  BIT      00C3H  1
P34. . . . . . . . . . . . . . . . . .  ABSBIT   -----  BIT      00B4H  1
P25. . . . . . . . . . . . . . . . . .  ABSBIT   -----  BIT      00A5H  1
P16. . . . . . . . . . . . . . . . . .  ABSBIT   -----  BIT      0096H  1
P07. . . . . . . . . . . . . . . . . .  ABSBIT   -----  BIT      0087H  1
P53. . . . . . . . . . . . . . . . . .  ABSBIT   -----  BIT      00CBH  1
P44. . . . . . . . . . . . . . . . . .  ABSBIT   -----  BIT      00C4H  1
P35. . . . . . . . . . . . . . . . . .  ABSBIT   -----  BIT      00B5H  1
P26. . . . . . . . . . . . . . . . . .  ABSBIT   -----  BIT      00A6H  1
P17. . . . . . . . . . . . . . . . . .  ABSBIT   -----  BIT      0097H  1
P54. . . . . . . . . . . . . . . . . .  ABSBIT   -----  BIT      00CCH  1
P45. . . . . . . . . . . . . . . . . .  ABSBIT   -----  BIT      00C5H  1
P36. . . . . . . . . . . . . . . . . .  ABSBIT   -----  BIT      00B6H  1
P27. . . . . . . . . . . . . . . . . .  ABSBIT   -----  BIT      00A7H  1
P55. . . . . . . . . . . . . . . . . .  ABSBIT   -----  BIT      00CDH  1
P46. . . . . . . . . . . . . . . . . .  ABSBIT   -----  BIT      00C6H  1
P37. . . . . . . . . . . . . . . . . .  ABSBIT   -----  BIT      00B7H  1
P56. . . . . . . . . . . . . . . . . .  ABSBIT   -----  BIT      00CEH  1
P47. . . . . . . . . . . . . . . . . .  ABSBIT   -----  BIT      00C7H  1
P57. . . . . . . . . . . . . . . . . .  ABSBIT   -----  BIT      00CFH  1
IE0. . . . . . . . . . . . . . . . . .  ABSBIT   -----  BIT      0089H  1
BUS_SPEED. . . . . . . . . . . . . . .  SFR      DATA   U_CHAR   00A1H  1
IE1. . . . . . . . . . . . . . . . . .  ABSBIT   -----  BIT      008BH  1
IE2. . . . . . . . . . . . . . . . . .  SFR      DATA   U_CHAR   00AFH  1
B. . . . . . . . . . . . . . . . . . .  SFR      DATA   U_CHAR   00F0H  1
AUXR . . . . . . . . . . . . . . . . .  SFR      DATA   U_CHAR   008EH  1
IAP_CONTR. . . . . . . . . . . . . . .  SFR      DATA   U_CHAR   00C7H  1
ACC. . . . . . . . . . . . . . . . . .  SFR      DATA   U_CHAR   00E0H  1
ptrdiff_t. . . . . . . . . . . . . . .  TYPEDEF  -----  LONG     -----  4
ET0. . . . . . . . . . . . . . . . . .  ABSBIT   -----  BIT      00A9H  1
ET1. . . . . . . . . . . . . . . . . .  ABSBIT   -----  BIT      00ABH  1
TF0. . . . . . . . . . . . . . . . . .  ABSBIT   -----  BIT      008DH  1
TF1. . . . . . . . . . . . . . . . . .  ABSBIT   -----  BIT      008FH  1
IP2. . . . . . . . . . . . . . . . . .  SFR      DATA   U_CHAR   00B5H  1
RL_TH0 . . . . . . . . . . . . . . . .  SFR      DATA   U_CHAR   008CH  1
RB8. . . . . . . . . . . . . . . . . .  ABSBIT   -----  BIT      009AH  1
RL_TH1 . . . . . . . . . . . . . . . .  SFR      DATA   U_CHAR   008DH  1
C51 COMPILER V9.59.0.0   GPIO                                                              06/05/2022 11:01:31 PAGE 12  

NAME                                    CLASS   MSPACE  TYPE    OFFSET  SIZE
====                                    =====   ======  ====    ======  ====


TH0. . . . . . . . . . . . . . . . . .  SFR      DATA   U_CHAR   008CH  1
EX0. . . . . . . . . . . . . . . . . .  ABSBIT   -----  BIT      00A8H  1
IT0. . . . . . . . . . . . . . . . . .  ABSBIT   -----  BIT      0088H  1
RL_T2H . . . . . . . . . . . . . . . .  SFR      DATA   U_CHAR   00D6H  1
TH1. . . . . . . . . . . . . . . . . .  SFR      DATA   U_CHAR   008DH  1
EX1. . . . . . . . . . . . . . . . . .  ABSBIT   -----  BIT      00AAH  1
TB8. . . . . . . . . . . . . . . . . .  ABSBIT   -----  BIT      009BH  1
IT1. . . . . . . . . . . . . . . . . .  ABSBIT   -----  BIT      008AH  1
RL_T3H . . . . . . . . . . . . . . . .  SFR      DATA   U_CHAR   00D4H  1
TH2. . . . . . . . . . . . . . . . . .  SFR      DATA   U_CHAR   00D6H  1
T2H. . . . . . . . . . . . . . . . . .  SFR      DATA   U_CHAR   00D6H  1
P. . . . . . . . . . . . . . . . . . .  ABSBIT   -----  BIT      00D0H  1
RL_T4H . . . . . . . . . . . . . . . .  SFR      DATA   U_CHAR   00D2H  1
TH3. . . . . . . . . . . . . . . . . .  SFR      DATA   U_CHAR   00D4H  1
T3H. . . . . . . . . . . . . . . . . .  SFR      DATA   U_CHAR   00D4H  1
RL_TL0 . . . . . . . . . . . . . . . .  SFR      DATA   U_CHAR   008AH  1
uint8_t. . . . . . . . . . . . . . . .  TYPEDEF  -----  U_CHAR   -----  1
SM0. . . . . . . . . . . . . . . . . .  ABSBIT   -----  BIT      009FH  1
TH4. . . . . . . . . . . . . . . . . .  SFR      DATA   U_CHAR   00D2H  1
T4H. . . . . . . . . . . . . . . . . .  SFR      DATA   U_CHAR   00D2H  1
RL_TL1 . . . . . . . . . . . . . . . .  SFR      DATA   U_CHAR   008BH  1
TL0. . . . . . . . . . . . . . . . . .  SFR      DATA   U_CHAR   008AH  1
SM1. . . . . . . . . . . . . . . . . .  ABSBIT   -----  BIT      009EH  1
RL_T2L . . . . . . . . . . . . . . . .  SFR      DATA   U_CHAR   00D7H  1
TL1. . . . . . . . . . . . . . . . . .  SFR      DATA   U_CHAR   008BH  1
SM2. . . . . . . . . . . . . . . . . .  ABSBIT   -----  BIT      009DH  1
RL_T3L . . . . . . . . . . . . . . . .  SFR      DATA   U_CHAR   00D5H  1
TL2. . . . . . . . . . . . . . . . . .  SFR      DATA   U_CHAR   00D7H  1
T2L. . . . . . . . . . . . . . . . . .  SFR      DATA   U_CHAR   00D7H  1
RL_T4L . . . . . . . . . . . . . . . .  SFR      DATA   U_CHAR   00D3H  1
TL3. . . . . . . . . . . . . . . . . .  SFR      DATA   U_CHAR   00D5H  1
T3L. . . . . . . . . . . . . . . . . .  SFR      DATA   U_CHAR   00D5H  1
PT0. . . . . . . . . . . . . . . . . .  ABSBIT   -----  BIT      00B9H  1
TL4. . . . . . . . . . . . . . . . . .  SFR      DATA   U_CHAR   00D3H  1
T4L. . . . . . . . . . . . . . . . . .  SFR      DATA   U_CHAR   00D3H  1
PT1. . . . . . . . . . . . . . . . . .  ABSBIT   -----  BIT      00BBH  1
RS0. . . . . . . . . . . . . . . . . .  ABSBIT   -----  BIT      00D3H  1
ISP_CONTR. . . . . . . . . . . . . . .  SFR      DATA   U_CHAR   00C7H  1
TR0. . . . . . . . . . . . . . . . . .  ABSBIT   -----  BIT      008CH  1
RS1. . . . . . . . . . . . . . . . . .  ABSBIT   -----  BIT      00D4H  1
IAP_DATA . . . . . . . . . . . . . . .  SFR      DATA   U_CHAR   00C2H  1
TR1. . . . . . . . . . . . . . . . . .  ABSBIT   -----  BIT      008EH  1
PX0. . . . . . . . . . . . . . . . . .  ABSBIT   -----  BIT      00B8H  1
WDT_CONTR. . . . . . . . . . . . . . .  SFR      DATA   U_CHAR   00C1H  1
PX1. . . . . . . . . . . . . . . . . .  ABSBIT   -----  BIT      00BAH  1
int8_t . . . . . . . . . . . . . . . .  TYPEDEF  -----  CHAR     -----  1
u32. . . . . . . . . . . . . . . . . .  TYPEDEF  -----  U_LONG   -----  4
PCA_PWM0 . . . . . . . . . . . . . . .  SFR      DATA   U_CHAR   00F2H  1
PCA_PWM1 . . . . . . . . . . . . . . .  SFR      DATA   U_CHAR   00F3H  1
u16. . . . . . . . . . . . . . . . . .  TYPEDEF  -----  U_INT    -----  2
PCA_PWM2 . . . . . . . . . . . . . . .  SFR      DATA   U_CHAR   00F4H  1
P1ASF. . . . . . . . . . . . . . . . .  SFR      DATA   U_CHAR   009DH  1
DPH. . . . . . . . . . . . . . . . . .  SFR      DATA   U_CHAR   0083H  1
GPIO_InitTypeDef . . . . . . . . . . .  TYPEDEF  -----  STRUCT   -----  2
  Mode . . . . . . . . . . . . . . . .  MEMBER   -----  U_CHAR   0000H  1
  Pin. . . . . . . . . . . . . . . . .  MEMBER   -----  U_CHAR   0001H  1
T4T3M. . . . . . . . . . . . . . . . .  SFR      DATA   U_CHAR   00D1H  1
C51 COMPILER V9.59.0.0   GPIO                                                              06/05/2022 11:01:31 PAGE 13  

NAME                                    CLASS   MSPACE  TYPE    OFFSET  SIZE
====                                    =====   ======  ====    ======  ====


ADC_RESL . . . . . . . . . . . . . . .  SFR      DATA   U_CHAR   00BEH  1
DPL. . . . . . . . . . . . . . . . . .  SFR      DATA   U_CHAR   0082H  1
SPSTAT . . . . . . . . . . . . . . . .  SFR      DATA   U_CHAR   00CDH  1
IPH. . . . . . . . . . . . . . . . . .  SFR      DATA   U_CHAR   00B7H  1
S2BUF. . . . . . . . . . . . . . . . .  SFR      DATA   U_CHAR   009BH  1
PCON2. . . . . . . . . . . . . . . . .  SFR      DATA   U_CHAR   0097H  1
S3BUF. . . . . . . . . . . . . . . . .  SFR      DATA   U_CHAR   00ADH  1
REN. . . . . . . . . . . . . . . . . .  ABSBIT   -----  BIT      009CH  1
S4BUF. . . . . . . . . . . . . . . . .  SFR      DATA   U_CHAR   0085H  1
S2CON. . . . . . . . . . . . . . . . .  SFR      DATA   U_CHAR   009AH  1
S3CON. . . . . . . . . . . . . . . . .  SFR      DATA   U_CHAR   00ACH  1
ISP_DATA . . . . . . . . . . . . . . .  SFR      DATA   U_CHAR   00C2H  1
S4CON. . . . . . . . . . . . . . . . .  SFR      DATA   U_CHAR   0084H  1
_GPIO_Inilize. . . . . . . . . . . . .  PUBLIC   CODE   PROC     0000H  -----
  GPIO . . . . . . . . . . . . . . . .  * REG *  DATA   U_CHAR   0007H  1
  GPIOx. . . . . . . . . . . . . . . .  * REG *  DATA   PTR      0001H  3
SADEN. . . . . . . . . . . . . . . . .  SFR      DATA   U_CHAR   00B9H  1
wchar_t. . . . . . . . . . . . . . . .  TYPEDEF  -----  CHAR     -----  1
RXD. . . . . . . . . . . . . . . . . .  ABSBIT   -----  BIT      00B0H  1
SADDR. . . . . . . . . . . . . . . . .  SFR      DATA   U_CHAR   00A9H  1
TXD. . . . . . . . . . . . . . . . . .  ABSBIT   -----  BIT      00B1H  1
B0 . . . . . . . . . . . . . . . . . .  ABSBIT   -----  BIT      00F0H  1
B1 . . . . . . . . . . . . . . . . . .  ABSBIT   -----  BIT      00F1H  1
IAP_TRIG . . . . . . . . . . . . . . .  SFR      DATA   U_CHAR   00C6H  1
AUXR1. . . . . . . . . . . . . . . . .  SFR      DATA   U_CHAR   00A2H  1
B2 . . . . . . . . . . . . . . . . . .  ABSBIT   -----  BIT      00F2H  1
SPI_SS . . . . . . . . . . . . . . . .  ABSBIT   -----  BIT      0092H  1
AUXR2. . . . . . . . . . . . . . . . .  SFR      DATA   U_CHAR   008FH  1
B3 . . . . . . . . . . . . . . . . . .  ABSBIT   -----  BIT      00F3H  1
B4 . . . . . . . . . . . . . . . . . .  ABSBIT   -----  BIT      00F4H  1
F0 . . . . . . . . . . . . . . . . . .  ABSBIT   -----  BIT      00D5H  1
B5 . . . . . . . . . . . . . . . . . .  ABSBIT   -----  BIT      00F5H  1
F1 . . . . . . . . . . . . . . . . . .  ABSBIT   -----  BIT      00D1H  1
INT_CLKO . . . . . . . . . . . . . . .  SFR      DATA   U_CHAR   008FH  1
B6 . . . . . . . . . . . . . . . . . .  ABSBIT   -----  BIT      00F6H  1
ACC0 . . . . . . . . . . . . . . . . .  ABSBIT   -----  BIT      00E0H  1
B7 . . . . . . . . . . . . . . . . . .  ABSBIT   -----  BIT      00F7H  1
ACC1 . . . . . . . . . . . . . . . . .  ABSBIT   -----  BIT      00E1H  1
ACC2 . . . . . . . . . . . . . . . . .  ABSBIT   -----  BIT      00E2H  1
ACC3 . . . . . . . . . . . . . . . . .  ABSBIT   -----  BIT      00E3H  1
PSW. . . . . . . . . . . . . . . . . .  SFR      DATA   U_CHAR   00D0H  1
ACC4 . . . . . . . . . . . . . . . . .  ABSBIT   -----  BIT      00E4H  1
SPI_SCLK . . . . . . . . . . . . . . .  ABSBIT   -----  BIT      0095H  1
CCF0 . . . . . . . . . . . . . . . . .  ABSBIT   -----  BIT      00D8H  1
ACC5 . . . . . . . . . . . . . . . . .  ABSBIT   -----  BIT      00E5H  1
uint32_t . . . . . . . . . . . . . . .  TYPEDEF  -----  U_LONG   -----  4
CCF1 . . . . . . . . . . . . . . . . .  ABSBIT   -----  BIT      00D9H  1
ACC6 . . . . . . . . . . . . . . . . .  ABSBIT   -----  BIT      00E6H  1
SPDAT. . . . . . . . . . . . . . . . .  SFR      DATA   U_CHAR   00CFH  1
P0M0 . . . . . . . . . . . . . . . . .  SFR      DATA   U_CHAR   0094H  1


MODULE INFORMATION:   STATIC OVERLAYABLE
   CODE SIZE        =    481    ----
   CONSTANT SIZE    =   ----    ----
   XDATA SIZE       =   ----    ----
   PDATA SIZE       =   ----    ----
   DATA SIZE        =   ----    ----
C51 COMPILER V9.59.0.0   GPIO                                                              06/05/2022 11:01:31 PAGE 14  

   IDATA SIZE       =   ----    ----
   BIT SIZE         =   ----    ----
   EDATA SIZE       =   ----    ----
   HDATA SIZE       =   ----    ----
   XDATA CONST SIZE =   ----    ----
   FAR CONST SIZE   =   ----    ----
END OF MODULE INFORMATION.


C51 COMPILATION COMPLETE.  0 WARNING(S),  0 ERROR(S)
