C51 COMPILER V9.59.0.0   SOFT_UART                                                         06/05/2022 11:01:31 PAGE 1   


C51 COMPILER V9.59.0.0, COMPILATION OF MODULE SOFT_UART
OBJECT MODULE PLACED IN .\build\Release\lib\stc15_lib\src\Soft_UART.o
COMPILER INVOKED BY: D:\PhPython\Keil5\C51\BIN\C51.exe .\LIB\STC15_LIB\SRC\SOFT_UART.C PRINT(.\build\Release\lib\stc15_l
                    -ib\src\Soft_UART.lst) OMF2 TABS(4) CODE NOCOND SYMBOLS OPTIMIZE(8,SPEED) SMALL ROM(LARGE) INCDIR(D:\PhPython\Keil5\C51\I
                    -NC;.\src;.\lib\stc15_lib;.\lib\stc15_lib\src;.\lib\stc15_lib\include) DEFINE(DEBUG,__UVISION_VERSION=526) OBJECT(.\build
                    -\Release\lib\stc15_lib\src\Soft_UART.o)

line level    source

   1          
   2          /*************  功能说明    **************
   3          
   4          本文件为模拟串口发送程序, 一般为测试监控用.
   5          
   6          串口参数:9600,8,n,1.
   7          
   8          可以根据主时钟自动适应.
   9          
  10          ******************************************/
  11          
  12          #include "soft_uart.h"
  13          
  14          sbit P_TXD = P3 ^ 1; //定义模拟串口发送端,可以是任意IO
  15          
  16          //========================================================================
  17          // 函数: void   BitTime(void)
  18          // 描述: 位时间函数。
  19          // 参数: none.
  20          // 返回: none.
  21          // 版本: VER1.0
  22          // 日期: 2013-4-1
  23          // 备注:
  24          //========================================================================
  25          void BitTime(void)
  26          {
  27   1          u16 i;
  28   1          i = ((MAIN_Fosc / 100) * 104) / 130000L - 1; //根据主时钟来计算位时间
  29   1          while (--i)
  30   1              ;
  31   1      }
  32          
  33          //========================================================================
  34          // 函数: void   TxSend(uchar dat)
  35          // 描述: 模拟串口发送一个字节。9600，N，8，1
  36          // 参数: dat: 要发送的数据字节.
  37          // 返回: none.
  38          // 版本: VER1.0
  39          // 日期: 2013-4-1
  40          // 备注:
  41          //========================================================================
  42          void TxSend(u8 dat)
  43          {
  44   1          u8 i;
  45   1          EA = 0;
  46   1          P_TXD = 0;
  47   1          BitTime();
  48   1          for (i = 0; i < 8; i++)
  49   1          {
  50   2              if (dat & 1)
  51   2                  P_TXD = 1;
  52   2              else
C51 COMPILER V9.59.0.0   SOFT_UART                                                         06/05/2022 11:01:31 PAGE 2   

  53   2                  P_TXD = 0;
  54   2              dat >>= 1;
  55   2              BitTime();
  56   2          }
  57   1          P_TXD = 1;
  58   1          EA = 1;
  59   1          BitTime();
  60   1          BitTime();
  61   1      }
  62          
  63          //========================================================================
  64          // 函数: void PrintString(unsigned char code *puts)
  65          // 描述: 模拟串口发送一串字符串。9600，N，8，1
  66          // 参数: *puts: 要发送的字符指针.
  67          // 返回: none.
  68          // 版本: VER1.0
  69          // 日期: 2013-4-1
  70          // 备注:
  71          //========================================================================
  72          void PrintString(unsigned char code *puts)
  73          {
  74   1          for (; *puts != 0; puts++)
  75   1              TxSend(*puts);
  76   1      }
  77          
  78          #ifdef DEBUG
  79          #include <STDARG.H>
  80          
  81          void LOG(const char *format, ...)
  82          {
  83   1          va_list vList;
  84   1          va_start(vList, format);
  85   1          vprintf(format, vList);
  86   1          va_end(vList);
  87   1      }
  88          
  89          char putchar(char c)
  90          {
  91   1          TxSend((u8)c);
  92   1          return c;
  93   1      }
  94          #endif
C51 COMPILER V9.59.0.0   SOFT_UART                                                         06/05/2022 11:01:31 PAGE 3   

ASSEMBLY LISTING OF GENERATED OBJECT CODE


             ; FUNCTION BitTime (BEGIN)
                                           ; SOURCE LINE # 25
                                           ; SOURCE LINE # 26
                                           ; SOURCE LINE # 28
;---- Variable 'i' assigned to Register 'R6/R7' ----
0000 7F5F              MOV     R7,#05FH
0002 7E00              MOV     R6,#00H
0004         ?C0001:
                                           ; SOURCE LINE # 29
0004 EF                MOV     A,R7
0005 1F                DEC     R7
0006 7001              JNZ     ?C0016
0008 1E                DEC     R6
0009         ?C0016:
0009 14                DEC     A
000A 4E                ORL     A,R6
000B 70F7              JNZ     ?C0001
                                           ; SOURCE LINE # 31
000D 22                RET     
             ; FUNCTION BitTime (END)

             ; FUNCTION _TxSend (BEGIN)
                                           ; SOURCE LINE # 42
;---- Variable 'dat' assigned to Register 'R5' ----
0000 AD07              MOV     R5,AR7
                                           ; SOURCE LINE # 43
                                           ; SOURCE LINE # 45
0002 C2AF              CLR     EA
                                           ; SOURCE LINE # 46
0004 C2B1              CLR     P_TXD
                                           ; SOURCE LINE # 47
0006 120000      R     LCALL   BitTime
                                           ; SOURCE LINE # 48
;---- Variable 'i' assigned to Register 'R4' ----
0009 E4                CLR     A
000A FC                MOV     R4,A
000B         ?C0004:
000B EC                MOV     A,R4
000C C3                CLR     C
000D 9408              SUBB    A,#08H
000F 7480              MOV     A,#080H
0011 9480              SUBB    A,#080H
0013 5014              JNC     ?C0005
                                           ; SOURCE LINE # 49
                                           ; SOURCE LINE # 50
0015 ED                MOV     A,R5
0016 30E004            JNB     ACC.0,?C0007
                                           ; SOURCE LINE # 51
0019 D2B1              SETB    P_TXD
001B 8002              SJMP    ?C0008
001D         ?C0007:
                                           ; SOURCE LINE # 53
001D C2B1              CLR     P_TXD
001F         ?C0008:
                                           ; SOURCE LINE # 54
001F ED                MOV     A,R5
0020 C3                CLR     C
0021 13                RRC     A
0022 FD                MOV     R5,A
C51 COMPILER V9.59.0.0   SOFT_UART                                                         06/05/2022 11:01:31 PAGE 4   

                                           ; SOURCE LINE # 55
0023 120000      R     LCALL   BitTime
                                           ; SOURCE LINE # 56
0026 0C                INC     R4
0027 80E2              SJMP    ?C0004
0029         ?C0005:
                                           ; SOURCE LINE # 57
0029 D2B1              SETB    P_TXD
                                           ; SOURCE LINE # 58
002B D2AF              SETB    EA
                                           ; SOURCE LINE # 59
002D 120000      R     LCALL   BitTime
                                           ; SOURCE LINE # 60
0030 020000      R     LJMP    BitTime
             ; FUNCTION _TxSend (END)

             ; FUNCTION _PrintString (BEGIN)
                                           ; SOURCE LINE # 72
;---- Variable 'puts' assigned to Register 'R2/R3' ----
0000 AB07              MOV     R3,AR7
0002 AA06              MOV     R2,AR6
                                           ; SOURCE LINE # 73
                                           ; SOURCE LINE # 74
0004         ?C0010:
0004 8B82              MOV     DPL,R3
0006 8A83              MOV     DPH,R2
0008 E4                CLR     A
0009 93                MOVC    A,@A+DPTR
000A FF                MOV     R7,A
000B 600A              JZ      ?C0013
                                           ; SOURCE LINE # 75
000D 120000      R     LCALL   _TxSend
0010 0B                INC     R3
0011 BB0001            CJNE    R3,#00H,?C0017
0014 0A                INC     R2
0015         ?C0017:
0015 80ED              SJMP    ?C0010
                                           ; SOURCE LINE # 76
0017         ?C0013:
0017 22                RET     
             ; FUNCTION _PrintString (END)

             ; FUNCTION _LOG (BEGIN)
                                           ; SOURCE LINE # 81
0000 8B00        R     MOV     format,R3
0002 8A00        R     MOV     format+01H,R2
0004 8900        R     MOV     format+02H,R1
                                           ; SOURCE LINE # 82
                                           ; SOURCE LINE # 84
0006 750000      R     MOV     vList,#00H
0009 750000      R     MOV     vList+01H,#HIGH format+03H
000C 750000      R     MOV     vList+02H,#LOW format+03H
                                           ; SOURCE LINE # 85
000F 850000      E     MOV     ?_vprintf?BYTE+03H,vList
0012 850000      E     MOV     ?_vprintf?BYTE+04H,vList+01H
0015 850000      E     MOV     ?_vprintf?BYTE+05H,vList+02H
0018 120000      E     LCALL   _vprintf
                                           ; SOURCE LINE # 86
001B 750000      R     MOV     vList,#00H
001E 750000      R     MOV     vList+01H,#00H
0021 750000      R     MOV     vList+02H,#00H
                                           ; SOURCE LINE # 87
C51 COMPILER V9.59.0.0   SOFT_UART                                                         06/05/2022 11:01:31 PAGE 5   

0024 22                RET     
             ; FUNCTION _LOG (END)

             ; FUNCTION _putchar (BEGIN)
                                           ; SOURCE LINE # 89
;---- Variable 'c' assigned to Register 'R3' ----
0000 AB07              MOV     R3,AR7
                                           ; SOURCE LINE # 90
                                           ; SOURCE LINE # 91
0002 120000      R     LCALL   _TxSend
                                           ; SOURCE LINE # 92
0005 AF03              MOV     R7,AR3
                                           ; SOURCE LINE # 93
0007 22                RET     
             ; FUNCTION _putchar (END)

C51 COMPILER V9.59.0.0   SOFT_UART                                                         06/05/2022 11:01:31 PAGE 6   

NAME                                    CLASS   MSPACE  TYPE    OFFSET  SIZE
====                                    =====   ======  ====    ======  ====


CCF2 . . . . . . . . . . . . . . . . .  ABSBIT   -----  BIT      00DAH  1
ACC7 . . . . . . . . . . . . . . . . .  ABSBIT   -----  BIT      00E7H  1
P0M1 . . . . . . . . . . . . . . . . .  SFR      DATA   U_CHAR   0093H  1
P1M0 . . . . . . . . . . . . . . . . .  SFR      DATA   U_CHAR   0092H  1
uint16_t . . . . . . . . . . . . . . .  TYPEDEF  -----  U_INT    -----  2
P2M0 . . . . . . . . . . . . . . . . .  SFR      DATA   U_CHAR   0096H  1
P1M1 . . . . . . . . . . . . . . . . .  SFR      DATA   U_CHAR   0091H  1
P0 . . . . . . . . . . . . . . . . . .  SFR      DATA   U_CHAR   0080H  1
P3M0 . . . . . . . . . . . . . . . . .  SFR      DATA   U_CHAR   00B2H  1
P2M1 . . . . . . . . . . . . . . . . .  SFR      DATA   U_CHAR   0095H  1
P1 . . . . . . . . . . . . . . . . . .  SFR      DATA   U_CHAR   0090H  1
P4M0 . . . . . . . . . . . . . . . . .  SFR      DATA   U_CHAR   00B4H  1
P3M1 . . . . . . . . . . . . . . . . .  SFR      DATA   U_CHAR   00B1H  1
P2 . . . . . . . . . . . . . . . . . .  SFR      DATA   U_CHAR   00A0H  1
P5M0 . . . . . . . . . . . . . . . . .  SFR      DATA   U_CHAR   00CAH  1
P4M1 . . . . . . . . . . . . . . . . .  SFR      DATA   U_CHAR   00B3H  1
P3 . . . . . . . . . . . . . . . . . .  SFR      DATA   U_CHAR   00B0H  1
WKTCH. . . . . . . . . . . . . . . . .  SFR      DATA   U_CHAR   00ABH  1
T0 . . . . . . . . . . . . . . . . . .  ABSBIT   -----  BIT      00B4H  1
AC . . . . . . . . . . . . . . . . . .  ABSBIT   -----  BIT      00D6H  1
P6M0 . . . . . . . . . . . . . . . . .  SFR      DATA   U_CHAR   00CCH  1
P5M1 . . . . . . . . . . . . . . . . .  SFR      DATA   U_CHAR   00C9H  1
P4 . . . . . . . . . . . . . . . . . .  SFR      DATA   U_CHAR   00C0H  1
CLKOUT0. . . . . . . . . . . . . . . .  ABSBIT   -----  BIT      00B5H  1
T1 . . . . . . . . . . . . . . . . . .  ABSBIT   -----  BIT      00B5H  1
P7M0 . . . . . . . . . . . . . . . . .  SFR      DATA   U_CHAR   00E2H  1
P6M1 . . . . . . . . . . . . . . . . .  SFR      DATA   U_CHAR   00CBH  1
P5 . . . . . . . . . . . . . . . . . .  SFR      DATA   U_CHAR   00C8H  1
ISP_TRIG . . . . . . . . . . . . . . .  SFR      DATA   U_CHAR   00C6H  1
EA . . . . . . . . . . . . . . . . . .  ABSBIT   -----  BIT      00AFH  1
CLKOUT1. . . . . . . . . . . . . . . .  ABSBIT   -----  BIT      00B4H  1
SPI_SS_2 . . . . . . . . . . . . . . .  ABSBIT   -----  BIT      00A4H  1
P6 . . . . . . . . . . . . . . . . . .  SFR      DATA   U_CHAR   00E8H  1
P7M1 . . . . . . . . . . . . . . . . .  SFR      DATA   U_CHAR   00E1H  1
SPI_SS_3 . . . . . . . . . . . . . . .  ABSBIT   -----  BIT      00CCH  1
SPI_MISO . . . . . . . . . . . . . . .  ABSBIT   -----  BIT      0094H  1
SPI_MOSI . . . . . . . . . . . . . . .  ABSBIT   -----  BIT      0093H  1
CCP0 . . . . . . . . . . . . . . . . .  ABSBIT   -----  BIT      0091H  1
P7 . . . . . . . . . . . . . . . . . .  SFR      DATA   U_CHAR   00F8H  1
WKTCL. . . . . . . . . . . . . . . . .  SFR      DATA   U_CHAR   00AAH  1
int32_t. . . . . . . . . . . . . . . .  TYPEDEF  -----  LONG     -----  4
CCP1 . . . . . . . . . . . . . . . . .  ABSBIT   -----  BIT      0090H  1
SPCTL. . . . . . . . . . . . . . . . .  SFR      DATA   U_CHAR   00CEH  1
CF . . . . . . . . . . . . . . . . . .  ABSBIT   -----  BIT      00DFH  1
CCP2 . . . . . . . . . . . . . . . . .  ABSBIT   -----  BIT      00B7H  1
int16_t. . . . . . . . . . . . . . . .  TYPEDEF  -----  INT      -----  2
CH . . . . . . . . . . . . . . . . . .  SFR      DATA   U_CHAR   00F9H  1
_PrintString . . . . . . . . . . . . .  PUBLIC   CODE   PROC     0000H  -----
  puts . . . . . . . . . . . . . . . .  * REG *  DATA   PTR      0002H  2
P_SW1. . . . . . . . . . . . . . . . .  SFR      DATA   U_CHAR   00A2H  1
P_SW2. . . . . . . . . . . . . . . . .  SFR      DATA   U_CHAR   00BAH  1
_vprintf . . . . . . . . . . . . . . .  EXTERN   CODE   PROC     -----  -----
EADC . . . . . . . . . . . . . . . . .  ABSBIT   -----  BIT      00ADH  1
SPI_SCLK_2 . . . . . . . . . . . . . .  ABSBIT   -----  BIT      00A1H  1
IE . . . . . . . . . . . . . . . . . .  SFR      DATA   U_CHAR   00A8H  1
SPI_SCLK_3 . . . . . . . . . . . . . .  ABSBIT   -----  BIT      00C3H  1
CL . . . . . . . . . . . . . . . . . .  SFR      DATA   U_CHAR   00E9H  1
C51 COMPILER V9.59.0.0   SOFT_UART                                                         06/05/2022 11:01:31 PAGE 7   

NAME                                    CLASS   MSPACE  TYPE    OFFSET  SIZE
====                                    =====   ======  ====    ======  ====


IAP_CMD. . . . . . . . . . . . . . . .  SFR      DATA   U_CHAR   00C5H  1
CCAP0H . . . . . . . . . . . . . . . .  SFR      DATA   U_CHAR   00FAH  1
CCAP1H . . . . . . . . . . . . . . . .  SFR      DATA   U_CHAR   00FBH  1
size_t . . . . . . . . . . . . . . . .  TYPEDEF  -----  U_INT    -----  2
CCAP2H . . . . . . . . . . . . . . . .  SFR      DATA   U_CHAR   00FCH  1
ADC_RES. . . . . . . . . . . . . . . .  SFR      DATA   U_CHAR   00BDH  1
IPH2 . . . . . . . . . . . . . . . . .  SFR      DATA   U_CHAR   00B6H  1
CR . . . . . . . . . . . . . . . . . .  ABSBIT   -----  BIT      00DEH  1
CCAP0L . . . . . . . . . . . . . . . .  SFR      DATA   U_CHAR   00EAH  1
RD . . . . . . . . . . . . . . . . . .  ABSBIT   -----  BIT      00B7H  1
CCAP1L . . . . . . . . . . . . . . . .  SFR      DATA   U_CHAR   00EBH  1
CCAPM0 . . . . . . . . . . . . . . . .  SFR      DATA   U_CHAR   00DAH  1
CCAP2L . . . . . . . . . . . . . . . .  SFR      DATA   U_CHAR   00ECH  1
CCAPM1 . . . . . . . . . . . . . . . .  SFR      DATA   U_CHAR   00DBH  1
ES . . . . . . . . . . . . . . . . . .  ABSBIT   -----  BIT      00ACH  1
CCAPM2 . . . . . . . . . . . . . . . .  SFR      DATA   U_CHAR   00DCH  1
PADC . . . . . . . . . . . . . . . . .  ABSBIT   -----  BIT      00BDH  1
SPI_MISO_2 . . . . . . . . . . . . . .  ABSBIT   -----  BIT      00A2H  1
SPI_MOSI_2 . . . . . . . . . . . . . .  ABSBIT   -----  BIT      00A3H  1
IP . . . . . . . . . . . . . . . . . .  SFR      DATA   U_CHAR   00B8H  1
SPI_MISO_3 . . . . . . . . . . . . . .  ABSBIT   -----  BIT      00C1H  1
SPI_MOSI_3 . . . . . . . . . . . . . .  ABSBIT   -----  BIT      00C0H  1
RI . . . . . . . . . . . . . . . . . .  ABSBIT   -----  BIT      0098H  1
INT0 . . . . . . . . . . . . . . . . .  ABSBIT   -----  BIT      00B2H  1
CY . . . . . . . . . . . . . . . . . .  ABSBIT   -----  BIT      00D7H  1
TI . . . . . . . . . . . . . . . . . .  ABSBIT   -----  BIT      0099H  1
INT1 . . . . . . . . . . . . . . . . .  ABSBIT   -----  BIT      00B3H  1
CLK_DIV. . . . . . . . . . . . . . . .  SFR      DATA   U_CHAR   0097H  1
IAP_ADDRH. . . . . . . . . . . . . . .  SFR      DATA   U_CHAR   00C3H  1
P_TXD. . . . . . . . . . . . . . . . .  ABSBIT   -----  BIT      00B1H  1
RXD2 . . . . . . . . . . . . . . . . .  ABSBIT   -----  BIT      0090H  1
ISP_CMD. . . . . . . . . . . . . . . .  SFR      DATA   U_CHAR   00C5H  1
PS . . . . . . . . . . . . . . . . . .  ABSBIT   -----  BIT      00BCH  1
TXD2 . . . . . . . . . . . . . . . . .  ABSBIT   -----  BIT      0091H  1
SP . . . . . . . . . . . . . . . . . .  SFR      DATA   U_CHAR   0081H  1
CMOD . . . . . . . . . . . . . . . . .  SFR      DATA   U_CHAR   00D9H  1
CCON . . . . . . . . . . . . . . . . .  SFR      DATA   U_CHAR   00D8H  1
IAP_ADDRL. . . . . . . . . . . . . . .  SFR      DATA   U_CHAR   00C4H  1
PPCA . . . . . . . . . . . . . . . . .  ABSBIT   -----  BIT      00BFH  1
OV . . . . . . . . . . . . . . . . . .  ABSBIT   -----  BIT      00D2H  1
WR . . . . . . . . . . . . . . . . . .  ABSBIT   -----  BIT      00B6H  1
ELVD . . . . . . . . . . . . . . . . .  ABSBIT   -----  BIT      00AEH  1
u8 . . . . . . . . . . . . . . . . . .  TYPEDEF  -----  U_CHAR   -----  1
P00. . . . . . . . . . . . . . . . . .  ABSBIT   -----  BIT      0080H  1
P10. . . . . . . . . . . . . . . . . .  ABSBIT   -----  BIT      0090H  1
P01. . . . . . . . . . . . . . . . . .  ABSBIT   -----  BIT      0081H  1
ADC_CONTR. . . . . . . . . . . . . . .  SFR      DATA   U_CHAR   00BCH  1
SBUF . . . . . . . . . . . . . . . . .  SFR      DATA   U_CHAR   0099H  1
PCON . . . . . . . . . . . . . . . . .  SFR      DATA   U_CHAR   0087H  1
BitTime. . . . . . . . . . . . . . . .  PUBLIC   CODE   PROC     0000H  -----
  i. . . . . . . . . . . . . . . . . .  * REG *  DATA   U_INT    0006H  2
P20. . . . . . . . . . . . . . . . . .  ABSBIT   -----  BIT      00A0H  1
P11. . . . . . . . . . . . . . . . . .  ABSBIT   -----  BIT      0091H  1
P02. . . . . . . . . . . . . . . . . .  ABSBIT   -----  BIT      0082H  1
ISP_ADDRH. . . . . . . . . . . . . . .  SFR      DATA   U_CHAR   00C3H  1
P30. . . . . . . . . . . . . . . . . .  ABSBIT   -----  BIT      00B0H  1
P21. . . . . . . . . . . . . . . . . .  ABSBIT   -----  BIT      00A1H  1
C51 COMPILER V9.59.0.0   SOFT_UART                                                         06/05/2022 11:01:31 PAGE 8   

NAME                                    CLASS   MSPACE  TYPE    OFFSET  SIZE
====                                    =====   ======  ====    ======  ====


P12. . . . . . . . . . . . . . . . . .  ABSBIT   -----  BIT      0092H  1
P03. . . . . . . . . . . . . . . . . .  ABSBIT   -----  BIT      0083H  1
P40. . . . . . . . . . . . . . . . . .  ABSBIT   -----  BIT      00C0H  1
P31. . . . . . . . . . . . . . . . . .  ABSBIT   -----  BIT      00B1H  1
P22. . . . . . . . . . . . . . . . . .  ABSBIT   -----  BIT      00A2H  1
P13. . . . . . . . . . . . . . . . . .  ABSBIT   -----  BIT      0093H  1
P04. . . . . . . . . . . . . . . . . .  ABSBIT   -----  BIT      0084H  1
SCON . . . . . . . . . . . . . . . . .  SFR      DATA   U_CHAR   0098H  1
WAKE_CLKO. . . . . . . . . . . . . . .  SFR      DATA   U_CHAR   008FH  1
P50. . . . . . . . . . . . . . . . . .  ABSBIT   -----  BIT      00C8H  1
P41. . . . . . . . . . . . . . . . . .  ABSBIT   -----  BIT      00C1H  1
P32. . . . . . . . . . . . . . . . . .  ABSBIT   -----  BIT      00B2H  1
P23. . . . . . . . . . . . . . . . . .  ABSBIT   -----  BIT      00A3H  1
P14. . . . . . . . . . . . . . . . . .  ABSBIT   -----  BIT      0094H  1
P05. . . . . . . . . . . . . . . . . .  ABSBIT   -----  BIT      0085H  1
TMOD . . . . . . . . . . . . . . . . .  SFR      DATA   U_CHAR   0089H  1
TCON . . . . . . . . . . . . . . . . .  SFR      DATA   U_CHAR   0088H  1
P51. . . . . . . . . . . . . . . . . .  ABSBIT   -----  BIT      00C9H  1
P42. . . . . . . . . . . . . . . . . .  ABSBIT   -----  BIT      00C2H  1
P33. . . . . . . . . . . . . . . . . .  ABSBIT   -----  BIT      00B3H  1
P24. . . . . . . . . . . . . . . . . .  ABSBIT   -----  BIT      00A4H  1
P15. . . . . . . . . . . . . . . . . .  ABSBIT   -----  BIT      0095H  1
P06. . . . . . . . . . . . . . . . . .  ABSBIT   -----  BIT      0086H  1
ISP_ADDRL. . . . . . . . . . . . . . .  SFR      DATA   U_CHAR   00C4H  1
PLVD . . . . . . . . . . . . . . . . .  ABSBIT   -----  BIT      00BEH  1
P52. . . . . . . . . . . . . . . . . .  ABSBIT   -----  BIT      00CAH  1
P43. . . . . . . . . . . . . . . . . .  ABSBIT   -----  BIT      00C3H  1
P34. . . . . . . . . . . . . . . . . .  ABSBIT   -----  BIT      00B4H  1
P25. . . . . . . . . . . . . . . . . .  ABSBIT   -----  BIT      00A5H  1
P16. . . . . . . . . . . . . . . . . .  ABSBIT   -----  BIT      0096H  1
P07. . . . . . . . . . . . . . . . . .  ABSBIT   -----  BIT      0087H  1
P53. . . . . . . . . . . . . . . . . .  ABSBIT   -----  BIT      00CBH  1
P44. . . . . . . . . . . . . . . . . .  ABSBIT   -----  BIT      00C4H  1
P35. . . . . . . . . . . . . . . . . .  ABSBIT   -----  BIT      00B5H  1
P26. . . . . . . . . . . . . . . . . .  ABSBIT   -----  BIT      00A6H  1
P17. . . . . . . . . . . . . . . . . .  ABSBIT   -----  BIT      0097H  1
P54. . . . . . . . . . . . . . . . . .  ABSBIT   -----  BIT      00CCH  1
P45. . . . . . . . . . . . . . . . . .  ABSBIT   -----  BIT      00C5H  1
P36. . . . . . . . . . . . . . . . . .  ABSBIT   -----  BIT      00B6H  1
P27. . . . . . . . . . . . . . . . . .  ABSBIT   -----  BIT      00A7H  1
P55. . . . . . . . . . . . . . . . . .  ABSBIT   -----  BIT      00CDH  1
P46. . . . . . . . . . . . . . . . . .  ABSBIT   -----  BIT      00C6H  1
P37. . . . . . . . . . . . . . . . . .  ABSBIT   -----  BIT      00B7H  1
P56. . . . . . . . . . . . . . . . . .  ABSBIT   -----  BIT      00CEH  1
P47. . . . . . . . . . . . . . . . . .  ABSBIT   -----  BIT      00C7H  1
P57. . . . . . . . . . . . . . . . . .  ABSBIT   -----  BIT      00CFH  1
IE0. . . . . . . . . . . . . . . . . .  ABSBIT   -----  BIT      0089H  1
BUS_SPEED. . . . . . . . . . . . . . .  SFR      DATA   U_CHAR   00A1H  1
IE1. . . . . . . . . . . . . . . . . .  ABSBIT   -----  BIT      008BH  1
IE2. . . . . . . . . . . . . . . . . .  SFR      DATA   U_CHAR   00AFH  1
B. . . . . . . . . . . . . . . . . . .  SFR      DATA   U_CHAR   00F0H  1
AUXR . . . . . . . . . . . . . . . . .  SFR      DATA   U_CHAR   008EH  1
IAP_CONTR. . . . . . . . . . . . . . .  SFR      DATA   U_CHAR   00C7H  1
ACC. . . . . . . . . . . . . . . . . .  SFR      DATA   U_CHAR   00E0H  1
ptrdiff_t. . . . . . . . . . . . . . .  TYPEDEF  -----  LONG     -----  4
ET0. . . . . . . . . . . . . . . . . .  ABSBIT   -----  BIT      00A9H  1
ET1. . . . . . . . . . . . . . . . . .  ABSBIT   -----  BIT      00ABH  1
C51 COMPILER V9.59.0.0   SOFT_UART                                                         06/05/2022 11:01:31 PAGE 9   

NAME                                    CLASS   MSPACE  TYPE    OFFSET  SIZE
====                                    =====   ======  ====    ======  ====


TF0. . . . . . . . . . . . . . . . . .  ABSBIT   -----  BIT      008DH  1
TF1. . . . . . . . . . . . . . . . . .  ABSBIT   -----  BIT      008FH  1
IP2. . . . . . . . . . . . . . . . . .  SFR      DATA   U_CHAR   00B5H  1
RL_TH0 . . . . . . . . . . . . . . . .  SFR      DATA   U_CHAR   008CH  1
RB8. . . . . . . . . . . . . . . . . .  ABSBIT   -----  BIT      009AH  1
RL_TH1 . . . . . . . . . . . . . . . .  SFR      DATA   U_CHAR   008DH  1
TH0. . . . . . . . . . . . . . . . . .  SFR      DATA   U_CHAR   008CH  1
EX0. . . . . . . . . . . . . . . . . .  ABSBIT   -----  BIT      00A8H  1
IT0. . . . . . . . . . . . . . . . . .  ABSBIT   -----  BIT      0088H  1
RL_T2H . . . . . . . . . . . . . . . .  SFR      DATA   U_CHAR   00D6H  1
TH1. . . . . . . . . . . . . . . . . .  SFR      DATA   U_CHAR   008DH  1
EX1. . . . . . . . . . . . . . . . . .  ABSBIT   -----  BIT      00AAH  1
TB8. . . . . . . . . . . . . . . . . .  ABSBIT   -----  BIT      009BH  1
IT1. . . . . . . . . . . . . . . . . .  ABSBIT   -----  BIT      008AH  1
RL_T3H . . . . . . . . . . . . . . . .  SFR      DATA   U_CHAR   00D4H  1
TH2. . . . . . . . . . . . . . . . . .  SFR      DATA   U_CHAR   00D6H  1
T2H. . . . . . . . . . . . . . . . . .  SFR      DATA   U_CHAR   00D6H  1
P. . . . . . . . . . . . . . . . . . .  ABSBIT   -----  BIT      00D0H  1
RL_T4H . . . . . . . . . . . . . . . .  SFR      DATA   U_CHAR   00D2H  1
TH3. . . . . . . . . . . . . . . . . .  SFR      DATA   U_CHAR   00D4H  1
T3H. . . . . . . . . . . . . . . . . .  SFR      DATA   U_CHAR   00D4H  1
RL_TL0 . . . . . . . . . . . . . . . .  SFR      DATA   U_CHAR   008AH  1
uint8_t. . . . . . . . . . . . . . . .  TYPEDEF  -----  U_CHAR   -----  1
SM0. . . . . . . . . . . . . . . . . .  ABSBIT   -----  BIT      009FH  1
TH4. . . . . . . . . . . . . . . . . .  SFR      DATA   U_CHAR   00D2H  1
T4H. . . . . . . . . . . . . . . . . .  SFR      DATA   U_CHAR   00D2H  1
RL_TL1 . . . . . . . . . . . . . . . .  SFR      DATA   U_CHAR   008BH  1
TL0. . . . . . . . . . . . . . . . . .  SFR      DATA   U_CHAR   008AH  1
SM1. . . . . . . . . . . . . . . . . .  ABSBIT   -----  BIT      009EH  1
RL_T2L . . . . . . . . . . . . . . . .  SFR      DATA   U_CHAR   00D7H  1
TL1. . . . . . . . . . . . . . . . . .  SFR      DATA   U_CHAR   008BH  1
SM2. . . . . . . . . . . . . . . . . .  ABSBIT   -----  BIT      009DH  1
RL_T3L . . . . . . . . . . . . . . . .  SFR      DATA   U_CHAR   00D5H  1
TL2. . . . . . . . . . . . . . . . . .  SFR      DATA   U_CHAR   00D7H  1
T2L. . . . . . . . . . . . . . . . . .  SFR      DATA   U_CHAR   00D7H  1
RL_T4L . . . . . . . . . . . . . . . .  SFR      DATA   U_CHAR   00D3H  1
TL3. . . . . . . . . . . . . . . . . .  SFR      DATA   U_CHAR   00D5H  1
T3L. . . . . . . . . . . . . . . . . .  SFR      DATA   U_CHAR   00D5H  1
PT0. . . . . . . . . . . . . . . . . .  ABSBIT   -----  BIT      00B9H  1
TL4. . . . . . . . . . . . . . . . . .  SFR      DATA   U_CHAR   00D3H  1
T4L. . . . . . . . . . . . . . . . . .  SFR      DATA   U_CHAR   00D3H  1
PT1. . . . . . . . . . . . . . . . . .  ABSBIT   -----  BIT      00BBH  1
RS0. . . . . . . . . . . . . . . . . .  ABSBIT   -----  BIT      00D3H  1
ISP_CONTR. . . . . . . . . . . . . . .  SFR      DATA   U_CHAR   00C7H  1
TR0. . . . . . . . . . . . . . . . . .  ABSBIT   -----  BIT      008CH  1
RS1. . . . . . . . . . . . . . . . . .  ABSBIT   -----  BIT      00D4H  1
IAP_DATA . . . . . . . . . . . . . . .  SFR      DATA   U_CHAR   00C2H  1
TR1. . . . . . . . . . . . . . . . . .  ABSBIT   -----  BIT      008EH  1
PX0. . . . . . . . . . . . . . . . . .  ABSBIT   -----  BIT      00B8H  1
WDT_CONTR. . . . . . . . . . . . . . .  SFR      DATA   U_CHAR   00C1H  1
_TxSend. . . . . . . . . . . . . . . .  PUBLIC   CODE   PROC     0000H  -----
  dat. . . . . . . . . . . . . . . . .  * REG *  DATA   U_CHAR   0005H  1
  i. . . . . . . . . . . . . . . . . .  * REG *  DATA   U_CHAR   0004H  1
PX1. . . . . . . . . . . . . . . . . .  ABSBIT   -----  BIT      00BAH  1
int8_t . . . . . . . . . . . . . . . .  TYPEDEF  -----  CHAR     -----  1
u32. . . . . . . . . . . . . . . . . .  TYPEDEF  -----  U_LONG   -----  4
PCA_PWM0 . . . . . . . . . . . . . . .  SFR      DATA   U_CHAR   00F2H  1
C51 COMPILER V9.59.0.0   SOFT_UART                                                         06/05/2022 11:01:31 PAGE 10  

NAME                                    CLASS   MSPACE  TYPE    OFFSET  SIZE
====                                    =====   ======  ====    ======  ====


PCA_PWM1 . . . . . . . . . . . . . . .  SFR      DATA   U_CHAR   00F3H  1
u16. . . . . . . . . . . . . . . . . .  TYPEDEF  -----  U_INT    -----  2
PCA_PWM2 . . . . . . . . . . . . . . .  SFR      DATA   U_CHAR   00F4H  1
P1ASF. . . . . . . . . . . . . . . . .  SFR      DATA   U_CHAR   009DH  1
DPH. . . . . . . . . . . . . . . . . .  SFR      DATA   U_CHAR   0083H  1
T4T3M. . . . . . . . . . . . . . . . .  SFR      DATA   U_CHAR   00D1H  1
ADC_RESL . . . . . . . . . . . . . . .  SFR      DATA   U_CHAR   00BEH  1
DPL. . . . . . . . . . . . . . . . . .  SFR      DATA   U_CHAR   0082H  1
SPSTAT . . . . . . . . . . . . . . . .  SFR      DATA   U_CHAR   00CDH  1
IPH. . . . . . . . . . . . . . . . . .  SFR      DATA   U_CHAR   00B7H  1
_LOG . . . . . . . . . . . . . . . . .  PUBLIC   CODE   PROC     0000H  -----
  format . . . . . . . . . . . . . . .  AUTO     DATA   PTR      0000H  3
  ellipsis_15. . . . . . . . . . . . .  AUTO     DATA   ARRAY    0003H  15
  vList. . . . . . . . . . . . . . . .  AUTO     DATA   PTR      0012H  3
S2BUF. . . . . . . . . . . . . . . . .  SFR      DATA   U_CHAR   009BH  1
PCON2. . . . . . . . . . . . . . . . .  SFR      DATA   U_CHAR   0097H  1
S3BUF. . . . . . . . . . . . . . . . .  SFR      DATA   U_CHAR   00ADH  1
REN. . . . . . . . . . . . . . . . . .  ABSBIT   -----  BIT      009CH  1
S4BUF. . . . . . . . . . . . . . . . .  SFR      DATA   U_CHAR   0085H  1
S2CON. . . . . . . . . . . . . . . . .  SFR      DATA   U_CHAR   009AH  1
S3CON. . . . . . . . . . . . . . . . .  SFR      DATA   U_CHAR   00ACH  1
ISP_DATA . . . . . . . . . . . . . . .  SFR      DATA   U_CHAR   00C2H  1
S4CON. . . . . . . . . . . . . . . . .  SFR      DATA   U_CHAR   0084H  1
SADEN. . . . . . . . . . . . . . . . .  SFR      DATA   U_CHAR   00B9H  1
wchar_t. . . . . . . . . . . . . . . .  TYPEDEF  -----  CHAR     -----  1
RXD. . . . . . . . . . . . . . . . . .  ABSBIT   -----  BIT      00B0H  1
SADDR. . . . . . . . . . . . . . . . .  SFR      DATA   U_CHAR   00A9H  1
TXD. . . . . . . . . . . . . . . . . .  ABSBIT   -----  BIT      00B1H  1
B0 . . . . . . . . . . . . . . . . . .  ABSBIT   -----  BIT      00F0H  1
B1 . . . . . . . . . . . . . . . . . .  ABSBIT   -----  BIT      00F1H  1
IAP_TRIG . . . . . . . . . . . . . . .  SFR      DATA   U_CHAR   00C6H  1
AUXR1. . . . . . . . . . . . . . . . .  SFR      DATA   U_CHAR   00A2H  1
B2 . . . . . . . . . . . . . . . . . .  ABSBIT   -----  BIT      00F2H  1
SPI_SS . . . . . . . . . . . . . . . .  ABSBIT   -----  BIT      0092H  1
AUXR2. . . . . . . . . . . . . . . . .  SFR      DATA   U_CHAR   008FH  1
B3 . . . . . . . . . . . . . . . . . .  ABSBIT   -----  BIT      00F3H  1
B4 . . . . . . . . . . . . . . . . . .  ABSBIT   -----  BIT      00F4H  1
F0 . . . . . . . . . . . . . . . . . .  ABSBIT   -----  BIT      00D5H  1
va_list. . . . . . . . . . . . . . . .  TYPEDEF  -----  PTR      -----  3
B5 . . . . . . . . . . . . . . . . . .  ABSBIT   -----  BIT      00F5H  1
F1 . . . . . . . . . . . . . . . . . .  ABSBIT   -----  BIT      00D1H  1
INT_CLKO . . . . . . . . . . . . . . .  SFR      DATA   U_CHAR   008FH  1
B6 . . . . . . . . . . . . . . . . . .  ABSBIT   -----  BIT      00F6H  1
ACC0 . . . . . . . . . . . . . . . . .  ABSBIT   -----  BIT      00E0H  1
B7 . . . . . . . . . . . . . . . . . .  ABSBIT   -----  BIT      00F7H  1
ACC1 . . . . . . . . . . . . . . . . .  ABSBIT   -----  BIT      00E1H  1
ACC2 . . . . . . . . . . . . . . . . .  ABSBIT   -----  BIT      00E2H  1
ACC3 . . . . . . . . . . . . . . . . .  ABSBIT   -----  BIT      00E3H  1
PSW. . . . . . . . . . . . . . . . . .  SFR      DATA   U_CHAR   00D0H  1
_putchar . . . . . . . . . . . . . . .  PUBLIC   CODE   PROC     0000H  -----
  c. . . . . . . . . . . . . . . . . .  * REG *  DATA   CHAR     0003H  1
ACC4 . . . . . . . . . . . . . . . . .  ABSBIT   -----  BIT      00E4H  1
SPI_SCLK . . . . . . . . . . . . . . .  ABSBIT   -----  BIT      0095H  1
CCF0 . . . . . . . . . . . . . . . . .  ABSBIT   -----  BIT      00D8H  1
ACC5 . . . . . . . . . . . . . . . . .  ABSBIT   -----  BIT      00E5H  1
uint32_t . . . . . . . . . . . . . . .  TYPEDEF  -----  U_LONG   -----  4
CCF1 . . . . . . . . . . . . . . . . .  ABSBIT   -----  BIT      00D9H  1
C51 COMPILER V9.59.0.0   SOFT_UART                                                         06/05/2022 11:01:31 PAGE 11  

NAME                                    CLASS   MSPACE  TYPE    OFFSET  SIZE
====                                    =====   ======  ====    ======  ====


ACC6 . . . . . . . . . . . . . . . . .  ABSBIT   -----  BIT      00E6H  1
SPDAT. . . . . . . . . . . . . . . . .  SFR      DATA   U_CHAR   00CFH  1
P0M0 . . . . . . . . . . . . . . . . .  SFR      DATA   U_CHAR   0094H  1


MODULE INFORMATION:   STATIC OVERLAYABLE
   CODE SIZE        =    134    ----
   CONSTANT SIZE    =   ----    ----
   XDATA SIZE       =   ----    ----
   PDATA SIZE       =   ----    ----
   DATA SIZE        =   ----      21
   IDATA SIZE       =   ----    ----
   BIT SIZE         =   ----    ----
   EDATA SIZE       =   ----    ----
   HDATA SIZE       =   ----    ----
   XDATA CONST SIZE =   ----    ----
   FAR CONST SIZE   =   ----    ----
END OF MODULE INFORMATION.


C51 COMPILATION COMPLETE.  0 WARNING(S),  0 ERROR(S)
